#
# A fatal error has been detected by the Java Runtime Environment:
#
#  SIGSEGV (0xb) at pc=0x00007f44d35bde38, pid=6182, tid=139933710210816
#
# JRE version: 6.0_27-b27
# Java VM: OpenJDK 64-Bit Server VM (20.0-b12 mixed mode linux-amd64 compressed oops)
# Derivative: IcedTea6 1.12.6
# Distribution: Debian GNU/Linux 7.1 (wheezy), package 6b27-1.12.6-1~deb7u1
# Problematic frame:
# C  [libX11.so.6+0x3ae38]  XQueryExtension+0x28
#
# If you would like to submit a bug report, please include
# instructions how to reproduce the bug and visit:
#   http://icedtea.classpath.org/bugzilla
#

---------------  T H R E A D  ---------------

Current thread (0x0000000001c86800):  VMThread [stack: 0x00007f44db06d000,0x00007f44db16e000] [id=6190]

siginfo:si_signo=SIGSEGV: si_errno=0, si_code=1 (SEGV_MAPERR), si_addr=0xffffffffcc157728

Registers:
RAX=0x0000000001c29360, RBX=0xffffffffcc156dc0, RCX=0x00007f44db16c9d8, RDX=0x00007f44db16c9d4
RSP=0x00007f44db16c970, RBP=0x00007f44d132cc60, RSI=0x00007f44d11f4e12, RDI=0xffffffffcc156dc0
R8 =0x00007f44db16c9dc, R9 =0x0000000000000000, R10=0x00007f44e1a5c768, R11=0x00007f44e170c0d0
R12=0x00007f44d11f4e12, R13=0x0000000001c29360, R14=0x00007f44cc148500, R15=0x00007f44cc149040
RIP=0x00007f44d35bde38, EFLAGS=0x0000000000010202, CSGSFS=0x0000000000000033, ERR=0x0000000000000005
  TRAPNO=0x000000000000000e

Top of Stack: (sp=0x00007f44db16c970)
0x00007f44db16c970:   0000000000000020 00007f44dc2d7438
0x00007f44db16c980:   00007f44e16e35c8 00007f44e249f000
0x00007f44db16c990:   00007f44e16e35c8 ffffffffcc156dc0
0x00007f44db16c9a0:   00007f44d132cc60 00007f44d11f4e12
0x00007f44db16c9b0:   0000000001c29360 00007f44cc148500
0x00007f44db16c9c0:   00007f44cc149040 00007f44d35b1e72
0x00007f44db16c9d0:   00007f44cc148500 0000000000000000
0x00007f44db16c9e0:   0000000000000000 00007f44d132cc60
0x00007f44db16c9f0:   ffffffffcc156dc0 00007f44d38cb71d
0x00007f44db16ca00:   00007f44d11f4e12 00000011e16e35c8
0x00007f44db16ca10:   00007f44db16ca90 0000000000000000
0x00007f44db16ca20:   00007f44db16ca90 ffffffffcc156dc0
0x00007f44db16ca30:   00007f44e24ba048 00007f44cc148500
0x00007f44db16ca40:   00007f44d1346490 00007f44d11a0fd9
0x00007f44db16ca50:   0000000000000000 000000000000002b
0x00007f44db16ca60:   00007f44db16ca90 0000000000000000
0x00007f44db16ca70:   00007f44e24ba048 00007f44cc148500
0x00007f44db16ca80:   000000000000001b 00007f44d11956e2
0x00007f44db16ca90:   00007f44db16cc90 00007f44d11f4d81
0x00007f44db16caa0:   00007f44db16cc90 00007f44e22a84ec
0x00007f44db16cab0:   00007f44e24bb1c8 00007f44e24bb758
0x00007f44db16cac0:   00007f44e24a0508 0000000001c1f5a0
0x00007f44db16cad0:   0000000001c1fac0 0000000001c1ffc0
0x00007f44db16cae0:   0000000001c24cc0 00007f44cc0bb5f0
0x00007f44db16caf0:   00007f44cc0bbad0 00007f44e24b87f0
0x00007f44db16cb00:   00007f44cc145170 00007f44cc144ca0
0x00007f44db16cb10:   00007f44cc13df50 00007f44cc13e3f0
0x00007f44db16cb20:   00007f44cc00ae30 00007f44cc08f190
0x00007f44db16cb30:   00007f44cc08f630 00007f44cc01da10
0x00007f44db16cb40:   0000000001c1b600 0000000001c1bbe0
0x00007f44db16cb50:   0000000001c1af40 0000000001c165f0
0x00007f44db16cb60:   0000000001c16b60 0000000001c17570 

Instructions: (pc=0x00007f44d35bde38)
0x00007f44d35bde18:   24 e0 48 89 fb 4c 89 6c 24 e8 4c 89 74 24 f0 49
0x00007f44d35bde28:   89 f4 4c 89 7c 24 f8 48 89 6c 24 d8 48 83 ec 58
0x00007f44d35bde38:   48 8b 87 68 09 00 00 49 89 d7 49 89 ce 4d 89 c5
0x00007f44d35bde48:   48 85 c0 74 02 ff 10 ba 08 00 00 00 be 62 00 00 

Register to memory mapping:

RAX=0x0000000001c29360 is an unknown value
RBX=0xffffffffcc156dc0 is an unknown value
RCX=0x00007f44db16c9d8 is an unknown value
RDX=0x00007f44db16c9d4 is an unknown value
RSP=0x00007f44db16c970 is an unknown value
RBP=0x00007f44d132cc60: <offset 0x1cac60> in /usr/lib/x86_64-linux-gnu/libGL.so.1 at 0x00007f44d1162000
RSI=0x00007f44d11f4e12: <offset 0x92e12> in /usr/lib/x86_64-linux-gnu/libGL.so.1 at 0x00007f44d1162000
RDI=0xffffffffcc156dc0 is an unknown value
R8 =0x00007f44db16c9dc is an unknown value
R9 =0x0000000000000000 is an unknown value
R10=0x00007f44e1a5c768: <offset 0x387768> in /lib/x86_64-linux-gnu/libc.so.6 at 0x00007f44e16d5000
R11=0x00007f44e170c0d0: __cxa_finalize+0 in /lib/x86_64-linux-gnu/libc.so.6 at 0x00007f44e16d5000
R12=0x00007f44d11f4e12: <offset 0x92e12> in /usr/lib/x86_64-linux-gnu/libGL.so.1 at 0x00007f44d1162000
R13=0x0000000001c29360 is an unknown value
R14=0x00007f44cc148500 is an unknown value
R15=0x00007f44cc149040 is an unknown value


Stack: [0x00007f44db06d000,0x00007f44db16e000],  sp=0x00007f44db16c970,  free space=1022k
Native frames: (J=compiled Java code, j=interpreted, Vv=VM code, C=native code)
C  [libX11.so.6+0x3ae38]  XQueryExtension+0x28

VM_Operation (0x00007f44e249a5d0): Exit, mode: safepoint, requested by thread 0x0000000001c21000


---------------  P R O C E S S  ---------------

Java Threads: ( => current thread )
  0x00007f44cc136000 JavaThread "AWT-XAWT" daemon [_thread_blocked, id=6199, stack(0x00007f44d1fbc000,0x00007f44d20bd000)]
  0x00007f44cc0c9000 JavaThread "Java2D Disposer" daemon [_thread_blocked, id=6198, stack(0x00007f44d2353000,0x00007f44d2454000)]
  0x0000000001cbd800 JavaThread "Low Memory Detector" daemon [_thread_blocked, id=6196, stack(0x00007f44da8f0000,0x00007f44da9f1000)]
  0x0000000001cb8800 JavaThread "C2 CompilerThread1" daemon [_thread_blocked, id=6195, stack(0x00007f44da9f1000,0x00007f44daaf2000)]
  0x0000000001cb4000 JavaThread "C2 CompilerThread0" daemon [_thread_blocked, id=6194, stack(0x00007f44daaf2000,0x00007f44dabf3000)]
  0x0000000001c8d800 JavaThread "Finalizer" daemon [_thread_blocked, id=6192, stack(0x00007f44dae6b000,0x00007f44daf6c000)]
  0x0000000001c8b800 JavaThread "Reference Handler" daemon [_thread_blocked, id=6191, stack(0x00007f44daf6c000,0x00007f44db06d000)]
  0x0000000001c21000 JavaThread "main" [_thread_blocked, id=6187, stack(0x00007f44e239b000,0x00007f44e249c000)]

Other Threads:
=>0x0000000001c86800 VMThread [stack: 0x00007f44db06d000,0x00007f44db16e000] [id=6190]

VM state:at safepoint (shutting down)

VM Mutex/Monitor currently owned by a thread:  ([mutex/lock_event])
[0x0000000001c1da10] Threads_lock - owner thread: 0x0000000001c86800

Heap
 PSYoungGen      total 56256K, used 15769K [0x00000007c1400000, 0x00000007c52c0000, 0x0000000800000000)
  eden space 48256K, 32% used [0x00000007c1400000,0x00000007c2366528,0x00000007c4320000)
  from space 8000K, 0% used [0x00000007c4af0000,0x00000007c4af0000,0x00000007c52c0000)
  to   space 8000K, 0% used [0x00000007c4320000,0x00000007c4320000,0x00000007c4af0000)
 PSOldGen        total 128512K, used 0K [0x0000000743c00000, 0x000000074b980000, 0x00000007c1400000)
  object space 128512K, 0% used [0x0000000743c00000,0x0000000743c00000,0x000000074b980000)
 PSPermGen       total 21248K, used 9754K [0x0000000739600000, 0x000000073aac0000, 0x0000000743c00000)
  object space 21248K, 45% used [0x0000000739600000,0x0000000739f86890,0x000000073aac0000)

Code Cache  [0x00007f44dc2d7000, 0x00007f44dc547000, 0x00007f44df2d7000)
 total_blobs=579 nmethods=127 adapters=407 free_code_cache=49464384 largest_free_block=22144

Dynamic libraries:
00400000-00409000 r-xp 00000000 08:03 2231614                            /usr/lib/jvm/java-6-openjdk-amd64/jre/bin/java
00608000-00609000 rw-p 00008000 08:03 2231614                            /usr/lib/jvm/java-6-openjdk-amd64/jre/bin/java
01c16000-03202000 rw-p 00000000 00:00 0                                  [heap]
739600000-73aac0000 rw-p 00000000 00:00 0 
73aac0000-743c00000 rw-p 00000000 00:00 0 
743c00000-74b980000 rw-p 00000000 00:00 0 
74b980000-7c1400000 rw-p 00000000 00:00 0 
7c1400000-7c52c0000 rw-p 00000000 00:00 0 
7c52c0000-800000000 rw-p 00000000 00:00 0 
7f44c9ce1000-7f44cbc7f000 r-xp 00000000 08:03 921615                     /usr/lib/x86_64-linux-gnu/dri/fglrx_dri.so
7f44cbc7f000-7f44cbd7e000 ---p 01f9e000 08:03 921615                     /usr/lib/x86_64-linux-gnu/dri/fglrx_dri.so
7f44cbd7e000-7f44cbecc000 rwxp 01f9d000 08:03 921615                     /usr/lib/x86_64-linux-gnu/dri/fglrx_dri.so
7f44cbecc000-7f44cc000000 rwxp 00000000 00:00 0 
7f44cc000000-7f44cdad9000 rw-p 00000000 00:00 0 
7f44cdad9000-7f44d0000000 ---p 00000000 00:00 0 
7f44d05f0000-7f44d0cf0000 rw-s 00006000 00:05 8578                       /dev/ati/card0
7f44d0cf0000-7f44d0cf2000 r-xp 00000000 08:03 534782                     /usr/lib/x86_64-linux-gnu/libXinerama.so.1.0.0
7f44d0cf2000-7f44d0ef1000 ---p 00002000 08:03 534782                     /usr/lib/x86_64-linux-gnu/libXinerama.so.1.0.0
7f44d0ef1000-7f44d0ef2000 rw-p 00001000 08:03 534782                     /usr/lib/x86_64-linux-gnu/libXinerama.so.1.0.0
7f44d0ef2000-7f44d0f3e000 r-xp 00000000 08:03 539328                     /usr/lib/x86_64-linux-gnu/libatiadlxx.so
7f44d0f3e000-7f44d103e000 ---p 0004c000 08:03 539328                     /usr/lib/x86_64-linux-gnu/libatiadlxx.so
7f44d103e000-7f44d1049000 rw-p 0004c000 08:03 539328                     /usr/lib/x86_64-linux-gnu/libatiadlxx.so
7f44d1049000-7f44d1059000 rw-p 00000000 00:00 0 
7f44d1059000-7f44d1060000 r-xp 00000000 08:03 539324                     /usr/lib/x86_64-linux-gnu/libatiuki.so.1.0
7f44d1060000-7f44d1160000 ---p 00007000 08:03 539324                     /usr/lib/x86_64-linux-gnu/libatiuki.so.1.0
7f44d1160000-7f44d1161000 rw-p 00007000 08:03 539324                     /usr/lib/x86_64-linux-gnu/libatiuki.so.1.0
7f44d1161000-7f44d1162000 rw-p 00000000 00:00 0 
7f44d1162000-7f44d1220000 r-xp 00000000 08:03 1445187                    /usr/lib/x86_64-linux-gnu/fglrx/fglrx-libGL.so.1.2
7f44d1220000-7f44d1320000 ---p 000be000 08:03 1445187                    /usr/lib/x86_64-linux-gnu/fglrx/fglrx-libGL.so.1.2
7f44d1320000-7f44d1347000 rwxp 000be000 08:03 1445187                    /usr/lib/x86_64-linux-gnu/fglrx/fglrx-libGL.so.1.2
7f44d1347000-7f44d1366000 rwxp 00000000 00:00 0 
7f44d1366000-7f44d1369000 ---p 00000000 00:00 0 
7f44d1369000-7f44d1467000 rw-p 00000000 00:00 0 
7f44d1467000-7f44d146b000 r-xp 00000000 08:03 535177                     /usr/lib/x86_64-linux-gnu/libXxf86vm.so.1.0.0
7f44d146b000-7f44d166b000 ---p 00004000 08:03 535177                     /usr/lib/x86_64-linux-gnu/libXxf86vm.so.1.0.0
7f44d166b000-7f44d166c000 r--p 00004000 08:03 535177                     /usr/lib/x86_64-linux-gnu/libXxf86vm.so.1.0.0
7f44d166c000-7f44d166d000 rw-p 00005000 08:03 535177                     /usr/lib/x86_64-linux-gnu/libXxf86vm.so.1.0.0
7f44d166d000-7f44d1674000 r-xp 00000000 08:03 534784                     /usr/lib/x86_64-linux-gnu/libXrandr.so.2.2.0
7f44d1674000-7f44d1874000 ---p 00007000 08:03 534784                     /usr/lib/x86_64-linux-gnu/libXrandr.so.2.2.0
7f44d1874000-7f44d1875000 rw-p 00007000 08:03 534784                     /usr/lib/x86_64-linux-gnu/libXrandr.so.2.2.0
7f44d1875000-7f44d18df000 r-xp 00000000 08:03 12332350                   /home/brandon/ClearWaterInk/games/WorldsCubed/libs/natives/linux/liblwjgl64.so
7f44d18df000-7f44d1adf000 ---p 0006a000 08:03 12332350                   /home/brandon/ClearWaterInk/games/WorldsCubed/libs/natives/linux/liblwjgl64.so
7f44d1adf000-7f44d1ae1000 r--p 0006a000 08:03 12332350                   /home/brandon/ClearWaterInk/games/WorldsCubed/libs/natives/linux/liblwjgl64.so
7f44d1ae1000-7f44d1ae2000 rw-p 0006c000 08:03 12332350                   /home/brandon/ClearWaterInk/games/WorldsCubed/libs/natives/linux/liblwjgl64.so
7f44d1ae2000-7f44d1ae3000 r-xp 00000000 08:03 2231545                    /usr/lib/jvm/java-6-openjdk-amd64/jre/lib/amd64/libjawt.so
7f44d1ae3000-7f44d1ce2000 ---p 00001000 08:03 2231545                    /usr/lib/jvm/java-6-openjdk-amd64/jre/lib/amd64/libjawt.so
7f44d1ce2000-7f44d1ce3000 rw-p 00000000 08:03 2231545                    /usr/lib/jvm/java-6-openjdk-amd64/jre/lib/amd64/libjawt.so
7f44d1ce3000-7f44d1ce8000 r-xp 00000000 08:03 534774                     /usr/lib/x86_64-linux-gnu/libXfixes.so.3.1.0
7f44d1ce8000-7f44d1ee7000 ---p 00005000 08:03 534774                     /usr/lib/x86_64-linux-gnu/libXfixes.so.3.1.0
7f44d1ee7000-7f44d1ee8000 r--p 00004000 08:03 534774                     /usr/lib/x86_64-linux-gnu/libXfixes.so.3.1.0
7f44d1ee8000-7f44d1ee9000 rw-p 00005000 08:03 534774                     /usr/lib/x86_64-linux-gnu/libXfixes.so.3.1.0
7f44d1ee9000-7f44d1ef2000 r--s 00000000 08:03 4854967                    /var/cache/fontconfig/945677eb7aeaf62f1d50efc3fb3ec7d8-le64.cache-3
7f44d1f9c000-7f44d1fbc000 rw-s fe9e0000 00:05 8578                       /dev/ati/card0
7f44d1fbc000-7f44d1fbf000 ---p 00000000 00:00 0 
7f44d1fbf000-7f44d20bd000 rw-p 00000000 00:00 0 
7f44d20bd000-7f44d20c6000 r--s 00000000 08:03 4854967                    /var/cache/fontconfig/945677eb7aeaf62f1d50efc3fb3ec7d8-le64.cache-3
7f44d20c6000-7f44d20ca000 r--s 00000000 08:03 4855898                    /var/cache/fontconfig/a46337af8a0b4c9b317ad981ec3bdf87-le64.cache-3
7f44d20ca000-7f44d20d3000 r--s 00000000 08:03 4856317                    /var/cache/fontconfig/6d41288fd70b0be22e8c3a91e032eec0-le64.cache-3
7f44d20d3000-7f44d2101000 r--s 00000000 08:03 4855897                    /var/cache/fontconfig/365b55f210c0a22e9a19e35191240f32-le64.cache-3
7f44d2101000-7f44d2106000 r--s 00000000 08:03 4855942                    /var/cache/fontconfig/3047814df9a2f067bd2d96a2b9c36e5a-le64.cache-3
7f44d211a000-7f44d2124000 r-xp 00000000 08:03 534776                     /usr/lib/x86_64-linux-gnu/libXcursor.so.1.0.2
7f44d2124000-7f44d2323000 ---p 0000a000 08:03 534776                     /usr/lib/x86_64-linux-gnu/libXcursor.so.1.0.2
7f44d2323000-7f44d2324000 rw-p 00009000 08:03 534776                     /usr/lib/x86_64-linux-gnu/libXcursor.so.1.0.2
7f44d2337000-7f44d2338000 rw-s 00005000 00:05 8578                       /dev/ati/card0
7f44d2338000-7f44d233a000 rw-s 00002000 00:05 8578                       /dev/ati/card0
7f44d233a000-7f44d2341000 r--s 000fc000 08:03 2231068                    /usr/lib/jvm/java-6-openjdk-common/jre/lib/resources.jar
7f44d2341000-7f44d2349000 r--s 00000000 08:03 4853581                    /var/cache/fontconfig/3f7329c5293ffd510edef78f73874cfd-le64.cache-3
7f44d2349000-7f44d2353000 r--s 00000000 08:03 4856314                    /var/cache/fontconfig/83bf95040141907cd45bb53cf7c1c148-le64.cache-3
7f44d2353000-7f44d2356000 ---p 00000000 00:00 0 
7f44d2356000-7f44d2454000 rw-p 00000000 00:00 0 
7f44d2454000-7f44d24ed000 r-xp 00000000 08:03 530994                     /usr/lib/x86_64-linux-gnu/libfreetype.so.6.8.1
7f44d24ed000-7f44d26ec000 ---p 00099000 08:03 530994                     /usr/lib/x86_64-linux-gnu/libfreetype.so.6.8.1
7f44d26ec000-7f44d26f2000 r--p 00098000 08:03 530994                     /usr/lib/x86_64-linux-gnu/libfreetype.so.6.8.1
7f44d26f2000-7f44d26f3000 rw-p 0009e000 08:03 530994                     /usr/lib/x86_64-linux-gnu/libfreetype.so.6.8.1
7f44d26f3000-7f44d273b000 r-xp 00000000 08:03 2231539                    /usr/lib/jvm/java-6-openjdk-amd64/jre/lib/amd64/libfontmanager.so
7f44d273b000-7f44d293b000 ---p 00048000 08:03 2231539                    /usr/lib/jvm/java-6-openjdk-amd64/jre/lib/amd64/libfontmanager.so
7f44d293b000-7f44d293e000 rw-p 00048000 08:03 2231539                    /usr/lib/jvm/java-6-openjdk-amd64/jre/lib/amd64/libfontmanager.so
7f44d293e000-7f44d2943000 r-xp 00000000 08:03 531316                     /usr/lib/x86_64-linux-gnu/libXdmcp.so.6.0.0
7f44d2943000-7f44d2b42000 ---p 00005000 08:03 531316                     /usr/lib/x86_64-linux-gnu/libXdmcp.so.6.0.0
7f44d2b42000-7f44d2b43000 rw-p 00004000 08:03 531316                     /usr/lib/x86_64-linux-gnu/libXdmcp.so.6.0.0
7f44d2b43000-7f44d2b45000 r-xp 00000000 08:03 531314                     /usr/lib/x86_64-linux-gnu/libXau.so.6.0.0
7f44d2b45000-7f44d2d45000 ---p 00002000 08:03 531314                     /usr/lib/x86_64-linux-gnu/libXau.so.6.0.0
7f44d2d45000-7f44d2d46000 rw-p 00002000 08:03 531314                     /usr/lib/x86_64-linux-gnu/libXau.so.6.0.0
7f44d2d46000-7f44d2d65000 r-xp 00000000 08:03 531318                     /usr/lib/x86_64-linux-gnu/libxcb.so.1.1.0
7f44d2d65000-7f44d2f64000 ---p 0001f000 08:03 531318                     /usr/lib/x86_64-linux-gnu/libxcb.so.1.1.0
7f44d2f64000-7f44d2f65000 r--p 0001e000 08:03 531318                     /usr/lib/x86_64-linux-gnu/libxcb.so.1.1.0
7f44d2f65000-7f44d2f66000 rw-p 0001f000 08:03 531318                     /usr/lib/x86_64-linux-gnu/libxcb.so.1.1.0
7f44d2f66000-7f44d2f74000 r-xp 00000000 08:03 534780                     /usr/lib/x86_64-linux-gnu/libXi.so.6.1.0
7f44d2f74000-7f44d3174000 ---p 0000e000 08:03 534780                     /usr/lib/x86_64-linux-gnu/libXi.so.6.1.0
7f44d3174000-7f44d3175000 rw-p 0000e000 08:03 534780                     /usr/lib/x86_64-linux-gnu/libXi.so.6.1.0
7f44d3175000-7f44d317a000 r-xp 00000000 08:03 535605                     /usr/lib/x86_64-linux-gnu/libXtst.so.6.1.0
7f44d317a000-7f44d3379000 ---p 00005000 08:03 535605                     /usr/lib/x86_64-linux-gnu/libXtst.so.6.1.0
7f44d3379000-7f44d337a000 rw-p 00004000 08:03 535605                     /usr/lib/x86_64-linux-gnu/libXtst.so.6.1.0
7f44d337a000-7f44d3383000 r-xp 00000000 08:03 534524                     /usr/lib/x86_64-linux-gnu/libXrender.so.1.3.0
7f44d3383000-7f44d3582000 ---p 00009000 08:03 534524                     /usr/lib/x86_64-linux-gnu/libXrender.so.1.3.0
7f44d3582000-7f44d3583000 rw-p 00008000 08:03 534524                     /usr/lib/x86_64-linux-gnu/libXrender.so.1.3.0
7f44d3583000-7f44d36b8000 r-xp 00000000 08:03 531323                     /usr/lib/x86_64-linux-gnu/libX11.so.6.3.0
7f44d36b8000-7f44d38b8000 ---p 00135000 08:03 531323                     /usr/lib/x86_64-linux-gnu/libX11.so.6.3.0
7f44d38b8000-7f44d38be000 rw-p 00135000 08:03 531323                     /usr/lib/x86_64-linux-gnu/libX11.so.6.3.0
7f44d38be000-7f44d38cf000 r-xp 00000000 08:03 531325                     /usr/lib/x86_64-linux-gnu/libXext.so.6.4.0
7f44d38cf000-7f44d3acf000 ---p 00011000 08:03 531325                     /usr/lib/x86_64-linux-gnu/libXext.so.6.4.0
7f44d3acf000-7f44d3ad0000 rw-p 00011000 08:03 531325                     /usr/lib/x86_64-linux-gnu/libXext.so.6.4.0
7f44d3ad0000-7f44d3b1d000 r-xp 00000000 08:03 2231706                    /usr/lib/jvm/java-6-openjdk-amd64/jre/lib/amd64/xawt/libmawt.so
7f44d3b1d000-7f44d3d1c000 ---p 0004d000 08:03 2231706                    /usr/lib/jvm/java-6-openjdk-amd64/jre/lib/amd64/xawt/libmawt.so
7f44d3d1c000-7f44d3d20000 rw-p 0004c000 08:03 2231706                    /usr/lib/jvm/java-6-openjdk-amd64/jre/lib/amd64/xawt/libmawt.so
7f44d3d20000-7f44d3d21000 rw-p 00000000 00:00 0 
7f44d3d21000-7f44d3dd1000 r-xp 00000000 08:03 2231546                    /usr/lib/jvm/java-6-openjdk-amd64/jre/lib/amd64/libawt.so
7f44d3dd1000-7f44d3fd0000 ---p 000b0000 08:03 2231546                    /usr/lib/jvm/java-6-openjdk-amd64/jre/lib/amd64/libawt.so
7f44d3fd0000-7f44d3fdc000 rw-p 000af000 08:03 2231546                    /usr/lib/jvm/java-6-openjdk-amd64/jre/lib/amd64/libawt.so
7f44d3fdc000-7f44d4000000 rw-p 00000000 00:00 0 
7f44d4000000-7f44d4e69000 rw-p 00000000 00:00 0 
7f44d4e69000-7f44d8000000 ---p 00000000 00:00 0 
7f44d8000000-7f44d8001000 r--s 00000000 08:03 4856319                    /var/cache/fontconfig/c05880de57d1f5e948fdfacc138775d9-le64.cache-3
7f44d8001000-7f44d8002000 r--s 00000000 08:03 4856316                    /var/cache/fontconfig/4794a0821666d79190d59a36cb4f44b5-le64.cache-3
7f44d8002000-7f44d800b000 r--s 00000000 08:03 4856317                    /var/cache/fontconfig/6d41288fd70b0be22e8c3a91e032eec0-le64.cache-3
7f44d800b000-7f44d800c000 r--s 00000000 08:03 4856316                    /var/cache/fontconfig/4794a0821666d79190d59a36cb4f44b5-le64.cache-3
7f44d800c000-7f44d803a000 r--s 00000000 08:03 4855897                    /var/cache/fontconfig/365b55f210c0a22e9a19e35191240f32-le64.cache-3
7f44d803a000-7f44d803d000 r--s 00000000 08:03 4854299                    /var/cache/fontconfig/c57959a16110560c8d0fcea73374aeeb-le64.cache-3
7f44d803d000-7f44d8042000 r--s 00000000 08:03 4855942                    /var/cache/fontconfig/3047814df9a2f067bd2d96a2b9c36e5a-le64.cache-3
7f44d8042000-7f44d804a000 r--s 00000000 08:03 4853581                    /var/cache/fontconfig/3f7329c5293ffd510edef78f73874cfd-le64.cache-3
7f44d804a000-7f44d8054000 r--s 00000000 08:03 4856314                    /var/cache/fontconfig/83bf95040141907cd45bb53cf7c1c148-le64.cache-3
7f44d81c8000-7f44da7ef000 rw-p 00000000 00:00 0 
7f44da7ef000-7f44da7f0000 ---p 00000000 00:00 0 
7f44da7f0000-7f44da8f0000 rw-p 00000000 00:00 0 
7f44da8f0000-7f44da8f3000 ---p 00000000 00:00 0 
7f44da8f3000-7f44da9f1000 rw-p 00000000 00:00 0 
7f44da9f1000-7f44da9f4000 ---p 00000000 00:00 0 
7f44da9f4000-7f44daaf2000 rw-p 00000000 00:00 0 
7f44daaf2000-7f44daaf5000 ---p 00000000 00:00 0 
7f44daaf5000-7f44dabf3000 rw-p 00000000 00:00 0 
7f44dabf3000-7f44dabf6000 ---p 00000000 00:00 0 
7f44dabf6000-7f44dacf4000 rw-p 00000000 00:00 0 
7f44dacf4000-7f44dae6b000 r--p 00000000 08:03 530955                     /usr/lib/locale/locale-archive
7f44dae6b000-7f44dae6e000 ---p 00000000 00:00 0 
7f44dae6e000-7f44daf6c000 rw-p 00000000 00:00 0 
7f44daf6c000-7f44daf6f000 ---p 00000000 00:00 0 
7f44daf6f000-7f44db06d000 rw-p 00000000 00:00 0 
7f44db06d000-7f44db06e000 ---p 00000000 00:00 0 
7f44db06e000-7f44db4a4000 rw-p 00000000 00:00 0 
7f44db4a4000-7f44db638000 r--s 03807000 08:03 2231586                    /usr/lib/jvm/java-6-openjdk-amd64/jre/lib/rt.jar
7f44db638000-7f44db660000 rw-p 00000000 00:00 0 
7f44db660000-7f44db661000 ---p 00000000 00:00 0 
7f44db661000-7f44db761000 rw-p 00000000 00:00 0 
7f44db761000-7f44db762000 ---p 00000000 00:00 0 
7f44db762000-7f44db86d000 rw-p 00000000 00:00 0 
7f44db86d000-7f44db8b5000 rw-p 00000000 00:00 0 
7f44db8b5000-7f44db8f4000 rw-p 00000000 00:00 0 
7f44db8f4000-7f44dbca1000 rw-p 00000000 00:00 0 
7f44dbca1000-7f44dbcac000 rw-p 00000000 00:00 0 
7f44dbcac000-7f44dbcf4000 rw-p 00000000 00:00 0 
7f44dbcf4000-7f44dbd33000 rw-p 00000000 00:00 0 
7f44dbd33000-7f44dc0e0000 rw-p 00000000 00:00 0 
7f44dc0e0000-7f44dc100000 rw-p 00000000 00:00 0 
7f44dc100000-7f44dc2d6000 rw-p 00000000 00:00 0 
7f44dc2d6000-7f44dc2d7000 rw-p 00000000 00:00 0 
7f44dc2d7000-7f44dc547000 rwxp 00000000 00:00 0 
7f44dc547000-7f44df2d7000 rw-p 00000000 00:00 0 
7f44df2d7000-7f44df2de000 r-xp 00000000 08:03 2231575                    /usr/lib/jvm/java-6-openjdk-amd64/jre/lib/amd64/libzip.so
7f44df2de000-7f44df4dd000 ---p 00007000 08:03 2231575                    /usr/lib/jvm/java-6-openjdk-amd64/jre/lib/amd64/libzip.so
7f44df4dd000-7f44df4de000 rw-p 00006000 08:03 2231575                    /usr/lib/jvm/java-6-openjdk-amd64/jre/lib/amd64/libzip.so
7f44df4de000-7f44df4e9000 r-xp 00000000 08:03 3538957                    /lib/x86_64-linux-gnu/libnss_files-2.13.so
7f44df4e9000-7f44df6e8000 ---p 0000b000 08:03 3538957                    /lib/x86_64-linux-gnu/libnss_files-2.13.so
7f44df6e8000-7f44df6e9000 r--p 0000a000 08:03 3538957                    /lib/x86_64-linux-gnu/libnss_files-2.13.so
7f44df6e9000-7f44df6ea000 rw-p 0000b000 08:03 3538957                    /lib/x86_64-linux-gnu/libnss_files-2.13.so
7f44df6ea000-7f44df6f4000 r-xp 00000000 08:03 3538969                    /lib/x86_64-linux-gnu/libnss_nis-2.13.so
7f44df6f4000-7f44df8f3000 ---p 0000a000 08:03 3538969                    /lib/x86_64-linux-gnu/libnss_nis-2.13.so
7f44df8f3000-7f44df8f4000 r--p 00009000 08:03 3538969                    /lib/x86_64-linux-gnu/libnss_nis-2.13.so
7f44df8f4000-7f44df8f5000 rw-p 0000a000 08:03 3538969                    /lib/x86_64-linux-gnu/libnss_nis-2.13.so
7f44df8f5000-7f44df8fc000 r-xp 00000000 08:03 3538959                    /lib/x86_64-linux-gnu/libnss_compat-2.13.so
7f44df8fc000-7f44dfafb000 ---p 00007000 08:03 3538959                    /lib/x86_64-linux-gnu/libnss_compat-2.13.so
7f44dfafb000-7f44dfafc000 r--p 00006000 08:03 3538959                    /lib/x86_64-linux-gnu/libnss_compat-2.13.so
7f44dfafc000-7f44dfafd000 rw-p 00007000 08:03 3538959                    /lib/x86_64-linux-gnu/libnss_compat-2.13.so
7f44dfafd000-7f44dfb12000 r-xp 00000000 08:03 3538967                    /lib/x86_64-linux-gnu/libnsl-2.13.so
7f44dfb12000-7f44dfd11000 ---p 00015000 08:03 3538967                    /lib/x86_64-linux-gnu/libnsl-2.13.so
7f44dfd11000-7f44dfd12000 r--p 00014000 08:03 3538967                    /lib/x86_64-linux-gnu/libnsl-2.13.so
7f44dfd12000-7f44dfd13000 rw-p 00015000 08:03 3538967                    /lib/x86_64-linux-gnu/libnsl-2.13.so
7f44dfd13000-7f44dfd15000 rw-p 00000000 00:00 0 
7f44dfd15000-7f44dfd43000 r-xp 00000000 08:03 2231561                    /usr/lib/jvm/java-6-openjdk-amd64/jre/lib/amd64/libjava.so
7f44dfd43000-7f44dff42000 ---p 0002e000 08:03 2231561                    /usr/lib/jvm/java-6-openjdk-amd64/jre/lib/amd64/libjava.so
7f44dff42000-7f44dff46000 rw-p 0002d000 08:03 2231561                    /usr/lib/jvm/java-6-openjdk-amd64/jre/lib/amd64/libjava.so
7f44dff46000-7f44dff55000 r-xp 00000000 08:03 2231544                    /usr/lib/jvm/java-6-openjdk-amd64/jre/lib/amd64/libverify.so
7f44dff55000-7f44e0154000 ---p 0000f000 08:03 2231544                    /usr/lib/jvm/java-6-openjdk-amd64/jre/lib/amd64/libverify.so
7f44e0154000-7f44e0156000 rw-p 0000e000 08:03 2231544                    /usr/lib/jvm/java-6-openjdk-amd64/jre/lib/amd64/libverify.so
7f44e0156000-7f44e015d000 r-xp 00000000 08:03 3538958                    /lib/x86_64-linux-gnu/librt-2.13.so
7f44e015d000-7f44e035c000 ---p 00007000 08:03 3538958                    /lib/x86_64-linux-gnu/librt-2.13.so
7f44e035c000-7f44e035d000 r--p 00006000 08:03 3538958                    /lib/x86_64-linux-gnu/librt-2.13.so
7f44e035d000-7f44e035e000 rw-p 00007000 08:03 3538958                    /lib/x86_64-linux-gnu/librt-2.13.so
7f44e035e000-7f44e0373000 r-xp 00000000 08:03 3538948                    /lib/x86_64-linux-gnu/libgcc_s.so.1
7f44e0373000-7f44e0573000 ---p 00015000 08:03 3538948                    /lib/x86_64-linux-gnu/libgcc_s.so.1
7f44e0573000-7f44e0574000 rw-p 00015000 08:03 3538948                    /lib/x86_64-linux-gnu/libgcc_s.so.1
7f44e0574000-7f44e05f5000 r-xp 00000000 08:03 3538960                    /lib/x86_64-linux-gnu/libm-2.13.so
7f44e05f5000-7f44e07f4000 ---p 00081000 08:03 3538960                    /lib/x86_64-linux-gnu/libm-2.13.so
7f44e07f4000-7f44e07f5000 r--p 00080000 08:03 3538960                    /lib/x86_64-linux-gnu/libm-2.13.so
7f44e07f5000-7f44e07f6000 rw-p 00081000 08:03 3538960                    /lib/x86_64-linux-gnu/libm-2.13.so
7f44e07f6000-7f44e08de000 r-xp 00000000 08:03 528173                     /usr/lib/x86_64-linux-gnu/libstdc++.so.6.0.17
7f44e08de000-7f44e0ade000 ---p 000e8000 08:03 528173                     /usr/lib/x86_64-linux-gnu/libstdc++.so.6.0.17
7f44e0ade000-7f44e0ae6000 r--p 000e8000 08:03 528173                     /usr/lib/x86_64-linux-gnu/libstdc++.so.6.0.17
7f44e0ae6000-7f44e0ae8000 rw-p 000f0000 08:03 528173                     /usr/lib/x86_64-linux-gnu/libstdc++.so.6.0.17
7f44e0ae8000-7f44e0afd000 rw-p 00000000 00:00 0 
7f44e0afd000-7f44e1411000 r-xp 00000000 08:03 2231551                    /usr/lib/jvm/java-6-openjdk-amd64/jre/lib/amd64/server/libjvm.so
7f44e1411000-7f44e1610000 ---p 00914000 08:03 2231551                    /usr/lib/jvm/java-6-openjdk-amd64/jre/lib/amd64/server/libjvm.so
7f44e1610000-7f44e16ac000 rw-p 00913000 08:03 2231551                    /usr/lib/jvm/java-6-openjdk-amd64/jre/lib/amd64/server/libjvm.so
7f44e16ac000-7f44e16d5000 rw-p 00000000 00:00 0 
7f44e16d5000-7f44e1855000 r-xp 00000000 08:03 3538963                    /lib/x86_64-linux-gnu/libc-2.13.so
7f44e1855000-7f44e1a55000 ---p 00180000 08:03 3538963                    /lib/x86_64-linux-gnu/libc-2.13.so
7f44e1a55000-7f44e1a59000 r--p 00180000 08:03 3538963                    /lib/x86_64-linux-gnu/libc-2.13.so
7f44e1a59000-7f44e1a5a000 rw-p 00184000 08:03 3538963                    /lib/x86_64-linux-gnu/libc-2.13.so
7f44e1a5a000-7f44e1a5f000 rw-p 00000000 00:00 0 
7f44e1a5f000-7f44e1a61000 r-xp 00000000 08:03 3538956                    /lib/x86_64-linux-gnu/libdl-2.13.so
7f44e1a61000-7f44e1c61000 ---p 00002000 08:03 3538956                    /lib/x86_64-linux-gnu/libdl-2.13.so
7f44e1c61000-7f44e1c62000 r--p 00002000 08:03 3538956                    /lib/x86_64-linux-gnu/libdl-2.13.so
7f44e1c62000-7f44e1c63000 rw-p 00003000 08:03 3538956                    /lib/x86_64-linux-gnu/libdl-2.13.so
7f44e1c63000-7f44e1c67000 r-xp 00000000 08:03 2231548                    /usr/lib/jvm/java-6-openjdk-amd64/jre/lib/amd64/jli/libjli.so
7f44e1c67000-7f44e1e66000 ---p 00004000 08:03 2231548                    /usr/lib/jvm/java-6-openjdk-amd64/jre/lib/amd64/jli/libjli.so
7f44e1e66000-7f44e1e67000 rw-p 00003000 08:03 2231548                    /usr/lib/jvm/java-6-openjdk-amd64/jre/lib/amd64/jli/libjli.so
7f44e1e67000-7f44e1e7e000 r-xp 00000000 08:03 3538953                    /lib/x86_64-linux-gnu/libpthread-2.13.so
7f44e1e7e000-7f44e207d000 ---p 00017000 08:03 3538953                    /lib/x86_64-linux-gnu/libpthread-2.13.so
7f44e207d000-7f44e207e000 r--p 00016000 08:03 3538953                    /lib/x86_64-linux-gnu/libpthread-2.13.so
7f44e207e000-7f44e207f000 rw-p 00017000 08:03 3538953                    /lib/x86_64-linux-gnu/libpthread-2.13.so
7f44e207f000-7f44e2083000 rw-p 00000000 00:00 0 
7f44e2083000-7f44e2099000 r-xp 00000000 08:03 3539034                    /lib/x86_64-linux-gnu/libz.so.1.2.7
7f44e2099000-7f44e2298000 ---p 00016000 08:03 3539034                    /lib/x86_64-linux-gnu/libz.so.1.2.7
7f44e2298000-7f44e2299000 r--p 00015000 08:03 3539034                    /lib/x86_64-linux-gnu/libz.so.1.2.7
7f44e2299000-7f44e229a000 rw-p 00016000 08:03 3539034                    /lib/x86_64-linux-gnu/libz.so.1.2.7
7f44e229a000-7f44e22ba000 r-xp 00000000 08:03 3538966                    /lib/x86_64-linux-gnu/ld-2.13.so
7f44e22ba000-7f44e22bd000 r--s 00000000 08:03 4854299                    /var/cache/fontconfig/c57959a16110560c8d0fcea73374aeeb-le64.cache-3
7f44e22bd000-7f44e22be000 r--s 00000000 08:03 4855939                    /var/cache/fontconfig/e13b20fdb08344e0e664864cc2ede53d-le64.cache-3
7f44e22be000-7f44e22bf000 r--s 00000000 08:03 4856319                    /var/cache/fontconfig/c05880de57d1f5e948fdfacc138775d9-le64.cache-3
7f44e22bf000-7f44e22c3000 r--s 00000000 08:03 4855898                    /var/cache/fontconfig/a46337af8a0b4c9b317ad981ec3bdf87-le64.cache-3
7f44e22c3000-7f44e22c4000 r--s 00000000 08:03 4855939                    /var/cache/fontconfig/e13b20fdb08344e0e664864cc2ede53d-le64.cache-3
7f44e22c4000-7f44e22c7000 r--s 0007f000 08:03 2231060                    /usr/lib/jvm/java-6-openjdk-common/jre/lib/jsse.jar
7f44e22c7000-7f44e22d4000 r--s 000e6000 08:03 11413237                   /home/brandon/ClearWaterInk/games/WorldsCubed/libs/lwjgl.jar
7f44e22d4000-7f44e22d8000 r--s 00027000 08:03 11413238                   /home/brandon/ClearWaterInk/games/WorldsCubed/libs/lwjgl_util.jar
7f44e22d8000-7f44e22d9000 r--s 00007000 08:03 793877                     /usr/share/java/java-atk-wrapper.jar
7f44e22d9000-7f44e22db000 r--s 00001000 08:03 2231056                    /usr/lib/jvm/java-6-openjdk-common/jre/lib/ext/dnsns.jar
7f44e22db000-7f44e22e5000 rw-p 00000000 00:00 0 
7f44e22e5000-7f44e239b000 rw-p 00000000 00:00 0 
7f44e239b000-7f44e239e000 ---p 00000000 00:00 0 
7f44e239e000-7f44e24a1000 rw-p 00000000 00:00 0 
7f44e24a1000-7f44e24a3000 r--s 0000f000 08:03 2231053                    /usr/lib/jvm/java-6-openjdk-common/jre/lib/ext/pulse-java.jar
7f44e24a3000-7f44e24a7000 r--s 00039000 08:03 2231052                    /usr/lib/jvm/java-6-openjdk-common/jre/lib/ext/sunpkcs11.jar
7f44e24a7000-7f44e24aa000 r--s 00031000 08:03 2231055                    /usr/lib/jvm/java-6-openjdk-common/jre/lib/ext/sunjce_provider.jar
7f44e24aa000-7f44e24ad000 r--s 00077000 08:03 2231054                    /usr/lib/jvm/java-6-openjdk-common/jre/lib/ext/localedata.jar
7f44e24ad000-7f44e24b5000 rw-s 00000000 08:03 8002090                    /tmp/hsperfdata_brandon/6182 (deleted)
7f44e24b5000-7f44e24b6000 rw-p 00000000 00:00 0 
7f44e24b6000-7f44e24b7000 ---p 00000000 00:00 0 
7f44e24b7000-7f44e24b9000 rw-p 00000000 00:00 0 
7f44e24b9000-7f44e24ba000 r--p 0001f000 08:03 3538966                    /lib/x86_64-linux-gnu/ld-2.13.so
7f44e24ba000-7f44e24bb000 rw-p 00020000 08:03 3538966                    /lib/x86_64-linux-gnu/ld-2.13.so
7f44e24bb000-7f44e24bc000 rw-p 00000000 00:00 0 
7fff9f97a000-7fff9f99b000 rw-p 00000000 00:00 0                          [stack]
7fff9f9e1000-7fff9f9e2000 r-xp 00000000 00:00 0                          [vdso]
ffffffffff600000-ffffffffff601000 r-xp 00000000 00:00 0                  [vsyscall]

VM Arguments:
jvm_args: -Djava.library.path=/home/brandon/ClearWaterInk/games/WorldsCubed/libs/natives/linux -Dfile.encoding=UTF-8 
java_command: net.clearwaterink.worldscubed.WorldsCubed
Launcher Type: SUN_STANDARD

Environment Variables:
PATH=/home/brandon/bin:/usr/local/bin:/usr/bin:/bin:/usr/local/games:/usr/games
LD_LIBRARY_PATH=/usr/lib/jvm/java-6-openjdk-amd64/jre/lib/amd64/server:/usr/lib/jvm/java-6-openjdk-amd64/jre/lib/amd64:/usr/lib/jvm/java-6-openjdk-amd64/jre/../lib/amd64
SHELL=/bin/bash
DISPLAY=:0.0

Signal Handlers:
SIGSEGV: [libjvm.so+0x791b10], sa_mask[0]=0x7ffbfeff, sa_flags=0x10000004
SIGBUS: [libjvm.so+0x791b10], sa_mask[0]=0x7ffbfeff, sa_flags=0x10000004
SIGFPE: [libjvm.so+0x65ace0], sa_mask[0]=0x7ffbfeff, sa_flags=0x10000004
SIGPIPE: [libjvm.so+0x65ace0], sa_mask[0]=0x7ffbfeff, sa_flags=0x10000004
SIGXFSZ: [libjvm.so+0x65ace0], sa_mask[0]=0x7ffbfeff, sa_flags=0x10000004
SIGILL: [libjvm.so+0x65ace0], sa_mask[0]=0x7ffbfeff, sa_flags=0x10000004
SIGUSR1: SIG_DFL, sa_mask[0]=0x00000000, sa_flags=0x00000000
SIGUSR2: [libjvm.so+0x65aec0], sa_mask[0]=0x00000004, sa_flags=0x10000004
SIGHUP: [libjvm.so+0x65d500], sa_mask[0]=0x7ffbfeff, sa_flags=0x10000004
SIGINT: [libjvm.so+0x65d500], sa_mask[0]=0x7ffbfeff, sa_flags=0x10000004
SIGTERM: [libjvm.so+0x65d500], sa_mask[0]=0x7ffbfeff, sa_flags=0x10000004
SIGQUIT: [libjvm.so+0x65d500], sa_mask[0]=0x7ffbfeff, sa_flags=0x10000004


---------------  S Y S T E M  ---------------

OS:7.3

uname:Linux 3.2.0-4-amd64 #1 SMP Debian 3.2.51-1 x86_64
libc:glibc 2.13 NPTL 2.13 
rlimit: STACK 8192k, CORE 0k, NPROC 95755, NOFILE 4096, AS infinity
load average:0.99 1.08 1.01

/proc/meminfo:
MemTotal:       12334808 kB
MemFree:         8155380 kB
Buffers:          379380 kB
Cached:          1676568 kB
SwapCached:            0 kB
Active:          2530536 kB
Inactive:        1191344 kB
Active(anon):    1666480 kB
Inactive(anon):    21732 kB
Active(file):     864056 kB
Inactive(file):  1169612 kB
Unevictable:           4 kB
Mlocked:               4 kB
SwapTotal:      13616120 kB
SwapFree:       13616120 kB
Dirty:              1752 kB
Writeback:             0 kB
AnonPages:       1666048 kB
Mapped:           254404 kB
Shmem:             22284 kB
Slab:             242384 kB
SReclaimable:     218216 kB
SUnreclaim:        24168 kB
KernelStack:        3848 kB
PageTables:        26052 kB
NFS_Unstable:          0 kB
Bounce:                0 kB
WritebackTmp:          0 kB
CommitLimit:    19783524 kB
Committed_AS:    3938708 kB
VmallocTotal:   34359738367 kB
VmallocUsed:      329784 kB
VmallocChunk:   34359406412 kB
HardwareCorrupted:     0 kB
AnonHugePages:         0 kB
HugePages_Total:       0
HugePages_Free:        0
HugePages_Rsvd:        0
HugePages_Surp:        0
Hugepagesize:       2048 kB
DirectMap4k:      294272 kB
DirectMap2M:     8093696 kB
DirectMap1G:     4194304 kB


CPU:total 2 (2 cores per cpu, 1 threads per core) family 16 model 6 stepping 3, cmov, cx8, fxsr, mmx, sse, sse2, sse3, popcnt, mmxext, 3dnowpref, lzcnt, sse4a

Memory: 4k page, physical 12334808k(8155380k free), swap 13616120k(13616120k free)

vm_info: OpenJDK 64-Bit Server VM (20.0-b12) for linux-amd64 JRE (1.6.0_27-b27), built on Jul 12 2013 09:04:12 by "jmm" with gcc 4.7.2

time: Fri Feb  7 22:22:19 2014
elapsed time: 3 seconds

