#
# A fatal error has been detected by the Java Runtime Environment:
#
#  SIGSEGV (0xb) at pc=0x00007f899536de38, pid=6614, tid=140228951455488
#
# JRE version: 6.0_27-b27
# Java VM: OpenJDK 64-Bit Server VM (20.0-b12 mixed mode linux-amd64 compressed oops)
# Derivative: IcedTea6 1.12.6
# Distribution: Debian GNU/Linux 7.1 (wheezy), package 6b27-1.12.6-1~deb7u1
# Problematic frame:
# C  [libX11.so.6+0x3ae38]  XQueryExtension+0x28
#
# If you would like to submit a bug report, please include
# instructions how to reproduce the bug and visit:
#   http://icedtea.classpath.org/bugzilla
#

---------------  T H R E A D  ---------------

Current thread (0x0000000000e9e800):  VMThread [stack: 0x00007f8998c6b000,0x00007f8998d6c000] [id=6622]

siginfo:si_signo=SIGSEGV: si_errno=0, si_code=1 (SEGV_MAPERR), si_addr=0xffffffff906d3d18

Registers:
RAX=0x0000000000e41360, RBX=0xffffffff906d33b0, RCX=0x00007f8998d6a9d8, RDX=0x00007f8998d6a9d4
RSP=0x00007f8998d6a970, RBP=0x00007f898efcfc60, RSI=0x00007f898ee97e12, RDI=0xffffffff906d33b0
R8 =0x00007f8998d6a9dc, R9 =0x0000000000000000, R10=0x00007f899f65a768, R11=0x00007f899f30a0d0
R12=0x00007f898ee97e12, R13=0x0000000000e41360, R14=0x00007f89906e0250, R15=0x00007f89906e1060
RIP=0x00007f899536de38, EFLAGS=0x0000000000010202, CSGSFS=0x0000000000000033, ERR=0x0000000000000005
  TRAPNO=0x000000000000000e

Top of Stack: (sp=0x00007f8998d6a970)
0x00007f8998d6a970:   0000000000000020 00007f8999ed5438
0x00007f8998d6a980:   00007f899f2e15c8 00007f89a009d000
0x00007f8998d6a990:   00007f899f2e15c8 ffffffff906d33b0
0x00007f8998d6a9a0:   00007f898efcfc60 00007f898ee97e12
0x00007f8998d6a9b0:   0000000000e41360 00007f89906e0250
0x00007f8998d6a9c0:   00007f89906e1060 00007f8995361e72
0x00007f8998d6a9d0:   00007f89906e0250 0000000000000000
0x00007f8998d6a9e0:   0000000000000000 00007f898efcfc60
0x00007f8998d6a9f0:   ffffffff906d33b0 00007f899567b71d
0x00007f8998d6aa00:   00007f898ee97e12 000000119f2e15c8
0x00007f8998d6aa10:   00007f8998d6aa90 0000000000000000
0x00007f8998d6aa20:   00007f8998d6aa90 ffffffff906d33b0
0x00007f8998d6aa30:   00007f89a00b8048 00007f89906e0250
0x00007f8998d6aa40:   00007f898efe9490 00007f898ee43fd9
0x00007f8998d6aa50:   0000000000000000 000000000000002b
0x00007f8998d6aa60:   00007f8998d6aa90 0000000000000000
0x00007f8998d6aa70:   00007f89a00b8048 00007f89906e0250
0x00007f8998d6aa80:   000000000000001b 00007f898ee386e2
0x00007f8998d6aa90:   00007f8998d6ac90 00007f898ee97d81
0x00007f8998d6aaa0:   00007f8998d6ac90 00007f899fea64ec
0x00007f8998d6aab0:   00007f89a00b91c8 00007f89a00b9758
0x00007f8998d6aac0:   00007f89a009e508 0000000000e375a0
0x00007f8998d6aad0:   0000000000e37ac0 0000000000e37fc0
0x00007f8998d6aae0:   0000000000e3ccc0 0000000000fc5020
0x00007f8998d6aaf0:   00000000012e6470 00007f89a00b67f0
0x00007f8998d6ab00:   00007f899050a990 00007f899050a4c0
0x00007f8998d6ab10:   00007f89908e7f90 00007f89905036e0
0x00007f8998d6ab20:   0000000000fc5800 0000000000f4a310
0x00007f8998d6ab30:   0000000001168eb0 0000000001056a60
0x00007f8998d6ab40:   0000000000e33600 0000000000e33be0
0x00007f8998d6ab50:   0000000000e32f40 0000000000e2e5f0
0x00007f8998d6ab60:   0000000000e2eb60 0000000000e2f570 

Instructions: (pc=0x00007f899536de38)
0x00007f899536de18:   24 e0 48 89 fb 4c 89 6c 24 e8 4c 89 74 24 f0 49
0x00007f899536de28:   89 f4 4c 89 7c 24 f8 48 89 6c 24 d8 48 83 ec 58
0x00007f899536de38:   48 8b 87 68 09 00 00 49 89 d7 49 89 ce 4d 89 c5
0x00007f899536de48:   48 85 c0 74 02 ff 10 ba 08 00 00 00 be 62 00 00 

Register to memory mapping:

RAX=0x0000000000e41360 is an unknown value
RBX=0xffffffff906d33b0 is an unknown value
RCX=0x00007f8998d6a9d8 is an unknown value
RDX=0x00007f8998d6a9d4 is an unknown value
RSP=0x00007f8998d6a970 is an unknown value
RBP=0x00007f898efcfc60: <offset 0x1cac60> in /usr/lib/x86_64-linux-gnu/libGL.so.1 at 0x00007f898ee05000
RSI=0x00007f898ee97e12: <offset 0x92e12> in /usr/lib/x86_64-linux-gnu/libGL.so.1 at 0x00007f898ee05000
RDI=0xffffffff906d33b0 is an unknown value
R8 =0x00007f8998d6a9dc is an unknown value
R9 =0x0000000000000000 is an unknown value
R10=0x00007f899f65a768: <offset 0x387768> in /lib/x86_64-linux-gnu/libc.so.6 at 0x00007f899f2d3000
R11=0x00007f899f30a0d0: __cxa_finalize+0 in /lib/x86_64-linux-gnu/libc.so.6 at 0x00007f899f2d3000
R12=0x00007f898ee97e12: <offset 0x92e12> in /usr/lib/x86_64-linux-gnu/libGL.so.1 at 0x00007f898ee05000
R13=0x0000000000e41360 is an unknown value
R14=0x00007f89906e0250 is an unknown value
R15=0x00007f89906e1060 is an unknown value


Stack: [0x00007f8998c6b000,0x00007f8998d6c000],  sp=0x00007f8998d6a970,  free space=1022k
Native frames: (J=compiled Java code, j=interpreted, Vv=VM code, C=native code)
C  [libX11.so.6+0x3ae38]  XQueryExtension+0x28

VM_Operation (0x00007f89a00985d0): Exit, mode: safepoint, requested by thread 0x0000000000e39000


---------------  P R O C E S S  ---------------

Java Threads: ( => current thread )
  0x0000000001732800 JavaThread "Thread-1" [_thread_blocked, id=6641, stack(0x00007f898f009000,0x00007f898f10a000)]
  0x00007f899042e000 JavaThread "AWT-XAWT" daemon [_thread_blocked, id=6634, stack(0x00007f898f986000,0x00007f898fa87000)]
  0x00007f89901f5000 JavaThread "Java2D Disposer" daemon [_thread_blocked, id=6633, stack(0x00007f898feff000,0x00007f8990000000)]
  0x0000000000ed5800 JavaThread "Low Memory Detector" daemon [_thread_blocked, id=6628, stack(0x00007f89984ee000,0x00007f89985ef000)]
  0x0000000000ed0800 JavaThread "C2 CompilerThread1" daemon [_thread_blocked, id=6627, stack(0x00007f89985ef000,0x00007f89986f0000)]
  0x0000000000ecb800 JavaThread "C2 CompilerThread0" daemon [_thread_blocked, id=6626, stack(0x00007f89986f0000,0x00007f89987f1000)]
  0x0000000000eca000 JavaThread "Signal Dispatcher" daemon [_thread_blocked, id=6625, stack(0x00007f89987f1000,0x00007f89988f2000)]
  0x0000000000ea5800 JavaThread "Finalizer" daemon [_thread_blocked, id=6624, stack(0x00007f8998a69000,0x00007f8998b6a000)]
  0x0000000000ea3800 JavaThread "Reference Handler" daemon [_thread_blocked, id=6623, stack(0x00007f8998b6a000,0x00007f8998c6b000)]
  0x0000000000e39000 JavaThread "main" [_thread_blocked, id=6619, stack(0x00007f899ff99000,0x00007f89a009a000)]

Other Threads:
=>0x0000000000e9e800 VMThread [stack: 0x00007f8998c6b000,0x00007f8998d6c000] [id=6622]

VM state:at safepoint (shutting down)

VM Mutex/Monitor currently owned by a thread:  ([mutex/lock_event])
[0x0000000000e35a10] Threads_lock - owner thread: 0x0000000000e9e800

Heap
 PSYoungGen      total 56256K, used 15769K [0x00000007c1400000, 0x00000007c52c0000, 0x0000000800000000)
  eden space 48256K, 32% used [0x00000007c1400000,0x00000007c23664e0,0x00000007c4320000)
  from space 8000K, 0% used [0x00000007c4af0000,0x00000007c4af0000,0x00000007c52c0000)
  to   space 8000K, 0% used [0x00000007c4320000,0x00000007c4320000,0x00000007c4af0000)
 PSOldGen        total 128512K, used 0K [0x0000000743c00000, 0x000000074b980000, 0x00000007c1400000)
  object space 128512K, 0% used [0x0000000743c00000,0x0000000743c00000,0x000000074b980000)
 PSPermGen       total 21248K, used 9753K [0x0000000739600000, 0x000000073aac0000, 0x0000000743c00000)
  object space 21248K, 45% used [0x0000000739600000,0x0000000739f86468,0x000000073aac0000)

Code Cache  [0x00007f8999ed5000, 0x00007f899a145000, 0x00007f899ced5000)
 total_blobs=575 nmethods=123 adapters=407 free_code_cache=49471040 largest_free_block=12608

Dynamic libraries:
00400000-00409000 r-xp 00000000 08:03 2231614                            /usr/lib/jvm/java-6-openjdk-amd64/jre/bin/java
00608000-00609000 rw-p 00008000 08:03 2231614                            /usr/lib/jvm/java-6-openjdk-amd64/jre/bin/java
00e2e000-02429000 rw-p 00000000 00:00 0                                  [heap]
739600000-73aac0000 rw-p 00000000 00:00 0 
73aac0000-743c00000 rw-p 00000000 00:00 0 
743c00000-74b980000 rw-p 00000000 00:00 0 
74b980000-7c1400000 rw-p 00000000 00:00 0 
7c1400000-7c52c0000 rw-p 00000000 00:00 0 
7c52c0000-800000000 rw-p 00000000 00:00 0 
7f898bf5e000-7f898c65e000 rw-s 00006000 00:05 8578                       /dev/ati/card0
7f898c65e000-7f898c660000 r-xp 00000000 08:03 534782                     /usr/lib/x86_64-linux-gnu/libXinerama.so.1.0.0
7f898c660000-7f898c85f000 ---p 00002000 08:03 534782                     /usr/lib/x86_64-linux-gnu/libXinerama.so.1.0.0
7f898c85f000-7f898c860000 rw-p 00001000 08:03 534782                     /usr/lib/x86_64-linux-gnu/libXinerama.so.1.0.0
7f898c860000-7f898c8ac000 r-xp 00000000 08:03 539328                     /usr/lib/x86_64-linux-gnu/libatiadlxx.so
7f898c8ac000-7f898c9ac000 ---p 0004c000 08:03 539328                     /usr/lib/x86_64-linux-gnu/libatiadlxx.so
7f898c9ac000-7f898c9b7000 rw-p 0004c000 08:03 539328                     /usr/lib/x86_64-linux-gnu/libatiadlxx.so
7f898c9b7000-7f898c9c7000 rw-p 00000000 00:00 0 
7f898c9dd000-7f898e97b000 r-xp 00000000 08:03 921615                     /usr/lib/x86_64-linux-gnu/dri/fglrx_dri.so
7f898e97b000-7f898ea7a000 ---p 01f9e000 08:03 921615                     /usr/lib/x86_64-linux-gnu/dri/fglrx_dri.so
7f898ea7a000-7f898ebc8000 rwxp 01f9d000 08:03 921615                     /usr/lib/x86_64-linux-gnu/dri/fglrx_dri.so
7f898ebc8000-7f898ecfc000 rwxp 00000000 00:00 0 
7f898ecfc000-7f898ed03000 r-xp 00000000 08:03 539324                     /usr/lib/x86_64-linux-gnu/libatiuki.so.1.0
7f898ed03000-7f898ee03000 ---p 00007000 08:03 539324                     /usr/lib/x86_64-linux-gnu/libatiuki.so.1.0
7f898ee03000-7f898ee04000 rw-p 00007000 08:03 539324                     /usr/lib/x86_64-linux-gnu/libatiuki.so.1.0
7f898ee04000-7f898ee05000 rw-p 00000000 00:00 0 
7f898ee05000-7f898eec3000 r-xp 00000000 08:03 1445187                    /usr/lib/x86_64-linux-gnu/fglrx/fglrx-libGL.so.1.2
7f898eec3000-7f898efc3000 ---p 000be000 08:03 1445187                    /usr/lib/x86_64-linux-gnu/fglrx/fglrx-libGL.so.1.2
7f898efc3000-7f898efea000 rwxp 000be000 08:03 1445187                    /usr/lib/x86_64-linux-gnu/fglrx/fglrx-libGL.so.1.2
7f898efea000-7f898f009000 rwxp 00000000 00:00 0 
7f898f009000-7f898f00c000 ---p 00000000 00:00 0 
7f898f00c000-7f898f10a000 rw-p 00000000 00:00 0 
7f898f10a000-7f898f10e000 r-xp 00000000 08:03 535177                     /usr/lib/x86_64-linux-gnu/libXxf86vm.so.1.0.0
7f898f10e000-7f898f30e000 ---p 00004000 08:03 535177                     /usr/lib/x86_64-linux-gnu/libXxf86vm.so.1.0.0
7f898f30e000-7f898f30f000 r--p 00004000 08:03 535177                     /usr/lib/x86_64-linux-gnu/libXxf86vm.so.1.0.0
7f898f30f000-7f898f310000 rw-p 00005000 08:03 535177                     /usr/lib/x86_64-linux-gnu/libXxf86vm.so.1.0.0
7f898f310000-7f898f317000 r-xp 00000000 08:03 534784                     /usr/lib/x86_64-linux-gnu/libXrandr.so.2.2.0
7f898f317000-7f898f517000 ---p 00007000 08:03 534784                     /usr/lib/x86_64-linux-gnu/libXrandr.so.2.2.0
7f898f517000-7f898f518000 rw-p 00007000 08:03 534784                     /usr/lib/x86_64-linux-gnu/libXrandr.so.2.2.0
7f898f518000-7f898f582000 r-xp 00000000 08:03 12332350                   /home/brandon/ClearWaterInk/games/WorldsCubed/libs/natives/linux/liblwjgl64.so
7f898f582000-7f898f782000 ---p 0006a000 08:03 12332350                   /home/brandon/ClearWaterInk/games/WorldsCubed/libs/natives/linux/liblwjgl64.so
7f898f782000-7f898f784000 r--p 0006a000 08:03 12332350                   /home/brandon/ClearWaterInk/games/WorldsCubed/libs/natives/linux/liblwjgl64.so
7f898f784000-7f898f785000 rw-p 0006c000 08:03 12332350                   /home/brandon/ClearWaterInk/games/WorldsCubed/libs/natives/linux/liblwjgl64.so
7f898f785000-7f898f786000 r-xp 00000000 08:03 2231545                    /usr/lib/jvm/java-6-openjdk-amd64/jre/lib/amd64/libjawt.so
7f898f786000-7f898f985000 ---p 00001000 08:03 2231545                    /usr/lib/jvm/java-6-openjdk-amd64/jre/lib/amd64/libjawt.so
7f898f985000-7f898f986000 rw-p 00000000 08:03 2231545                    /usr/lib/jvm/java-6-openjdk-amd64/jre/lib/amd64/libjawt.so
7f898f986000-7f898f989000 ---p 00000000 00:00 0 
7f898f989000-7f898fa87000 rw-p 00000000 00:00 0 
7f898fa87000-7f898fa88000 r--s 00000000 08:03 4856319                    /var/cache/fontconfig/c05880de57d1f5e948fdfacc138775d9-le64.cache-3
7f898fa88000-7f898fa91000 r--s 00000000 08:03 4854967                    /var/cache/fontconfig/945677eb7aeaf62f1d50efc3fb3ec7d8-le64.cache-3
7f898fa91000-7f898fa95000 r--s 00000000 08:03 4855898                    /var/cache/fontconfig/a46337af8a0b4c9b317ad981ec3bdf87-le64.cache-3
7f898fa95000-7f898fa9e000 r--s 00000000 08:03 4856317                    /var/cache/fontconfig/6d41288fd70b0be22e8c3a91e032eec0-le64.cache-3
7f898fab2000-7f898fad2000 rw-s fe9e0000 00:05 8578                       /dev/ati/card0
7f898fad2000-7f898fad7000 r-xp 00000000 08:03 534774                     /usr/lib/x86_64-linux-gnu/libXfixes.so.3.1.0
7f898fad7000-7f898fcd6000 ---p 00005000 08:03 534774                     /usr/lib/x86_64-linux-gnu/libXfixes.so.3.1.0
7f898fcd6000-7f898fcd7000 r--p 00004000 08:03 534774                     /usr/lib/x86_64-linux-gnu/libXfixes.so.3.1.0
7f898fcd7000-7f898fcd8000 rw-p 00005000 08:03 534774                     /usr/lib/x86_64-linux-gnu/libXfixes.so.3.1.0
7f898fcd8000-7f898fce2000 r-xp 00000000 08:03 534776                     /usr/lib/x86_64-linux-gnu/libXcursor.so.1.0.2
7f898fce2000-7f898fee1000 ---p 0000a000 08:03 534776                     /usr/lib/x86_64-linux-gnu/libXcursor.so.1.0.2
7f898fee1000-7f898fee2000 rw-p 00009000 08:03 534776                     /usr/lib/x86_64-linux-gnu/libXcursor.so.1.0.2
7f898fef6000-7f898fef8000 rw-s 00002000 00:05 8578                       /dev/ati/card0
7f898fef8000-7f898feff000 r--s 000fc000 08:03 2231068                    /usr/lib/jvm/java-6-openjdk-common/jre/lib/resources.jar
7f898feff000-7f898ff02000 ---p 00000000 00:00 0 
7f898ff02000-7f8990000000 rw-p 00000000 00:00 0 
7f8990000000-7f8991a2f000 rw-p 00000000 00:00 0 
7f8991a2f000-7f8994000000 ---p 00000000 00:00 0 
7f8994004000-7f8994032000 r--s 00000000 08:03 4855897                    /var/cache/fontconfig/365b55f210c0a22e9a19e35191240f32-le64.cache-3
7f8994032000-7f8994035000 r--s 00000000 08:03 4854299                    /var/cache/fontconfig/c57959a16110560c8d0fcea73374aeeb-le64.cache-3
7f8994035000-7f899403a000 r--s 00000000 08:03 4855942                    /var/cache/fontconfig/3047814df9a2f067bd2d96a2b9c36e5a-le64.cache-3
7f899403a000-7f8994042000 r--s 00000000 08:03 4853581                    /var/cache/fontconfig/3f7329c5293ffd510edef78f73874cfd-le64.cache-3
7f8994042000-7f899404c000 r--s 00000000 08:03 4856314                    /var/cache/fontconfig/83bf95040141907cd45bb53cf7c1c148-le64.cache-3
7f899404c000-7f8994055000 r--s 00000000 08:03 4854967                    /var/cache/fontconfig/945677eb7aeaf62f1d50efc3fb3ec7d8-le64.cache-3
7f8994055000-7f8994059000 r--s 00000000 08:03 4855898                    /var/cache/fontconfig/a46337af8a0b4c9b317ad981ec3bdf87-le64.cache-3
7f8994059000-7f8994062000 r--s 00000000 08:03 4856317                    /var/cache/fontconfig/6d41288fd70b0be22e8c3a91e032eec0-le64.cache-3
7f8994062000-7f8994090000 r--s 00000000 08:03 4855897                    /var/cache/fontconfig/365b55f210c0a22e9a19e35191240f32-le64.cache-3
7f8994090000-7f8994129000 r-xp 00000000 08:03 530994                     /usr/lib/x86_64-linux-gnu/libfreetype.so.6.8.1
7f8994129000-7f8994328000 ---p 00099000 08:03 530994                     /usr/lib/x86_64-linux-gnu/libfreetype.so.6.8.1
7f8994328000-7f899432e000 r--p 00098000 08:03 530994                     /usr/lib/x86_64-linux-gnu/libfreetype.so.6.8.1
7f899432e000-7f899432f000 rw-p 0009e000 08:03 530994                     /usr/lib/x86_64-linux-gnu/libfreetype.so.6.8.1
7f899432f000-7f8994377000 r-xp 00000000 08:03 2231539                    /usr/lib/jvm/java-6-openjdk-amd64/jre/lib/amd64/libfontmanager.so
7f8994377000-7f8994577000 ---p 00048000 08:03 2231539                    /usr/lib/jvm/java-6-openjdk-amd64/jre/lib/amd64/libfontmanager.so
7f8994577000-7f899457a000 rw-p 00048000 08:03 2231539                    /usr/lib/jvm/java-6-openjdk-amd64/jre/lib/amd64/libfontmanager.so
7f89946ee000-7f89946f3000 r-xp 00000000 08:03 531316                     /usr/lib/x86_64-linux-gnu/libXdmcp.so.6.0.0
7f89946f3000-7f89948f2000 ---p 00005000 08:03 531316                     /usr/lib/x86_64-linux-gnu/libXdmcp.so.6.0.0
7f89948f2000-7f89948f3000 rw-p 00004000 08:03 531316                     /usr/lib/x86_64-linux-gnu/libXdmcp.so.6.0.0
7f89948f3000-7f89948f5000 r-xp 00000000 08:03 531314                     /usr/lib/x86_64-linux-gnu/libXau.so.6.0.0
7f89948f5000-7f8994af5000 ---p 00002000 08:03 531314                     /usr/lib/x86_64-linux-gnu/libXau.so.6.0.0
7f8994af5000-7f8994af6000 rw-p 00002000 08:03 531314                     /usr/lib/x86_64-linux-gnu/libXau.so.6.0.0
7f8994af6000-7f8994b15000 r-xp 00000000 08:03 531318                     /usr/lib/x86_64-linux-gnu/libxcb.so.1.1.0
7f8994b15000-7f8994d14000 ---p 0001f000 08:03 531318                     /usr/lib/x86_64-linux-gnu/libxcb.so.1.1.0
7f8994d14000-7f8994d15000 r--p 0001e000 08:03 531318                     /usr/lib/x86_64-linux-gnu/libxcb.so.1.1.0
7f8994d15000-7f8994d16000 rw-p 0001f000 08:03 531318                     /usr/lib/x86_64-linux-gnu/libxcb.so.1.1.0
7f8994d16000-7f8994d24000 r-xp 00000000 08:03 534780                     /usr/lib/x86_64-linux-gnu/libXi.so.6.1.0
7f8994d24000-7f8994f24000 ---p 0000e000 08:03 534780                     /usr/lib/x86_64-linux-gnu/libXi.so.6.1.0
7f8994f24000-7f8994f25000 rw-p 0000e000 08:03 534780                     /usr/lib/x86_64-linux-gnu/libXi.so.6.1.0
7f8994f25000-7f8994f2a000 r-xp 00000000 08:03 535605                     /usr/lib/x86_64-linux-gnu/libXtst.so.6.1.0
7f8994f2a000-7f8995129000 ---p 00005000 08:03 535605                     /usr/lib/x86_64-linux-gnu/libXtst.so.6.1.0
7f8995129000-7f899512a000 rw-p 00004000 08:03 535605                     /usr/lib/x86_64-linux-gnu/libXtst.so.6.1.0
7f899512a000-7f8995133000 r-xp 00000000 08:03 534524                     /usr/lib/x86_64-linux-gnu/libXrender.so.1.3.0
7f8995133000-7f8995332000 ---p 00009000 08:03 534524                     /usr/lib/x86_64-linux-gnu/libXrender.so.1.3.0
7f8995332000-7f8995333000 rw-p 00008000 08:03 534524                     /usr/lib/x86_64-linux-gnu/libXrender.so.1.3.0
7f8995333000-7f8995468000 r-xp 00000000 08:03 531323                     /usr/lib/x86_64-linux-gnu/libX11.so.6.3.0
7f8995468000-7f8995668000 ---p 00135000 08:03 531323                     /usr/lib/x86_64-linux-gnu/libX11.so.6.3.0
7f8995668000-7f899566e000 rw-p 00135000 08:03 531323                     /usr/lib/x86_64-linux-gnu/libX11.so.6.3.0
7f899566e000-7f899567f000 r-xp 00000000 08:03 531325                     /usr/lib/x86_64-linux-gnu/libXext.so.6.4.0
7f899567f000-7f899587f000 ---p 00011000 08:03 531325                     /usr/lib/x86_64-linux-gnu/libXext.so.6.4.0
7f899587f000-7f8995880000 rw-p 00011000 08:03 531325                     /usr/lib/x86_64-linux-gnu/libXext.so.6.4.0
7f8995880000-7f8995881000 rw-s 00005000 00:05 8578                       /dev/ati/card0
7f8995881000-7f8995882000 r--s 00000000 08:03 4856316                    /var/cache/fontconfig/4794a0821666d79190d59a36cb4f44b5-le64.cache-3
7f8995882000-7f8995883000 r--s 00000000 08:03 4855939                    /var/cache/fontconfig/e13b20fdb08344e0e664864cc2ede53d-le64.cache-3
7f8995883000-7f8995884000 r--s 00000000 08:03 4856319                    /var/cache/fontconfig/c05880de57d1f5e948fdfacc138775d9-le64.cache-3
7f8995884000-7f899588c000 r--s 00000000 08:03 4853581                    /var/cache/fontconfig/3f7329c5293ffd510edef78f73874cfd-le64.cache-3
7f899588c000-7f8995896000 r--s 00000000 08:03 4856314                    /var/cache/fontconfig/83bf95040141907cd45bb53cf7c1c148-le64.cache-3
7f8995896000-7f89958e3000 r-xp 00000000 08:03 2231706                    /usr/lib/jvm/java-6-openjdk-amd64/jre/lib/amd64/xawt/libmawt.so
7f89958e3000-7f8995ae2000 ---p 0004d000 08:03 2231706                    /usr/lib/jvm/java-6-openjdk-amd64/jre/lib/amd64/xawt/libmawt.so
7f8995ae2000-7f8995ae6000 rw-p 0004c000 08:03 2231706                    /usr/lib/jvm/java-6-openjdk-amd64/jre/lib/amd64/xawt/libmawt.so
7f8995ae6000-7f8995ae7000 rw-p 00000000 00:00 0 
7f8995ae7000-7f8995b97000 r-xp 00000000 08:03 2231546                    /usr/lib/jvm/java-6-openjdk-amd64/jre/lib/amd64/libawt.so
7f8995b97000-7f8995d96000 ---p 000b0000 08:03 2231546                    /usr/lib/jvm/java-6-openjdk-amd64/jre/lib/amd64/libawt.so
7f8995d96000-7f8995da2000 rw-p 000af000 08:03 2231546                    /usr/lib/jvm/java-6-openjdk-amd64/jre/lib/amd64/libawt.so
7f8995da2000-7f89983ed000 rw-p 00000000 00:00 0 
7f89983ed000-7f89983ee000 ---p 00000000 00:00 0 
7f89983ee000-7f89984ee000 rw-p 00000000 00:00 0 
7f89984ee000-7f89984f1000 ---p 00000000 00:00 0 
7f89984f1000-7f89985ef000 rw-p 00000000 00:00 0 
7f89985ef000-7f89985f2000 ---p 00000000 00:00 0 
7f89985f2000-7f89986f0000 rw-p 00000000 00:00 0 
7f89986f0000-7f89986f3000 ---p 00000000 00:00 0 
7f89986f3000-7f89987f1000 rw-p 00000000 00:00 0 
7f89987f1000-7f89987f4000 ---p 00000000 00:00 0 
7f89987f4000-7f89988f2000 rw-p 00000000 00:00 0 
7f89988f2000-7f8998a69000 r--p 00000000 08:03 530955                     /usr/lib/locale/locale-archive
7f8998a69000-7f8998a6c000 ---p 00000000 00:00 0 
7f8998a6c000-7f8998b6a000 rw-p 00000000 00:00 0 
7f8998b6a000-7f8998b6d000 ---p 00000000 00:00 0 
7f8998b6d000-7f8998c6b000 rw-p 00000000 00:00 0 
7f8998c6b000-7f8998c6c000 ---p 00000000 00:00 0 
7f8998c6c000-7f89990a2000 rw-p 00000000 00:00 0 
7f89990a2000-7f8999236000 r--s 03807000 08:03 2231586                    /usr/lib/jvm/java-6-openjdk-amd64/jre/lib/rt.jar
7f8999236000-7f899925e000 rw-p 00000000 00:00 0 
7f899925e000-7f899925f000 ---p 00000000 00:00 0 
7f899925f000-7f899935f000 rw-p 00000000 00:00 0 
7f899935f000-7f8999360000 ---p 00000000 00:00 0 
7f8999360000-7f899946b000 rw-p 00000000 00:00 0 
7f899946b000-7f89994b3000 rw-p 00000000 00:00 0 
7f89994b3000-7f89994f2000 rw-p 00000000 00:00 0 
7f89994f2000-7f899989f000 rw-p 00000000 00:00 0 
7f899989f000-7f89998aa000 rw-p 00000000 00:00 0 
7f89998aa000-7f89998f2000 rw-p 00000000 00:00 0 
7f89998f2000-7f8999931000 rw-p 00000000 00:00 0 
7f8999931000-7f8999cde000 rw-p 00000000 00:00 0 
7f8999cde000-7f8999cfe000 rw-p 00000000 00:00 0 
7f8999cfe000-7f8999ed4000 rw-p 00000000 00:00 0 
7f8999ed4000-7f8999ed5000 rw-p 00000000 00:00 0 
7f8999ed5000-7f899a145000 rwxp 00000000 00:00 0 
7f899a145000-7f899ced5000 rw-p 00000000 00:00 0 
7f899ced5000-7f899cedc000 r-xp 00000000 08:03 2231575                    /usr/lib/jvm/java-6-openjdk-amd64/jre/lib/amd64/libzip.so
7f899cedc000-7f899d0db000 ---p 00007000 08:03 2231575                    /usr/lib/jvm/java-6-openjdk-amd64/jre/lib/amd64/libzip.so
7f899d0db000-7f899d0dc000 rw-p 00006000 08:03 2231575                    /usr/lib/jvm/java-6-openjdk-amd64/jre/lib/amd64/libzip.so
7f899d0dc000-7f899d0e7000 r-xp 00000000 08:03 3538957                    /lib/x86_64-linux-gnu/libnss_files-2.13.so
7f899d0e7000-7f899d2e6000 ---p 0000b000 08:03 3538957                    /lib/x86_64-linux-gnu/libnss_files-2.13.so
7f899d2e6000-7f899d2e7000 r--p 0000a000 08:03 3538957                    /lib/x86_64-linux-gnu/libnss_files-2.13.so
7f899d2e7000-7f899d2e8000 rw-p 0000b000 08:03 3538957                    /lib/x86_64-linux-gnu/libnss_files-2.13.so
7f899d2e8000-7f899d2f2000 r-xp 00000000 08:03 3538969                    /lib/x86_64-linux-gnu/libnss_nis-2.13.so
7f899d2f2000-7f899d4f1000 ---p 0000a000 08:03 3538969                    /lib/x86_64-linux-gnu/libnss_nis-2.13.so
7f899d4f1000-7f899d4f2000 r--p 00009000 08:03 3538969                    /lib/x86_64-linux-gnu/libnss_nis-2.13.so
7f899d4f2000-7f899d4f3000 rw-p 0000a000 08:03 3538969                    /lib/x86_64-linux-gnu/libnss_nis-2.13.so
7f899d4f3000-7f899d4fa000 r-xp 00000000 08:03 3538959                    /lib/x86_64-linux-gnu/libnss_compat-2.13.so
7f899d4fa000-7f899d6f9000 ---p 00007000 08:03 3538959                    /lib/x86_64-linux-gnu/libnss_compat-2.13.so
7f899d6f9000-7f899d6fa000 r--p 00006000 08:03 3538959                    /lib/x86_64-linux-gnu/libnss_compat-2.13.so
7f899d6fa000-7f899d6fb000 rw-p 00007000 08:03 3538959                    /lib/x86_64-linux-gnu/libnss_compat-2.13.so
7f899d6fb000-7f899d710000 r-xp 00000000 08:03 3538967                    /lib/x86_64-linux-gnu/libnsl-2.13.so
7f899d710000-7f899d90f000 ---p 00015000 08:03 3538967                    /lib/x86_64-linux-gnu/libnsl-2.13.so
7f899d90f000-7f899d910000 r--p 00014000 08:03 3538967                    /lib/x86_64-linux-gnu/libnsl-2.13.so
7f899d910000-7f899d911000 rw-p 00015000 08:03 3538967                    /lib/x86_64-linux-gnu/libnsl-2.13.so
7f899d911000-7f899d913000 rw-p 00000000 00:00 0 
7f899d913000-7f899d941000 r-xp 00000000 08:03 2231561                    /usr/lib/jvm/java-6-openjdk-amd64/jre/lib/amd64/libjava.so
7f899d941000-7f899db40000 ---p 0002e000 08:03 2231561                    /usr/lib/jvm/java-6-openjdk-amd64/jre/lib/amd64/libjava.so
7f899db40000-7f899db44000 rw-p 0002d000 08:03 2231561                    /usr/lib/jvm/java-6-openjdk-amd64/jre/lib/amd64/libjava.so
7f899db44000-7f899db53000 r-xp 00000000 08:03 2231544                    /usr/lib/jvm/java-6-openjdk-amd64/jre/lib/amd64/libverify.so
7f899db53000-7f899dd52000 ---p 0000f000 08:03 2231544                    /usr/lib/jvm/java-6-openjdk-amd64/jre/lib/amd64/libverify.so
7f899dd52000-7f899dd54000 rw-p 0000e000 08:03 2231544                    /usr/lib/jvm/java-6-openjdk-amd64/jre/lib/amd64/libverify.so
7f899dd54000-7f899dd5b000 r-xp 00000000 08:03 3538958                    /lib/x86_64-linux-gnu/librt-2.13.so
7f899dd5b000-7f899df5a000 ---p 00007000 08:03 3538958                    /lib/x86_64-linux-gnu/librt-2.13.so
7f899df5a000-7f899df5b000 r--p 00006000 08:03 3538958                    /lib/x86_64-linux-gnu/librt-2.13.so
7f899df5b000-7f899df5c000 rw-p 00007000 08:03 3538958                    /lib/x86_64-linux-gnu/librt-2.13.so
7f899df5c000-7f899df71000 r-xp 00000000 08:03 3538948                    /lib/x86_64-linux-gnu/libgcc_s.so.1
7f899df71000-7f899e171000 ---p 00015000 08:03 3538948                    /lib/x86_64-linux-gnu/libgcc_s.so.1
7f899e171000-7f899e172000 rw-p 00015000 08:03 3538948                    /lib/x86_64-linux-gnu/libgcc_s.so.1
7f899e172000-7f899e1f3000 r-xp 00000000 08:03 3538960                    /lib/x86_64-linux-gnu/libm-2.13.so
7f899e1f3000-7f899e3f2000 ---p 00081000 08:03 3538960                    /lib/x86_64-linux-gnu/libm-2.13.so
7f899e3f2000-7f899e3f3000 r--p 00080000 08:03 3538960                    /lib/x86_64-linux-gnu/libm-2.13.so
7f899e3f3000-7f899e3f4000 rw-p 00081000 08:03 3538960                    /lib/x86_64-linux-gnu/libm-2.13.so
7f899e3f4000-7f899e4dc000 r-xp 00000000 08:03 528173                     /usr/lib/x86_64-linux-gnu/libstdc++.so.6.0.17
7f899e4dc000-7f899e6dc000 ---p 000e8000 08:03 528173                     /usr/lib/x86_64-linux-gnu/libstdc++.so.6.0.17
7f899e6dc000-7f899e6e4000 r--p 000e8000 08:03 528173                     /usr/lib/x86_64-linux-gnu/libstdc++.so.6.0.17
7f899e6e4000-7f899e6e6000 rw-p 000f0000 08:03 528173                     /usr/lib/x86_64-linux-gnu/libstdc++.so.6.0.17
7f899e6e6000-7f899e6fb000 rw-p 00000000 00:00 0 
7f899e6fb000-7f899f00f000 r-xp 00000000 08:03 2231551                    /usr/lib/jvm/java-6-openjdk-amd64/jre/lib/amd64/server/libjvm.so
7f899f00f000-7f899f20e000 ---p 00914000 08:03 2231551                    /usr/lib/jvm/java-6-openjdk-amd64/jre/lib/amd64/server/libjvm.so
7f899f20e000-7f899f2aa000 rw-p 00913000 08:03 2231551                    /usr/lib/jvm/java-6-openjdk-amd64/jre/lib/amd64/server/libjvm.so
7f899f2aa000-7f899f2d3000 rw-p 00000000 00:00 0 
7f899f2d3000-7f899f453000 r-xp 00000000 08:03 3538963                    /lib/x86_64-linux-gnu/libc-2.13.so
7f899f453000-7f899f653000 ---p 00180000 08:03 3538963                    /lib/x86_64-linux-gnu/libc-2.13.so
7f899f653000-7f899f657000 r--p 00180000 08:03 3538963                    /lib/x86_64-linux-gnu/libc-2.13.so
7f899f657000-7f899f658000 rw-p 00184000 08:03 3538963                    /lib/x86_64-linux-gnu/libc-2.13.so
7f899f658000-7f899f65d000 rw-p 00000000 00:00 0 
7f899f65d000-7f899f65f000 r-xp 00000000 08:03 3538956                    /lib/x86_64-linux-gnu/libdl-2.13.so
7f899f65f000-7f899f85f000 ---p 00002000 08:03 3538956                    /lib/x86_64-linux-gnu/libdl-2.13.so
7f899f85f000-7f899f860000 r--p 00002000 08:03 3538956                    /lib/x86_64-linux-gnu/libdl-2.13.so
7f899f860000-7f899f861000 rw-p 00003000 08:03 3538956                    /lib/x86_64-linux-gnu/libdl-2.13.so
7f899f861000-7f899f865000 r-xp 00000000 08:03 2231548                    /usr/lib/jvm/java-6-openjdk-amd64/jre/lib/amd64/jli/libjli.so
7f899f865000-7f899fa64000 ---p 00004000 08:03 2231548                    /usr/lib/jvm/java-6-openjdk-amd64/jre/lib/amd64/jli/libjli.so
7f899fa64000-7f899fa65000 rw-p 00003000 08:03 2231548                    /usr/lib/jvm/java-6-openjdk-amd64/jre/lib/amd64/jli/libjli.so
7f899fa65000-7f899fa7c000 r-xp 00000000 08:03 3538953                    /lib/x86_64-linux-gnu/libpthread-2.13.so
7f899fa7c000-7f899fc7b000 ---p 00017000 08:03 3538953                    /lib/x86_64-linux-gnu/libpthread-2.13.so
7f899fc7b000-7f899fc7c000 r--p 00016000 08:03 3538953                    /lib/x86_64-linux-gnu/libpthread-2.13.so
7f899fc7c000-7f899fc7d000 rw-p 00017000 08:03 3538953                    /lib/x86_64-linux-gnu/libpthread-2.13.so
7f899fc7d000-7f899fc81000 rw-p 00000000 00:00 0 
7f899fc81000-7f899fc97000 r-xp 00000000 08:03 3539034                    /lib/x86_64-linux-gnu/libz.so.1.2.7
7f899fc97000-7f899fe96000 ---p 00016000 08:03 3539034                    /lib/x86_64-linux-gnu/libz.so.1.2.7
7f899fe96000-7f899fe97000 r--p 00015000 08:03 3539034                    /lib/x86_64-linux-gnu/libz.so.1.2.7
7f899fe97000-7f899fe98000 rw-p 00016000 08:03 3539034                    /lib/x86_64-linux-gnu/libz.so.1.2.7
7f899fe98000-7f899feb8000 r-xp 00000000 08:03 3538966                    /lib/x86_64-linux-gnu/ld-2.13.so
7f899feb8000-7f899feb9000 r--s 00000000 08:03 4856316                    /var/cache/fontconfig/4794a0821666d79190d59a36cb4f44b5-le64.cache-3
7f899feb9000-7f899febc000 r--s 00000000 08:03 4854299                    /var/cache/fontconfig/c57959a16110560c8d0fcea73374aeeb-le64.cache-3
7f899febc000-7f899fec1000 r--s 00000000 08:03 4855942                    /var/cache/fontconfig/3047814df9a2f067bd2d96a2b9c36e5a-le64.cache-3
7f899fec1000-7f899fec2000 r--s 00000000 08:03 4855939                    /var/cache/fontconfig/e13b20fdb08344e0e664864cc2ede53d-le64.cache-3
7f899fec2000-7f899fec5000 r--s 0007f000 08:03 2231060                    /usr/lib/jvm/java-6-openjdk-common/jre/lib/jsse.jar
7f899fec5000-7f899fed2000 r--s 000e6000 08:03 11413237                   /home/brandon/ClearWaterInk/games/WorldsCubed/libs/lwjgl.jar
7f899fed2000-7f899fed6000 r--s 00027000 08:03 11413238                   /home/brandon/ClearWaterInk/games/WorldsCubed/libs/lwjgl_util.jar
7f899fed6000-7f899fed7000 r--s 00007000 08:03 793877                     /usr/share/java/java-atk-wrapper.jar
7f899fed7000-7f899fed9000 r--s 00001000 08:03 2231056                    /usr/lib/jvm/java-6-openjdk-common/jre/lib/ext/dnsns.jar
7f899fed9000-7f899fee3000 rw-p 00000000 00:00 0 
7f899fee3000-7f899ff99000 rw-p 00000000 00:00 0 
7f899ff99000-7f899ff9c000 ---p 00000000 00:00 0 
7f899ff9c000-7f89a009f000 rw-p 00000000 00:00 0 
7f89a009f000-7f89a00a1000 r--s 0000f000 08:03 2231053                    /usr/lib/jvm/java-6-openjdk-common/jre/lib/ext/pulse-java.jar
7f89a00a1000-7f89a00a5000 r--s 00039000 08:03 2231052                    /usr/lib/jvm/java-6-openjdk-common/jre/lib/ext/sunpkcs11.jar
7f89a00a5000-7f89a00a8000 r--s 00031000 08:03 2231055                    /usr/lib/jvm/java-6-openjdk-common/jre/lib/ext/sunjce_provider.jar
7f89a00a8000-7f89a00ab000 r--s 00077000 08:03 2231054                    /usr/lib/jvm/java-6-openjdk-common/jre/lib/ext/localedata.jar
7f89a00ab000-7f89a00b3000 rw-s 00000000 08:03 8002090                    /tmp/hsperfdata_brandon/6614 (deleted)
7f89a00b3000-7f89a00b4000 rw-p 00000000 00:00 0 
7f89a00b4000-7f89a00b5000 ---p 00000000 00:00 0 
7f89a00b5000-7f89a00b7000 rw-p 00000000 00:00 0 
7f89a00b7000-7f89a00b8000 r--p 0001f000 08:03 3538966                    /lib/x86_64-linux-gnu/ld-2.13.so
7f89a00b8000-7f89a00b9000 rw-p 00020000 08:03 3538966                    /lib/x86_64-linux-gnu/ld-2.13.so
7f89a00b9000-7f89a00ba000 rw-p 00000000 00:00 0 
7fff2ac11000-7fff2ac32000 rw-p 00000000 00:00 0                          [stack]
7fff2acbe000-7fff2acbf000 r-xp 00000000 00:00 0                          [vdso]
ffffffffff600000-ffffffffff601000 r-xp 00000000 00:00 0                  [vsyscall]

VM Arguments:
jvm_args: -Djava.library.path=/home/brandon/ClearWaterInk/games/WorldsCubed/libs/natives/linux -Dfile.encoding=UTF-8 
java_command: net.clearwaterink.worldscubed.WorldsCubed
Launcher Type: SUN_STANDARD

Environment Variables:
PATH=/home/brandon/bin:/usr/local/bin:/usr/bin:/bin:/usr/local/games:/usr/games
LD_LIBRARY_PATH=/usr/lib/jvm/java-6-openjdk-amd64/jre/lib/amd64/server:/usr/lib/jvm/java-6-openjdk-amd64/jre/lib/amd64:/usr/lib/jvm/java-6-openjdk-amd64/jre/../lib/amd64
SHELL=/bin/bash
DISPLAY=:0.0

Signal Handlers:
SIGSEGV: [libjvm.so+0x791b10], sa_mask[0]=0x7ffbfeff, sa_flags=0x10000004
SIGBUS: [libjvm.so+0x791b10], sa_mask[0]=0x7ffbfeff, sa_flags=0x10000004
SIGFPE: [libjvm.so+0x65ace0], sa_mask[0]=0x7ffbfeff, sa_flags=0x10000004
SIGPIPE: [libjvm.so+0x65ace0], sa_mask[0]=0x7ffbfeff, sa_flags=0x10000004
SIGXFSZ: [libjvm.so+0x65ace0], sa_mask[0]=0x7ffbfeff, sa_flags=0x10000004
SIGILL: [libjvm.so+0x65ace0], sa_mask[0]=0x7ffbfeff, sa_flags=0x10000004
SIGUSR1: SIG_DFL, sa_mask[0]=0x00000000, sa_flags=0x00000000
SIGUSR2: [libjvm.so+0x65aec0], sa_mask[0]=0x00000004, sa_flags=0x10000004
SIGHUP: [libjvm.so+0x65d500], sa_mask[0]=0x7ffbfeff, sa_flags=0x10000004
SIGINT: [libjvm.so+0x65d500], sa_mask[0]=0x7ffbfeff, sa_flags=0x10000004
SIGTERM: [libjvm.so+0x65d500], sa_mask[0]=0x7ffbfeff, sa_flags=0x10000004
SIGQUIT: [libjvm.so+0x65d500], sa_mask[0]=0x7ffbfeff, sa_flags=0x10000004


---------------  S Y S T E M  ---------------

OS:7.3

uname:Linux 3.2.0-4-amd64 #1 SMP Debian 3.2.51-1 x86_64
libc:glibc 2.13 NPTL 2.13 
rlimit: STACK 8192k, CORE 0k, NPROC 95755, NOFILE 4096, AS infinity
load average:1.37 1.14 1.04

/proc/meminfo:
MemTotal:       12334808 kB
MemFree:         8200296 kB
Buffers:          379764 kB
Cached:          1677264 kB
SwapCached:            0 kB
Active:          2485508 kB
Inactive:        1191692 kB
Active(anon):    1620656 kB
Inactive(anon):    21796 kB
Active(file):     864852 kB
Inactive(file):  1169896 kB
Unevictable:           4 kB
Mlocked:               4 kB
SwapTotal:      13616120 kB
SwapFree:       13616120 kB
Dirty:              1824 kB
Writeback:             0 kB
AnonPages:       1620172 kB
Mapped:           256728 kB
Shmem:             22284 kB
Slab:             242388 kB
SReclaimable:     218264 kB
SUnreclaim:        24124 kB
KernelStack:        3864 kB
PageTables:        26012 kB
NFS_Unstable:          0 kB
Bounce:                0 kB
WritebackTmp:          0 kB
CommitLimit:    19783524 kB
Committed_AS:    3912404 kB
VmallocTotal:   34359738367 kB
VmallocUsed:      329784 kB
VmallocChunk:   34359406412 kB
HardwareCorrupted:     0 kB
AnonHugePages:         0 kB
HugePages_Total:       0
HugePages_Free:        0
HugePages_Rsvd:        0
HugePages_Surp:        0
Hugepagesize:       2048 kB
DirectMap4k:      294272 kB
DirectMap2M:     8093696 kB
DirectMap1G:     4194304 kB


CPU:total 2 (2 cores per cpu, 1 threads per core) family 16 model 6 stepping 3, cmov, cx8, fxsr, mmx, sse, sse2, sse3, popcnt, mmxext, 3dnowpref, lzcnt, sse4a

Memory: 4k page, physical 12334808k(8200296k free), swap 13616120k(13616120k free)

vm_info: OpenJDK 64-Bit Server VM (20.0-b12) for linux-amd64 JRE (1.6.0_27-b27), built on Jul 12 2013 09:04:12 by "jmm" with gcc 4.7.2

time: Fri Feb  7 22:26:05 2014
elapsed time: 2 seconds

