#
# A fatal error has been detected by the Java Runtime Environment:
#
#  SIGSEGV (0xb) at pc=0x00007f3b35c94e38, pid=6685, tid=139892342990592
#
# JRE version: 6.0_27-b27
# Java VM: OpenJDK 64-Bit Server VM (20.0-b12 mixed mode linux-amd64 compressed oops)
# Derivative: IcedTea6 1.12.6
# Distribution: Debian GNU/Linux 7.1 (wheezy), package 6b27-1.12.6-1~deb7u1
# Problematic frame:
# C  [libX11.so.6+0x3ae38]  XQueryExtension+0x28
#
# If you would like to submit a bug report, please include
# instructions how to reproduce the bug and visit:
#   http://icedtea.classpath.org/bugzilla
#

---------------  T H R E A D  ---------------

Current thread (0x000000000247b800):  VMThread [stack: 0x00007f3b39592000,0x00007f3b39693000] [id=6693]

siginfo:si_signo=SIGSEGV: si_errno=0, si_code=1 (SEGV_MAPERR), si_addr=0x0000000030340b68

Registers:
RAX=0x000000000241e360, RBX=0x0000000030340200, RCX=0x00007f3b396919d8, RDX=0x00007f3b396919d4
RSP=0x00007f3b39691970, RBP=0x00007f3b2f94bc60, RSI=0x00007f3b2f813e12, RDI=0x0000000030340200
R8 =0x00007f3b396919dc, R9 =0x0000000000000000, R10=0x00007f3b3ff81768, R11=0x00007f3b3fc310d0
R12=0x00007f3b2f813e12, R13=0x000000000241e360, R14=0x00007f3b3002c220, R15=0x00007f3b30342670
RIP=0x00007f3b35c94e38, EFLAGS=0x0000000000010202, CSGSFS=0x0000000000000033, ERR=0x0000000000000004
  TRAPNO=0x000000000000000e

Top of Stack: (sp=0x00007f3b39691970)
0x00007f3b39691970:   0000000000000020 00007f3b3a7fc438
0x00007f3b39691980:   00007f3b3fc085c8 00007f3b409c4000
0x00007f3b39691990:   00007f3b3fc085c8 0000000030340200
0x00007f3b396919a0:   00007f3b2f94bc60 00007f3b2f813e12
0x00007f3b396919b0:   000000000241e360 00007f3b3002c220
0x00007f3b396919c0:   00007f3b30342670 00007f3b35c88e72
0x00007f3b396919d0:   00007f3b3002c220 0000000000000000
0x00007f3b396919e0:   0000000000000000 00007f3b2f94bc60
0x00007f3b396919f0:   0000000030340200 00007f3b35fa271d
0x00007f3b39691a00:   00007f3b2f813e12 000000113fc085c8
0x00007f3b39691a10:   00007f3b39691a90 0000000000000000
0x00007f3b39691a20:   00007f3b39691a90 0000000030340200
0x00007f3b39691a30:   00007f3b409df048 00007f3b3002c220
0x00007f3b39691a40:   00007f3b2f965490 00007f3b2f7bffd9
0x00007f3b39691a50:   0000000000000000 000000000000002b
0x00007f3b39691a60:   00007f3b39691a90 0000000000000000
0x00007f3b39691a70:   00007f3b409df048 00007f3b3002c220
0x00007f3b39691a80:   000000000000001b 00007f3b2f7b46e2
0x00007f3b39691a90:   00007f3b39691c90 00007f3b2f813d81
0x00007f3b39691aa0:   00007f3b39691c90 00007f3b407cd4ec
0x00007f3b39691ab0:   00007f3b409e01c8 00007f3b409e0758
0x00007f3b39691ac0:   00007f3b409c5508 00000000024145a0
0x00007f3b39691ad0:   0000000002414ac0 0000000002414fc0
0x00007f3b39691ae0:   0000000002419cc0 00000000028c4540
0x00007f3b39691af0:   000000000266cf30 00007f3b409dd7f0
0x00007f3b39691b00:   00007f3b3000f980 00007f3b30011040
0x00007f3b39691b10:   0000000002866550 000000000286eca0
0x00007f3b39691b20:   00000000026c0220 00000000026ee520
0x00007f3b39691b30:   00000000028cbbf0 00000000026eec90
0x00007f3b39691b40:   0000000002410600 0000000002410be0
0x00007f3b39691b50:   000000000240ff40 000000000240b5f0
0x00007f3b39691b60:   000000000240bb60 000000000240c570 

Instructions: (pc=0x00007f3b35c94e38)
0x00007f3b35c94e18:   24 e0 48 89 fb 4c 89 6c 24 e8 4c 89 74 24 f0 49
0x00007f3b35c94e28:   89 f4 4c 89 7c 24 f8 48 89 6c 24 d8 48 83 ec 58
0x00007f3b35c94e38:   48 8b 87 68 09 00 00 49 89 d7 49 89 ce 4d 89 c5
0x00007f3b35c94e48:   48 85 c0 74 02 ff 10 ba 08 00 00 00 be 62 00 00 

Register to memory mapping:

RAX=0x000000000241e360 is an unknown value
RBX=0x0000000030340200 is an unknown value
RCX=0x00007f3b396919d8 is an unknown value
RDX=0x00007f3b396919d4 is an unknown value
RSP=0x00007f3b39691970 is an unknown value
RBP=0x00007f3b2f94bc60: <offset 0x1cac60> in /usr/lib/x86_64-linux-gnu/libGL.so.1 at 0x00007f3b2f781000
RSI=0x00007f3b2f813e12: <offset 0x92e12> in /usr/lib/x86_64-linux-gnu/libGL.so.1 at 0x00007f3b2f781000
RDI=0x0000000030340200 is an unknown value
R8 =0x00007f3b396919dc is an unknown value
R9 =0x0000000000000000 is an unknown value
R10=0x00007f3b3ff81768: <offset 0x387768> in /lib/x86_64-linux-gnu/libc.so.6 at 0x00007f3b3fbfa000
R11=0x00007f3b3fc310d0: __cxa_finalize+0 in /lib/x86_64-linux-gnu/libc.so.6 at 0x00007f3b3fbfa000
R12=0x00007f3b2f813e12: <offset 0x92e12> in /usr/lib/x86_64-linux-gnu/libGL.so.1 at 0x00007f3b2f781000
R13=0x000000000241e360 is an unknown value
R14=0x00007f3b3002c220 is an unknown value
R15=0x00007f3b30342670 is an unknown value


Stack: [0x00007f3b39592000,0x00007f3b39693000],  sp=0x00007f3b39691970,  free space=1022k
Native frames: (J=compiled Java code, j=interpreted, Vv=VM code, C=native code)
C  [libX11.so.6+0x3ae38]  XQueryExtension+0x28

VM_Operation (0x00007f3b409bf5d0): Exit, mode: safepoint, requested by thread 0x0000000002416000


---------------  P R O C E S S  ---------------

Java Threads: ( => current thread )
  0x0000000002861000 JavaThread "AWT-XAWT" daemon [_thread_in_native, id=6705, stack(0x00007f3b3468e000,0x00007f3b3478f000)]
  0x0000000002679000 JavaThread "Java2D Disposer" daemon [_thread_blocked, id=6704, stack(0x00007f3b34a2a000,0x00007f3b34b2b000)]
  0x00000000024b2800 JavaThread "Low Memory Detector" daemon [_thread_blocked, id=6699, stack(0x00007f3b38e15000,0x00007f3b38f16000)]
  0x00000000024ad800 JavaThread "C2 CompilerThread1" daemon [_thread_blocked, id=6698, stack(0x00007f3b38f16000,0x00007f3b39017000)]
  0x00000000024a8800 JavaThread "C2 CompilerThread0" daemon [_thread_blocked, id=6697, stack(0x00007f3b39017000,0x00007f3b39118000)]
  0x0000000002482800 JavaThread "Finalizer" daemon [_thread_blocked, id=6695, stack(0x00007f3b39390000,0x00007f3b39491000)]
  0x0000000002480800 JavaThread "Reference Handler" daemon [_thread_blocked, id=6694, stack(0x00007f3b39491000,0x00007f3b39592000)]
  0x0000000002416000 JavaThread "main" [_thread_blocked, id=6687, stack(0x00007f3b408c0000,0x00007f3b409c1000)]

Other Threads:
=>0x000000000247b800 VMThread [stack: 0x00007f3b39592000,0x00007f3b39693000] [id=6693]

VM state:at safepoint (shutting down)

VM Mutex/Monitor currently owned by a thread:  ([mutex/lock_event])
[0x0000000002412a10] Threads_lock - owner thread: 0x000000000247b800

Heap
 PSYoungGen      total 104512K, used 70125K [0x00000007c1400000, 0x00000007c81e0000, 0x0000000800000000)
  eden space 96512K, 64% used [0x00000007c1400000,0x00000007c50b3720,0x00000007c7240000)
  from space 8000K, 99% used [0x00000007c7a10000,0x00000007c81d8020,0x00000007c81e0000)
  to   space 8000K, 0% used [0x00000007c7240000,0x00000007c7240000,0x00000007c7a10000)
 PSOldGen        total 128512K, used 9592K [0x0000000743c00000, 0x000000074b980000, 0x00000007c1400000)
  object space 128512K, 7% used [0x0000000743c00000,0x000000074455e000,0x000000074b980000)
 PSPermGen       total 21248K, used 9738K [0x0000000739600000, 0x000000073aac0000, 0x0000000743c00000)
  object space 21248K, 45% used [0x0000000739600000,0x0000000739f82ba0,0x000000073aac0000)

Code Cache  [0x00007f3b3a7fc000, 0x00007f3b3aa6c000, 0x00007f3b3d7fc000)
 total_blobs=580 nmethods=128 adapters=407 free_code_cache=49471232 largest_free_block=12224

Dynamic libraries:
00400000-00409000 r-xp 00000000 08:03 2231614                            /usr/lib/jvm/java-6-openjdk-amd64/jre/bin/java
00608000-00609000 rw-p 00008000 08:03 2231614                            /usr/lib/jvm/java-6-openjdk-amd64/jre/bin/java
0240b000-03acf000 rw-p 00000000 00:00 0                                  [heap]
739600000-73aac0000 rw-p 00000000 00:00 0 
73aac0000-743c00000 rw-p 00000000 00:00 0 
743c00000-74b980000 rw-p 00000000 00:00 0 
74b980000-7c1400000 rw-p 00000000 00:00 0 
7c1400000-7c81e0000 rw-p 00000000 00:00 0 
7c81e0000-800000000 rw-p 00000000 00:00 0 
7f3b2c8f0000-7f3b2cff0000 rw-s 00006000 00:05 8578                       /dev/ati/card0
7f3b2cff0000-7f3b2cff2000 r-xp 00000000 08:03 534782                     /usr/lib/x86_64-linux-gnu/libXinerama.so.1.0.0
7f3b2cff2000-7f3b2d1f1000 ---p 00002000 08:03 534782                     /usr/lib/x86_64-linux-gnu/libXinerama.so.1.0.0
7f3b2d1f1000-7f3b2d1f2000 rw-p 00001000 08:03 534782                     /usr/lib/x86_64-linux-gnu/libXinerama.so.1.0.0
7f3b2d1f2000-7f3b2d23e000 r-xp 00000000 08:03 539328                     /usr/lib/x86_64-linux-gnu/libatiadlxx.so
7f3b2d23e000-7f3b2d33e000 ---p 0004c000 08:03 539328                     /usr/lib/x86_64-linux-gnu/libatiadlxx.so
7f3b2d33e000-7f3b2d349000 rw-p 0004c000 08:03 539328                     /usr/lib/x86_64-linux-gnu/libatiadlxx.so
7f3b2d349000-7f3b2d359000 rw-p 00000000 00:00 0 
7f3b2d359000-7f3b2f2f7000 r-xp 00000000 08:03 921615                     /usr/lib/x86_64-linux-gnu/dri/fglrx_dri.so
7f3b2f2f7000-7f3b2f3f6000 ---p 01f9e000 08:03 921615                     /usr/lib/x86_64-linux-gnu/dri/fglrx_dri.so
7f3b2f3f6000-7f3b2f544000 rwxp 01f9d000 08:03 921615                     /usr/lib/x86_64-linux-gnu/dri/fglrx_dri.so
7f3b2f544000-7f3b2f678000 rwxp 00000000 00:00 0 
7f3b2f678000-7f3b2f67f000 r-xp 00000000 08:03 539324                     /usr/lib/x86_64-linux-gnu/libatiuki.so.1.0
7f3b2f67f000-7f3b2f77f000 ---p 00007000 08:03 539324                     /usr/lib/x86_64-linux-gnu/libatiuki.so.1.0
7f3b2f77f000-7f3b2f780000 rw-p 00007000 08:03 539324                     /usr/lib/x86_64-linux-gnu/libatiuki.so.1.0
7f3b2f780000-7f3b2f781000 rw-p 00000000 00:00 0 
7f3b2f781000-7f3b2f83f000 r-xp 00000000 08:03 1445187                    /usr/lib/x86_64-linux-gnu/fglrx/fglrx-libGL.so.1.2
7f3b2f83f000-7f3b2f93f000 ---p 000be000 08:03 1445187                    /usr/lib/x86_64-linux-gnu/fglrx/fglrx-libGL.so.1.2
7f3b2f93f000-7f3b2f966000 rwxp 000be000 08:03 1445187                    /usr/lib/x86_64-linux-gnu/fglrx/fglrx-libGL.so.1.2
7f3b2f966000-7f3b2f985000 rwxp 00000000 00:00 0 
7f3b2f985000-7f3b2f989000 r-xp 00000000 08:03 535177                     /usr/lib/x86_64-linux-gnu/libXxf86vm.so.1.0.0
7f3b2f989000-7f3b2fb89000 ---p 00004000 08:03 535177                     /usr/lib/x86_64-linux-gnu/libXxf86vm.so.1.0.0
7f3b2fb89000-7f3b2fb8a000 r--p 00004000 08:03 535177                     /usr/lib/x86_64-linux-gnu/libXxf86vm.so.1.0.0
7f3b2fb8a000-7f3b2fb8b000 rw-p 00005000 08:03 535177                     /usr/lib/x86_64-linux-gnu/libXxf86vm.so.1.0.0
7f3b2fb8b000-7f3b2fb92000 r-xp 00000000 08:03 534784                     /usr/lib/x86_64-linux-gnu/libXrandr.so.2.2.0
7f3b2fb92000-7f3b2fd92000 ---p 00007000 08:03 534784                     /usr/lib/x86_64-linux-gnu/libXrandr.so.2.2.0
7f3b2fd92000-7f3b2fd93000 rw-p 00007000 08:03 534784                     /usr/lib/x86_64-linux-gnu/libXrandr.so.2.2.0
7f3b2fd93000-7f3b2fdfd000 r-xp 00000000 08:03 12332350                   /home/brandon/ClearWaterInk/games/WorldsCubed/libs/natives/linux/liblwjgl64.so
7f3b2fdfd000-7f3b2fffd000 ---p 0006a000 08:03 12332350                   /home/brandon/ClearWaterInk/games/WorldsCubed/libs/natives/linux/liblwjgl64.so
7f3b2fffd000-7f3b2ffff000 r--p 0006a000 08:03 12332350                   /home/brandon/ClearWaterInk/games/WorldsCubed/libs/natives/linux/liblwjgl64.so
7f3b2ffff000-7f3b30000000 rw-p 0006c000 08:03 12332350                   /home/brandon/ClearWaterInk/games/WorldsCubed/libs/natives/linux/liblwjgl64.so
7f3b30000000-7f3b31496000 rw-p 00000000 00:00 0 
7f3b31496000-7f3b34000000 ---p 00000000 00:00 0 
7f3b3407d000-7f3b34080000 ---p 00000000 00:00 0 
7f3b34080000-7f3b3417e000 rw-p 00000000 00:00 0 
7f3b3417e000-7f3b3417f000 r-xp 00000000 08:03 2231545                    /usr/lib/jvm/java-6-openjdk-amd64/jre/lib/amd64/libjawt.so
7f3b3417f000-7f3b3437e000 ---p 00001000 08:03 2231545                    /usr/lib/jvm/java-6-openjdk-amd64/jre/lib/amd64/libjawt.so
7f3b3437e000-7f3b3437f000 rw-p 00000000 08:03 2231545                    /usr/lib/jvm/java-6-openjdk-amd64/jre/lib/amd64/libjawt.so
7f3b3437f000-7f3b34384000 r-xp 00000000 08:03 534774                     /usr/lib/x86_64-linux-gnu/libXfixes.so.3.1.0
7f3b34384000-7f3b34583000 ---p 00005000 08:03 534774                     /usr/lib/x86_64-linux-gnu/libXfixes.so.3.1.0
7f3b34583000-7f3b34584000 r--p 00004000 08:03 534774                     /usr/lib/x86_64-linux-gnu/libXfixes.so.3.1.0
7f3b34584000-7f3b34585000 rw-p 00005000 08:03 534774                     /usr/lib/x86_64-linux-gnu/libXfixes.so.3.1.0
7f3b34585000-7f3b3458e000 r--s 00000000 08:03 4854967                    /var/cache/fontconfig/945677eb7aeaf62f1d50efc3fb3ec7d8-le64.cache-3
7f3b3458e000-7f3b34592000 r--s 00000000 08:03 4855898                    /var/cache/fontconfig/a46337af8a0b4c9b317ad981ec3bdf87-le64.cache-3
7f3b34592000-7f3b3459b000 r--s 00000000 08:03 4856317                    /var/cache/fontconfig/6d41288fd70b0be22e8c3a91e032eec0-le64.cache-3
7f3b3459b000-7f3b345c9000 r--s 00000000 08:03 4855897                    /var/cache/fontconfig/365b55f210c0a22e9a19e35191240f32-le64.cache-3
7f3b3466e000-7f3b3468e000 rw-s fe9e0000 00:05 8578                       /dev/ati/card0
7f3b3468e000-7f3b34691000 ---p 00000000 00:00 0 
7f3b34691000-7f3b3478f000 rw-p 00000000 00:00 0 
7f3b3478f000-7f3b34790000 r--s 00000000 08:03 4856319                    /var/cache/fontconfig/c05880de57d1f5e948fdfacc138775d9-le64.cache-3
7f3b34790000-7f3b34799000 r--s 00000000 08:03 4854967                    /var/cache/fontconfig/945677eb7aeaf62f1d50efc3fb3ec7d8-le64.cache-3
7f3b34799000-7f3b3479d000 r--s 00000000 08:03 4855898                    /var/cache/fontconfig/a46337af8a0b4c9b317ad981ec3bdf87-le64.cache-3
7f3b3479d000-7f3b347a6000 r--s 00000000 08:03 4856317                    /var/cache/fontconfig/6d41288fd70b0be22e8c3a91e032eec0-le64.cache-3
7f3b347a6000-7f3b347a7000 r--s 00000000 08:03 4856316                    /var/cache/fontconfig/4794a0821666d79190d59a36cb4f44b5-le64.cache-3
7f3b347a7000-7f3b347d5000 r--s 00000000 08:03 4855897                    /var/cache/fontconfig/365b55f210c0a22e9a19e35191240f32-le64.cache-3
7f3b347d5000-7f3b347d8000 r--s 00000000 08:03 4854299                    /var/cache/fontconfig/c57959a16110560c8d0fcea73374aeeb-le64.cache-3
7f3b347d8000-7f3b347dd000 r--s 00000000 08:03 4855942                    /var/cache/fontconfig/3047814df9a2f067bd2d96a2b9c36e5a-le64.cache-3
7f3b347f1000-7f3b347fb000 r-xp 00000000 08:03 534776                     /usr/lib/x86_64-linux-gnu/libXcursor.so.1.0.2
7f3b347fb000-7f3b349fa000 ---p 0000a000 08:03 534776                     /usr/lib/x86_64-linux-gnu/libXcursor.so.1.0.2
7f3b349fa000-7f3b349fb000 rw-p 00009000 08:03 534776                     /usr/lib/x86_64-linux-gnu/libXcursor.so.1.0.2
7f3b34a0f000-7f3b34a11000 rw-s 00002000 00:05 8578                       /dev/ati/card0
7f3b34a11000-7f3b34a18000 r--s 000fc000 08:03 2231068                    /usr/lib/jvm/java-6-openjdk-common/jre/lib/resources.jar
7f3b34a18000-7f3b34a20000 r--s 00000000 08:03 4853581                    /var/cache/fontconfig/3f7329c5293ffd510edef78f73874cfd-le64.cache-3
7f3b34a20000-7f3b34a2a000 r--s 00000000 08:03 4856314                    /var/cache/fontconfig/83bf95040141907cd45bb53cf7c1c148-le64.cache-3
7f3b34a2a000-7f3b34a2d000 ---p 00000000 00:00 0 
7f3b34a2d000-7f3b34b2b000 rw-p 00000000 00:00 0 
7f3b34b2b000-7f3b34bc4000 r-xp 00000000 08:03 530994                     /usr/lib/x86_64-linux-gnu/libfreetype.so.6.8.1
7f3b34bc4000-7f3b34dc3000 ---p 00099000 08:03 530994                     /usr/lib/x86_64-linux-gnu/libfreetype.so.6.8.1
7f3b34dc3000-7f3b34dc9000 r--p 00098000 08:03 530994                     /usr/lib/x86_64-linux-gnu/libfreetype.so.6.8.1
7f3b34dc9000-7f3b34dca000 rw-p 0009e000 08:03 530994                     /usr/lib/x86_64-linux-gnu/libfreetype.so.6.8.1
7f3b34dca000-7f3b34e12000 r-xp 00000000 08:03 2231539                    /usr/lib/jvm/java-6-openjdk-amd64/jre/lib/amd64/libfontmanager.so
7f3b34e12000-7f3b35012000 ---p 00048000 08:03 2231539                    /usr/lib/jvm/java-6-openjdk-amd64/jre/lib/amd64/libfontmanager.so
7f3b35012000-7f3b35015000 rw-p 00048000 08:03 2231539                    /usr/lib/jvm/java-6-openjdk-amd64/jre/lib/amd64/libfontmanager.so
7f3b35015000-7f3b3501a000 r-xp 00000000 08:03 531316                     /usr/lib/x86_64-linux-gnu/libXdmcp.so.6.0.0
7f3b3501a000-7f3b35219000 ---p 00005000 08:03 531316                     /usr/lib/x86_64-linux-gnu/libXdmcp.so.6.0.0
7f3b35219000-7f3b3521a000 rw-p 00004000 08:03 531316                     /usr/lib/x86_64-linux-gnu/libXdmcp.so.6.0.0
7f3b3521a000-7f3b3521c000 r-xp 00000000 08:03 531314                     /usr/lib/x86_64-linux-gnu/libXau.so.6.0.0
7f3b3521c000-7f3b3541c000 ---p 00002000 08:03 531314                     /usr/lib/x86_64-linux-gnu/libXau.so.6.0.0
7f3b3541c000-7f3b3541d000 rw-p 00002000 08:03 531314                     /usr/lib/x86_64-linux-gnu/libXau.so.6.0.0
7f3b3541d000-7f3b3543c000 r-xp 00000000 08:03 531318                     /usr/lib/x86_64-linux-gnu/libxcb.so.1.1.0
7f3b3543c000-7f3b3563b000 ---p 0001f000 08:03 531318                     /usr/lib/x86_64-linux-gnu/libxcb.so.1.1.0
7f3b3563b000-7f3b3563c000 r--p 0001e000 08:03 531318                     /usr/lib/x86_64-linux-gnu/libxcb.so.1.1.0
7f3b3563c000-7f3b3563d000 rw-p 0001f000 08:03 531318                     /usr/lib/x86_64-linux-gnu/libxcb.so.1.1.0
7f3b3563d000-7f3b3564b000 r-xp 00000000 08:03 534780                     /usr/lib/x86_64-linux-gnu/libXi.so.6.1.0
7f3b3564b000-7f3b3584b000 ---p 0000e000 08:03 534780                     /usr/lib/x86_64-linux-gnu/libXi.so.6.1.0
7f3b3584b000-7f3b3584c000 rw-p 0000e000 08:03 534780                     /usr/lib/x86_64-linux-gnu/libXi.so.6.1.0
7f3b3584c000-7f3b35851000 r-xp 00000000 08:03 535605                     /usr/lib/x86_64-linux-gnu/libXtst.so.6.1.0
7f3b35851000-7f3b35a50000 ---p 00005000 08:03 535605                     /usr/lib/x86_64-linux-gnu/libXtst.so.6.1.0
7f3b35a50000-7f3b35a51000 rw-p 00004000 08:03 535605                     /usr/lib/x86_64-linux-gnu/libXtst.so.6.1.0
7f3b35a51000-7f3b35a5a000 r-xp 00000000 08:03 534524                     /usr/lib/x86_64-linux-gnu/libXrender.so.1.3.0
7f3b35a5a000-7f3b35c59000 ---p 00009000 08:03 534524                     /usr/lib/x86_64-linux-gnu/libXrender.so.1.3.0
7f3b35c59000-7f3b35c5a000 rw-p 00008000 08:03 534524                     /usr/lib/x86_64-linux-gnu/libXrender.so.1.3.0
7f3b35c5a000-7f3b35d8f000 r-xp 00000000 08:03 531323                     /usr/lib/x86_64-linux-gnu/libX11.so.6.3.0
7f3b35d8f000-7f3b35f8f000 ---p 00135000 08:03 531323                     /usr/lib/x86_64-linux-gnu/libX11.so.6.3.0
7f3b35f8f000-7f3b35f95000 rw-p 00135000 08:03 531323                     /usr/lib/x86_64-linux-gnu/libX11.so.6.3.0
7f3b35f95000-7f3b35fa6000 r-xp 00000000 08:03 531325                     /usr/lib/x86_64-linux-gnu/libXext.so.6.4.0
7f3b35fa6000-7f3b361a6000 ---p 00011000 08:03 531325                     /usr/lib/x86_64-linux-gnu/libXext.so.6.4.0
7f3b361a6000-7f3b361a7000 rw-p 00011000 08:03 531325                     /usr/lib/x86_64-linux-gnu/libXext.so.6.4.0
7f3b361a8000-7f3b361a9000 rw-s 00005000 00:05 8578                       /dev/ati/card0
7f3b361a9000-7f3b361aa000 r--s 00000000 08:03 4855939                    /var/cache/fontconfig/e13b20fdb08344e0e664864cc2ede53d-le64.cache-3
7f3b361aa000-7f3b361ab000 r--s 00000000 08:03 4856319                    /var/cache/fontconfig/c05880de57d1f5e948fdfacc138775d9-le64.cache-3
7f3b361ab000-7f3b361b3000 r--s 00000000 08:03 4853581                    /var/cache/fontconfig/3f7329c5293ffd510edef78f73874cfd-le64.cache-3
7f3b361b3000-7f3b361bd000 r--s 00000000 08:03 4856314                    /var/cache/fontconfig/83bf95040141907cd45bb53cf7c1c148-le64.cache-3
7f3b361bd000-7f3b3620a000 r-xp 00000000 08:03 2231706                    /usr/lib/jvm/java-6-openjdk-amd64/jre/lib/amd64/xawt/libmawt.so
7f3b3620a000-7f3b36409000 ---p 0004d000 08:03 2231706                    /usr/lib/jvm/java-6-openjdk-amd64/jre/lib/amd64/xawt/libmawt.so
7f3b36409000-7f3b3640d000 rw-p 0004c000 08:03 2231706                    /usr/lib/jvm/java-6-openjdk-amd64/jre/lib/amd64/xawt/libmawt.so
7f3b3640d000-7f3b3640e000 rw-p 00000000 00:00 0 
7f3b3640e000-7f3b364be000 r-xp 00000000 08:03 2231546                    /usr/lib/jvm/java-6-openjdk-amd64/jre/lib/amd64/libawt.so
7f3b364be000-7f3b366bd000 ---p 000b0000 08:03 2231546                    /usr/lib/jvm/java-6-openjdk-amd64/jre/lib/amd64/libawt.so
7f3b366bd000-7f3b366c9000 rw-p 000af000 08:03 2231546                    /usr/lib/jvm/java-6-openjdk-amd64/jre/lib/amd64/libawt.so
7f3b366c9000-7f3b38d14000 rw-p 00000000 00:00 0 
7f3b38d14000-7f3b38d15000 ---p 00000000 00:00 0 
7f3b38d15000-7f3b38e15000 rw-p 00000000 00:00 0 
7f3b38e15000-7f3b38e18000 ---p 00000000 00:00 0 
7f3b38e18000-7f3b38f16000 rw-p 00000000 00:00 0 
7f3b38f16000-7f3b38f19000 ---p 00000000 00:00 0 
7f3b38f19000-7f3b39017000 rw-p 00000000 00:00 0 
7f3b39017000-7f3b3901a000 ---p 00000000 00:00 0 
7f3b3901a000-7f3b39118000 rw-p 00000000 00:00 0 
7f3b39118000-7f3b3911b000 ---p 00000000 00:00 0 
7f3b3911b000-7f3b39219000 rw-p 00000000 00:00 0 
7f3b39219000-7f3b39390000 r--p 00000000 08:03 530955                     /usr/lib/locale/locale-archive
7f3b39390000-7f3b39393000 ---p 00000000 00:00 0 
7f3b39393000-7f3b39491000 rw-p 00000000 00:00 0 
7f3b39491000-7f3b39494000 ---p 00000000 00:00 0 
7f3b39494000-7f3b39592000 rw-p 00000000 00:00 0 
7f3b39592000-7f3b39593000 ---p 00000000 00:00 0 
7f3b39593000-7f3b399c9000 rw-p 00000000 00:00 0 
7f3b399c9000-7f3b39b5d000 r--s 03807000 08:03 2231586                    /usr/lib/jvm/java-6-openjdk-amd64/jre/lib/rt.jar
7f3b39b5d000-7f3b39b85000 rw-p 00000000 00:00 0 
7f3b39b85000-7f3b39b86000 ---p 00000000 00:00 0 
7f3b39b86000-7f3b39c86000 rw-p 00000000 00:00 0 
7f3b39c86000-7f3b39c87000 ---p 00000000 00:00 0 
7f3b39c87000-7f3b39d92000 rw-p 00000000 00:00 0 
7f3b39d92000-7f3b39dda000 rw-p 00000000 00:00 0 
7f3b39dda000-7f3b39e19000 rw-p 00000000 00:00 0 
7f3b39e19000-7f3b3a1c6000 rw-p 00000000 00:00 0 
7f3b3a1c6000-7f3b3a1d1000 rw-p 00000000 00:00 0 
7f3b3a1d1000-7f3b3a219000 rw-p 00000000 00:00 0 
7f3b3a219000-7f3b3a258000 rw-p 00000000 00:00 0 
7f3b3a258000-7f3b3a605000 rw-p 00000000 00:00 0 
7f3b3a605000-7f3b3a63c000 rw-p 00000000 00:00 0 
7f3b3a63c000-7f3b3a7fb000 rw-p 00000000 00:00 0 
7f3b3a7fb000-7f3b3a7fc000 rw-p 00000000 00:00 0 
7f3b3a7fc000-7f3b3aa6c000 rwxp 00000000 00:00 0 
7f3b3aa6c000-7f3b3d7fc000 rw-p 00000000 00:00 0 
7f3b3d7fc000-7f3b3d803000 r-xp 00000000 08:03 2231575                    /usr/lib/jvm/java-6-openjdk-amd64/jre/lib/amd64/libzip.so
7f3b3d803000-7f3b3da02000 ---p 00007000 08:03 2231575                    /usr/lib/jvm/java-6-openjdk-amd64/jre/lib/amd64/libzip.so
7f3b3da02000-7f3b3da03000 rw-p 00006000 08:03 2231575                    /usr/lib/jvm/java-6-openjdk-amd64/jre/lib/amd64/libzip.so
7f3b3da03000-7f3b3da0e000 r-xp 00000000 08:03 3538957                    /lib/x86_64-linux-gnu/libnss_files-2.13.so
7f3b3da0e000-7f3b3dc0d000 ---p 0000b000 08:03 3538957                    /lib/x86_64-linux-gnu/libnss_files-2.13.so
7f3b3dc0d000-7f3b3dc0e000 r--p 0000a000 08:03 3538957                    /lib/x86_64-linux-gnu/libnss_files-2.13.so
7f3b3dc0e000-7f3b3dc0f000 rw-p 0000b000 08:03 3538957                    /lib/x86_64-linux-gnu/libnss_files-2.13.so
7f3b3dc0f000-7f3b3dc19000 r-xp 00000000 08:03 3538969                    /lib/x86_64-linux-gnu/libnss_nis-2.13.so
7f3b3dc19000-7f3b3de18000 ---p 0000a000 08:03 3538969                    /lib/x86_64-linux-gnu/libnss_nis-2.13.so
7f3b3de18000-7f3b3de19000 r--p 00009000 08:03 3538969                    /lib/x86_64-linux-gnu/libnss_nis-2.13.so
7f3b3de19000-7f3b3de1a000 rw-p 0000a000 08:03 3538969                    /lib/x86_64-linux-gnu/libnss_nis-2.13.so
7f3b3de1a000-7f3b3de21000 r-xp 00000000 08:03 3538959                    /lib/x86_64-linux-gnu/libnss_compat-2.13.so
7f3b3de21000-7f3b3e020000 ---p 00007000 08:03 3538959                    /lib/x86_64-linux-gnu/libnss_compat-2.13.so
7f3b3e020000-7f3b3e021000 r--p 00006000 08:03 3538959                    /lib/x86_64-linux-gnu/libnss_compat-2.13.so
7f3b3e021000-7f3b3e022000 rw-p 00007000 08:03 3538959                    /lib/x86_64-linux-gnu/libnss_compat-2.13.so
7f3b3e022000-7f3b3e037000 r-xp 00000000 08:03 3538967                    /lib/x86_64-linux-gnu/libnsl-2.13.so
7f3b3e037000-7f3b3e236000 ---p 00015000 08:03 3538967                    /lib/x86_64-linux-gnu/libnsl-2.13.so
7f3b3e236000-7f3b3e237000 r--p 00014000 08:03 3538967                    /lib/x86_64-linux-gnu/libnsl-2.13.so
7f3b3e237000-7f3b3e238000 rw-p 00015000 08:03 3538967                    /lib/x86_64-linux-gnu/libnsl-2.13.so
7f3b3e238000-7f3b3e23a000 rw-p 00000000 00:00 0 
7f3b3e23a000-7f3b3e268000 r-xp 00000000 08:03 2231561                    /usr/lib/jvm/java-6-openjdk-amd64/jre/lib/amd64/libjava.so
7f3b3e268000-7f3b3e467000 ---p 0002e000 08:03 2231561                    /usr/lib/jvm/java-6-openjdk-amd64/jre/lib/amd64/libjava.so
7f3b3e467000-7f3b3e46b000 rw-p 0002d000 08:03 2231561                    /usr/lib/jvm/java-6-openjdk-amd64/jre/lib/amd64/libjava.so
7f3b3e46b000-7f3b3e47a000 r-xp 00000000 08:03 2231544                    /usr/lib/jvm/java-6-openjdk-amd64/jre/lib/amd64/libverify.so
7f3b3e47a000-7f3b3e679000 ---p 0000f000 08:03 2231544                    /usr/lib/jvm/java-6-openjdk-amd64/jre/lib/amd64/libverify.so
7f3b3e679000-7f3b3e67b000 rw-p 0000e000 08:03 2231544                    /usr/lib/jvm/java-6-openjdk-amd64/jre/lib/amd64/libverify.so
7f3b3e67b000-7f3b3e682000 r-xp 00000000 08:03 3538958                    /lib/x86_64-linux-gnu/librt-2.13.so
7f3b3e682000-7f3b3e881000 ---p 00007000 08:03 3538958                    /lib/x86_64-linux-gnu/librt-2.13.so
7f3b3e881000-7f3b3e882000 r--p 00006000 08:03 3538958                    /lib/x86_64-linux-gnu/librt-2.13.so
7f3b3e882000-7f3b3e883000 rw-p 00007000 08:03 3538958                    /lib/x86_64-linux-gnu/librt-2.13.so
7f3b3e883000-7f3b3e898000 r-xp 00000000 08:03 3538948                    /lib/x86_64-linux-gnu/libgcc_s.so.1
7f3b3e898000-7f3b3ea98000 ---p 00015000 08:03 3538948                    /lib/x86_64-linux-gnu/libgcc_s.so.1
7f3b3ea98000-7f3b3ea99000 rw-p 00015000 08:03 3538948                    /lib/x86_64-linux-gnu/libgcc_s.so.1
7f3b3ea99000-7f3b3eb1a000 r-xp 00000000 08:03 3538960                    /lib/x86_64-linux-gnu/libm-2.13.so
7f3b3eb1a000-7f3b3ed19000 ---p 00081000 08:03 3538960                    /lib/x86_64-linux-gnu/libm-2.13.so
7f3b3ed19000-7f3b3ed1a000 r--p 00080000 08:03 3538960                    /lib/x86_64-linux-gnu/libm-2.13.so
7f3b3ed1a000-7f3b3ed1b000 rw-p 00081000 08:03 3538960                    /lib/x86_64-linux-gnu/libm-2.13.so
7f3b3ed1b000-7f3b3ee03000 r-xp 00000000 08:03 528173                     /usr/lib/x86_64-linux-gnu/libstdc++.so.6.0.17
7f3b3ee03000-7f3b3f003000 ---p 000e8000 08:03 528173                     /usr/lib/x86_64-linux-gnu/libstdc++.so.6.0.17
7f3b3f003000-7f3b3f00b000 r--p 000e8000 08:03 528173                     /usr/lib/x86_64-linux-gnu/libstdc++.so.6.0.17
7f3b3f00b000-7f3b3f00d000 rw-p 000f0000 08:03 528173                     /usr/lib/x86_64-linux-gnu/libstdc++.so.6.0.17
7f3b3f00d000-7f3b3f022000 rw-p 00000000 00:00 0 
7f3b3f022000-7f3b3f936000 r-xp 00000000 08:03 2231551                    /usr/lib/jvm/java-6-openjdk-amd64/jre/lib/amd64/server/libjvm.so
7f3b3f936000-7f3b3fb35000 ---p 00914000 08:03 2231551                    /usr/lib/jvm/java-6-openjdk-amd64/jre/lib/amd64/server/libjvm.so
7f3b3fb35000-7f3b3fbd1000 rw-p 00913000 08:03 2231551                    /usr/lib/jvm/java-6-openjdk-amd64/jre/lib/amd64/server/libjvm.so
7f3b3fbd1000-7f3b3fbfa000 rw-p 00000000 00:00 0 
7f3b3fbfa000-7f3b3fd7a000 r-xp 00000000 08:03 3538963                    /lib/x86_64-linux-gnu/libc-2.13.so
7f3b3fd7a000-7f3b3ff7a000 ---p 00180000 08:03 3538963                    /lib/x86_64-linux-gnu/libc-2.13.so
7f3b3ff7a000-7f3b3ff7e000 r--p 00180000 08:03 3538963                    /lib/x86_64-linux-gnu/libc-2.13.so
7f3b3ff7e000-7f3b3ff7f000 rw-p 00184000 08:03 3538963                    /lib/x86_64-linux-gnu/libc-2.13.so
7f3b3ff7f000-7f3b3ff84000 rw-p 00000000 00:00 0 
7f3b3ff84000-7f3b3ff86000 r-xp 00000000 08:03 3538956                    /lib/x86_64-linux-gnu/libdl-2.13.so
7f3b3ff86000-7f3b40186000 ---p 00002000 08:03 3538956                    /lib/x86_64-linux-gnu/libdl-2.13.so
7f3b40186000-7f3b40187000 r--p 00002000 08:03 3538956                    /lib/x86_64-linux-gnu/libdl-2.13.so
7f3b40187000-7f3b40188000 rw-p 00003000 08:03 3538956                    /lib/x86_64-linux-gnu/libdl-2.13.so
7f3b40188000-7f3b4018c000 r-xp 00000000 08:03 2231548                    /usr/lib/jvm/java-6-openjdk-amd64/jre/lib/amd64/jli/libjli.so
7f3b4018c000-7f3b4038b000 ---p 00004000 08:03 2231548                    /usr/lib/jvm/java-6-openjdk-amd64/jre/lib/amd64/jli/libjli.so
7f3b4038b000-7f3b4038c000 rw-p 00003000 08:03 2231548                    /usr/lib/jvm/java-6-openjdk-amd64/jre/lib/amd64/jli/libjli.so
7f3b4038c000-7f3b403a3000 r-xp 00000000 08:03 3538953                    /lib/x86_64-linux-gnu/libpthread-2.13.so
7f3b403a3000-7f3b405a2000 ---p 00017000 08:03 3538953                    /lib/x86_64-linux-gnu/libpthread-2.13.so
7f3b405a2000-7f3b405a3000 r--p 00016000 08:03 3538953                    /lib/x86_64-linux-gnu/libpthread-2.13.so
7f3b405a3000-7f3b405a4000 rw-p 00017000 08:03 3538953                    /lib/x86_64-linux-gnu/libpthread-2.13.so
7f3b405a4000-7f3b405a8000 rw-p 00000000 00:00 0 
7f3b405a8000-7f3b405be000 r-xp 00000000 08:03 3539034                    /lib/x86_64-linux-gnu/libz.so.1.2.7
7f3b405be000-7f3b407bd000 ---p 00016000 08:03 3539034                    /lib/x86_64-linux-gnu/libz.so.1.2.7
7f3b407bd000-7f3b407be000 r--p 00015000 08:03 3539034                    /lib/x86_64-linux-gnu/libz.so.1.2.7
7f3b407be000-7f3b407bf000 rw-p 00016000 08:03 3539034                    /lib/x86_64-linux-gnu/libz.so.1.2.7
7f3b407bf000-7f3b407df000 r-xp 00000000 08:03 3538966                    /lib/x86_64-linux-gnu/ld-2.13.so
7f3b407df000-7f3b407e0000 r--s 00000000 08:03 4856316                    /var/cache/fontconfig/4794a0821666d79190d59a36cb4f44b5-le64.cache-3
7f3b407e0000-7f3b407e3000 r--s 00000000 08:03 4854299                    /var/cache/fontconfig/c57959a16110560c8d0fcea73374aeeb-le64.cache-3
7f3b407e3000-7f3b407e8000 r--s 00000000 08:03 4855942                    /var/cache/fontconfig/3047814df9a2f067bd2d96a2b9c36e5a-le64.cache-3
7f3b407e8000-7f3b407e9000 r--s 00000000 08:03 4855939                    /var/cache/fontconfig/e13b20fdb08344e0e664864cc2ede53d-le64.cache-3
7f3b407e9000-7f3b407ec000 r--s 0007f000 08:03 2231060                    /usr/lib/jvm/java-6-openjdk-common/jre/lib/jsse.jar
7f3b407ec000-7f3b407f9000 r--s 000e6000 08:03 11413237                   /home/brandon/ClearWaterInk/games/WorldsCubed/libs/lwjgl.jar
7f3b407f9000-7f3b407fd000 r--s 00027000 08:03 11413238                   /home/brandon/ClearWaterInk/games/WorldsCubed/libs/lwjgl_util.jar
7f3b407fd000-7f3b407fe000 r--s 00007000 08:03 793877                     /usr/share/java/java-atk-wrapper.jar
7f3b407fe000-7f3b40800000 r--s 00001000 08:03 2231056                    /usr/lib/jvm/java-6-openjdk-common/jre/lib/ext/dnsns.jar
7f3b40800000-7f3b4080a000 rw-p 00000000 00:00 0 
7f3b4080a000-7f3b408c0000 rw-p 00000000 00:00 0 
7f3b408c0000-7f3b408c3000 ---p 00000000 00:00 0 
7f3b408c3000-7f3b409c6000 rw-p 00000000 00:00 0 
7f3b409c6000-7f3b409c8000 r--s 0000f000 08:03 2231053                    /usr/lib/jvm/java-6-openjdk-common/jre/lib/ext/pulse-java.jar
7f3b409c8000-7f3b409cc000 r--s 00039000 08:03 2231052                    /usr/lib/jvm/java-6-openjdk-common/jre/lib/ext/sunpkcs11.jar
7f3b409cc000-7f3b409cf000 r--s 00031000 08:03 2231055                    /usr/lib/jvm/java-6-openjdk-common/jre/lib/ext/sunjce_provider.jar
7f3b409cf000-7f3b409d2000 r--s 00077000 08:03 2231054                    /usr/lib/jvm/java-6-openjdk-common/jre/lib/ext/localedata.jar
7f3b409d2000-7f3b409da000 rw-s 00000000 08:03 8002090                    /tmp/hsperfdata_brandon/6685 (deleted)
7f3b409da000-7f3b409db000 rw-p 00000000 00:00 0 
7f3b409db000-7f3b409dc000 ---p 00000000 00:00 0 
7f3b409dc000-7f3b409de000 rw-p 00000000 00:00 0 
7f3b409de000-7f3b409df000 r--p 0001f000 08:03 3538966                    /lib/x86_64-linux-gnu/ld-2.13.so
7f3b409df000-7f3b409e0000 rw-p 00020000 08:03 3538966                    /lib/x86_64-linux-gnu/ld-2.13.so
7f3b409e0000-7f3b409e1000 rw-p 00000000 00:00 0 
7fff15963000-7fff15984000 rw-p 00000000 00:00 0                          [stack]
7fff159b1000-7fff159b2000 r-xp 00000000 00:00 0                          [vdso]
ffffffffff600000-ffffffffff601000 r-xp 00000000 00:00 0                  [vsyscall]

VM Arguments:
jvm_args: -Djava.library.path=/home/brandon/ClearWaterInk/games/WorldsCubed/libs/natives/linux -Dfile.encoding=UTF-8 
java_command: net.clearwaterink.worldscubed.WorldsCubed
Launcher Type: SUN_STANDARD

Environment Variables:
PATH=/home/brandon/bin:/usr/local/bin:/usr/bin:/bin:/usr/local/games:/usr/games
LD_LIBRARY_PATH=/usr/lib/jvm/java-6-openjdk-amd64/jre/lib/amd64/server:/usr/lib/jvm/java-6-openjdk-amd64/jre/lib/amd64:/usr/lib/jvm/java-6-openjdk-amd64/jre/../lib/amd64
SHELL=/bin/bash
DISPLAY=:0.0

Signal Handlers:
SIGSEGV: [libjvm.so+0x791b10], sa_mask[0]=0x7ffbfeff, sa_flags=0x10000004
SIGBUS: [libjvm.so+0x791b10], sa_mask[0]=0x7ffbfeff, sa_flags=0x10000004
SIGFPE: [libjvm.so+0x65ace0], sa_mask[0]=0x7ffbfeff, sa_flags=0x10000004
SIGPIPE: [libjvm.so+0x65ace0], sa_mask[0]=0x7ffbfeff, sa_flags=0x10000004
SIGXFSZ: [libjvm.so+0x65ace0], sa_mask[0]=0x7ffbfeff, sa_flags=0x10000004
SIGILL: [libjvm.so+0x65ace0], sa_mask[0]=0x7ffbfeff, sa_flags=0x10000004
SIGUSR1: SIG_DFL, sa_mask[0]=0x00000000, sa_flags=0x00000000
SIGUSR2: [libjvm.so+0x65aec0], sa_mask[0]=0x00000004, sa_flags=0x10000004
SIGHUP: [libjvm.so+0x65d500], sa_mask[0]=0x7ffbfeff, sa_flags=0x10000004
SIGINT: [libjvm.so+0x65d500], sa_mask[0]=0x7ffbfeff, sa_flags=0x10000004
SIGTERM: [libjvm.so+0x65d500], sa_mask[0]=0x7ffbfeff, sa_flags=0x10000004
SIGQUIT: [libjvm.so+0x65d500], sa_mask[0]=0x7ffbfeff, sa_flags=0x10000004


---------------  S Y S T E M  ---------------

OS:7.3

uname:Linux 3.2.0-4-amd64 #1 SMP Debian 3.2.51-1 x86_64
libc:glibc 2.13 NPTL 2.13 
rlimit: STACK 8192k, CORE 0k, NPROC 95755, NOFILE 4096, AS infinity
load average:1.17 1.12 1.04

/proc/meminfo:
MemTotal:       12334808 kB
MemFree:         8058692 kB
Buffers:          379804 kB
Cached:          1676604 kB
SwapCached:            0 kB
Active:          2593584 kB
Inactive:        1191032 kB
Active(anon):    1728692 kB
Inactive(anon):    21796 kB
Active(file):     864892 kB
Inactive(file):  1169236 kB
Unevictable:           4 kB
Mlocked:               4 kB
SwapTotal:      13616120 kB
SwapFree:       13616120 kB
Dirty:              1240 kB
Writeback:             0 kB
AnonPages:       1728208 kB
Mapped:           256664 kB
Shmem:             22284 kB
Slab:             242564 kB
SReclaimable:     218288 kB
SUnreclaim:        24276 kB
KernelStack:        3848 kB
PageTables:        26216 kB
NFS_Unstable:          0 kB
Bounce:                0 kB
WritebackTmp:          0 kB
CommitLimit:    19783524 kB
Committed_AS:    3963272 kB
VmallocTotal:   34359738367 kB
VmallocUsed:      329784 kB
VmallocChunk:   34359406412 kB
HardwareCorrupted:     0 kB
AnonHugePages:         0 kB
HugePages_Total:       0
HugePages_Free:        0
HugePages_Rsvd:        0
HugePages_Surp:        0
Hugepagesize:       2048 kB
DirectMap4k:      294272 kB
DirectMap2M:     8093696 kB
DirectMap1G:     4194304 kB


CPU:total 2 (2 cores per cpu, 1 threads per core) family 16 model 6 stepping 3, cmov, cx8, fxsr, mmx, sse, sse2, sse3, popcnt, mmxext, 3dnowpref, lzcnt, sse4a

Memory: 4k page, physical 12334808k(8058692k free), swap 13616120k(13616120k free)

vm_info: OpenJDK 64-Bit Server VM (20.0-b12) for linux-amd64 JRE (1.6.0_27-b27), built on Jul 12 2013 09:04:12 by "jmm" with gcc 4.7.2

time: Fri Feb  7 22:26:44 2014
elapsed time: 18 seconds

