#
# A fatal error has been detected by the Java Runtime Environment:
#
#  SIGSEGV (0xb) at pc=0x00007f3298c93e38, pid=4624, tid=139855416813312
#
# JRE version: 6.0_27-b27
# Java VM: OpenJDK 64-Bit Server VM (20.0-b12 mixed mode linux-amd64 compressed oops)
# Derivative: IcedTea6 1.12.6
# Distribution: Debian GNU/Linux 7.1 (wheezy), package 6b27-1.12.6-1~deb7u1
# Problematic frame:
# C  [libX11.so.6+0x3ae38]  XQueryExtension+0x28
#
# If you would like to submit a bug report, please include
# instructions how to reproduce the bug and visit:
#   http://icedtea.classpath.org/bugzilla
#

---------------  T H R E A D  ---------------

Current thread (0x0000000001ed6800):  VMThread [stack: 0x00007f32a0606000,0x00007f32a0707000] [id=4632]

siginfo:si_signo=SIGSEGV: si_errno=0, si_code=1 (SEGV_MAPERR), si_addr=0xffffffff9c086ae8

Registers:
RAX=0x0000000001e79360, RBX=0xffffffff9c086180, RCX=0x00007f32a07059d8, RDX=0x00007f32a07059d4
RSP=0x00007f32a0705970, RBP=0x00007f3296ae2c60, RSI=0x00007f32969aae12, RDI=0xffffffff9c086180
R8 =0x00007f32a07059dc, R9 =0x0000000000000000, R10=0x00007f32a6ff5768, R11=0x00007f32a6ca50d0
R12=0x00007f32969aae12, R13=0x0000000001e79360, R14=0x00007f329c28a6b0, R15=0x00007f329c403300
RIP=0x00007f3298c93e38, EFLAGS=0x0000000000010202, CSGSFS=0x0000000000000033, ERR=0x0000000000000005
  TRAPNO=0x000000000000000e

Top of Stack: (sp=0x00007f32a0705970)
0x00007f32a0705970:   0000000000000020 00007f32a1870438
0x00007f32a0705980:   00007f32a6c7c5c8 00007f32a7a38000
0x00007f32a0705990:   00007f32a6c7c5c8 ffffffff9c086180
0x00007f32a07059a0:   00007f3296ae2c60 00007f32969aae12
0x00007f32a07059b0:   0000000001e79360 00007f329c28a6b0
0x00007f32a07059c0:   00007f329c403300 00007f3298c87e72
0x00007f32a07059d0:   00007f329c28a6b0 0000000000000000
0x00007f32a07059e0:   0000000000000000 00007f3296ae2c60
0x00007f32a07059f0:   ffffffff9c086180 00007f3298fa171d
0x00007f32a0705a00:   00007f32969aae12 00000011a6c7c5c8
0x00007f32a0705a10:   00007f32a0705a90 0000000000000000
0x00007f32a0705a20:   00007f32a0705a90 ffffffff9c086180
0x00007f32a0705a30:   00007f32a7a53048 00007f329c28a6b0
0x00007f32a0705a40:   00007f3296afc490 00007f3296956fd9
0x00007f32a0705a50:   0000000000000000 000000000000002b
0x00007f32a0705a60:   00007f32a0705a90 0000000000000000
0x00007f32a0705a70:   00007f32a7a53048 00007f329c28a6b0
0x00007f32a0705a80:   000000000000001b 00007f329694b6e2
0x00007f32a0705a90:   00007f32a0705c90 00007f32969aad81
0x00007f32a0705aa0:   00007f32a0705c90 00007f32a78414ec
0x00007f32a0705ab0:   00007f32a7a541c8 00007f32a7a54758
0x00007f32a0705ac0:   00007f32a7a39508 0000000001e6f5a0
0x00007f32a0705ad0:   0000000001e6fac0 0000000001e6ffc0
0x00007f32a0705ae0:   0000000001e74cc0 00000000023afae0
0x00007f32a0705af0:   0000000002390ca0 00007f32a7a517f0
0x00007f32a0705b00:   00007f329c40a820 00007f329c0418e0
0x00007f32a0705b10:   00007f329c01c770 00007f329c05fcb0
0x00007f32a0705b20:   0000000001ff2290 00000000021288c0
0x00007f32a0705b30:   0000000002128d60 0000000002103ed0
0x00007f32a0705b40:   0000000001e6b600 0000000001e6bbe0
0x00007f32a0705b50:   0000000001e6af40 0000000001e665f0
0x00007f32a0705b60:   0000000001e66b60 0000000001e67570 

Instructions: (pc=0x00007f3298c93e38)
0x00007f3298c93e18:   24 e0 48 89 fb 4c 89 6c 24 e8 4c 89 74 24 f0 49
0x00007f3298c93e28:   89 f4 4c 89 7c 24 f8 48 89 6c 24 d8 48 83 ec 58
0x00007f3298c93e38:   48 8b 87 68 09 00 00 49 89 d7 49 89 ce 4d 89 c5
0x00007f3298c93e48:   48 85 c0 74 02 ff 10 ba 08 00 00 00 be 62 00 00 

Register to memory mapping:

RAX=0x0000000001e79360 is an unknown value
RBX=0xffffffff9c086180 is an unknown value
RCX=0x00007f32a07059d8 is an unknown value
RDX=0x00007f32a07059d4 is an unknown value
RSP=0x00007f32a0705970 is an unknown value
RBP=0x00007f3296ae2c60: <offset 0x1cac60> in /usr/lib/x86_64-linux-gnu/libGL.so.1 at 0x00007f3296918000
RSI=0x00007f32969aae12: <offset 0x92e12> in /usr/lib/x86_64-linux-gnu/libGL.so.1 at 0x00007f3296918000
RDI=0xffffffff9c086180 is an unknown value
R8 =0x00007f32a07059dc is an unknown value
R9 =0x0000000000000000 is an unknown value
R10=0x00007f32a6ff5768: <offset 0x387768> in /lib/x86_64-linux-gnu/libc.so.6 at 0x00007f32a6c6e000
R11=0x00007f32a6ca50d0: __cxa_finalize+0 in /lib/x86_64-linux-gnu/libc.so.6 at 0x00007f32a6c6e000
R12=0x00007f32969aae12: <offset 0x92e12> in /usr/lib/x86_64-linux-gnu/libGL.so.1 at 0x00007f3296918000
R13=0x0000000001e79360 is an unknown value
R14=0x00007f329c28a6b0 is an unknown value
R15=0x00007f329c403300 is an unknown value


Stack: [0x00007f32a0606000,0x00007f32a0707000],  sp=0x00007f32a0705970,  free space=1022k
Native frames: (J=compiled Java code, j=interpreted, Vv=VM code, C=native code)
C  [libX11.so.6+0x3ae38]  XQueryExtension+0x28

VM_Operation (0x00007f32a7a33600): Exit, mode: safepoint, requested by thread 0x0000000001e71000


---------------  P R O C E S S  ---------------

Java Threads: ( => current thread )
  0x00007f328c00d800 JavaThread "process reaper" daemon [_thread_blocked, id=4669, stack(0x00007f3296b1c000,0x00007f3296c1d000)]
  0x00007f329c262000 JavaThread "AWT-XAWT" daemon [_thread_blocked, id=4641, stack(0x00007f3297499000,0x00007f329759a000)]
  0x0000000002009000 JavaThread "Java2D Disposer" daemon [_thread_blocked, id=4640, stack(0x00007f3297a29000,0x00007f3297b2a000)]
  0x0000000001f0b000 JavaThread "Low Memory Detector" daemon [_thread_blocked, id=4638, stack(0x00007f329bdfe000,0x00007f329beff000)]
  0x0000000001f08800 JavaThread "C2 CompilerThread1" daemon [_thread_blocked, id=4637, stack(0x00007f329beff000,0x00007f329c000000)]
  0x0000000001f03800 JavaThread "C2 CompilerThread0" daemon [_thread_blocked, id=4636, stack(0x00007f32a008b000,0x00007f32a018c000)]
  0x0000000001edd800 JavaThread "Finalizer" daemon [_thread_blocked, id=4634, stack(0x00007f32a0404000,0x00007f32a0505000)]
  0x0000000001edb800 JavaThread "Reference Handler" daemon [_thread_blocked, id=4633, stack(0x00007f32a0505000,0x00007f32a0606000)]
  0x0000000001e71000 JavaThread "main" [_thread_blocked, id=4627, stack(0x00007f32a7934000,0x00007f32a7a35000)]

Other Threads:
=>0x0000000001ed6800 VMThread [stack: 0x00007f32a0606000,0x00007f32a0707000] [id=4632]

VM state:at safepoint (shutting down)

VM Mutex/Monitor currently owned by a thread:  ([mutex/lock_event])
[0x0000000001e6da10] Threads_lock - owner thread: 0x0000000001ed6800

Heap
 PSYoungGen      total 104512K, used 21201K [0x00000007c1400000, 0x00000007c81e0000, 0x0000000800000000)
  eden space 96512K, 13% used [0x00000007c1400000,0x00000007c20e4490,0x00000007c7240000)
  from space 8000K, 100% used [0x00000007c7a10000,0x00000007c81e0000,0x00000007c81e0000)
  to   space 8000K, 0% used [0x00000007c7240000,0x00000007c7240000,0x00000007c7a10000)
 PSOldGen        total 128512K, used 75419K [0x0000000743c00000, 0x000000074b980000, 0x00000007c1400000)
  object space 128512K, 58% used [0x0000000743c00000,0x00000007485a6e08,0x000000074b980000)
 PSPermGen       total 21248K, used 9804K [0x0000000739600000, 0x000000073aac0000, 0x0000000743c00000)
  object space 21248K, 46% used [0x0000000739600000,0x0000000739f930f8,0x000000073aac0000)

Code Cache  [0x00007f32a1870000, 0x00007f32a1ae0000, 0x00007f32a4870000)
 total_blobs=721 nmethods=269 adapters=407 free_code_cache=49262528 largest_free_block=19520

Dynamic libraries:
00400000-00409000 r-xp 00000000 08:03 2231614                            /usr/lib/jvm/java-6-openjdk-amd64/jre/bin/java
00608000-00609000 rw-p 00008000 08:03 2231614                            /usr/lib/jvm/java-6-openjdk-amd64/jre/bin/java
01e66000-11ebd000 rw-p 00000000 00:00 0                                  [heap]
739600000-73aac0000 rw-p 00000000 00:00 0 
73aac0000-743c00000 rw-p 00000000 00:00 0 
743c00000-74b980000 rw-p 00000000 00:00 0 
74b980000-7c1400000 rw-p 00000000 00:00 0 
7c1400000-7c81e0000 rw-p 00000000 00:00 0 
7c81e0000-800000000 rw-p 00000000 00:00 0 
7f3284000000-7f3288630000 rw-p 00000000 00:00 0 
7f3288630000-7f328c000000 ---p 00000000 00:00 0 
7f328c000000-7f3290000000 rw-p 00000000 00:00 0 
7f3293970000-7f3293973000 ---p 00000000 00:00 0 
7f3293973000-7f3293a71000 rw-p 00000000 00:00 0 
7f3293a71000-7f3294171000 rw-s 00006000 00:05 8578                       /dev/ati/card0
7f3294171000-7f3294173000 r-xp 00000000 08:03 534782                     /usr/lib/x86_64-linux-gnu/libXinerama.so.1.0.0
7f3294173000-7f3294372000 ---p 00002000 08:03 534782                     /usr/lib/x86_64-linux-gnu/libXinerama.so.1.0.0
7f3294372000-7f3294373000 rw-p 00001000 08:03 534782                     /usr/lib/x86_64-linux-gnu/libXinerama.so.1.0.0
7f3294373000-7f32943bf000 r-xp 00000000 08:03 539328                     /usr/lib/x86_64-linux-gnu/libatiadlxx.so
7f32943bf000-7f32944bf000 ---p 0004c000 08:03 539328                     /usr/lib/x86_64-linux-gnu/libatiadlxx.so
7f32944bf000-7f32944ca000 rw-p 0004c000 08:03 539328                     /usr/lib/x86_64-linux-gnu/libatiadlxx.so
7f32944ca000-7f32944da000 rw-p 00000000 00:00 0 
7f32944f0000-7f329648e000 r-xp 00000000 08:03 921615                     /usr/lib/x86_64-linux-gnu/dri/fglrx_dri.so
7f329648e000-7f329658d000 ---p 01f9e000 08:03 921615                     /usr/lib/x86_64-linux-gnu/dri/fglrx_dri.so
7f329658d000-7f32966db000 rwxp 01f9d000 08:03 921615                     /usr/lib/x86_64-linux-gnu/dri/fglrx_dri.so
7f32966db000-7f329680f000 rwxp 00000000 00:00 0 
7f329680f000-7f3296816000 r-xp 00000000 08:03 539324                     /usr/lib/x86_64-linux-gnu/libatiuki.so.1.0
7f3296816000-7f3296916000 ---p 00007000 08:03 539324                     /usr/lib/x86_64-linux-gnu/libatiuki.so.1.0
7f3296916000-7f3296917000 rw-p 00007000 08:03 539324                     /usr/lib/x86_64-linux-gnu/libatiuki.so.1.0
7f3296917000-7f3296918000 rw-p 00000000 00:00 0 
7f3296918000-7f32969d6000 r-xp 00000000 08:03 1445187                    /usr/lib/x86_64-linux-gnu/fglrx/fglrx-libGL.so.1.2
7f32969d6000-7f3296ad6000 ---p 000be000 08:03 1445187                    /usr/lib/x86_64-linux-gnu/fglrx/fglrx-libGL.so.1.2
7f3296ad6000-7f3296afd000 rwxp 000be000 08:03 1445187                    /usr/lib/x86_64-linux-gnu/fglrx/fglrx-libGL.so.1.2
7f3296afd000-7f3296b1c000 rwxp 00000000 00:00 0 
7f3296b1c000-7f3296b1f000 ---p 00000000 00:00 0 
7f3296b1f000-7f3296c1d000 rw-p 00000000 00:00 0 
7f3296c1d000-7f3296c21000 r-xp 00000000 08:03 535177                     /usr/lib/x86_64-linux-gnu/libXxf86vm.so.1.0.0
7f3296c21000-7f3296e21000 ---p 00004000 08:03 535177                     /usr/lib/x86_64-linux-gnu/libXxf86vm.so.1.0.0
7f3296e21000-7f3296e22000 r--p 00004000 08:03 535177                     /usr/lib/x86_64-linux-gnu/libXxf86vm.so.1.0.0
7f3296e22000-7f3296e23000 rw-p 00005000 08:03 535177                     /usr/lib/x86_64-linux-gnu/libXxf86vm.so.1.0.0
7f3296e23000-7f3296e2a000 r-xp 00000000 08:03 534784                     /usr/lib/x86_64-linux-gnu/libXrandr.so.2.2.0
7f3296e2a000-7f329702a000 ---p 00007000 08:03 534784                     /usr/lib/x86_64-linux-gnu/libXrandr.so.2.2.0
7f329702a000-7f329702b000 rw-p 00007000 08:03 534784                     /usr/lib/x86_64-linux-gnu/libXrandr.so.2.2.0
7f329702b000-7f3297095000 r-xp 00000000 08:03 12332350                   /home/brandon/ClearWaterInk/games/WorldsCubed/libs/natives/linux/liblwjgl64.so
7f3297095000-7f3297295000 ---p 0006a000 08:03 12332350                   /home/brandon/ClearWaterInk/games/WorldsCubed/libs/natives/linux/liblwjgl64.so
7f3297295000-7f3297297000 r--p 0006a000 08:03 12332350                   /home/brandon/ClearWaterInk/games/WorldsCubed/libs/natives/linux/liblwjgl64.so
7f3297297000-7f3297298000 rw-p 0006c000 08:03 12332350                   /home/brandon/ClearWaterInk/games/WorldsCubed/libs/natives/linux/liblwjgl64.so
7f3297298000-7f3297299000 r-xp 00000000 08:03 2231545                    /usr/lib/jvm/java-6-openjdk-amd64/jre/lib/amd64/libjawt.so
7f3297299000-7f3297498000 ---p 00001000 08:03 2231545                    /usr/lib/jvm/java-6-openjdk-amd64/jre/lib/amd64/libjawt.so
7f3297498000-7f3297499000 rw-p 00000000 08:03 2231545                    /usr/lib/jvm/java-6-openjdk-amd64/jre/lib/amd64/libjawt.so
7f3297499000-7f329749c000 ---p 00000000 00:00 0 
7f329749c000-7f329759a000 rw-p 00000000 00:00 0 
7f329759a000-7f32975c8000 r--s 00000000 08:03 4855897                    /var/cache/fontconfig/365b55f210c0a22e9a19e35191240f32-le64.cache-3
7f32975dc000-7f32975fc000 rw-s fe9e0000 00:05 8578                       /dev/ati/card0
7f32975fc000-7f3297601000 r-xp 00000000 08:03 534774                     /usr/lib/x86_64-linux-gnu/libXfixes.so.3.1.0
7f3297601000-7f3297800000 ---p 00005000 08:03 534774                     /usr/lib/x86_64-linux-gnu/libXfixes.so.3.1.0
7f3297800000-7f3297801000 r--p 00004000 08:03 534774                     /usr/lib/x86_64-linux-gnu/libXfixes.so.3.1.0
7f3297801000-7f3297802000 rw-p 00005000 08:03 534774                     /usr/lib/x86_64-linux-gnu/libXfixes.so.3.1.0
7f3297802000-7f329780c000 r-xp 00000000 08:03 534776                     /usr/lib/x86_64-linux-gnu/libXcursor.so.1.0.2
7f329780c000-7f3297a0b000 ---p 0000a000 08:03 534776                     /usr/lib/x86_64-linux-gnu/libXcursor.so.1.0.2
7f3297a0b000-7f3297a0c000 rw-p 00009000 08:03 534776                     /usr/lib/x86_64-linux-gnu/libXcursor.so.1.0.2
7f3297a20000-7f3297a22000 rw-s 00002000 00:05 8578                       /dev/ati/card0
7f3297a22000-7f3297a29000 r--s 000fc000 08:03 2231068                    /usr/lib/jvm/java-6-openjdk-common/jre/lib/resources.jar
7f3297a29000-7f3297a2c000 ---p 00000000 00:00 0 
7f3297a2c000-7f3297b2a000 rw-p 00000000 00:00 0 
7f3297b2a000-7f3297bc3000 r-xp 00000000 08:03 530994                     /usr/lib/x86_64-linux-gnu/libfreetype.so.6.8.1
7f3297bc3000-7f3297dc2000 ---p 00099000 08:03 530994                     /usr/lib/x86_64-linux-gnu/libfreetype.so.6.8.1
7f3297dc2000-7f3297dc8000 r--p 00098000 08:03 530994                     /usr/lib/x86_64-linux-gnu/libfreetype.so.6.8.1
7f3297dc8000-7f3297dc9000 rw-p 0009e000 08:03 530994                     /usr/lib/x86_64-linux-gnu/libfreetype.so.6.8.1
7f3297dc9000-7f3297e11000 r-xp 00000000 08:03 2231539                    /usr/lib/jvm/java-6-openjdk-amd64/jre/lib/amd64/libfontmanager.so
7f3297e11000-7f3298011000 ---p 00048000 08:03 2231539                    /usr/lib/jvm/java-6-openjdk-amd64/jre/lib/amd64/libfontmanager.so
7f3298011000-7f3298014000 rw-p 00048000 08:03 2231539                    /usr/lib/jvm/java-6-openjdk-amd64/jre/lib/amd64/libfontmanager.so
7f3298014000-7f3298019000 r-xp 00000000 08:03 531316                     /usr/lib/x86_64-linux-gnu/libXdmcp.so.6.0.0
7f3298019000-7f3298218000 ---p 00005000 08:03 531316                     /usr/lib/x86_64-linux-gnu/libXdmcp.so.6.0.0
7f3298218000-7f3298219000 rw-p 00004000 08:03 531316                     /usr/lib/x86_64-linux-gnu/libXdmcp.so.6.0.0
7f3298219000-7f329821b000 r-xp 00000000 08:03 531314                     /usr/lib/x86_64-linux-gnu/libXau.so.6.0.0
7f329821b000-7f329841b000 ---p 00002000 08:03 531314                     /usr/lib/x86_64-linux-gnu/libXau.so.6.0.0
7f329841b000-7f329841c000 rw-p 00002000 08:03 531314                     /usr/lib/x86_64-linux-gnu/libXau.so.6.0.0
7f329841c000-7f329843b000 r-xp 00000000 08:03 531318                     /usr/lib/x86_64-linux-gnu/libxcb.so.1.1.0
7f329843b000-7f329863a000 ---p 0001f000 08:03 531318                     /usr/lib/x86_64-linux-gnu/libxcb.so.1.1.0
7f329863a000-7f329863b000 r--p 0001e000 08:03 531318                     /usr/lib/x86_64-linux-gnu/libxcb.so.1.1.0
7f329863b000-7f329863c000 rw-p 0001f000 08:03 531318                     /usr/lib/x86_64-linux-gnu/libxcb.so.1.1.0
7f329863c000-7f329864a000 r-xp 00000000 08:03 534780                     /usr/lib/x86_64-linux-gnu/libXi.so.6.1.0
7f329864a000-7f329884a000 ---p 0000e000 08:03 534780                     /usr/lib/x86_64-linux-gnu/libXi.so.6.1.0
7f329884a000-7f329884b000 rw-p 0000e000 08:03 534780                     /usr/lib/x86_64-linux-gnu/libXi.so.6.1.0
7f329884b000-7f3298850000 r-xp 00000000 08:03 535605                     /usr/lib/x86_64-linux-gnu/libXtst.so.6.1.0
7f3298850000-7f3298a4f000 ---p 00005000 08:03 535605                     /usr/lib/x86_64-linux-gnu/libXtst.so.6.1.0
7f3298a4f000-7f3298a50000 rw-p 00004000 08:03 535605                     /usr/lib/x86_64-linux-gnu/libXtst.so.6.1.0
7f3298a50000-7f3298a59000 r-xp 00000000 08:03 534524                     /usr/lib/x86_64-linux-gnu/libXrender.so.1.3.0
7f3298a59000-7f3298c58000 ---p 00009000 08:03 534524                     /usr/lib/x86_64-linux-gnu/libXrender.so.1.3.0
7f3298c58000-7f3298c59000 rw-p 00008000 08:03 534524                     /usr/lib/x86_64-linux-gnu/libXrender.so.1.3.0
7f3298c59000-7f3298d8e000 r-xp 00000000 08:03 531323                     /usr/lib/x86_64-linux-gnu/libX11.so.6.3.0
7f3298d8e000-7f3298f8e000 ---p 00135000 08:03 531323                     /usr/lib/x86_64-linux-gnu/libX11.so.6.3.0
7f3298f8e000-7f3298f94000 rw-p 00135000 08:03 531323                     /usr/lib/x86_64-linux-gnu/libX11.so.6.3.0
7f3298f94000-7f3298fa5000 r-xp 00000000 08:03 531325                     /usr/lib/x86_64-linux-gnu/libXext.so.6.4.0
7f3298fa5000-7f32991a5000 ---p 00011000 08:03 531325                     /usr/lib/x86_64-linux-gnu/libXext.so.6.4.0
7f32991a5000-7f32991a6000 rw-p 00011000 08:03 531325                     /usr/lib/x86_64-linux-gnu/libXext.so.6.4.0
7f32991a6000-7f32991f3000 r-xp 00000000 08:03 2231706                    /usr/lib/jvm/java-6-openjdk-amd64/jre/lib/amd64/xawt/libmawt.so
7f32991f3000-7f32993f2000 ---p 0004d000 08:03 2231706                    /usr/lib/jvm/java-6-openjdk-amd64/jre/lib/amd64/xawt/libmawt.so
7f32993f2000-7f32993f6000 rw-p 0004c000 08:03 2231706                    /usr/lib/jvm/java-6-openjdk-amd64/jre/lib/amd64/xawt/libmawt.so
7f32993f6000-7f32993f7000 rw-p 00000000 00:00 0 
7f32993f7000-7f32994a7000 r-xp 00000000 08:03 2231546                    /usr/lib/jvm/java-6-openjdk-amd64/jre/lib/amd64/libawt.so
7f32994a7000-7f32996a6000 ---p 000b0000 08:03 2231546                    /usr/lib/jvm/java-6-openjdk-amd64/jre/lib/amd64/libawt.so
7f32996a6000-7f32996b2000 rw-p 000af000 08:03 2231546                    /usr/lib/jvm/java-6-openjdk-amd64/jre/lib/amd64/libawt.so
7f32996b2000-7f329bcfd000 rw-p 00000000 00:00 0 
7f329bcfd000-7f329bcfe000 ---p 00000000 00:00 0 
7f329bcfe000-7f329bdfe000 rw-p 00000000 00:00 0 
7f329bdfe000-7f329be01000 ---p 00000000 00:00 0 
7f329be01000-7f329beff000 rw-p 00000000 00:00 0 
7f329beff000-7f329bf02000 ---p 00000000 00:00 0 
7f329bf02000-7f329c000000 rw-p 00000000 00:00 0 
7f329c000000-7f329d09e000 rw-p 00000000 00:00 0 
7f329d09e000-7f32a0000000 ---p 00000000 00:00 0 
7f32a0000000-7f32a0001000 rw-s 00005000 00:05 8578                       /dev/ati/card0
7f32a0001000-7f32a0002000 r--s 00000000 08:03 4856319                    /var/cache/fontconfig/c05880de57d1f5e948fdfacc138775d9-le64.cache-3
7f32a0002000-7f32a000b000 r--s 00000000 08:03 4854967                    /var/cache/fontconfig/945677eb7aeaf62f1d50efc3fb3ec7d8-le64.cache-3
7f32a000b000-7f32a000f000 r--s 00000000 08:03 4855898                    /var/cache/fontconfig/a46337af8a0b4c9b317ad981ec3bdf87-le64.cache-3
7f32a000f000-7f32a0018000 r--s 00000000 08:03 4856317                    /var/cache/fontconfig/6d41288fd70b0be22e8c3a91e032eec0-le64.cache-3
7f32a0018000-7f32a0019000 r--s 00000000 08:03 4856316                    /var/cache/fontconfig/4794a0821666d79190d59a36cb4f44b5-le64.cache-3
7f32a0019000-7f32a001c000 r--s 00000000 08:03 4854299                    /var/cache/fontconfig/c57959a16110560c8d0fcea73374aeeb-le64.cache-3
7f32a001c000-7f32a0021000 r--s 00000000 08:03 4855942                    /var/cache/fontconfig/3047814df9a2f067bd2d96a2b9c36e5a-le64.cache-3
7f32a0021000-7f32a0029000 r--s 00000000 08:03 4853581                    /var/cache/fontconfig/3f7329c5293ffd510edef78f73874cfd-le64.cache-3
7f32a0029000-7f32a0033000 r--s 00000000 08:03 4856314                    /var/cache/fontconfig/83bf95040141907cd45bb53cf7c1c148-le64.cache-3
7f32a0033000-7f32a0034000 r--s 00000000 08:03 4855939                    /var/cache/fontconfig/e13b20fdb08344e0e664864cc2ede53d-le64.cache-3
7f32a0034000-7f32a0035000 r--s 00000000 08:03 4856319                    /var/cache/fontconfig/c05880de57d1f5e948fdfacc138775d9-le64.cache-3
7f32a0035000-7f32a003e000 r--s 00000000 08:03 4854967                    /var/cache/fontconfig/945677eb7aeaf62f1d50efc3fb3ec7d8-le64.cache-3
7f32a003e000-7f32a0042000 r--s 00000000 08:03 4855898                    /var/cache/fontconfig/a46337af8a0b4c9b317ad981ec3bdf87-le64.cache-3
7f32a0042000-7f32a004b000 r--s 00000000 08:03 4856317                    /var/cache/fontconfig/6d41288fd70b0be22e8c3a91e032eec0-le64.cache-3
7f32a004b000-7f32a0079000 r--s 00000000 08:03 4855897                    /var/cache/fontconfig/365b55f210c0a22e9a19e35191240f32-le64.cache-3
7f32a0079000-7f32a0081000 r--s 00000000 08:03 4853581                    /var/cache/fontconfig/3f7329c5293ffd510edef78f73874cfd-le64.cache-3
7f32a0081000-7f32a008b000 r--s 00000000 08:03 4856314                    /var/cache/fontconfig/83bf95040141907cd45bb53cf7c1c148-le64.cache-3
7f32a008b000-7f32a008e000 ---p 00000000 00:00 0 
7f32a008e000-7f32a018c000 rw-p 00000000 00:00 0 
7f32a018c000-7f32a018f000 ---p 00000000 00:00 0 
7f32a018f000-7f32a028d000 rw-p 00000000 00:00 0 
7f32a028d000-7f32a0404000 r--p 00000000 08:03 530955                     /usr/lib/locale/locale-archive
7f32a0404000-7f32a0407000 ---p 00000000 00:00 0 
7f32a0407000-7f32a0505000 rw-p 00000000 00:00 0 
7f32a0505000-7f32a0508000 ---p 00000000 00:00 0 
7f32a0508000-7f32a0606000 rw-p 00000000 00:00 0 
7f32a0606000-7f32a0607000 ---p 00000000 00:00 0 
7f32a0607000-7f32a0a3d000 rw-p 00000000 00:00 0 
7f32a0a3d000-7f32a0bd1000 r--s 03807000 08:03 2231586                    /usr/lib/jvm/java-6-openjdk-amd64/jre/lib/rt.jar
7f32a0bd1000-7f32a0bf9000 rw-p 00000000 00:00 0 
7f32a0bf9000-7f32a0bfa000 ---p 00000000 00:00 0 
7f32a0bfa000-7f32a0cfa000 rw-p 00000000 00:00 0 
7f32a0cfa000-7f32a0cfb000 ---p 00000000 00:00 0 
7f32a0cfb000-7f32a0e06000 rw-p 00000000 00:00 0 
7f32a0e06000-7f32a0e4e000 rw-p 00000000 00:00 0 
7f32a0e4e000-7f32a0e8d000 rw-p 00000000 00:00 0 
7f32a0e8d000-7f32a123a000 rw-p 00000000 00:00 0 
7f32a123a000-7f32a1245000 rw-p 00000000 00:00 0 
7f32a1245000-7f32a128d000 rw-p 00000000 00:00 0 
7f32a128d000-7f32a12cc000 rw-p 00000000 00:00 0 
7f32a12cc000-7f32a1679000 rw-p 00000000 00:00 0 
7f32a1679000-7f32a16b0000 rw-p 00000000 00:00 0 
7f32a16b0000-7f32a186f000 rw-p 00000000 00:00 0 
7f32a186f000-7f32a1870000 rw-p 00000000 00:00 0 
7f32a1870000-7f32a1ae0000 rwxp 00000000 00:00 0 
7f32a1ae0000-7f32a4870000 rw-p 00000000 00:00 0 
7f32a4870000-7f32a4877000 r-xp 00000000 08:03 2231575                    /usr/lib/jvm/java-6-openjdk-amd64/jre/lib/amd64/libzip.so
7f32a4877000-7f32a4a76000 ---p 00007000 08:03 2231575                    /usr/lib/jvm/java-6-openjdk-amd64/jre/lib/amd64/libzip.so
7f32a4a76000-7f32a4a77000 rw-p 00006000 08:03 2231575                    /usr/lib/jvm/java-6-openjdk-amd64/jre/lib/amd64/libzip.so
7f32a4a77000-7f32a4a82000 r-xp 00000000 08:03 3538957                    /lib/x86_64-linux-gnu/libnss_files-2.13.so
7f32a4a82000-7f32a4c81000 ---p 0000b000 08:03 3538957                    /lib/x86_64-linux-gnu/libnss_files-2.13.so
7f32a4c81000-7f32a4c82000 r--p 0000a000 08:03 3538957                    /lib/x86_64-linux-gnu/libnss_files-2.13.so
7f32a4c82000-7f32a4c83000 rw-p 0000b000 08:03 3538957                    /lib/x86_64-linux-gnu/libnss_files-2.13.so
7f32a4c83000-7f32a4c8d000 r-xp 00000000 08:03 3538969                    /lib/x86_64-linux-gnu/libnss_nis-2.13.so
7f32a4c8d000-7f32a4e8c000 ---p 0000a000 08:03 3538969                    /lib/x86_64-linux-gnu/libnss_nis-2.13.so
7f32a4e8c000-7f32a4e8d000 r--p 00009000 08:03 3538969                    /lib/x86_64-linux-gnu/libnss_nis-2.13.so
7f32a4e8d000-7f32a4e8e000 rw-p 0000a000 08:03 3538969                    /lib/x86_64-linux-gnu/libnss_nis-2.13.so
7f32a4e8e000-7f32a4e95000 r-xp 00000000 08:03 3538959                    /lib/x86_64-linux-gnu/libnss_compat-2.13.so
7f32a4e95000-7f32a5094000 ---p 00007000 08:03 3538959                    /lib/x86_64-linux-gnu/libnss_compat-2.13.so
7f32a5094000-7f32a5095000 r--p 00006000 08:03 3538959                    /lib/x86_64-linux-gnu/libnss_compat-2.13.so
7f32a5095000-7f32a5096000 rw-p 00007000 08:03 3538959                    /lib/x86_64-linux-gnu/libnss_compat-2.13.so
7f32a5096000-7f32a50ab000 r-xp 00000000 08:03 3538967                    /lib/x86_64-linux-gnu/libnsl-2.13.so
7f32a50ab000-7f32a52aa000 ---p 00015000 08:03 3538967                    /lib/x86_64-linux-gnu/libnsl-2.13.so
7f32a52aa000-7f32a52ab000 r--p 00014000 08:03 3538967                    /lib/x86_64-linux-gnu/libnsl-2.13.so
7f32a52ab000-7f32a52ac000 rw-p 00015000 08:03 3538967                    /lib/x86_64-linux-gnu/libnsl-2.13.so
7f32a52ac000-7f32a52ae000 rw-p 00000000 00:00 0 
7f32a52ae000-7f32a52dc000 r-xp 00000000 08:03 2231561                    /usr/lib/jvm/java-6-openjdk-amd64/jre/lib/amd64/libjava.so
7f32a52dc000-7f32a54db000 ---p 0002e000 08:03 2231561                    /usr/lib/jvm/java-6-openjdk-amd64/jre/lib/amd64/libjava.so
7f32a54db000-7f32a54df000 rw-p 0002d000 08:03 2231561                    /usr/lib/jvm/java-6-openjdk-amd64/jre/lib/amd64/libjava.so
7f32a54df000-7f32a54ee000 r-xp 00000000 08:03 2231544                    /usr/lib/jvm/java-6-openjdk-amd64/jre/lib/amd64/libverify.so
7f32a54ee000-7f32a56ed000 ---p 0000f000 08:03 2231544                    /usr/lib/jvm/java-6-openjdk-amd64/jre/lib/amd64/libverify.so
7f32a56ed000-7f32a56ef000 rw-p 0000e000 08:03 2231544                    /usr/lib/jvm/java-6-openjdk-amd64/jre/lib/amd64/libverify.so
7f32a56ef000-7f32a56f6000 r-xp 00000000 08:03 3538958                    /lib/x86_64-linux-gnu/librt-2.13.so
7f32a56f6000-7f32a58f5000 ---p 00007000 08:03 3538958                    /lib/x86_64-linux-gnu/librt-2.13.so
7f32a58f5000-7f32a58f6000 r--p 00006000 08:03 3538958                    /lib/x86_64-linux-gnu/librt-2.13.so
7f32a58f6000-7f32a58f7000 rw-p 00007000 08:03 3538958                    /lib/x86_64-linux-gnu/librt-2.13.so
7f32a58f7000-7f32a590c000 r-xp 00000000 08:03 3538948                    /lib/x86_64-linux-gnu/libgcc_s.so.1
7f32a590c000-7f32a5b0c000 ---p 00015000 08:03 3538948                    /lib/x86_64-linux-gnu/libgcc_s.so.1
7f32a5b0c000-7f32a5b0d000 rw-p 00015000 08:03 3538948                    /lib/x86_64-linux-gnu/libgcc_s.so.1
7f32a5b0d000-7f32a5b8e000 r-xp 00000000 08:03 3538960                    /lib/x86_64-linux-gnu/libm-2.13.so
7f32a5b8e000-7f32a5d8d000 ---p 00081000 08:03 3538960                    /lib/x86_64-linux-gnu/libm-2.13.so
7f32a5d8d000-7f32a5d8e000 r--p 00080000 08:03 3538960                    /lib/x86_64-linux-gnu/libm-2.13.so
7f32a5d8e000-7f32a5d8f000 rw-p 00081000 08:03 3538960                    /lib/x86_64-linux-gnu/libm-2.13.so
7f32a5d8f000-7f32a5e77000 r-xp 00000000 08:03 528173                     /usr/lib/x86_64-linux-gnu/libstdc++.so.6.0.17
7f32a5e77000-7f32a6077000 ---p 000e8000 08:03 528173                     /usr/lib/x86_64-linux-gnu/libstdc++.so.6.0.17
7f32a6077000-7f32a607f000 r--p 000e8000 08:03 528173                     /usr/lib/x86_64-linux-gnu/libstdc++.so.6.0.17
7f32a607f000-7f32a6081000 rw-p 000f0000 08:03 528173                     /usr/lib/x86_64-linux-gnu/libstdc++.so.6.0.17
7f32a6081000-7f32a6096000 rw-p 00000000 00:00 0 
7f32a6096000-7f32a69aa000 r-xp 00000000 08:03 2231551                    /usr/lib/jvm/java-6-openjdk-amd64/jre/lib/amd64/server/libjvm.so
7f32a69aa000-7f32a6ba9000 ---p 00914000 08:03 2231551                    /usr/lib/jvm/java-6-openjdk-amd64/jre/lib/amd64/server/libjvm.so
7f32a6ba9000-7f32a6c45000 rw-p 00913000 08:03 2231551                    /usr/lib/jvm/java-6-openjdk-amd64/jre/lib/amd64/server/libjvm.so
7f32a6c45000-7f32a6c6e000 rw-p 00000000 00:00 0 
7f32a6c6e000-7f32a6dee000 r-xp 00000000 08:03 3538963                    /lib/x86_64-linux-gnu/libc-2.13.so
7f32a6dee000-7f32a6fee000 ---p 00180000 08:03 3538963                    /lib/x86_64-linux-gnu/libc-2.13.so
7f32a6fee000-7f32a6ff2000 r--p 00180000 08:03 3538963                    /lib/x86_64-linux-gnu/libc-2.13.so
7f32a6ff2000-7f32a6ff3000 rw-p 00184000 08:03 3538963                    /lib/x86_64-linux-gnu/libc-2.13.so
7f32a6ff3000-7f32a6ff8000 rw-p 00000000 00:00 0 
7f32a6ff8000-7f32a6ffa000 r-xp 00000000 08:03 3538956                    /lib/x86_64-linux-gnu/libdl-2.13.so
7f32a6ffa000-7f32a71fa000 ---p 00002000 08:03 3538956                    /lib/x86_64-linux-gnu/libdl-2.13.so
7f32a71fa000-7f32a71fb000 r--p 00002000 08:03 3538956                    /lib/x86_64-linux-gnu/libdl-2.13.so
7f32a71fb000-7f32a71fc000 rw-p 00003000 08:03 3538956                    /lib/x86_64-linux-gnu/libdl-2.13.so
7f32a71fc000-7f32a7200000 r-xp 00000000 08:03 2231548                    /usr/lib/jvm/java-6-openjdk-amd64/jre/lib/amd64/jli/libjli.so
7f32a7200000-7f32a73ff000 ---p 00004000 08:03 2231548                    /usr/lib/jvm/java-6-openjdk-amd64/jre/lib/amd64/jli/libjli.so
7f32a73ff000-7f32a7400000 rw-p 00003000 08:03 2231548                    /usr/lib/jvm/java-6-openjdk-amd64/jre/lib/amd64/jli/libjli.so
7f32a7400000-7f32a7417000 r-xp 00000000 08:03 3538953                    /lib/x86_64-linux-gnu/libpthread-2.13.so
7f32a7417000-7f32a7616000 ---p 00017000 08:03 3538953                    /lib/x86_64-linux-gnu/libpthread-2.13.so
7f32a7616000-7f32a7617000 r--p 00016000 08:03 3538953                    /lib/x86_64-linux-gnu/libpthread-2.13.so
7f32a7617000-7f32a7618000 rw-p 00017000 08:03 3538953                    /lib/x86_64-linux-gnu/libpthread-2.13.so
7f32a7618000-7f32a761c000 rw-p 00000000 00:00 0 
7f32a761c000-7f32a7632000 r-xp 00000000 08:03 3539034                    /lib/x86_64-linux-gnu/libz.so.1.2.7
7f32a7632000-7f32a7831000 ---p 00016000 08:03 3539034                    /lib/x86_64-linux-gnu/libz.so.1.2.7
7f32a7831000-7f32a7832000 r--p 00015000 08:03 3539034                    /lib/x86_64-linux-gnu/libz.so.1.2.7
7f32a7832000-7f32a7833000 rw-p 00016000 08:03 3539034                    /lib/x86_64-linux-gnu/libz.so.1.2.7
7f32a7833000-7f32a7853000 r-xp 00000000 08:03 3538966                    /lib/x86_64-linux-gnu/ld-2.13.so
7f32a7853000-7f32a7854000 r--s 00000000 08:03 4856316                    /var/cache/fontconfig/4794a0821666d79190d59a36cb4f44b5-le64.cache-3
7f32a7854000-7f32a7857000 r--s 00000000 08:03 4854299                    /var/cache/fontconfig/c57959a16110560c8d0fcea73374aeeb-le64.cache-3
7f32a7857000-7f32a785c000 r--s 00000000 08:03 4855942                    /var/cache/fontconfig/3047814df9a2f067bd2d96a2b9c36e5a-le64.cache-3
7f32a785c000-7f32a785d000 r--s 00000000 08:03 4855939                    /var/cache/fontconfig/e13b20fdb08344e0e664864cc2ede53d-le64.cache-3
7f32a785d000-7f32a7860000 r--s 0007f000 08:03 2231060                    /usr/lib/jvm/java-6-openjdk-common/jre/lib/jsse.jar
7f32a7860000-7f32a786d000 r--s 000e6000 08:03 11413237                   /home/brandon/ClearWaterInk/games/WorldsCubed/libs/lwjgl.jar
7f32a786d000-7f32a7871000 r--s 00027000 08:03 11413238                   /home/brandon/ClearWaterInk/games/WorldsCubed/libs/lwjgl_util.jar
7f32a7871000-7f32a7872000 r--s 00007000 08:03 793877                     /usr/share/java/java-atk-wrapper.jar
7f32a7872000-7f32a7874000 r--s 00001000 08:03 2231056                    /usr/lib/jvm/java-6-openjdk-common/jre/lib/ext/dnsns.jar
7f32a7874000-7f32a787e000 rw-p 00000000 00:00 0 
7f32a787e000-7f32a7934000 rw-p 00000000 00:00 0 
7f32a7934000-7f32a7937000 ---p 00000000 00:00 0 
7f32a7937000-7f32a7a3a000 rw-p 00000000 00:00 0 
7f32a7a3a000-7f32a7a3c000 r--s 0000f000 08:03 2231053                    /usr/lib/jvm/java-6-openjdk-common/jre/lib/ext/pulse-java.jar
7f32a7a3c000-7f32a7a40000 r--s 00039000 08:03 2231052                    /usr/lib/jvm/java-6-openjdk-common/jre/lib/ext/sunpkcs11.jar
7f32a7a40000-7f32a7a43000 r--s 00031000 08:03 2231055                    /usr/lib/jvm/java-6-openjdk-common/jre/lib/ext/sunjce_provider.jar
7f32a7a43000-7f32a7a46000 r--s 00077000 08:03 2231054                    /usr/lib/jvm/java-6-openjdk-common/jre/lib/ext/localedata.jar
7f32a7a46000-7f32a7a4e000 rw-s 00000000 08:03 8002090                    /tmp/hsperfdata_brandon/4624 (deleted)
7f32a7a4e000-7f32a7a4f000 rw-p 00000000 00:00 0 
7f32a7a4f000-7f32a7a50000 ---p 00000000 00:00 0 
7f32a7a50000-7f32a7a52000 rw-p 00000000 00:00 0 
7f32a7a52000-7f32a7a53000 r--p 0001f000 08:03 3538966                    /lib/x86_64-linux-gnu/ld-2.13.so
7f32a7a53000-7f32a7a54000 rw-p 00020000 08:03 3538966                    /lib/x86_64-linux-gnu/ld-2.13.so
7f32a7a54000-7f32a7a55000 rw-p 00000000 00:00 0 
7fff709c9000-7fff709ea000 rw-p 00000000 00:00 0                          [stack]
7fff709ff000-7fff70a00000 r-xp 00000000 00:00 0                          [vdso]
ffffffffff600000-ffffffffff601000 r-xp 00000000 00:00 0                  [vsyscall]

VM Arguments:
jvm_args: -Djava.library.path=/home/brandon/ClearWaterInk/games/WorldsCubed/libs/natives/linux -Dfile.encoding=UTF-8 
java_command: net.clearwaterink.worldscubed.WorldsCubed
Launcher Type: SUN_STANDARD

Environment Variables:
PATH=/home/brandon/bin:/usr/local/bin:/usr/bin:/bin:/usr/local/games:/usr/games
LD_LIBRARY_PATH=/usr/lib/jvm/java-6-openjdk-amd64/jre/lib/amd64/server:/usr/lib/jvm/java-6-openjdk-amd64/jre/lib/amd64:/usr/lib/jvm/java-6-openjdk-amd64/jre/../lib/amd64
SHELL=/bin/bash
DISPLAY=:0.0

Signal Handlers:
SIGSEGV: [libjvm.so+0x791b10], sa_mask[0]=0x7ffbfeff, sa_flags=0x10000004
SIGBUS: [libjvm.so+0x791b10], sa_mask[0]=0x7ffbfeff, sa_flags=0x10000004
SIGFPE: [libjvm.so+0x65ace0], sa_mask[0]=0x7ffbfeff, sa_flags=0x10000004
SIGPIPE: [libjvm.so+0x65ace0], sa_mask[0]=0x7ffbfeff, sa_flags=0x10000004
SIGXFSZ: [libjvm.so+0x65ace0], sa_mask[0]=0x7ffbfeff, sa_flags=0x10000004
SIGILL: [libjvm.so+0x65ace0], sa_mask[0]=0x7ffbfeff, sa_flags=0x10000004
SIGUSR1: SIG_DFL, sa_mask[0]=0x00000000, sa_flags=0x00000000
SIGUSR2: [libjvm.so+0x65aec0], sa_mask[0]=0x00000004, sa_flags=0x10000004
SIGHUP: [libjvm.so+0x65d500], sa_mask[0]=0x7ffbfeff, sa_flags=0x10000004
SIGINT: [libjvm.so+0x65d500], sa_mask[0]=0x7ffbfeff, sa_flags=0x10000004
SIGTERM: [libjvm.so+0x65d500], sa_mask[0]=0x7ffbfeff, sa_flags=0x10000004
SIGQUIT: [libjvm.so+0x65d500], sa_mask[0]=0x7ffbfeff, sa_flags=0x10000004


---------------  S Y S T E M  ---------------

OS:7.3

uname:Linux 3.2.0-4-amd64 #1 SMP Debian 3.2.51-1 x86_64
libc:glibc 2.13 NPTL 2.13 
rlimit: STACK 8192k, CORE 0k, NPROC 95755, NOFILE 4096, AS infinity
load average:1.10 0.96 0.88

/proc/meminfo:
MemTotal:       12334808 kB
MemFree:         7763900 kB
Buffers:          377980 kB
Cached:          1674652 kB
SwapCached:            0 kB
Active:          2921832 kB
Inactive:        1190084 kB
Active(anon):    2059832 kB
Inactive(anon):    21732 kB
Active(file):     862000 kB
Inactive(file):  1168352 kB
Unevictable:           4 kB
Mlocked:               4 kB
SwapTotal:      13616120 kB
SwapFree:       13616120 kB
Dirty:              1092 kB
Writeback:             0 kB
AnonPages:       2059380 kB
Mapped:           250724 kB
Shmem:             22284 kB
Slab:             242392 kB
SReclaimable:     218028 kB
SUnreclaim:        24364 kB
KernelStack:        3848 kB
PageTables:        26824 kB
NFS_Unstable:          0 kB
Bounce:                0 kB
WritebackTmp:          0 kB
CommitLimit:    19783524 kB
Committed_AS:    4229948 kB
VmallocTotal:   34359738367 kB
VmallocUsed:      329784 kB
VmallocChunk:   34359406412 kB
HardwareCorrupted:     0 kB
AnonHugePages:         0 kB
HugePages_Total:       0
HugePages_Free:        0
HugePages_Rsvd:        0
HugePages_Surp:        0
Hugepagesize:       2048 kB
DirectMap4k:      294272 kB
DirectMap2M:     8093696 kB
DirectMap1G:     4194304 kB


CPU:total 2 (2 cores per cpu, 1 threads per core) family 16 model 6 stepping 3, cmov, cx8, fxsr, mmx, sse, sse2, sse3, popcnt, mmxext, 3dnowpref, lzcnt, sse4a

Memory: 4k page, physical 12334808k(7763900k free), swap 13616120k(13616120k free)

vm_info: OpenJDK 64-Bit Server VM (20.0-b12) for linux-amd64 JRE (1.6.0_27-b27), built on Jul 12 2013 09:04:12 by "jmm" with gcc 4.7.2

time: Fri Feb  7 22:04:13 2014
elapsed time: 32 seconds

