#
# A fatal error has been detected by the Java Runtime Environment:
#
#  SIGSEGV (0xb) at pc=0x00007f0c23cffe38, pid=5981, tid=139690247571200
#
# JRE version: 6.0_27-b27
# Java VM: OpenJDK 64-Bit Server VM (20.0-b12 mixed mode linux-amd64 compressed oops)
# Derivative: IcedTea6 1.12.6
# Distribution: Debian GNU/Linux 7.1 (wheezy), package 6b27-1.12.6-1~deb7u1
# Problematic frame:
# C  [libX11.so.6+0x3ae38]  XQueryExtension+0x28
#
# If you would like to submit a bug report, please include
# instructions how to reproduce the bug and visit:
#   http://icedtea.classpath.org/bugzilla
#

---------------  T H R E A D  ---------------

Current thread (0x00000000015d2800):  VMThread [stack: 0x00007f0c2b85c000,0x00007f0c2b95d000] [id=5989]

siginfo:si_signo=SIGSEGV: si_errno=0, si_code=1 (SEGV_MAPERR), si_addr=0x0000000024208768

Registers:
RAX=0x0000000001575360, RBX=0x0000000024207e00, RCX=0x00007f0c2b95b9d8, RDX=0x00007f0c2b95b9d4
RSP=0x00007f0c2b95b970, RBP=0x00007f0c21b0cc60, RSI=0x00007f0c219d4e12, RDI=0x0000000024207e00
R8 =0x00007f0c2b95b9dc, R9 =0x0000000000000000, R10=0x00007f0c3224b768, R11=0x00007f0c31efb0d0
R12=0x00007f0c219d4e12, R13=0x0000000001575360, R14=0x00007f0c24206fc0, R15=0x00007f0c241f24f0
RIP=0x00007f0c23cffe38, EFLAGS=0x0000000000010202, CSGSFS=0x0000000000000033, ERR=0x0000000000000004
  TRAPNO=0x000000000000000e

Top of Stack: (sp=0x00007f0c2b95b970)
0x00007f0c2b95b970:   0000000000000020 00007f0c2cac6438
0x00007f0c2b95b980:   00007f0c31ed25c8 00007f0c32c8e000
0x00007f0c2b95b990:   00007f0c31ed25c8 0000000024207e00
0x00007f0c2b95b9a0:   00007f0c21b0cc60 00007f0c219d4e12
0x00007f0c2b95b9b0:   0000000001575360 00007f0c24206fc0
0x00007f0c2b95b9c0:   00007f0c241f24f0 00007f0c23cf3e72
0x00007f0c2b95b9d0:   00007f0c24206fc0 0000000000000000
0x00007f0c2b95b9e0:   0000000000000000 00007f0c21b0cc60
0x00007f0c2b95b9f0:   0000000024207e00 00007f0c2826c71d
0x00007f0c2b95ba00:   00007f0c219d4e12 0000001131ed25c8
0x00007f0c2b95ba10:   00007f0c2b95ba90 0000000000000000
0x00007f0c2b95ba20:   00007f0c2b95ba90 0000000024207e00
0x00007f0c2b95ba30:   00007f0c32ca9048 00007f0c24206fc0
0x00007f0c2b95ba40:   00007f0c21b26490 00007f0c21980fd9
0x00007f0c2b95ba50:   0000000000000000 000000000000002b
0x00007f0c2b95ba60:   00007f0c2b95ba90 0000000000000000
0x00007f0c2b95ba70:   00007f0c32ca9048 00007f0c24206fc0
0x00007f0c2b95ba80:   000000000000001b 00007f0c219756e2
0x00007f0c2b95ba90:   00007f0c2b95bc90 00007f0c219d4d81
0x00007f0c2b95baa0:   00007f0c2b95bc90 00007f0c32a974ec
0x00007f0c2b95bab0:   00007f0c32caa1c8 00007f0c32caa758
0x00007f0c2b95bac0:   00007f0c32c8f508 000000000156b5a0
0x00007f0c2b95bad0:   000000000156bac0 000000000156bfc0
0x00007f0c2b95bae0:   0000000001570cc0 00007f0c240e0f60
0x00007f0c2b95baf0:   00007f0c2403f3b0 00007f0c32ca77f0
0x00007f0c2b95bb00:   00007f0c241ed1c0 00007f0c241eccf0
0x00007f0c2b95bb10:   00007f0c241dd780 00007f0c241e6820
0x00007f0c2b95bb20:   00007f0c24004e90 00007f0c24023ba0
0x00007f0c2b95bb30:   00007f0c24024040 00007f0c240492c0
0x00007f0c2b95bb40:   0000000001567600 0000000001567be0
0x00007f0c2b95bb50:   0000000001566f40 00000000015625f0
0x00007f0c2b95bb60:   0000000001562b60 0000000001563570 

Instructions: (pc=0x00007f0c23cffe38)
0x00007f0c23cffe18:   24 e0 48 89 fb 4c 89 6c 24 e8 4c 89 74 24 f0 49
0x00007f0c23cffe28:   89 f4 4c 89 7c 24 f8 48 89 6c 24 d8 48 83 ec 58
0x00007f0c23cffe38:   48 8b 87 68 09 00 00 49 89 d7 49 89 ce 4d 89 c5
0x00007f0c23cffe48:   48 85 c0 74 02 ff 10 ba 08 00 00 00 be 62 00 00 

Register to memory mapping:

RAX=0x0000000001575360 is an unknown value
RBX=0x0000000024207e00 is an unknown value
RCX=0x00007f0c2b95b9d8 is an unknown value
RDX=0x00007f0c2b95b9d4 is an unknown value
RSP=0x00007f0c2b95b970 is an unknown value
RBP=0x00007f0c21b0cc60: <offset 0x1cac60> in /usr/lib/x86_64-linux-gnu/libGL.so.1 at 0x00007f0c21942000
RSI=0x00007f0c219d4e12: <offset 0x92e12> in /usr/lib/x86_64-linux-gnu/libGL.so.1 at 0x00007f0c21942000
RDI=0x0000000024207e00 is an unknown value
R8 =0x00007f0c2b95b9dc is an unknown value
R9 =0x0000000000000000 is an unknown value
R10=0x00007f0c3224b768: <offset 0x387768> in /lib/x86_64-linux-gnu/libc.so.6 at 0x00007f0c31ec4000
R11=0x00007f0c31efb0d0: __cxa_finalize+0 in /lib/x86_64-linux-gnu/libc.so.6 at 0x00007f0c31ec4000
R12=0x00007f0c219d4e12: <offset 0x92e12> in /usr/lib/x86_64-linux-gnu/libGL.so.1 at 0x00007f0c21942000
R13=0x0000000001575360 is an unknown value
R14=0x00007f0c24206fc0 is an unknown value
R15=0x00007f0c241f24f0 is an unknown value


Stack: [0x00007f0c2b85c000,0x00007f0c2b95d000],  sp=0x00007f0c2b95b970,  free space=1022k
Native frames: (J=compiled Java code, j=interpreted, Vv=VM code, C=native code)
C  [libX11.so.6+0x3ae38]  XQueryExtension+0x28

VM_Operation (0x00007f0c32c895e0): Exit, mode: safepoint, requested by thread 0x000000000156d000


---------------  P R O C E S S  ---------------

Java Threads: ( => current thread )
  0x00007f0c241d8800 JavaThread "AWT-XAWT" daemon [_thread_blocked, id=5998, stack(0x00007f0c22918000,0x00007f0c22a19000)]
  0x00007f0c2417a000 JavaThread "Java2D Disposer" daemon [_thread_blocked, id=5997, stack(0x00007f0c22c9e000,0x00007f0c22d9f000)]
  0x0000000001609800 JavaThread "Low Memory Detector" daemon [_thread_blocked, id=5995, stack(0x00007f0c2b0df000,0x00007f0c2b1e0000)]
  0x0000000001604800 JavaThread "C2 CompilerThread1" daemon [_thread_blocked, id=5994, stack(0x00007f0c2b1e0000,0x00007f0c2b2e1000)]
  0x00000000015ff800 JavaThread "C2 CompilerThread0" daemon [_thread_blocked, id=5993, stack(0x00007f0c2b2e1000,0x00007f0c2b3e2000)]
  0x00000000015d9800 JavaThread "Finalizer" daemon [_thread_blocked, id=5991, stack(0x00007f0c2b65a000,0x00007f0c2b75b000)]
  0x00000000015d7800 JavaThread "Reference Handler" daemon [_thread_blocked, id=5990, stack(0x00007f0c2b75b000,0x00007f0c2b85c000)]
  0x000000000156d000 JavaThread "main" [_thread_blocked, id=5984, stack(0x00007f0c32b8a000,0x00007f0c32c8b000)]

Other Threads:
=>0x00000000015d2800 VMThread [stack: 0x00007f0c2b85c000,0x00007f0c2b95d000] [id=5989]

VM state:at safepoint (shutting down)

VM Mutex/Monitor currently owned by a thread:  ([mutex/lock_event])
[0x0000000001569a10] Threads_lock - owner thread: 0x00000000015d2800

Heap
 PSYoungGen      total 56256K, used 19637K [0x00000007c1400000, 0x00000007c52c0000, 0x0000000800000000)
  eden space 48256K, 40% used [0x00000007c1400000,0x00000007c272d7a8,0x00000007c4320000)
  from space 8000K, 0% used [0x00000007c4af0000,0x00000007c4af0000,0x00000007c52c0000)
  to   space 8000K, 0% used [0x00000007c4320000,0x00000007c4320000,0x00000007c4af0000)
 PSOldGen        total 128512K, used 0K [0x0000000743c00000, 0x000000074b980000, 0x00000007c1400000)
  object space 128512K, 0% used [0x0000000743c00000,0x0000000743c00000,0x000000074b980000)
 PSPermGen       total 21248K, used 9818K [0x0000000739600000, 0x000000073aac0000, 0x0000000743c00000)
  object space 21248K, 46% used [0x0000000739600000,0x0000000739f96a40,0x000000073aac0000)

Code Cache  [0x00007f0c2cac6000, 0x00007f0c2cd36000, 0x00007f0c2fac6000)
 total_blobs=752 nmethods=300 adapters=407 free_code_cache=49075840 largest_free_block=7872

Dynamic libraries:
00400000-00409000 r-xp 00000000 08:03 2231614                            /usr/lib/jvm/java-6-openjdk-amd64/jre/bin/java
00608000-00609000 rw-p 00008000 08:03 2231614                            /usr/lib/jvm/java-6-openjdk-amd64/jre/bin/java
01562000-0317e000 rw-p 00000000 00:00 0                                  [heap]
739600000-73aac0000 rw-p 00000000 00:00 0 
73aac0000-743c00000 rw-p 00000000 00:00 0 
743c00000-74b980000 rw-p 00000000 00:00 0 
74b980000-7c1400000 rw-p 00000000 00:00 0 
7c1400000-7c52c0000 rw-p 00000000 00:00 0 
7c52c0000-800000000 rw-p 00000000 00:00 0 
7f0c1eab1000-7f0c1f1b1000 rw-s 00006000 00:05 8578                       /dev/ati/card0
7f0c1f1b1000-7f0c1f1b3000 r-xp 00000000 08:03 534782                     /usr/lib/x86_64-linux-gnu/libXinerama.so.1.0.0
7f0c1f1b3000-7f0c1f3b2000 ---p 00002000 08:03 534782                     /usr/lib/x86_64-linux-gnu/libXinerama.so.1.0.0
7f0c1f3b2000-7f0c1f3b3000 rw-p 00001000 08:03 534782                     /usr/lib/x86_64-linux-gnu/libXinerama.so.1.0.0
7f0c1f3b3000-7f0c1f3ff000 r-xp 00000000 08:03 539328                     /usr/lib/x86_64-linux-gnu/libatiadlxx.so
7f0c1f3ff000-7f0c1f4ff000 ---p 0004c000 08:03 539328                     /usr/lib/x86_64-linux-gnu/libatiadlxx.so
7f0c1f4ff000-7f0c1f50a000 rw-p 0004c000 08:03 539328                     /usr/lib/x86_64-linux-gnu/libatiadlxx.so
7f0c1f50a000-7f0c1f51a000 rw-p 00000000 00:00 0 
7f0c1f51a000-7f0c214b8000 r-xp 00000000 08:03 921615                     /usr/lib/x86_64-linux-gnu/dri/fglrx_dri.so
7f0c214b8000-7f0c215b7000 ---p 01f9e000 08:03 921615                     /usr/lib/x86_64-linux-gnu/dri/fglrx_dri.so
7f0c215b7000-7f0c21705000 rwxp 01f9d000 08:03 921615                     /usr/lib/x86_64-linux-gnu/dri/fglrx_dri.so
7f0c21705000-7f0c21839000 rwxp 00000000 00:00 0 
7f0c21839000-7f0c21840000 r-xp 00000000 08:03 539324                     /usr/lib/x86_64-linux-gnu/libatiuki.so.1.0
7f0c21840000-7f0c21940000 ---p 00007000 08:03 539324                     /usr/lib/x86_64-linux-gnu/libatiuki.so.1.0
7f0c21940000-7f0c21941000 rw-p 00007000 08:03 539324                     /usr/lib/x86_64-linux-gnu/libatiuki.so.1.0
7f0c21941000-7f0c21942000 rw-p 00000000 00:00 0 
7f0c21942000-7f0c21a00000 r-xp 00000000 08:03 1445187                    /usr/lib/x86_64-linux-gnu/fglrx/fglrx-libGL.so.1.2
7f0c21a00000-7f0c21b00000 ---p 000be000 08:03 1445187                    /usr/lib/x86_64-linux-gnu/fglrx/fglrx-libGL.so.1.2
7f0c21b00000-7f0c21b27000 rwxp 000be000 08:03 1445187                    /usr/lib/x86_64-linux-gnu/fglrx/fglrx-libGL.so.1.2
7f0c21b27000-7f0c21b46000 rwxp 00000000 00:00 0 
7f0c21b46000-7f0c21b49000 ---p 00000000 00:00 0 
7f0c21b49000-7f0c21c47000 rw-p 00000000 00:00 0 
7f0c21c47000-7f0c21c4b000 r-xp 00000000 08:03 535177                     /usr/lib/x86_64-linux-gnu/libXxf86vm.so.1.0.0
7f0c21c4b000-7f0c21e4b000 ---p 00004000 08:03 535177                     /usr/lib/x86_64-linux-gnu/libXxf86vm.so.1.0.0
7f0c21e4b000-7f0c21e4c000 r--p 00004000 08:03 535177                     /usr/lib/x86_64-linux-gnu/libXxf86vm.so.1.0.0
7f0c21e4c000-7f0c21e4d000 rw-p 00005000 08:03 535177                     /usr/lib/x86_64-linux-gnu/libXxf86vm.so.1.0.0
7f0c21e4d000-7f0c21e54000 r-xp 00000000 08:03 534784                     /usr/lib/x86_64-linux-gnu/libXrandr.so.2.2.0
7f0c21e54000-7f0c22054000 ---p 00007000 08:03 534784                     /usr/lib/x86_64-linux-gnu/libXrandr.so.2.2.0
7f0c22054000-7f0c22055000 rw-p 00007000 08:03 534784                     /usr/lib/x86_64-linux-gnu/libXrandr.so.2.2.0
7f0c22055000-7f0c220bf000 r-xp 00000000 08:03 12332350                   /home/brandon/ClearWaterInk/games/WorldsCubed/libs/natives/linux/liblwjgl64.so
7f0c220bf000-7f0c222bf000 ---p 0006a000 08:03 12332350                   /home/brandon/ClearWaterInk/games/WorldsCubed/libs/natives/linux/liblwjgl64.so
7f0c222bf000-7f0c222c1000 r--p 0006a000 08:03 12332350                   /home/brandon/ClearWaterInk/games/WorldsCubed/libs/natives/linux/liblwjgl64.so
7f0c222c1000-7f0c222c2000 rw-p 0006c000 08:03 12332350                   /home/brandon/ClearWaterInk/games/WorldsCubed/libs/natives/linux/liblwjgl64.so
7f0c222c2000-7f0c222c3000 r-xp 00000000 08:03 2231545                    /usr/lib/jvm/java-6-openjdk-amd64/jre/lib/amd64/libjawt.so
7f0c222c3000-7f0c224c2000 ---p 00001000 08:03 2231545                    /usr/lib/jvm/java-6-openjdk-amd64/jre/lib/amd64/libjawt.so
7f0c224c2000-7f0c224c3000 rw-p 00000000 08:03 2231545                    /usr/lib/jvm/java-6-openjdk-amd64/jre/lib/amd64/libjawt.so
7f0c224c3000-7f0c224c8000 r-xp 00000000 08:03 534774                     /usr/lib/x86_64-linux-gnu/libXfixes.so.3.1.0
7f0c224c8000-7f0c226c7000 ---p 00005000 08:03 534774                     /usr/lib/x86_64-linux-gnu/libXfixes.so.3.1.0
7f0c226c7000-7f0c226c8000 r--p 00004000 08:03 534774                     /usr/lib/x86_64-linux-gnu/libXfixes.so.3.1.0
7f0c226c8000-7f0c226c9000 rw-p 00005000 08:03 534774                     /usr/lib/x86_64-linux-gnu/libXfixes.so.3.1.0
7f0c227f7000-7f0c227fa000 ---p 00000000 00:00 0 
7f0c227fa000-7f0c228f8000 rw-p 00000000 00:00 0 
7f0c228f8000-7f0c22918000 rw-s fe9e0000 00:05 8578                       /dev/ati/card0
7f0c22918000-7f0c2291b000 ---p 00000000 00:00 0 
7f0c2291b000-7f0c22a19000 rw-p 00000000 00:00 0 
7f0c22a19000-7f0c22a1a000 r--s 00000000 08:03 4856319                    /var/cache/fontconfig/c05880de57d1f5e948fdfacc138775d9-le64.cache-3
7f0c22a1a000-7f0c22a23000 r--s 00000000 08:03 4854967                    /var/cache/fontconfig/945677eb7aeaf62f1d50efc3fb3ec7d8-le64.cache-3
7f0c22a23000-7f0c22a51000 r--s 00000000 08:03 4855897                    /var/cache/fontconfig/365b55f210c0a22e9a19e35191240f32-le64.cache-3
7f0c22a62000-7f0c22a6c000 r-xp 00000000 08:03 534776                     /usr/lib/x86_64-linux-gnu/libXcursor.so.1.0.2
7f0c22a6c000-7f0c22c6b000 ---p 0000a000 08:03 534776                     /usr/lib/x86_64-linux-gnu/libXcursor.so.1.0.2
7f0c22c6b000-7f0c22c6c000 rw-p 00009000 08:03 534776                     /usr/lib/x86_64-linux-gnu/libXcursor.so.1.0.2
7f0c22c80000-7f0c22c82000 rw-s 00002000 00:05 8578                       /dev/ati/card0
7f0c22c82000-7f0c22c89000 r--s 000fc000 08:03 2231068                    /usr/lib/jvm/java-6-openjdk-common/jre/lib/resources.jar
7f0c22c89000-7f0c22c8d000 r--s 00000000 08:03 4855898                    /var/cache/fontconfig/a46337af8a0b4c9b317ad981ec3bdf87-le64.cache-3
7f0c22c8d000-7f0c22c96000 r--s 00000000 08:03 4856317                    /var/cache/fontconfig/6d41288fd70b0be22e8c3a91e032eec0-le64.cache-3
7f0c22c96000-7f0c22c99000 r--s 00000000 08:03 4854299                    /var/cache/fontconfig/c57959a16110560c8d0fcea73374aeeb-le64.cache-3
7f0c22c99000-7f0c22c9e000 r--s 00000000 08:03 4855942                    /var/cache/fontconfig/3047814df9a2f067bd2d96a2b9c36e5a-le64.cache-3
7f0c22c9e000-7f0c22ca1000 ---p 00000000 00:00 0 
7f0c22ca1000-7f0c22d9f000 rw-p 00000000 00:00 0 
7f0c22d9f000-7f0c22e38000 r-xp 00000000 08:03 530994                     /usr/lib/x86_64-linux-gnu/libfreetype.so.6.8.1
7f0c22e38000-7f0c23037000 ---p 00099000 08:03 530994                     /usr/lib/x86_64-linux-gnu/libfreetype.so.6.8.1
7f0c23037000-7f0c2303d000 r--p 00098000 08:03 530994                     /usr/lib/x86_64-linux-gnu/libfreetype.so.6.8.1
7f0c2303d000-7f0c2303e000 rw-p 0009e000 08:03 530994                     /usr/lib/x86_64-linux-gnu/libfreetype.so.6.8.1
7f0c2303e000-7f0c23086000 r-xp 00000000 08:03 2231539                    /usr/lib/jvm/java-6-openjdk-amd64/jre/lib/amd64/libfontmanager.so
7f0c23086000-7f0c23286000 ---p 00048000 08:03 2231539                    /usr/lib/jvm/java-6-openjdk-amd64/jre/lib/amd64/libfontmanager.so
7f0c23286000-7f0c23289000 rw-p 00048000 08:03 2231539                    /usr/lib/jvm/java-6-openjdk-amd64/jre/lib/amd64/libfontmanager.so
7f0c23289000-7f0c2328e000 r-xp 00000000 08:03 531316                     /usr/lib/x86_64-linux-gnu/libXdmcp.so.6.0.0
7f0c2328e000-7f0c2348d000 ---p 00005000 08:03 531316                     /usr/lib/x86_64-linux-gnu/libXdmcp.so.6.0.0
7f0c2348d000-7f0c2348e000 rw-p 00004000 08:03 531316                     /usr/lib/x86_64-linux-gnu/libXdmcp.so.6.0.0
7f0c2348e000-7f0c23490000 r-xp 00000000 08:03 531314                     /usr/lib/x86_64-linux-gnu/libXau.so.6.0.0
7f0c23490000-7f0c23690000 ---p 00002000 08:03 531314                     /usr/lib/x86_64-linux-gnu/libXau.so.6.0.0
7f0c23690000-7f0c23691000 rw-p 00002000 08:03 531314                     /usr/lib/x86_64-linux-gnu/libXau.so.6.0.0
7f0c23691000-7f0c236b0000 r-xp 00000000 08:03 531318                     /usr/lib/x86_64-linux-gnu/libxcb.so.1.1.0
7f0c236b0000-7f0c238af000 ---p 0001f000 08:03 531318                     /usr/lib/x86_64-linux-gnu/libxcb.so.1.1.0
7f0c238af000-7f0c238b0000 r--p 0001e000 08:03 531318                     /usr/lib/x86_64-linux-gnu/libxcb.so.1.1.0
7f0c238b0000-7f0c238b1000 rw-p 0001f000 08:03 531318                     /usr/lib/x86_64-linux-gnu/libxcb.so.1.1.0
7f0c238b1000-7f0c238bf000 r-xp 00000000 08:03 534780                     /usr/lib/x86_64-linux-gnu/libXi.so.6.1.0
7f0c238bf000-7f0c23abf000 ---p 0000e000 08:03 534780                     /usr/lib/x86_64-linux-gnu/libXi.so.6.1.0
7f0c23abf000-7f0c23ac0000 rw-p 0000e000 08:03 534780                     /usr/lib/x86_64-linux-gnu/libXi.so.6.1.0
7f0c23ac0000-7f0c23ac5000 r-xp 00000000 08:03 535605                     /usr/lib/x86_64-linux-gnu/libXtst.so.6.1.0
7f0c23ac5000-7f0c23cc4000 ---p 00005000 08:03 535605                     /usr/lib/x86_64-linux-gnu/libXtst.so.6.1.0
7f0c23cc4000-7f0c23cc5000 rw-p 00004000 08:03 535605                     /usr/lib/x86_64-linux-gnu/libXtst.so.6.1.0
7f0c23cc5000-7f0c23dfa000 r-xp 00000000 08:03 531323                     /usr/lib/x86_64-linux-gnu/libX11.so.6.3.0
7f0c23dfa000-7f0c23ffa000 ---p 00135000 08:03 531323                     /usr/lib/x86_64-linux-gnu/libX11.so.6.3.0
7f0c23ffa000-7f0c24000000 rw-p 00135000 08:03 531323                     /usr/lib/x86_64-linux-gnu/libX11.so.6.3.0
7f0c24000000-7f0c27fea000 rw-p 00000000 00:00 0 
7f0c27fea000-7f0c28000000 ---p 00000000 00:00 0 
7f0c28000000-7f0c28008000 r--s 00000000 08:03 4853581                    /var/cache/fontconfig/3f7329c5293ffd510edef78f73874cfd-le64.cache-3
7f0c28008000-7f0c28012000 r--s 00000000 08:03 4856314                    /var/cache/fontconfig/83bf95040141907cd45bb53cf7c1c148-le64.cache-3
7f0c28012000-7f0c2801b000 r--s 00000000 08:03 4854967                    /var/cache/fontconfig/945677eb7aeaf62f1d50efc3fb3ec7d8-le64.cache-3
7f0c2801b000-7f0c2801f000 r--s 00000000 08:03 4855898                    /var/cache/fontconfig/a46337af8a0b4c9b317ad981ec3bdf87-le64.cache-3
7f0c2801f000-7f0c28028000 r--s 00000000 08:03 4856317                    /var/cache/fontconfig/6d41288fd70b0be22e8c3a91e032eec0-le64.cache-3
7f0c28028000-7f0c28056000 r--s 00000000 08:03 4855897                    /var/cache/fontconfig/365b55f210c0a22e9a19e35191240f32-le64.cache-3
7f0c28056000-7f0c2805f000 r-xp 00000000 08:03 534524                     /usr/lib/x86_64-linux-gnu/libXrender.so.1.3.0
7f0c2805f000-7f0c2825e000 ---p 00009000 08:03 534524                     /usr/lib/x86_64-linux-gnu/libXrender.so.1.3.0
7f0c2825e000-7f0c2825f000 rw-p 00008000 08:03 534524                     /usr/lib/x86_64-linux-gnu/libXrender.so.1.3.0
7f0c2825f000-7f0c28270000 r-xp 00000000 08:03 531325                     /usr/lib/x86_64-linux-gnu/libXext.so.6.4.0
7f0c28270000-7f0c28470000 ---p 00011000 08:03 531325                     /usr/lib/x86_64-linux-gnu/libXext.so.6.4.0
7f0c28470000-7f0c28471000 rw-p 00011000 08:03 531325                     /usr/lib/x86_64-linux-gnu/libXext.so.6.4.0
7f0c28471000-7f0c28472000 rw-s 00005000 00:05 8578                       /dev/ati/card0
7f0c28472000-7f0c28473000 r--s 00000000 08:03 4856316                    /var/cache/fontconfig/4794a0821666d79190d59a36cb4f44b5-le64.cache-3
7f0c28473000-7f0c28474000 r--s 00000000 08:03 4855939                    /var/cache/fontconfig/e13b20fdb08344e0e664864cc2ede53d-le64.cache-3
7f0c28474000-7f0c28475000 r--s 00000000 08:03 4856319                    /var/cache/fontconfig/c05880de57d1f5e948fdfacc138775d9-le64.cache-3
7f0c28475000-7f0c2847d000 r--s 00000000 08:03 4853581                    /var/cache/fontconfig/3f7329c5293ffd510edef78f73874cfd-le64.cache-3
7f0c2847d000-7f0c28487000 r--s 00000000 08:03 4856314                    /var/cache/fontconfig/83bf95040141907cd45bb53cf7c1c148-le64.cache-3
7f0c28487000-7f0c284d4000 r-xp 00000000 08:03 2231706                    /usr/lib/jvm/java-6-openjdk-amd64/jre/lib/amd64/xawt/libmawt.so
7f0c284d4000-7f0c286d3000 ---p 0004d000 08:03 2231706                    /usr/lib/jvm/java-6-openjdk-amd64/jre/lib/amd64/xawt/libmawt.so
7f0c286d3000-7f0c286d7000 rw-p 0004c000 08:03 2231706                    /usr/lib/jvm/java-6-openjdk-amd64/jre/lib/amd64/xawt/libmawt.so
7f0c286d7000-7f0c286d8000 rw-p 00000000 00:00 0 
7f0c286d8000-7f0c28788000 r-xp 00000000 08:03 2231546                    /usr/lib/jvm/java-6-openjdk-amd64/jre/lib/amd64/libawt.so
7f0c28788000-7f0c28987000 ---p 000b0000 08:03 2231546                    /usr/lib/jvm/java-6-openjdk-amd64/jre/lib/amd64/libawt.so
7f0c28987000-7f0c28993000 rw-p 000af000 08:03 2231546                    /usr/lib/jvm/java-6-openjdk-amd64/jre/lib/amd64/libawt.so
7f0c28993000-7f0c2afde000 rw-p 00000000 00:00 0 
7f0c2afde000-7f0c2afdf000 ---p 00000000 00:00 0 
7f0c2afdf000-7f0c2b0df000 rw-p 00000000 00:00 0 
7f0c2b0df000-7f0c2b0e2000 ---p 00000000 00:00 0 
7f0c2b0e2000-7f0c2b1e0000 rw-p 00000000 00:00 0 
7f0c2b1e0000-7f0c2b1e3000 ---p 00000000 00:00 0 
7f0c2b1e3000-7f0c2b2e1000 rw-p 00000000 00:00 0 
7f0c2b2e1000-7f0c2b2e4000 ---p 00000000 00:00 0 
7f0c2b2e4000-7f0c2b3e2000 rw-p 00000000 00:00 0 
7f0c2b3e2000-7f0c2b3e5000 ---p 00000000 00:00 0 
7f0c2b3e5000-7f0c2b4e3000 rw-p 00000000 00:00 0 
7f0c2b4e3000-7f0c2b65a000 r--p 00000000 08:03 530955                     /usr/lib/locale/locale-archive
7f0c2b65a000-7f0c2b65d000 ---p 00000000 00:00 0 
7f0c2b65d000-7f0c2b75b000 rw-p 00000000 00:00 0 
7f0c2b75b000-7f0c2b75e000 ---p 00000000 00:00 0 
7f0c2b75e000-7f0c2b85c000 rw-p 00000000 00:00 0 
7f0c2b85c000-7f0c2b85d000 ---p 00000000 00:00 0 
7f0c2b85d000-7f0c2bc93000 rw-p 00000000 00:00 0 
7f0c2bc93000-7f0c2be27000 r--s 03807000 08:03 2231586                    /usr/lib/jvm/java-6-openjdk-amd64/jre/lib/rt.jar
7f0c2be27000-7f0c2be4f000 rw-p 00000000 00:00 0 
7f0c2be4f000-7f0c2be50000 ---p 00000000 00:00 0 
7f0c2be50000-7f0c2bf50000 rw-p 00000000 00:00 0 
7f0c2bf50000-7f0c2bf51000 ---p 00000000 00:00 0 
7f0c2bf51000-7f0c2c05c000 rw-p 00000000 00:00 0 
7f0c2c05c000-7f0c2c0a4000 rw-p 00000000 00:00 0 
7f0c2c0a4000-7f0c2c0e3000 rw-p 00000000 00:00 0 
7f0c2c0e3000-7f0c2c490000 rw-p 00000000 00:00 0 
7f0c2c490000-7f0c2c49b000 rw-p 00000000 00:00 0 
7f0c2c49b000-7f0c2c4e3000 rw-p 00000000 00:00 0 
7f0c2c4e3000-7f0c2c522000 rw-p 00000000 00:00 0 
7f0c2c522000-7f0c2c8cf000 rw-p 00000000 00:00 0 
7f0c2c8cf000-7f0c2c8ef000 rw-p 00000000 00:00 0 
7f0c2c8ef000-7f0c2cac5000 rw-p 00000000 00:00 0 
7f0c2cac5000-7f0c2cac6000 rw-p 00000000 00:00 0 
7f0c2cac6000-7f0c2cd36000 rwxp 00000000 00:00 0 
7f0c2cd36000-7f0c2fac6000 rw-p 00000000 00:00 0 
7f0c2fac6000-7f0c2facd000 r-xp 00000000 08:03 2231575                    /usr/lib/jvm/java-6-openjdk-amd64/jre/lib/amd64/libzip.so
7f0c2facd000-7f0c2fccc000 ---p 00007000 08:03 2231575                    /usr/lib/jvm/java-6-openjdk-amd64/jre/lib/amd64/libzip.so
7f0c2fccc000-7f0c2fccd000 rw-p 00006000 08:03 2231575                    /usr/lib/jvm/java-6-openjdk-amd64/jre/lib/amd64/libzip.so
7f0c2fccd000-7f0c2fcd8000 r-xp 00000000 08:03 3538957                    /lib/x86_64-linux-gnu/libnss_files-2.13.so
7f0c2fcd8000-7f0c2fed7000 ---p 0000b000 08:03 3538957                    /lib/x86_64-linux-gnu/libnss_files-2.13.so
7f0c2fed7000-7f0c2fed8000 r--p 0000a000 08:03 3538957                    /lib/x86_64-linux-gnu/libnss_files-2.13.so
7f0c2fed8000-7f0c2fed9000 rw-p 0000b000 08:03 3538957                    /lib/x86_64-linux-gnu/libnss_files-2.13.so
7f0c2fed9000-7f0c2fee3000 r-xp 00000000 08:03 3538969                    /lib/x86_64-linux-gnu/libnss_nis-2.13.so
7f0c2fee3000-7f0c300e2000 ---p 0000a000 08:03 3538969                    /lib/x86_64-linux-gnu/libnss_nis-2.13.so
7f0c300e2000-7f0c300e3000 r--p 00009000 08:03 3538969                    /lib/x86_64-linux-gnu/libnss_nis-2.13.so
7f0c300e3000-7f0c300e4000 rw-p 0000a000 08:03 3538969                    /lib/x86_64-linux-gnu/libnss_nis-2.13.so
7f0c300e4000-7f0c300eb000 r-xp 00000000 08:03 3538959                    /lib/x86_64-linux-gnu/libnss_compat-2.13.so
7f0c300eb000-7f0c302ea000 ---p 00007000 08:03 3538959                    /lib/x86_64-linux-gnu/libnss_compat-2.13.so
7f0c302ea000-7f0c302eb000 r--p 00006000 08:03 3538959                    /lib/x86_64-linux-gnu/libnss_compat-2.13.so
7f0c302eb000-7f0c302ec000 rw-p 00007000 08:03 3538959                    /lib/x86_64-linux-gnu/libnss_compat-2.13.so
7f0c302ec000-7f0c30301000 r-xp 00000000 08:03 3538967                    /lib/x86_64-linux-gnu/libnsl-2.13.so
7f0c30301000-7f0c30500000 ---p 00015000 08:03 3538967                    /lib/x86_64-linux-gnu/libnsl-2.13.so
7f0c30500000-7f0c30501000 r--p 00014000 08:03 3538967                    /lib/x86_64-linux-gnu/libnsl-2.13.so
7f0c30501000-7f0c30502000 rw-p 00015000 08:03 3538967                    /lib/x86_64-linux-gnu/libnsl-2.13.so
7f0c30502000-7f0c30504000 rw-p 00000000 00:00 0 
7f0c30504000-7f0c30532000 r-xp 00000000 08:03 2231561                    /usr/lib/jvm/java-6-openjdk-amd64/jre/lib/amd64/libjava.so
7f0c30532000-7f0c30731000 ---p 0002e000 08:03 2231561                    /usr/lib/jvm/java-6-openjdk-amd64/jre/lib/amd64/libjava.so
7f0c30731000-7f0c30735000 rw-p 0002d000 08:03 2231561                    /usr/lib/jvm/java-6-openjdk-amd64/jre/lib/amd64/libjava.so
7f0c30735000-7f0c30744000 r-xp 00000000 08:03 2231544                    /usr/lib/jvm/java-6-openjdk-amd64/jre/lib/amd64/libverify.so
7f0c30744000-7f0c30943000 ---p 0000f000 08:03 2231544                    /usr/lib/jvm/java-6-openjdk-amd64/jre/lib/amd64/libverify.so
7f0c30943000-7f0c30945000 rw-p 0000e000 08:03 2231544                    /usr/lib/jvm/java-6-openjdk-amd64/jre/lib/amd64/libverify.so
7f0c30945000-7f0c3094c000 r-xp 00000000 08:03 3538958                    /lib/x86_64-linux-gnu/librt-2.13.so
7f0c3094c000-7f0c30b4b000 ---p 00007000 08:03 3538958                    /lib/x86_64-linux-gnu/librt-2.13.so
7f0c30b4b000-7f0c30b4c000 r--p 00006000 08:03 3538958                    /lib/x86_64-linux-gnu/librt-2.13.so
7f0c30b4c000-7f0c30b4d000 rw-p 00007000 08:03 3538958                    /lib/x86_64-linux-gnu/librt-2.13.so
7f0c30b4d000-7f0c30b62000 r-xp 00000000 08:03 3538948                    /lib/x86_64-linux-gnu/libgcc_s.so.1
7f0c30b62000-7f0c30d62000 ---p 00015000 08:03 3538948                    /lib/x86_64-linux-gnu/libgcc_s.so.1
7f0c30d62000-7f0c30d63000 rw-p 00015000 08:03 3538948                    /lib/x86_64-linux-gnu/libgcc_s.so.1
7f0c30d63000-7f0c30de4000 r-xp 00000000 08:03 3538960                    /lib/x86_64-linux-gnu/libm-2.13.so
7f0c30de4000-7f0c30fe3000 ---p 00081000 08:03 3538960                    /lib/x86_64-linux-gnu/libm-2.13.so
7f0c30fe3000-7f0c30fe4000 r--p 00080000 08:03 3538960                    /lib/x86_64-linux-gnu/libm-2.13.so
7f0c30fe4000-7f0c30fe5000 rw-p 00081000 08:03 3538960                    /lib/x86_64-linux-gnu/libm-2.13.so
7f0c30fe5000-7f0c310cd000 r-xp 00000000 08:03 528173                     /usr/lib/x86_64-linux-gnu/libstdc++.so.6.0.17
7f0c310cd000-7f0c312cd000 ---p 000e8000 08:03 528173                     /usr/lib/x86_64-linux-gnu/libstdc++.so.6.0.17
7f0c312cd000-7f0c312d5000 r--p 000e8000 08:03 528173                     /usr/lib/x86_64-linux-gnu/libstdc++.so.6.0.17
7f0c312d5000-7f0c312d7000 rw-p 000f0000 08:03 528173                     /usr/lib/x86_64-linux-gnu/libstdc++.so.6.0.17
7f0c312d7000-7f0c312ec000 rw-p 00000000 00:00 0 
7f0c312ec000-7f0c31c00000 r-xp 00000000 08:03 2231551                    /usr/lib/jvm/java-6-openjdk-amd64/jre/lib/amd64/server/libjvm.so
7f0c31c00000-7f0c31dff000 ---p 00914000 08:03 2231551                    /usr/lib/jvm/java-6-openjdk-amd64/jre/lib/amd64/server/libjvm.so
7f0c31dff000-7f0c31e9b000 rw-p 00913000 08:03 2231551                    /usr/lib/jvm/java-6-openjdk-amd64/jre/lib/amd64/server/libjvm.so
7f0c31e9b000-7f0c31ec4000 rw-p 00000000 00:00 0 
7f0c31ec4000-7f0c32044000 r-xp 00000000 08:03 3538963                    /lib/x86_64-linux-gnu/libc-2.13.so
7f0c32044000-7f0c32244000 ---p 00180000 08:03 3538963                    /lib/x86_64-linux-gnu/libc-2.13.so
7f0c32244000-7f0c32248000 r--p 00180000 08:03 3538963                    /lib/x86_64-linux-gnu/libc-2.13.so
7f0c32248000-7f0c32249000 rw-p 00184000 08:03 3538963                    /lib/x86_64-linux-gnu/libc-2.13.so
7f0c32249000-7f0c3224e000 rw-p 00000000 00:00 0 
7f0c3224e000-7f0c32250000 r-xp 00000000 08:03 3538956                    /lib/x86_64-linux-gnu/libdl-2.13.so
7f0c32250000-7f0c32450000 ---p 00002000 08:03 3538956                    /lib/x86_64-linux-gnu/libdl-2.13.so
7f0c32450000-7f0c32451000 r--p 00002000 08:03 3538956                    /lib/x86_64-linux-gnu/libdl-2.13.so
7f0c32451000-7f0c32452000 rw-p 00003000 08:03 3538956                    /lib/x86_64-linux-gnu/libdl-2.13.so
7f0c32452000-7f0c32456000 r-xp 00000000 08:03 2231548                    /usr/lib/jvm/java-6-openjdk-amd64/jre/lib/amd64/jli/libjli.so
7f0c32456000-7f0c32655000 ---p 00004000 08:03 2231548                    /usr/lib/jvm/java-6-openjdk-amd64/jre/lib/amd64/jli/libjli.so
7f0c32655000-7f0c32656000 rw-p 00003000 08:03 2231548                    /usr/lib/jvm/java-6-openjdk-amd64/jre/lib/amd64/jli/libjli.so
7f0c32656000-7f0c3266d000 r-xp 00000000 08:03 3538953                    /lib/x86_64-linux-gnu/libpthread-2.13.so
7f0c3266d000-7f0c3286c000 ---p 00017000 08:03 3538953                    /lib/x86_64-linux-gnu/libpthread-2.13.so
7f0c3286c000-7f0c3286d000 r--p 00016000 08:03 3538953                    /lib/x86_64-linux-gnu/libpthread-2.13.so
7f0c3286d000-7f0c3286e000 rw-p 00017000 08:03 3538953                    /lib/x86_64-linux-gnu/libpthread-2.13.so
7f0c3286e000-7f0c32872000 rw-p 00000000 00:00 0 
7f0c32872000-7f0c32888000 r-xp 00000000 08:03 3539034                    /lib/x86_64-linux-gnu/libz.so.1.2.7
7f0c32888000-7f0c32a87000 ---p 00016000 08:03 3539034                    /lib/x86_64-linux-gnu/libz.so.1.2.7
7f0c32a87000-7f0c32a88000 r--p 00015000 08:03 3539034                    /lib/x86_64-linux-gnu/libz.so.1.2.7
7f0c32a88000-7f0c32a89000 rw-p 00016000 08:03 3539034                    /lib/x86_64-linux-gnu/libz.so.1.2.7
7f0c32a89000-7f0c32aa9000 r-xp 00000000 08:03 3538966                    /lib/x86_64-linux-gnu/ld-2.13.so
7f0c32aa9000-7f0c32aaa000 r--s 00000000 08:03 4856316                    /var/cache/fontconfig/4794a0821666d79190d59a36cb4f44b5-le64.cache-3
7f0c32aaa000-7f0c32aad000 r--s 00000000 08:03 4854299                    /var/cache/fontconfig/c57959a16110560c8d0fcea73374aeeb-le64.cache-3
7f0c32aad000-7f0c32ab2000 r--s 00000000 08:03 4855942                    /var/cache/fontconfig/3047814df9a2f067bd2d96a2b9c36e5a-le64.cache-3
7f0c32ab2000-7f0c32ab3000 r--s 00000000 08:03 4855939                    /var/cache/fontconfig/e13b20fdb08344e0e664864cc2ede53d-le64.cache-3
7f0c32ab3000-7f0c32ab6000 r--s 0007f000 08:03 2231060                    /usr/lib/jvm/java-6-openjdk-common/jre/lib/jsse.jar
7f0c32ab6000-7f0c32ac3000 r--s 000e6000 08:03 11413237                   /home/brandon/ClearWaterInk/games/WorldsCubed/libs/lwjgl.jar
7f0c32ac3000-7f0c32ac7000 r--s 00027000 08:03 11413238                   /home/brandon/ClearWaterInk/games/WorldsCubed/libs/lwjgl_util.jar
7f0c32ac7000-7f0c32ac8000 r--s 00007000 08:03 793877                     /usr/share/java/java-atk-wrapper.jar
7f0c32ac8000-7f0c32aca000 r--s 00001000 08:03 2231056                    /usr/lib/jvm/java-6-openjdk-common/jre/lib/ext/dnsns.jar
7f0c32aca000-7f0c32ad4000 rw-p 00000000 00:00 0 
7f0c32ad4000-7f0c32b8a000 rw-p 00000000 00:00 0 
7f0c32b8a000-7f0c32b8d000 ---p 00000000 00:00 0 
7f0c32b8d000-7f0c32c90000 rw-p 00000000 00:00 0 
7f0c32c90000-7f0c32c92000 r--s 0000f000 08:03 2231053                    /usr/lib/jvm/java-6-openjdk-common/jre/lib/ext/pulse-java.jar
7f0c32c92000-7f0c32c96000 r--s 00039000 08:03 2231052                    /usr/lib/jvm/java-6-openjdk-common/jre/lib/ext/sunpkcs11.jar
7f0c32c96000-7f0c32c99000 r--s 00031000 08:03 2231055                    /usr/lib/jvm/java-6-openjdk-common/jre/lib/ext/sunjce_provider.jar
7f0c32c99000-7f0c32c9c000 r--s 00077000 08:03 2231054                    /usr/lib/jvm/java-6-openjdk-common/jre/lib/ext/localedata.jar
7f0c32c9c000-7f0c32ca4000 rw-s 00000000 08:03 8002090                    /tmp/hsperfdata_brandon/5981 (deleted)
7f0c32ca4000-7f0c32ca5000 rw-p 00000000 00:00 0 
7f0c32ca5000-7f0c32ca6000 ---p 00000000 00:00 0 
7f0c32ca6000-7f0c32ca8000 rw-p 00000000 00:00 0 
7f0c32ca8000-7f0c32ca9000 r--p 0001f000 08:03 3538966                    /lib/x86_64-linux-gnu/ld-2.13.so
7f0c32ca9000-7f0c32caa000 rw-p 00020000 08:03 3538966                    /lib/x86_64-linux-gnu/ld-2.13.so
7f0c32caa000-7f0c32cab000 rw-p 00000000 00:00 0 
7ffff2360000-7ffff2381000 rw-p 00000000 00:00 0                          [stack]
7ffff23ff000-7ffff2400000 r-xp 00000000 00:00 0                          [vdso]
ffffffffff600000-ffffffffff601000 r-xp 00000000 00:00 0                  [vsyscall]

VM Arguments:
jvm_args: -Djava.library.path=/home/brandon/ClearWaterInk/games/WorldsCubed/libs/natives/linux -Dfile.encoding=UTF-8 
java_command: net.clearwaterink.worldscubed.WorldsCubed
Launcher Type: SUN_STANDARD

Environment Variables:
PATH=/home/brandon/bin:/usr/local/bin:/usr/bin:/bin:/usr/local/games:/usr/games
LD_LIBRARY_PATH=/usr/lib/jvm/java-6-openjdk-amd64/jre/lib/amd64/server:/usr/lib/jvm/java-6-openjdk-amd64/jre/lib/amd64:/usr/lib/jvm/java-6-openjdk-amd64/jre/../lib/amd64
SHELL=/bin/bash
DISPLAY=:0.0

Signal Handlers:
SIGSEGV: [libjvm.so+0x791b10], sa_mask[0]=0x7ffbfeff, sa_flags=0x10000004
SIGBUS: [libjvm.so+0x791b10], sa_mask[0]=0x7ffbfeff, sa_flags=0x10000004
SIGFPE: [libjvm.so+0x65ace0], sa_mask[0]=0x7ffbfeff, sa_flags=0x10000004
SIGPIPE: [libjvm.so+0x65ace0], sa_mask[0]=0x7ffbfeff, sa_flags=0x10000004
SIGXFSZ: [libjvm.so+0x65ace0], sa_mask[0]=0x7ffbfeff, sa_flags=0x10000004
SIGILL: [libjvm.so+0x65ace0], sa_mask[0]=0x7ffbfeff, sa_flags=0x10000004
SIGUSR1: SIG_DFL, sa_mask[0]=0x00000000, sa_flags=0x00000000
SIGUSR2: [libjvm.so+0x65aec0], sa_mask[0]=0x00000004, sa_flags=0x10000004
SIGHUP: [libjvm.so+0x65d500], sa_mask[0]=0x7ffbfeff, sa_flags=0x10000004
SIGINT: [libjvm.so+0x65d500], sa_mask[0]=0x7ffbfeff, sa_flags=0x10000004
SIGTERM: [libjvm.so+0x65d500], sa_mask[0]=0x7ffbfeff, sa_flags=0x10000004
SIGQUIT: [libjvm.so+0x65d500], sa_mask[0]=0x7ffbfeff, sa_flags=0x10000004


---------------  S Y S T E M  ---------------

OS:7.3

uname:Linux 3.2.0-4-amd64 #1 SMP Debian 3.2.51-1 x86_64
libc:glibc 2.13 NPTL 2.13 
rlimit: STACK 8192k, CORE 0k, NPROC 95755, NOFILE 4096, AS infinity
load average:1.39 1.17 1.02

/proc/meminfo:
MemTotal:       12334808 kB
MemFree:         8124112 kB
Buffers:          379264 kB
Cached:          1675264 kB
SwapCached:            0 kB
Active:          2565560 kB
Inactive:        1190032 kB
Active(anon):    1701612 kB
Inactive(anon):    21732 kB
Active(file):     863948 kB
Inactive(file):  1168300 kB
Unevictable:           4 kB
Mlocked:               4 kB
SwapTotal:      13616120 kB
SwapFree:       13616120 kB
Dirty:              1684 kB
Writeback:             0 kB
AnonPages:       1701084 kB
Mapped:           251136 kB
Shmem:             22284 kB
Slab:             242228 kB
SReclaimable:     218164 kB
SUnreclaim:        24064 kB
KernelStack:        3832 kB
PageTables:        26128 kB
NFS_Unstable:          0 kB
Bounce:                0 kB
WritebackTmp:          0 kB
CommitLimit:    19783524 kB
Committed_AS:    3950692 kB
VmallocTotal:   34359738367 kB
VmallocUsed:      329784 kB
VmallocChunk:   34359406412 kB
HardwareCorrupted:     0 kB
AnonHugePages:         0 kB
HugePages_Total:       0
HugePages_Free:        0
HugePages_Rsvd:        0
HugePages_Surp:        0
Hugepagesize:       2048 kB
DirectMap4k:      294272 kB
DirectMap2M:     8093696 kB
DirectMap1G:     4194304 kB


CPU:total 2 (2 cores per cpu, 1 threads per core) family 16 model 6 stepping 3, cmov, cx8, fxsr, mmx, sse, sse2, sse3, popcnt, mmxext, 3dnowpref, lzcnt, sse4a

Memory: 4k page, physical 12334808k(8124112k free), swap 13616120k(13616120k free)

vm_info: OpenJDK 64-Bit Server VM (20.0-b12) for linux-amd64 JRE (1.6.0_27-b27), built on Jul 12 2013 09:04:12 by "jmm" with gcc 4.7.2

time: Fri Feb  7 22:20:44 2014
elapsed time: 9 seconds

