#
# A fatal error has been detected by the Java Runtime Environment:
#
#  SIGSEGV (0xb) at pc=0x00007f26547bee38, pid=3714, tid=139802663700224
#
# JRE version: 6.0_27-b27
# Java VM: OpenJDK 64-Bit Server VM (20.0-b12 mixed mode linux-amd64 compressed oops)
# Derivative: IcedTea6 1.12.6
# Distribution: Debian GNU/Linux 7.1 (wheezy), package 6b27-1.12.6-1~deb7u1
# Problematic frame:
# C  [libX11.so.6+0x3ae38]  XQueryExtension+0x28
#
# If you would like to submit a bug report, please include
# instructions how to reproduce the bug and visit:
#   http://icedtea.classpath.org/bugzilla
#

---------------  T H R E A D  ---------------

Current thread (0x0000000000fc6800):  VMThread [stack: 0x00007f26580bc000,0x00007f26581bd000] [id=3729]

siginfo:si_signo=SIGSEGV: si_errno=0, si_code=1 (SEGV_MAPERR), si_addr=0x00000000500cc9c8

Registers:
RAX=0x0000000000f69360, RBX=0x00000000500cc060, RCX=0x00007f26581bb9d8, RDX=0x00007f26581bb9d4
RSP=0x00007f26581bb970, RBP=0x00007f264e595c60, RSI=0x00007f264e45de12, RDI=0x00000000500cc060
R8 =0x00007f26581bb9dc, R9 =0x0000000000000000, R10=0x00007f265eaab768, R11=0x00007f265e75b0d0
R12=0x00007f264e45de12, R13=0x0000000000f69360, R14=0x00007f26500ca0b0, R15=0x00007f26500dba80
RIP=0x00007f26547bee38, EFLAGS=0x0000000000010202, CSGSFS=0x0000000000000033, ERR=0x0000000000000004
  TRAPNO=0x000000000000000e

Top of Stack: (sp=0x00007f26581bb970)
0x00007f26581bb970:   0000000000000020 00007f2659326438
0x00007f26581bb980:   00007f265e7325c8 00007f265f4ee000
0x00007f26581bb990:   00007f265e7325c8 00000000500cc060
0x00007f26581bb9a0:   00007f264e595c60 00007f264e45de12
0x00007f26581bb9b0:   0000000000f69360 00007f26500ca0b0
0x00007f26581bb9c0:   00007f26500dba80 00007f26547b2e72
0x00007f26581bb9d0:   00007f26500ca0b0 0000000000000000
0x00007f26581bb9e0:   0000000000000000 00007f264e595c60
0x00007f26581bb9f0:   00000000500cc060 00007f2654acc71d
0x00007f26581bba00:   00007f264e45de12 000000115e7325c8
0x00007f26581bba10:   00007f26581bba90 0000000000000000
0x00007f26581bba20:   00007f26581bba90 00000000500cc060
0x00007f26581bba30:   00007f265f509048 00007f26500ca0b0
0x00007f26581bba40:   00007f264e5af490 00007f264e409fd9
0x00007f26581bba50:   0000000000000000 000000000000002b
0x00007f26581bba60:   00007f26581bba90 0000000000000000
0x00007f26581bba70:   00007f265f509048 00007f26500ca0b0
0x00007f26581bba80:   000000000000001b 00007f264e3fe6e2
0x00007f26581bba90:   00007f26581bbc90 00007f264e45dd81
0x00007f26581bbaa0:   00007f26581bbc90 00007f265f2f74ec
0x00007f26581bbab0:   00007f265f50a1c8 00007f265f50a758
0x00007f26581bbac0:   00007f265f4ef508 0000000000f5f5a0
0x00007f26581bbad0:   0000000000f5fac0 0000000000f5ffc0
0x00007f26581bbae0:   0000000000f64cc0 00007f265003d510
0x00007f26581bbaf0:   00007f265003d9f0 00007f265f5077f0
0x00007f26581bbb00:   00007f26500c4d10 00007f26500c4840
0x00007f26581bbb10:   00007f26500b12c0 00007f26500bc360
0x00007f26581bbb20:   00007f2650001d30 00007f265000c7b0
0x00007f26581bbb30:   00007f265000cc50 00007f2650002e30
0x00007f26581bbb40:   0000000000f5b600 0000000000f5bbe0
0x00007f26581bbb50:   0000000000f5af40 0000000000f565f0
0x00007f26581bbb60:   0000000000f56b60 0000000000f57570 

Instructions: (pc=0x00007f26547bee38)
0x00007f26547bee18:   24 e0 48 89 fb 4c 89 6c 24 e8 4c 89 74 24 f0 49
0x00007f26547bee28:   89 f4 4c 89 7c 24 f8 48 89 6c 24 d8 48 83 ec 58
0x00007f26547bee38:   48 8b 87 68 09 00 00 49 89 d7 49 89 ce 4d 89 c5
0x00007f26547bee48:   48 85 c0 74 02 ff 10 ba 08 00 00 00 be 62 00 00 

Register to memory mapping:

RAX=0x0000000000f69360 is an unknown value
RBX=0x00000000500cc060 is an unknown value
RCX=0x00007f26581bb9d8 is an unknown value
RDX=0x00007f26581bb9d4 is an unknown value
RSP=0x00007f26581bb970 is an unknown value
RBP=0x00007f264e595c60: <offset 0x1cac60> in /usr/lib/x86_64-linux-gnu/libGL.so.1 at 0x00007f264e3cb000
RSI=0x00007f264e45de12: <offset 0x92e12> in /usr/lib/x86_64-linux-gnu/libGL.so.1 at 0x00007f264e3cb000
RDI=0x00000000500cc060 is an unknown value
R8 =0x00007f26581bb9dc is an unknown value
R9 =0x0000000000000000 is an unknown value
R10=0x00007f265eaab768: <offset 0x387768> in /lib/x86_64-linux-gnu/libc.so.6 at 0x00007f265e724000
R11=0x00007f265e75b0d0: __cxa_finalize+0 in /lib/x86_64-linux-gnu/libc.so.6 at 0x00007f265e724000
R12=0x00007f264e45de12: <offset 0x92e12> in /usr/lib/x86_64-linux-gnu/libGL.so.1 at 0x00007f264e3cb000
R13=0x0000000000f69360 is an unknown value
R14=0x00007f26500ca0b0 is an unknown value
R15=0x00007f26500dba80 is an unknown value


Stack: [0x00007f26580bc000,0x00007f26581bd000],  sp=0x00007f26581bb970,  free space=1022k
Native frames: (J=compiled Java code, j=interpreted, Vv=VM code, C=native code)
C  [libX11.so.6+0x3ae38]  XQueryExtension+0x28

VM_Operation (0x00007f265f4e95d0): Exit, mode: safepoint, requested by thread 0x0000000000f61000


---------------  P R O C E S S  ---------------

Java Threads: ( => current thread )
  0x00007f26500ac800 JavaThread "AWT-XAWT" daemon [_thread_blocked, id=3745, stack(0x00007f264ef4c000,0x00007f264f04d000)]
  0x00007f265004c800 JavaThread "Java2D Disposer" daemon [_thread_blocked, id=3744, stack(0x00007f2654066000,0x00007f2654167000)]
  0x0000000000ffd800 JavaThread "Low Memory Detector" daemon [_thread_blocked, id=3741, stack(0x00007f265793f000,0x00007f2657a40000)]
  0x0000000000ff8800 JavaThread "C2 CompilerThread1" daemon [_thread_blocked, id=3740, stack(0x00007f2657a40000,0x00007f2657b41000)]
  0x0000000000ff3800 JavaThread "C2 CompilerThread0" daemon [_thread_blocked, id=3739, stack(0x00007f2657b41000,0x00007f2657c42000)]
  0x0000000000fcd800 JavaThread "Finalizer" daemon [_thread_blocked, id=3732, stack(0x00007f2657eba000,0x00007f2657fbb000)]
  0x0000000000fcb800 JavaThread "Reference Handler" daemon [_thread_blocked, id=3731, stack(0x00007f2657fbb000,0x00007f26580bc000)]
  0x0000000000f61000 JavaThread "main" [_thread_blocked, id=3717, stack(0x00007f265f3ea000,0x00007f265f4eb000)]

Other Threads:
=>0x0000000000fc6800 VMThread [stack: 0x00007f26580bc000,0x00007f26581bd000] [id=3729]

VM state:at safepoint (shutting down)

VM Mutex/Monitor currently owned by a thread:  ([mutex/lock_event])
[0x0000000000f5da10] Threads_lock - owner thread: 0x0000000000fc6800

Heap
 PSYoungGen      total 56256K, used 37996K [0x00000007c1400000, 0x00000007c81e0000, 0x0000000800000000)
  eden space 48256K, 62% used [0x00000007c1400000,0x00000007c314b2c0,0x00000007c4320000)
  from space 8000K, 100% used [0x00000007c4320000,0x00000007c4af0000,0x00000007c4af0000)
  to   space 8000K, 0% used [0x00000007c7a10000,0x00000007c7a10000,0x00000007c81e0000)
 PSOldGen        total 128512K, used 45096K [0x0000000743c00000, 0x000000074b980000, 0x00000007c1400000)
  object space 128512K, 35% used [0x0000000743c00000,0x000000074680a000,0x000000074b980000)
 PSPermGen       total 21248K, used 9692K [0x0000000739600000, 0x000000073aac0000, 0x0000000743c00000)
  object space 21248K, 45% used [0x0000000739600000,0x0000000739f77158,0x000000073aac0000)

Code Cache  [0x00007f2659326000, 0x00007f2659596000, 0x00007f265c326000)
 total_blobs=508 nmethods=56 adapters=407 free_code_cache=49687680 largest_free_block=6400

Dynamic libraries:
00400000-00409000 r-xp 00000000 08:03 2231614                            /usr/lib/jvm/java-6-openjdk-amd64/jre/bin/java
00608000-00609000 rw-p 00008000 08:03 2231614                            /usr/lib/jvm/java-6-openjdk-amd64/jre/bin/java
00f56000-01459000 rw-p 00000000 00:00 0                                  [heap]
739600000-73aac0000 rw-p 00000000 00:00 0 
73aac0000-743c00000 rw-p 00000000 00:00 0 
743c00000-74b980000 rw-p 00000000 00:00 0 
74b980000-7c1400000 rw-p 00000000 00:00 0 
7c1400000-7c81e0000 rw-p 00000000 00:00 0 
7c81e0000-800000000 rw-p 00000000 00:00 0 
7f264b423000-7f264b426000 ---p 00000000 00:00 0 
7f264b426000-7f264b524000 rw-p 00000000 00:00 0 
7f264b524000-7f264bc24000 rw-s 00006000 00:05 8578                       /dev/ati/card0
7f264bc24000-7f264bc26000 r-xp 00000000 08:03 534782                     /usr/lib/x86_64-linux-gnu/libXinerama.so.1.0.0
7f264bc26000-7f264be25000 ---p 00002000 08:03 534782                     /usr/lib/x86_64-linux-gnu/libXinerama.so.1.0.0
7f264be25000-7f264be26000 rw-p 00001000 08:03 534782                     /usr/lib/x86_64-linux-gnu/libXinerama.so.1.0.0
7f264be26000-7f264be72000 r-xp 00000000 08:03 539328                     /usr/lib/x86_64-linux-gnu/libatiadlxx.so
7f264be72000-7f264bf72000 ---p 0004c000 08:03 539328                     /usr/lib/x86_64-linux-gnu/libatiadlxx.so
7f264bf72000-7f264bf7d000 rw-p 0004c000 08:03 539328                     /usr/lib/x86_64-linux-gnu/libatiadlxx.so
7f264bf7d000-7f264bf8d000 rw-p 00000000 00:00 0 
7f264bfa3000-7f264df41000 r-xp 00000000 08:03 921615                     /usr/lib/x86_64-linux-gnu/dri/fglrx_dri.so
7f264df41000-7f264e040000 ---p 01f9e000 08:03 921615                     /usr/lib/x86_64-linux-gnu/dri/fglrx_dri.so
7f264e040000-7f264e18e000 rwxp 01f9d000 08:03 921615                     /usr/lib/x86_64-linux-gnu/dri/fglrx_dri.so
7f264e18e000-7f264e2c2000 rwxp 00000000 00:00 0 
7f264e2c2000-7f264e2c9000 r-xp 00000000 08:03 539324                     /usr/lib/x86_64-linux-gnu/libatiuki.so.1.0
7f264e2c9000-7f264e3c9000 ---p 00007000 08:03 539324                     /usr/lib/x86_64-linux-gnu/libatiuki.so.1.0
7f264e3c9000-7f264e3ca000 rw-p 00007000 08:03 539324                     /usr/lib/x86_64-linux-gnu/libatiuki.so.1.0
7f264e3ca000-7f264e3cb000 rw-p 00000000 00:00 0 
7f264e3cb000-7f264e489000 r-xp 00000000 08:03 1445187                    /usr/lib/x86_64-linux-gnu/fglrx/fglrx-libGL.so.1.2
7f264e489000-7f264e589000 ---p 000be000 08:03 1445187                    /usr/lib/x86_64-linux-gnu/fglrx/fglrx-libGL.so.1.2
7f264e589000-7f264e5b0000 rwxp 000be000 08:03 1445187                    /usr/lib/x86_64-linux-gnu/fglrx/fglrx-libGL.so.1.2
7f264e5b0000-7f264e5cf000 rwxp 00000000 00:00 0 
7f264e5cf000-7f264e5d2000 ---p 00000000 00:00 0 
7f264e5d2000-7f264e6d0000 rw-p 00000000 00:00 0 
7f264e6d0000-7f264e6d4000 r-xp 00000000 08:03 535177                     /usr/lib/x86_64-linux-gnu/libXxf86vm.so.1.0.0
7f264e6d4000-7f264e8d4000 ---p 00004000 08:03 535177                     /usr/lib/x86_64-linux-gnu/libXxf86vm.so.1.0.0
7f264e8d4000-7f264e8d5000 r--p 00004000 08:03 535177                     /usr/lib/x86_64-linux-gnu/libXxf86vm.so.1.0.0
7f264e8d5000-7f264e8d6000 rw-p 00005000 08:03 535177                     /usr/lib/x86_64-linux-gnu/libXxf86vm.so.1.0.0
7f264e8d6000-7f264e8dd000 r-xp 00000000 08:03 534784                     /usr/lib/x86_64-linux-gnu/libXrandr.so.2.2.0
7f264e8dd000-7f264eadd000 ---p 00007000 08:03 534784                     /usr/lib/x86_64-linux-gnu/libXrandr.so.2.2.0
7f264eadd000-7f264eade000 rw-p 00007000 08:03 534784                     /usr/lib/x86_64-linux-gnu/libXrandr.so.2.2.0
7f264eade000-7f264eb48000 r-xp 00000000 08:03 12332350                   /home/brandon/ClearWaterInk/games/WorldsCubed/libs/natives/linux/liblwjgl64.so
7f264eb48000-7f264ed48000 ---p 0006a000 08:03 12332350                   /home/brandon/ClearWaterInk/games/WorldsCubed/libs/natives/linux/liblwjgl64.so
7f264ed48000-7f264ed4a000 r--p 0006a000 08:03 12332350                   /home/brandon/ClearWaterInk/games/WorldsCubed/libs/natives/linux/liblwjgl64.so
7f264ed4a000-7f264ed4b000 rw-p 0006c000 08:03 12332350                   /home/brandon/ClearWaterInk/games/WorldsCubed/libs/natives/linux/liblwjgl64.so
7f264ed4b000-7f264ed4c000 r-xp 00000000 08:03 2231545                    /usr/lib/jvm/java-6-openjdk-amd64/jre/lib/amd64/libjawt.so
7f264ed4c000-7f264ef4b000 ---p 00001000 08:03 2231545                    /usr/lib/jvm/java-6-openjdk-amd64/jre/lib/amd64/libjawt.so
7f264ef4b000-7f264ef4c000 rw-p 00000000 08:03 2231545                    /usr/lib/jvm/java-6-openjdk-amd64/jre/lib/amd64/libjawt.so
7f264ef4c000-7f264ef4f000 ---p 00000000 00:00 0 
7f264ef4f000-7f264f04d000 rw-p 00000000 00:00 0 
7f264f04d000-7f264f056000 r--s 00000000 08:03 4854967                    /var/cache/fontconfig/945677eb7aeaf62f1d50efc3fb3ec7d8-le64.cache-3
7f264f056000-7f264f05f000 r--s 00000000 08:03 4856317                    /var/cache/fontconfig/6d41288fd70b0be22e8c3a91e032eec0-le64.cache-3
7f264f05f000-7f264f08d000 r--s 00000000 08:03 4855897                    /var/cache/fontconfig/365b55f210c0a22e9a19e35191240f32-le64.cache-3
7f264f0a1000-7f264f0c1000 rw-s fe9e0000 00:05 8578                       /dev/ati/card0
7f264f0c1000-7f264f0c6000 r-xp 00000000 08:03 534774                     /usr/lib/x86_64-linux-gnu/libXfixes.so.3.1.0
7f264f0c6000-7f264f2c5000 ---p 00005000 08:03 534774                     /usr/lib/x86_64-linux-gnu/libXfixes.so.3.1.0
7f264f2c5000-7f264f2c6000 r--p 00004000 08:03 534774                     /usr/lib/x86_64-linux-gnu/libXfixes.so.3.1.0
7f264f2c6000-7f264f2c7000 rw-p 00005000 08:03 534774                     /usr/lib/x86_64-linux-gnu/libXfixes.so.3.1.0
7f264f2c7000-7f264f2d1000 r-xp 00000000 08:03 534776                     /usr/lib/x86_64-linux-gnu/libXcursor.so.1.0.2
7f264f2d1000-7f264f4d0000 ---p 0000a000 08:03 534776                     /usr/lib/x86_64-linux-gnu/libXcursor.so.1.0.2
7f264f4d0000-7f264f4d1000 rw-p 00009000 08:03 534776                     /usr/lib/x86_64-linux-gnu/libXcursor.so.1.0.2
7f264f4e7000-7f264f4ee000 r--s 000fc000 08:03 2231068                    /usr/lib/jvm/java-6-openjdk-common/jre/lib/resources.jar
7f264f4ee000-7f264f587000 r-xp 00000000 08:03 530994                     /usr/lib/x86_64-linux-gnu/libfreetype.so.6.8.1
7f264f587000-7f264f786000 ---p 00099000 08:03 530994                     /usr/lib/x86_64-linux-gnu/libfreetype.so.6.8.1
7f264f786000-7f264f78c000 r--p 00098000 08:03 530994                     /usr/lib/x86_64-linux-gnu/libfreetype.so.6.8.1
7f264f78c000-7f264f78d000 rw-p 0009e000 08:03 530994                     /usr/lib/x86_64-linux-gnu/libfreetype.so.6.8.1
7f264f78d000-7f264f7d5000 r-xp 00000000 08:03 2231539                    /usr/lib/jvm/java-6-openjdk-amd64/jre/lib/amd64/libfontmanager.so
7f264f7d5000-7f264f9d5000 ---p 00048000 08:03 2231539                    /usr/lib/jvm/java-6-openjdk-amd64/jre/lib/amd64/libfontmanager.so
7f264f9d5000-7f264f9d8000 rw-p 00048000 08:03 2231539                    /usr/lib/jvm/java-6-openjdk-amd64/jre/lib/amd64/libfontmanager.so
7f264f9d8000-7f264f9dd000 r-xp 00000000 08:03 531316                     /usr/lib/x86_64-linux-gnu/libXdmcp.so.6.0.0
7f264f9dd000-7f264fbdc000 ---p 00005000 08:03 531316                     /usr/lib/x86_64-linux-gnu/libXdmcp.so.6.0.0
7f264fbdc000-7f264fbdd000 rw-p 00004000 08:03 531316                     /usr/lib/x86_64-linux-gnu/libXdmcp.so.6.0.0
7f264fbdd000-7f264fbdf000 r-xp 00000000 08:03 531314                     /usr/lib/x86_64-linux-gnu/libXau.so.6.0.0
7f264fbdf000-7f264fddf000 ---p 00002000 08:03 531314                     /usr/lib/x86_64-linux-gnu/libXau.so.6.0.0
7f264fddf000-7f264fde0000 rw-p 00002000 08:03 531314                     /usr/lib/x86_64-linux-gnu/libXau.so.6.0.0
7f264fde0000-7f264fdff000 r-xp 00000000 08:03 531318                     /usr/lib/x86_64-linux-gnu/libxcb.so.1.1.0
7f264fdff000-7f264fffe000 ---p 0001f000 08:03 531318                     /usr/lib/x86_64-linux-gnu/libxcb.so.1.1.0
7f264fffe000-7f264ffff000 r--p 0001e000 08:03 531318                     /usr/lib/x86_64-linux-gnu/libxcb.so.1.1.0
7f264ffff000-7f2650000000 rw-p 0001f000 08:03 531318                     /usr/lib/x86_64-linux-gnu/libxcb.so.1.1.0
7f2650000000-7f26511c1000 rw-p 00000000 00:00 0 
7f26511c1000-7f2654000000 ---p 00000000 00:00 0 
7f2654001000-7f2654002000 rw-s 00005000 00:05 8578                       /dev/ati/card0
7f2654002000-7f2654006000 r--s 00000000 08:03 4855898                    /var/cache/fontconfig/a46337af8a0b4c9b317ad981ec3bdf87-le64.cache-3
7f2654006000-7f2654009000 r--s 00000000 08:03 4854299                    /var/cache/fontconfig/c57959a16110560c8d0fcea73374aeeb-le64.cache-3
7f2654009000-7f265400e000 r--s 00000000 08:03 4855942                    /var/cache/fontconfig/3047814df9a2f067bd2d96a2b9c36e5a-le64.cache-3
7f265400e000-7f2654016000 r--s 00000000 08:03 4853581                    /var/cache/fontconfig/3f7329c5293ffd510edef78f73874cfd-le64.cache-3
7f2654016000-7f2654020000 r--s 00000000 08:03 4856314                    /var/cache/fontconfig/83bf95040141907cd45bb53cf7c1c148-le64.cache-3
7f2654020000-7f2654021000 r--s 00000000 08:03 4855939                    /var/cache/fontconfig/e13b20fdb08344e0e664864cc2ede53d-le64.cache-3
7f2654021000-7f2654022000 r--s 00000000 08:03 4856319                    /var/cache/fontconfig/c05880de57d1f5e948fdfacc138775d9-le64.cache-3
7f2654022000-7f265402b000 r--s 00000000 08:03 4854967                    /var/cache/fontconfig/945677eb7aeaf62f1d50efc3fb3ec7d8-le64.cache-3
7f265402b000-7f265402f000 r--s 00000000 08:03 4855898                    /var/cache/fontconfig/a46337af8a0b4c9b317ad981ec3bdf87-le64.cache-3
7f265402f000-7f2654038000 r--s 00000000 08:03 4856317                    /var/cache/fontconfig/6d41288fd70b0be22e8c3a91e032eec0-le64.cache-3
7f2654038000-7f2654066000 r--s 00000000 08:03 4855897                    /var/cache/fontconfig/365b55f210c0a22e9a19e35191240f32-le64.cache-3
7f2654066000-7f2654069000 ---p 00000000 00:00 0 
7f2654069000-7f2654167000 rw-p 00000000 00:00 0 
7f2654167000-7f2654175000 r-xp 00000000 08:03 534780                     /usr/lib/x86_64-linux-gnu/libXi.so.6.1.0
7f2654175000-7f2654375000 ---p 0000e000 08:03 534780                     /usr/lib/x86_64-linux-gnu/libXi.so.6.1.0
7f2654375000-7f2654376000 rw-p 0000e000 08:03 534780                     /usr/lib/x86_64-linux-gnu/libXi.so.6.1.0
7f2654376000-7f265437b000 r-xp 00000000 08:03 535605                     /usr/lib/x86_64-linux-gnu/libXtst.so.6.1.0
7f265437b000-7f265457a000 ---p 00005000 08:03 535605                     /usr/lib/x86_64-linux-gnu/libXtst.so.6.1.0
7f265457a000-7f265457b000 rw-p 00004000 08:03 535605                     /usr/lib/x86_64-linux-gnu/libXtst.so.6.1.0
7f265457b000-7f2654584000 r-xp 00000000 08:03 534524                     /usr/lib/x86_64-linux-gnu/libXrender.so.1.3.0
7f2654584000-7f2654783000 ---p 00009000 08:03 534524                     /usr/lib/x86_64-linux-gnu/libXrender.so.1.3.0
7f2654783000-7f2654784000 rw-p 00008000 08:03 534524                     /usr/lib/x86_64-linux-gnu/libXrender.so.1.3.0
7f2654784000-7f26548b9000 r-xp 00000000 08:03 531323                     /usr/lib/x86_64-linux-gnu/libX11.so.6.3.0
7f26548b9000-7f2654ab9000 ---p 00135000 08:03 531323                     /usr/lib/x86_64-linux-gnu/libX11.so.6.3.0
7f2654ab9000-7f2654abf000 rw-p 00135000 08:03 531323                     /usr/lib/x86_64-linux-gnu/libX11.so.6.3.0
7f2654abf000-7f2654ad0000 r-xp 00000000 08:03 531325                     /usr/lib/x86_64-linux-gnu/libXext.so.6.4.0
7f2654ad0000-7f2654cd0000 ---p 00011000 08:03 531325                     /usr/lib/x86_64-linux-gnu/libXext.so.6.4.0
7f2654cd0000-7f2654cd1000 rw-p 00011000 08:03 531325                     /usr/lib/x86_64-linux-gnu/libXext.so.6.4.0
7f2654cd1000-7f2654cd3000 rw-s 00002000 00:05 8578                       /dev/ati/card0
7f2654cd3000-7f2654cd4000 r--s 00000000 08:03 4856319                    /var/cache/fontconfig/c05880de57d1f5e948fdfacc138775d9-le64.cache-3
7f2654cd4000-7f2654cd5000 r--s 00000000 08:03 4856316                    /var/cache/fontconfig/4794a0821666d79190d59a36cb4f44b5-le64.cache-3
7f2654cd5000-7f2654cd6000 r--s 00000000 08:03 4856316                    /var/cache/fontconfig/4794a0821666d79190d59a36cb4f44b5-le64.cache-3
7f2654cd6000-7f2654cd9000 r--s 00000000 08:03 4854299                    /var/cache/fontconfig/c57959a16110560c8d0fcea73374aeeb-le64.cache-3
7f2654cd9000-7f2654cde000 r--s 00000000 08:03 4855942                    /var/cache/fontconfig/3047814df9a2f067bd2d96a2b9c36e5a-le64.cache-3
7f2654cde000-7f2654ce6000 r--s 00000000 08:03 4853581                    /var/cache/fontconfig/3f7329c5293ffd510edef78f73874cfd-le64.cache-3
7f2654ce6000-7f2654ce7000 r--s 00000000 08:03 4855939                    /var/cache/fontconfig/e13b20fdb08344e0e664864cc2ede53d-le64.cache-3
7f2654ce7000-7f2654d34000 r-xp 00000000 08:03 2231706                    /usr/lib/jvm/java-6-openjdk-amd64/jre/lib/amd64/xawt/libmawt.so
7f2654d34000-7f2654f33000 ---p 0004d000 08:03 2231706                    /usr/lib/jvm/java-6-openjdk-amd64/jre/lib/amd64/xawt/libmawt.so
7f2654f33000-7f2654f37000 rw-p 0004c000 08:03 2231706                    /usr/lib/jvm/java-6-openjdk-amd64/jre/lib/amd64/xawt/libmawt.so
7f2654f37000-7f2654f38000 rw-p 00000000 00:00 0 
7f2654f38000-7f2654fe8000 r-xp 00000000 08:03 2231546                    /usr/lib/jvm/java-6-openjdk-amd64/jre/lib/amd64/libawt.so
7f2654fe8000-7f26551e7000 ---p 000b0000 08:03 2231546                    /usr/lib/jvm/java-6-openjdk-amd64/jre/lib/amd64/libawt.so
7f26551e7000-7f26551f3000 rw-p 000af000 08:03 2231546                    /usr/lib/jvm/java-6-openjdk-amd64/jre/lib/amd64/libawt.so
7f26551f3000-7f265783e000 rw-p 00000000 00:00 0 
7f265783e000-7f265783f000 ---p 00000000 00:00 0 
7f265783f000-7f265793f000 rw-p 00000000 00:00 0 
7f265793f000-7f2657942000 ---p 00000000 00:00 0 
7f2657942000-7f2657a40000 rw-p 00000000 00:00 0 
7f2657a40000-7f2657a43000 ---p 00000000 00:00 0 
7f2657a43000-7f2657b41000 rw-p 00000000 00:00 0 
7f2657b41000-7f2657b44000 ---p 00000000 00:00 0 
7f2657b44000-7f2657c42000 rw-p 00000000 00:00 0 
7f2657c42000-7f2657c45000 ---p 00000000 00:00 0 
7f2657c45000-7f2657d43000 rw-p 00000000 00:00 0 
7f2657d43000-7f2657eba000 r--p 00000000 08:03 530955                     /usr/lib/locale/locale-archive
7f2657eba000-7f2657ebd000 ---p 00000000 00:00 0 
7f2657ebd000-7f2657fbb000 rw-p 00000000 00:00 0 
7f2657fbb000-7f2657fbe000 ---p 00000000 00:00 0 
7f2657fbe000-7f26580bc000 rw-p 00000000 00:00 0 
7f26580bc000-7f26580bd000 ---p 00000000 00:00 0 
7f26580bd000-7f26584f3000 rw-p 00000000 00:00 0 
7f26584f3000-7f2658687000 r--s 03807000 08:03 2231586                    /usr/lib/jvm/java-6-openjdk-amd64/jre/lib/rt.jar
7f2658687000-7f26586af000 rw-p 00000000 00:00 0 
7f26586af000-7f26586b0000 ---p 00000000 00:00 0 
7f26586b0000-7f26587b0000 rw-p 00000000 00:00 0 
7f26587b0000-7f26587b1000 ---p 00000000 00:00 0 
7f26587b1000-7f26588bc000 rw-p 00000000 00:00 0 
7f26588bc000-7f2658904000 rw-p 00000000 00:00 0 
7f2658904000-7f2658943000 rw-p 00000000 00:00 0 
7f2658943000-7f2658cf0000 rw-p 00000000 00:00 0 
7f2658cf0000-7f2658cfb000 rw-p 00000000 00:00 0 
7f2658cfb000-7f2658d43000 rw-p 00000000 00:00 0 
7f2658d43000-7f2658d82000 rw-p 00000000 00:00 0 
7f2658d82000-7f265912f000 rw-p 00000000 00:00 0 
7f265912f000-7f2659166000 rw-p 00000000 00:00 0 
7f2659166000-7f2659325000 rw-p 00000000 00:00 0 
7f2659325000-7f2659326000 rw-p 00000000 00:00 0 
7f2659326000-7f2659596000 rwxp 00000000 00:00 0 
7f2659596000-7f265c326000 rw-p 00000000 00:00 0 
7f265c326000-7f265c32d000 r-xp 00000000 08:03 2231575                    /usr/lib/jvm/java-6-openjdk-amd64/jre/lib/amd64/libzip.so
7f265c32d000-7f265c52c000 ---p 00007000 08:03 2231575                    /usr/lib/jvm/java-6-openjdk-amd64/jre/lib/amd64/libzip.so
7f265c52c000-7f265c52d000 rw-p 00006000 08:03 2231575                    /usr/lib/jvm/java-6-openjdk-amd64/jre/lib/amd64/libzip.so
7f265c52d000-7f265c538000 r-xp 00000000 08:03 3538957                    /lib/x86_64-linux-gnu/libnss_files-2.13.so
7f265c538000-7f265c737000 ---p 0000b000 08:03 3538957                    /lib/x86_64-linux-gnu/libnss_files-2.13.so
7f265c737000-7f265c738000 r--p 0000a000 08:03 3538957                    /lib/x86_64-linux-gnu/libnss_files-2.13.so
7f265c738000-7f265c739000 rw-p 0000b000 08:03 3538957                    /lib/x86_64-linux-gnu/libnss_files-2.13.so
7f265c739000-7f265c743000 r-xp 00000000 08:03 3538969                    /lib/x86_64-linux-gnu/libnss_nis-2.13.so
7f265c743000-7f265c942000 ---p 0000a000 08:03 3538969                    /lib/x86_64-linux-gnu/libnss_nis-2.13.so
7f265c942000-7f265c943000 r--p 00009000 08:03 3538969                    /lib/x86_64-linux-gnu/libnss_nis-2.13.so
7f265c943000-7f265c944000 rw-p 0000a000 08:03 3538969                    /lib/x86_64-linux-gnu/libnss_nis-2.13.so
7f265c944000-7f265c94b000 r-xp 00000000 08:03 3538959                    /lib/x86_64-linux-gnu/libnss_compat-2.13.so
7f265c94b000-7f265cb4a000 ---p 00007000 08:03 3538959                    /lib/x86_64-linux-gnu/libnss_compat-2.13.so
7f265cb4a000-7f265cb4b000 r--p 00006000 08:03 3538959                    /lib/x86_64-linux-gnu/libnss_compat-2.13.so
7f265cb4b000-7f265cb4c000 rw-p 00007000 08:03 3538959                    /lib/x86_64-linux-gnu/libnss_compat-2.13.so
7f265cb4c000-7f265cb61000 r-xp 00000000 08:03 3538967                    /lib/x86_64-linux-gnu/libnsl-2.13.so
7f265cb61000-7f265cd60000 ---p 00015000 08:03 3538967                    /lib/x86_64-linux-gnu/libnsl-2.13.so
7f265cd60000-7f265cd61000 r--p 00014000 08:03 3538967                    /lib/x86_64-linux-gnu/libnsl-2.13.so
7f265cd61000-7f265cd62000 rw-p 00015000 08:03 3538967                    /lib/x86_64-linux-gnu/libnsl-2.13.so
7f265cd62000-7f265cd64000 rw-p 00000000 00:00 0 
7f265cd64000-7f265cd92000 r-xp 00000000 08:03 2231561                    /usr/lib/jvm/java-6-openjdk-amd64/jre/lib/amd64/libjava.so
7f265cd92000-7f265cf91000 ---p 0002e000 08:03 2231561                    /usr/lib/jvm/java-6-openjdk-amd64/jre/lib/amd64/libjava.so
7f265cf91000-7f265cf95000 rw-p 0002d000 08:03 2231561                    /usr/lib/jvm/java-6-openjdk-amd64/jre/lib/amd64/libjava.so
7f265cf95000-7f265cfa4000 r-xp 00000000 08:03 2231544                    /usr/lib/jvm/java-6-openjdk-amd64/jre/lib/amd64/libverify.so
7f265cfa4000-7f265d1a3000 ---p 0000f000 08:03 2231544                    /usr/lib/jvm/java-6-openjdk-amd64/jre/lib/amd64/libverify.so
7f265d1a3000-7f265d1a5000 rw-p 0000e000 08:03 2231544                    /usr/lib/jvm/java-6-openjdk-amd64/jre/lib/amd64/libverify.so
7f265d1a5000-7f265d1ac000 r-xp 00000000 08:03 3538958                    /lib/x86_64-linux-gnu/librt-2.13.so
7f265d1ac000-7f265d3ab000 ---p 00007000 08:03 3538958                    /lib/x86_64-linux-gnu/librt-2.13.so
7f265d3ab000-7f265d3ac000 r--p 00006000 08:03 3538958                    /lib/x86_64-linux-gnu/librt-2.13.so
7f265d3ac000-7f265d3ad000 rw-p 00007000 08:03 3538958                    /lib/x86_64-linux-gnu/librt-2.13.so
7f265d3ad000-7f265d3c2000 r-xp 00000000 08:03 3538948                    /lib/x86_64-linux-gnu/libgcc_s.so.1
7f265d3c2000-7f265d5c2000 ---p 00015000 08:03 3538948                    /lib/x86_64-linux-gnu/libgcc_s.so.1
7f265d5c2000-7f265d5c3000 rw-p 00015000 08:03 3538948                    /lib/x86_64-linux-gnu/libgcc_s.so.1
7f265d5c3000-7f265d644000 r-xp 00000000 08:03 3538960                    /lib/x86_64-linux-gnu/libm-2.13.so
7f265d644000-7f265d843000 ---p 00081000 08:03 3538960                    /lib/x86_64-linux-gnu/libm-2.13.so
7f265d843000-7f265d844000 r--p 00080000 08:03 3538960                    /lib/x86_64-linux-gnu/libm-2.13.so
7f265d844000-7f265d845000 rw-p 00081000 08:03 3538960                    /lib/x86_64-linux-gnu/libm-2.13.so
7f265d845000-7f265d92d000 r-xp 00000000 08:03 528173                     /usr/lib/x86_64-linux-gnu/libstdc++.so.6.0.17
7f265d92d000-7f265db2d000 ---p 000e8000 08:03 528173                     /usr/lib/x86_64-linux-gnu/libstdc++.so.6.0.17
7f265db2d000-7f265db35000 r--p 000e8000 08:03 528173                     /usr/lib/x86_64-linux-gnu/libstdc++.so.6.0.17
7f265db35000-7f265db37000 rw-p 000f0000 08:03 528173                     /usr/lib/x86_64-linux-gnu/libstdc++.so.6.0.17
7f265db37000-7f265db4c000 rw-p 00000000 00:00 0 
7f265db4c000-7f265e460000 r-xp 00000000 08:03 2231551                    /usr/lib/jvm/java-6-openjdk-amd64/jre/lib/amd64/server/libjvm.so
7f265e460000-7f265e65f000 ---p 00914000 08:03 2231551                    /usr/lib/jvm/java-6-openjdk-amd64/jre/lib/amd64/server/libjvm.so
7f265e65f000-7f265e6fb000 rw-p 00913000 08:03 2231551                    /usr/lib/jvm/java-6-openjdk-amd64/jre/lib/amd64/server/libjvm.so
7f265e6fb000-7f265e724000 rw-p 00000000 00:00 0 
7f265e724000-7f265e8a4000 r-xp 00000000 08:03 3538963                    /lib/x86_64-linux-gnu/libc-2.13.so
7f265e8a4000-7f265eaa4000 ---p 00180000 08:03 3538963                    /lib/x86_64-linux-gnu/libc-2.13.so
7f265eaa4000-7f265eaa8000 r--p 00180000 08:03 3538963                    /lib/x86_64-linux-gnu/libc-2.13.so
7f265eaa8000-7f265eaa9000 rw-p 00184000 08:03 3538963                    /lib/x86_64-linux-gnu/libc-2.13.so
7f265eaa9000-7f265eaae000 rw-p 00000000 00:00 0 
7f265eaae000-7f265eab0000 r-xp 00000000 08:03 3538956                    /lib/x86_64-linux-gnu/libdl-2.13.so
7f265eab0000-7f265ecb0000 ---p 00002000 08:03 3538956                    /lib/x86_64-linux-gnu/libdl-2.13.so
7f265ecb0000-7f265ecb1000 r--p 00002000 08:03 3538956                    /lib/x86_64-linux-gnu/libdl-2.13.so
7f265ecb1000-7f265ecb2000 rw-p 00003000 08:03 3538956                    /lib/x86_64-linux-gnu/libdl-2.13.so
7f265ecb2000-7f265ecb6000 r-xp 00000000 08:03 2231548                    /usr/lib/jvm/java-6-openjdk-amd64/jre/lib/amd64/jli/libjli.so
7f265ecb6000-7f265eeb5000 ---p 00004000 08:03 2231548                    /usr/lib/jvm/java-6-openjdk-amd64/jre/lib/amd64/jli/libjli.so
7f265eeb5000-7f265eeb6000 rw-p 00003000 08:03 2231548                    /usr/lib/jvm/java-6-openjdk-amd64/jre/lib/amd64/jli/libjli.so
7f265eeb6000-7f265eecd000 r-xp 00000000 08:03 3538953                    /lib/x86_64-linux-gnu/libpthread-2.13.so
7f265eecd000-7f265f0cc000 ---p 00017000 08:03 3538953                    /lib/x86_64-linux-gnu/libpthread-2.13.so
7f265f0cc000-7f265f0cd000 r--p 00016000 08:03 3538953                    /lib/x86_64-linux-gnu/libpthread-2.13.so
7f265f0cd000-7f265f0ce000 rw-p 00017000 08:03 3538953                    /lib/x86_64-linux-gnu/libpthread-2.13.so
7f265f0ce000-7f265f0d2000 rw-p 00000000 00:00 0 
7f265f0d2000-7f265f0e8000 r-xp 00000000 08:03 3539034                    /lib/x86_64-linux-gnu/libz.so.1.2.7
7f265f0e8000-7f265f2e7000 ---p 00016000 08:03 3539034                    /lib/x86_64-linux-gnu/libz.so.1.2.7
7f265f2e7000-7f265f2e8000 r--p 00015000 08:03 3539034                    /lib/x86_64-linux-gnu/libz.so.1.2.7
7f265f2e8000-7f265f2e9000 rw-p 00016000 08:03 3539034                    /lib/x86_64-linux-gnu/libz.so.1.2.7
7f265f2e9000-7f265f309000 r-xp 00000000 08:03 3538966                    /lib/x86_64-linux-gnu/ld-2.13.so
7f265f309000-7f265f313000 r--s 00000000 08:03 4856314                    /var/cache/fontconfig/83bf95040141907cd45bb53cf7c1c148-le64.cache-3
7f265f313000-7f265f316000 r--s 0007f000 08:03 2231060                    /usr/lib/jvm/java-6-openjdk-common/jre/lib/jsse.jar
7f265f316000-7f265f323000 r--s 000e6000 08:03 11413237                   /home/brandon/ClearWaterInk/games/WorldsCubed/libs/lwjgl.jar
7f265f323000-7f265f327000 r--s 00027000 08:03 11413238                   /home/brandon/ClearWaterInk/games/WorldsCubed/libs/lwjgl_util.jar
7f265f327000-7f265f328000 r--s 00007000 08:03 793877                     /usr/share/java/java-atk-wrapper.jar
7f265f328000-7f265f32a000 r--s 00001000 08:03 2231056                    /usr/lib/jvm/java-6-openjdk-common/jre/lib/ext/dnsns.jar
7f265f32a000-7f265f334000 rw-p 00000000 00:00 0 
7f265f334000-7f265f3ea000 rw-p 00000000 00:00 0 
7f265f3ea000-7f265f3ed000 ---p 00000000 00:00 0 
7f265f3ed000-7f265f4f0000 rw-p 00000000 00:00 0 
7f265f4f0000-7f265f4f2000 r--s 0000f000 08:03 2231053                    /usr/lib/jvm/java-6-openjdk-common/jre/lib/ext/pulse-java.jar
7f265f4f2000-7f265f4f6000 r--s 00039000 08:03 2231052                    /usr/lib/jvm/java-6-openjdk-common/jre/lib/ext/sunpkcs11.jar
7f265f4f6000-7f265f4f9000 r--s 00031000 08:03 2231055                    /usr/lib/jvm/java-6-openjdk-common/jre/lib/ext/sunjce_provider.jar
7f265f4f9000-7f265f4fc000 r--s 00077000 08:03 2231054                    /usr/lib/jvm/java-6-openjdk-common/jre/lib/ext/localedata.jar
7f265f4fc000-7f265f504000 rw-s 00000000 08:03 8002090                    /tmp/hsperfdata_brandon/3714 (deleted)
7f265f504000-7f265f505000 rw-p 00000000 00:00 0 
7f265f505000-7f265f506000 ---p 00000000 00:00 0 
7f265f506000-7f265f508000 rw-p 00000000 00:00 0 
7f265f508000-7f265f509000 r--p 0001f000 08:03 3538966                    /lib/x86_64-linux-gnu/ld-2.13.so
7f265f509000-7f265f50a000 rw-p 00020000 08:03 3538966                    /lib/x86_64-linux-gnu/ld-2.13.so
7f265f50a000-7f265f50b000 rw-p 00000000 00:00 0 
7fff3f309000-7fff3f32a000 rw-p 00000000 00:00 0                          [stack]
7fff3f37b000-7fff3f37c000 r-xp 00000000 00:00 0                          [vdso]
ffffffffff600000-ffffffffff601000 r-xp 00000000 00:00 0                  [vsyscall]

VM Arguments:
jvm_args: -Djava.library.path=/home/brandon/ClearWaterInk/games/WorldsCubed/libs/natives/linux -Dfile.encoding=UTF-8 
java_command: net.clearwaterink.worldscubed.WorldsCubed
Launcher Type: SUN_STANDARD

Environment Variables:
PATH=/home/brandon/bin:/usr/local/bin:/usr/bin:/bin:/usr/local/games:/usr/games
LD_LIBRARY_PATH=/usr/lib/jvm/java-6-openjdk-amd64/jre/lib/amd64/server:/usr/lib/jvm/java-6-openjdk-amd64/jre/lib/amd64:/usr/lib/jvm/java-6-openjdk-amd64/jre/../lib/amd64
SHELL=/bin/bash
DISPLAY=:0.0

Signal Handlers:
SIGSEGV: [libjvm.so+0x791b10], sa_mask[0]=0x7ffbfeff, sa_flags=0x10000004
SIGBUS: [libjvm.so+0x791b10], sa_mask[0]=0x7ffbfeff, sa_flags=0x10000004
SIGFPE: [libjvm.so+0x65ace0], sa_mask[0]=0x7ffbfeff, sa_flags=0x10000004
SIGPIPE: [libjvm.so+0x65ace0], sa_mask[0]=0x7ffbfeff, sa_flags=0x10000004
SIGXFSZ: [libjvm.so+0x65ace0], sa_mask[0]=0x7ffbfeff, sa_flags=0x10000004
SIGILL: [libjvm.so+0x65ace0], sa_mask[0]=0x7ffbfeff, sa_flags=0x10000004
SIGUSR1: SIG_DFL, sa_mask[0]=0x00000000, sa_flags=0x00000000
SIGUSR2: [libjvm.so+0x65aec0], sa_mask[0]=0x00000004, sa_flags=0x10000004
SIGHUP: [libjvm.so+0x65d500], sa_mask[0]=0x7ffbfeff, sa_flags=0x10000004
SIGINT: [libjvm.so+0x65d500], sa_mask[0]=0x7ffbfeff, sa_flags=0x10000004
SIGTERM: [libjvm.so+0x65d500], sa_mask[0]=0x7ffbfeff, sa_flags=0x10000004
SIGQUIT: [libjvm.so+0x65d500], sa_mask[0]=0x7ffbfeff, sa_flags=0x10000004


---------------  S Y S T E M  ---------------

OS:7.3

uname:Linux 3.2.0-4-amd64 #1 SMP Debian 3.2.51-1 x86_64
libc:glibc 2.13 NPTL 2.13 
rlimit: STACK 8192k, CORE 0k, NPROC 95755, NOFILE 4096, AS infinity
load average:1.21 1.03 0.91

/proc/meminfo:
MemTotal:       12334808 kB
MemFree:         8313892 kB
Buffers:          376772 kB
Cached:          1673832 kB
SwapCached:            0 kB
Active:          2289292 kB
Inactive:        1191552 kB
Active(anon):    1430788 kB
Inactive(anon):    21820 kB
Active(file):     858504 kB
Inactive(file):  1169732 kB
Unevictable:           4 kB
Mlocked:               4 kB
SwapTotal:      13616120 kB
SwapFree:       13616120 kB
Dirty:               936 kB
Writeback:             0 kB
AnonPages:       1430436 kB
Mapped:           231732 kB
Shmem:             22372 kB
Slab:             242632 kB
SReclaimable:     217900 kB
SUnreclaim:        24732 kB
KernelStack:        3784 kB
PageTables:        25404 kB
NFS_Unstable:          0 kB
Bounce:                0 kB
WritebackTmp:          0 kB
CommitLimit:    19783524 kB
Committed_AS:    3846524 kB
VmallocTotal:   34359738367 kB
VmallocUsed:      329784 kB
VmallocChunk:   34359406412 kB
HardwareCorrupted:     0 kB
AnonHugePages:         0 kB
HugePages_Total:       0
HugePages_Free:        0
HugePages_Rsvd:        0
HugePages_Surp:        0
Hugepagesize:       2048 kB
DirectMap4k:      294272 kB
DirectMap2M:     8093696 kB
DirectMap1G:     4194304 kB


CPU:total 2 (2 cores per cpu, 1 threads per core) family 16 model 6 stepping 3, cmov, cx8, fxsr, mmx, sse, sse2, sse3, popcnt, mmxext, 3dnowpref, lzcnt, sse4a

Memory: 4k page, physical 12334808k(8313892k free), swap 13616120k(13616120k free)

vm_info: OpenJDK 64-Bit Server VM (20.0-b12) for linux-amd64 JRE (1.6.0_27-b27), built on Jul 12 2013 09:04:12 by "jmm" with gcc 4.7.2

time: Fri Feb  7 21:48:39 2014
elapsed time: 25 seconds

