#
# A fatal error has been detected by the Java Runtime Environment:
#
#  SIGSEGV (0xb) at pc=0x00007f2d0baede38, pid=21405, tid=139831570839296
#
# JRE version: 6.0_27-b27
# Java VM: OpenJDK 64-Bit Server VM (20.0-b12 mixed mode linux-amd64 compressed oops)
# Derivative: IcedTea6 1.12.6
# Distribution: Debian GNU/Linux 7.1 (wheezy), package 6b27-1.12.6-1~deb7u1
# Problematic frame:
# C  [libX11.so.6+0x3ae38]  XQueryExtension+0x28
#
# If you would like to submit a bug report, please include
# instructions how to reproduce the bug and visit:
#   http://icedtea.classpath.org/bugzilla
#

---------------  T H R E A D  ---------------

Current thread (0x0000000001641800):  VMThread [stack: 0x00007f2d130bb000,0x00007f2d131bc000] [id=21413]

siginfo:si_signo=SIGSEGV: si_errno=0, si_code=1 (SEGV_MAPERR), si_addr=0x000000000c0cc7c8

Registers:
RAX=0x00000000015e4360, RBX=0x000000000c0cbe60, RCX=0x00007f2d131ba9d8, RDX=0x00007f2d131ba9d4
RSP=0x00007f2d131ba970, RBP=0x00007f2d09961c60, RSI=0x00007f2d09829e12, RDI=0x000000000c0cbe60
R8 =0x00007f2d131ba9dc, R9 =0x0000000000000000, R10=0x00007f2d19aaa768, R11=0x00007f2d1975a0d0
R12=0x00007f2d09829e12, R13=0x00000000015e4360, R14=0x00007f2d0c0ca470, R15=0x00007f2d0c07abd0
RIP=0x00007f2d0baede38, EFLAGS=0x0000000000010202, CSGSFS=0x0000000000000033, ERR=0x0000000000000004
  TRAPNO=0x000000000000000e

Top of Stack: (sp=0x00007f2d131ba970)
0x00007f2d131ba970:   0000000000000020 00007f2d14325438
0x00007f2d131ba980:   00007f2d197315c8 00007f2d1a4ee000
0x00007f2d131ba990:   00007f2d197315c8 000000000c0cbe60
0x00007f2d131ba9a0:   00007f2d09961c60 00007f2d09829e12
0x00007f2d131ba9b0:   00000000015e4360 00007f2d0c0ca470
0x00007f2d131ba9c0:   00007f2d0c07abd0 00007f2d0bae1e72
0x00007f2d131ba9d0:   00007f2d0c0ca470 0000000000000000
0x00007f2d131ba9e0:   0000000000000000 00007f2d09961c60
0x00007f2d131ba9f0:   000000000c0cbe60 00007f2d0bdfb71d
0x00007f2d131baa00:   00007f2d09829e12 00000011197315c8
0x00007f2d131baa10:   00007f2d131baa90 0000000000000000
0x00007f2d131baa20:   00007f2d131baa90 000000000c0cbe60
0x00007f2d131baa30:   00007f2d1a508048 00007f2d0c0ca470
0x00007f2d131baa40:   00007f2d0997b490 00007f2d097d5fd9
0x00007f2d131baa50:   0000000000000000 000000000000002b
0x00007f2d131baa60:   00007f2d131baa90 0000000000000000
0x00007f2d131baa70:   00007f2d1a508048 00007f2d0c0ca470
0x00007f2d131baa80:   000000000000001b 00007f2d097ca6e2
0x00007f2d131baa90:   00007f2d131bac90 00007f2d09829d81
0x00007f2d131baaa0:   00007f2d131bac90 00007f2d1a2f64ec
0x00007f2d131baab0:   00007f2d1a5091c8 00007f2d1a509758
0x00007f2d131baac0:   00007f2d1a4ef508 00000000015da5a0
0x00007f2d131baad0:   00000000015daac0 00000000015dafc0
0x00007f2d131baae0:   00000000015dfcc0 00007f2d0c03d0a0
0x00007f2d131baaf0:   00007f2d0c03d580 00007f2d1a5067f0
0x00007f2d131bab00:   00007f2d0c0c5290 00007f2d0c0c4dc0
0x00007f2d131bab10:   00007f2d0c0b1460 00007f2d0c0bc500
0x00007f2d131bab20:   00007f2d0c0008b0 00007f2d0c004b30
0x00007f2d131bab30:   00007f2d0c004fd0 00007f2d0c001350
0x00007f2d131bab40:   00000000015d6600 00000000015d6be0
0x00007f2d131bab50:   00000000015d5f40 00000000015d15f0
0x00007f2d131bab60:   00000000015d1b60 00000000015d2570 

Instructions: (pc=0x00007f2d0baede38)
0x00007f2d0baede18:   24 e0 48 89 fb 4c 89 6c 24 e8 4c 89 74 24 f0 49
0x00007f2d0baede28:   89 f4 4c 89 7c 24 f8 48 89 6c 24 d8 48 83 ec 58
0x00007f2d0baede38:   48 8b 87 68 09 00 00 49 89 d7 49 89 ce 4d 89 c5
0x00007f2d0baede48:   48 85 c0 74 02 ff 10 ba 08 00 00 00 be 62 00 00 

Register to memory mapping:

RAX=0x00000000015e4360 is an unknown value
RBX=0x000000000c0cbe60 is an unknown value
RCX=0x00007f2d131ba9d8 is an unknown value
RDX=0x00007f2d131ba9d4 is an unknown value
RSP=0x00007f2d131ba970 is an unknown value
RBP=0x00007f2d09961c60: <offset 0x1cac60> in /usr/lib/x86_64-linux-gnu/libGL.so.1 at 0x00007f2d09797000
RSI=0x00007f2d09829e12: <offset 0x92e12> in /usr/lib/x86_64-linux-gnu/libGL.so.1 at 0x00007f2d09797000
RDI=0x000000000c0cbe60 is an unknown value
R8 =0x00007f2d131ba9dc is an unknown value
R9 =0x0000000000000000 is an unknown value
R10=0x00007f2d19aaa768: <offset 0x387768> in /lib/x86_64-linux-gnu/libc.so.6 at 0x00007f2d19723000
R11=0x00007f2d1975a0d0: __cxa_finalize+0 in /lib/x86_64-linux-gnu/libc.so.6 at 0x00007f2d19723000
R12=0x00007f2d09829e12: <offset 0x92e12> in /usr/lib/x86_64-linux-gnu/libGL.so.1 at 0x00007f2d09797000
R13=0x00000000015e4360 is an unknown value
R14=0x00007f2d0c0ca470 is an unknown value
R15=0x00007f2d0c07abd0 is an unknown value


Stack: [0x00007f2d130bb000,0x00007f2d131bc000],  sp=0x00007f2d131ba970,  free space=1022k
Native frames: (J=compiled Java code, j=interpreted, Vv=VM code, C=native code)
C  [libX11.so.6+0x3ae38]  XQueryExtension+0x28

VM_Operation (0x00007f2d1a4e95d0): Exit, mode: safepoint, requested by thread 0x00000000015dc000


---------------  P R O C E S S  ---------------

Java Threads: ( => current thread )
  0x00007f2d0c649000 JavaThread "Thread-1" [_thread_blocked, id=21432, stack(0x00007f2d0999b000,0x00007f2d09a9c000)]
  0x00007f2d0c0ad000 JavaThread "AWT-XAWT" daemon [_thread_blocked, id=21422, stack(0x00007f2d0a318000,0x00007f2d0a419000)]
  0x00007f2d0c050800 JavaThread "Java2D Disposer" daemon [_thread_blocked, id=21421, stack(0x00007f2d0a883000,0x00007f2d0a984000)]
  0x0000000001678800 JavaThread "Low Memory Detector" daemon [_thread_blocked, id=21419, stack(0x00007f2d1293e000,0x00007f2d12a3f000)]
  0x0000000001673800 JavaThread "C2 CompilerThread1" daemon [_thread_blocked, id=21418, stack(0x00007f2d12a3f000,0x00007f2d12b40000)]
  0x000000000166e800 JavaThread "C2 CompilerThread0" daemon [_thread_blocked, id=21417, stack(0x00007f2d12b40000,0x00007f2d12c41000)]
  0x0000000001648800 JavaThread "Finalizer" daemon [_thread_blocked, id=21415, stack(0x00007f2d12eb9000,0x00007f2d12fba000)]
  0x0000000001646800 JavaThread "Reference Handler" daemon [_thread_blocked, id=21414, stack(0x00007f2d12fba000,0x00007f2d130bb000)]
  0x00000000015dc000 JavaThread "main" [_thread_blocked, id=21407, stack(0x00007f2d1a3ea000,0x00007f2d1a4eb000)]

Other Threads:
=>0x0000000001641800 VMThread [stack: 0x00007f2d130bb000,0x00007f2d131bc000] [id=21413]

VM state:at safepoint (shutting down)

VM Mutex/Monitor currently owned by a thread:  ([mutex/lock_event])
[0x00000000015d8a10] Threads_lock - owner thread: 0x0000000001641800

Heap
 PSYoungGen      total 56256K, used 11642K [0x00000007c1400000, 0x00000007c52c0000, 0x0000000800000000)
  eden space 48256K, 24% used [0x00000007c1400000,0x00000007c1f5ea78,0x00000007c4320000)
  from space 8000K, 0% used [0x00000007c4af0000,0x00000007c4af0000,0x00000007c52c0000)
  to   space 8000K, 0% used [0x00000007c4320000,0x00000007c4320000,0x00000007c4af0000)
 PSOldGen        total 128512K, used 0K [0x0000000743c00000, 0x000000074b980000, 0x00000007c1400000)
  object space 128512K, 0% used [0x0000000743c00000,0x0000000743c00000,0x000000074b980000)
 PSPermGen       total 21248K, used 9411K [0x0000000739600000, 0x000000073aac0000, 0x0000000743c00000)
  object space 21248K, 44% used [0x0000000739600000,0x0000000739f30c48,0x000000073aac0000)

Code Cache  [0x00007f2d14325000, 0x00007f2d14595000, 0x00007f2d17325000)
 total_blobs=522 nmethods=74 adapters=402 free_code_cache=49670656 largest_free_block=12544

Dynamic libraries:
00400000-00409000 r-xp 00000000 08:03 2231614                            /usr/lib/jvm/java-6-openjdk-amd64/jre/bin/java
00608000-00609000 rw-p 00008000 08:03 2231614                            /usr/lib/jvm/java-6-openjdk-amd64/jre/bin/java
015d1000-01b56000 rw-p 00000000 00:00 0                                  [heap]
739600000-73aac0000 rw-p 00000000 00:00 0 
73aac0000-743c00000 rw-p 00000000 00:00 0 
743c00000-74b980000 rw-p 00000000 00:00 0 
74b980000-7c1400000 rw-p 00000000 00:00 0 
7c1400000-7c52c0000 rw-p 00000000 00:00 0 
7c52c0000-800000000 rw-p 00000000 00:00 0 
7f2d06906000-7f2d07006000 rw-s 00006000 00:05 8578                       /dev/ati/card0
7f2d07006000-7f2d07008000 r-xp 00000000 08:03 534782                     /usr/lib/x86_64-linux-gnu/libXinerama.so.1.0.0
7f2d07008000-7f2d07207000 ---p 00002000 08:03 534782                     /usr/lib/x86_64-linux-gnu/libXinerama.so.1.0.0
7f2d07207000-7f2d07208000 rw-p 00001000 08:03 534782                     /usr/lib/x86_64-linux-gnu/libXinerama.so.1.0.0
7f2d07208000-7f2d07254000 r-xp 00000000 08:03 539328                     /usr/lib/x86_64-linux-gnu/libatiadlxx.so
7f2d07254000-7f2d07354000 ---p 0004c000 08:03 539328                     /usr/lib/x86_64-linux-gnu/libatiadlxx.so
7f2d07354000-7f2d0735f000 rw-p 0004c000 08:03 539328                     /usr/lib/x86_64-linux-gnu/libatiadlxx.so
7f2d0735f000-7f2d0736f000 rw-p 00000000 00:00 0 
7f2d0736f000-7f2d0930d000 r-xp 00000000 08:03 921615                     /usr/lib/x86_64-linux-gnu/dri/fglrx_dri.so
7f2d0930d000-7f2d0940c000 ---p 01f9e000 08:03 921615                     /usr/lib/x86_64-linux-gnu/dri/fglrx_dri.so
7f2d0940c000-7f2d0955a000 rwxp 01f9d000 08:03 921615                     /usr/lib/x86_64-linux-gnu/dri/fglrx_dri.so
7f2d0955a000-7f2d0968e000 rwxp 00000000 00:00 0 
7f2d0968e000-7f2d09695000 r-xp 00000000 08:03 539324                     /usr/lib/x86_64-linux-gnu/libatiuki.so.1.0
7f2d09695000-7f2d09795000 ---p 00007000 08:03 539324                     /usr/lib/x86_64-linux-gnu/libatiuki.so.1.0
7f2d09795000-7f2d09796000 rw-p 00007000 08:03 539324                     /usr/lib/x86_64-linux-gnu/libatiuki.so.1.0
7f2d09796000-7f2d09797000 rw-p 00000000 00:00 0 
7f2d09797000-7f2d09855000 r-xp 00000000 08:03 1445187                    /usr/lib/x86_64-linux-gnu/fglrx/fglrx-libGL.so.1.2
7f2d09855000-7f2d09955000 ---p 000be000 08:03 1445187                    /usr/lib/x86_64-linux-gnu/fglrx/fglrx-libGL.so.1.2
7f2d09955000-7f2d0997c000 rwxp 000be000 08:03 1445187                    /usr/lib/x86_64-linux-gnu/fglrx/fglrx-libGL.so.1.2
7f2d0997c000-7f2d0999b000 rwxp 00000000 00:00 0 
7f2d0999b000-7f2d0999e000 ---p 00000000 00:00 0 
7f2d0999e000-7f2d09a9c000 rw-p 00000000 00:00 0 
7f2d09a9c000-7f2d09aa0000 r-xp 00000000 08:03 535177                     /usr/lib/x86_64-linux-gnu/libXxf86vm.so.1.0.0
7f2d09aa0000-7f2d09ca0000 ---p 00004000 08:03 535177                     /usr/lib/x86_64-linux-gnu/libXxf86vm.so.1.0.0
7f2d09ca0000-7f2d09ca1000 r--p 00004000 08:03 535177                     /usr/lib/x86_64-linux-gnu/libXxf86vm.so.1.0.0
7f2d09ca1000-7f2d09ca2000 rw-p 00005000 08:03 535177                     /usr/lib/x86_64-linux-gnu/libXxf86vm.so.1.0.0
7f2d09ca2000-7f2d09ca9000 r-xp 00000000 08:03 534784                     /usr/lib/x86_64-linux-gnu/libXrandr.so.2.2.0
7f2d09ca9000-7f2d09ea9000 ---p 00007000 08:03 534784                     /usr/lib/x86_64-linux-gnu/libXrandr.so.2.2.0
7f2d09ea9000-7f2d09eaa000 rw-p 00007000 08:03 534784                     /usr/lib/x86_64-linux-gnu/libXrandr.so.2.2.0
7f2d09eaa000-7f2d09f14000 r-xp 00000000 08:03 12332350                   /home/brandon/ClearWaterInk/games/WorldsCubed/libs/natives/linux/liblwjgl64.so
7f2d09f14000-7f2d0a114000 ---p 0006a000 08:03 12332350                   /home/brandon/ClearWaterInk/games/WorldsCubed/libs/natives/linux/liblwjgl64.so
7f2d0a114000-7f2d0a116000 r--p 0006a000 08:03 12332350                   /home/brandon/ClearWaterInk/games/WorldsCubed/libs/natives/linux/liblwjgl64.so
7f2d0a116000-7f2d0a117000 rw-p 0006c000 08:03 12332350                   /home/brandon/ClearWaterInk/games/WorldsCubed/libs/natives/linux/liblwjgl64.so
7f2d0a117000-7f2d0a118000 r-xp 00000000 08:03 2231545                    /usr/lib/jvm/java-6-openjdk-amd64/jre/lib/amd64/libjawt.so
7f2d0a118000-7f2d0a317000 ---p 00001000 08:03 2231545                    /usr/lib/jvm/java-6-openjdk-amd64/jre/lib/amd64/libjawt.so
7f2d0a317000-7f2d0a318000 rw-p 00000000 08:03 2231545                    /usr/lib/jvm/java-6-openjdk-amd64/jre/lib/amd64/libjawt.so
7f2d0a318000-7f2d0a31b000 ---p 00000000 00:00 0 
7f2d0a31b000-7f2d0a419000 rw-p 00000000 00:00 0 
7f2d0a419000-7f2d0a422000 r--s 00000000 08:03 4854967                    /var/cache/fontconfig/945677eb7aeaf62f1d50efc3fb3ec7d8-le64.cache-3
7f2d0a43e000-7f2d0a45e000 rw-s fe9e0000 00:05 8578                       /dev/ati/card0
7f2d0a45e000-7f2d0a463000 r-xp 00000000 08:03 534774                     /usr/lib/x86_64-linux-gnu/libXfixes.so.3.1.0
7f2d0a463000-7f2d0a662000 ---p 00005000 08:03 534774                     /usr/lib/x86_64-linux-gnu/libXfixes.so.3.1.0
7f2d0a662000-7f2d0a663000 r--p 00004000 08:03 534774                     /usr/lib/x86_64-linux-gnu/libXfixes.so.3.1.0
7f2d0a663000-7f2d0a664000 rw-p 00005000 08:03 534774                     /usr/lib/x86_64-linux-gnu/libXfixes.so.3.1.0
7f2d0a664000-7f2d0a66e000 r-xp 00000000 08:03 534776                     /usr/lib/x86_64-linux-gnu/libXcursor.so.1.0.2
7f2d0a66e000-7f2d0a86d000 ---p 0000a000 08:03 534776                     /usr/lib/x86_64-linux-gnu/libXcursor.so.1.0.2
7f2d0a86d000-7f2d0a86e000 rw-p 00009000 08:03 534776                     /usr/lib/x86_64-linux-gnu/libXcursor.so.1.0.2
7f2d0a880000-7f2d0a881000 rw-s 00005000 00:05 8578                       /dev/ati/card0
7f2d0a881000-7f2d0a883000 rw-s 00002000 00:05 8578                       /dev/ati/card0
7f2d0a883000-7f2d0a886000 ---p 00000000 00:00 0 
7f2d0a886000-7f2d0a984000 rw-p 00000000 00:00 0 
7f2d0a984000-7f2d0aa1d000 r-xp 00000000 08:03 530994                     /usr/lib/x86_64-linux-gnu/libfreetype.so.6.8.1
7f2d0aa1d000-7f2d0ac1c000 ---p 00099000 08:03 530994                     /usr/lib/x86_64-linux-gnu/libfreetype.so.6.8.1
7f2d0ac1c000-7f2d0ac22000 r--p 00098000 08:03 530994                     /usr/lib/x86_64-linux-gnu/libfreetype.so.6.8.1
7f2d0ac22000-7f2d0ac23000 rw-p 0009e000 08:03 530994                     /usr/lib/x86_64-linux-gnu/libfreetype.so.6.8.1
7f2d0ac23000-7f2d0ac6b000 r-xp 00000000 08:03 2231539                    /usr/lib/jvm/java-6-openjdk-amd64/jre/lib/amd64/libfontmanager.so
7f2d0ac6b000-7f2d0ae6b000 ---p 00048000 08:03 2231539                    /usr/lib/jvm/java-6-openjdk-amd64/jre/lib/amd64/libfontmanager.so
7f2d0ae6b000-7f2d0ae6e000 rw-p 00048000 08:03 2231539                    /usr/lib/jvm/java-6-openjdk-amd64/jre/lib/amd64/libfontmanager.so
7f2d0ae6e000-7f2d0ae73000 r-xp 00000000 08:03 531316                     /usr/lib/x86_64-linux-gnu/libXdmcp.so.6.0.0
7f2d0ae73000-7f2d0b072000 ---p 00005000 08:03 531316                     /usr/lib/x86_64-linux-gnu/libXdmcp.so.6.0.0
7f2d0b072000-7f2d0b073000 rw-p 00004000 08:03 531316                     /usr/lib/x86_64-linux-gnu/libXdmcp.so.6.0.0
7f2d0b073000-7f2d0b075000 r-xp 00000000 08:03 531314                     /usr/lib/x86_64-linux-gnu/libXau.so.6.0.0
7f2d0b075000-7f2d0b275000 ---p 00002000 08:03 531314                     /usr/lib/x86_64-linux-gnu/libXau.so.6.0.0
7f2d0b275000-7f2d0b276000 rw-p 00002000 08:03 531314                     /usr/lib/x86_64-linux-gnu/libXau.so.6.0.0
7f2d0b276000-7f2d0b295000 r-xp 00000000 08:03 531318                     /usr/lib/x86_64-linux-gnu/libxcb.so.1.1.0
7f2d0b295000-7f2d0b494000 ---p 0001f000 08:03 531318                     /usr/lib/x86_64-linux-gnu/libxcb.so.1.1.0
7f2d0b494000-7f2d0b495000 r--p 0001e000 08:03 531318                     /usr/lib/x86_64-linux-gnu/libxcb.so.1.1.0
7f2d0b495000-7f2d0b496000 rw-p 0001f000 08:03 531318                     /usr/lib/x86_64-linux-gnu/libxcb.so.1.1.0
7f2d0b496000-7f2d0b4a4000 r-xp 00000000 08:03 534780                     /usr/lib/x86_64-linux-gnu/libXi.so.6.1.0
7f2d0b4a4000-7f2d0b6a4000 ---p 0000e000 08:03 534780                     /usr/lib/x86_64-linux-gnu/libXi.so.6.1.0
7f2d0b6a4000-7f2d0b6a5000 rw-p 0000e000 08:03 534780                     /usr/lib/x86_64-linux-gnu/libXi.so.6.1.0
7f2d0b6a5000-7f2d0b6aa000 r-xp 00000000 08:03 535605                     /usr/lib/x86_64-linux-gnu/libXtst.so.6.1.0
7f2d0b6aa000-7f2d0b8a9000 ---p 00005000 08:03 535605                     /usr/lib/x86_64-linux-gnu/libXtst.so.6.1.0
7f2d0b8a9000-7f2d0b8aa000 rw-p 00004000 08:03 535605                     /usr/lib/x86_64-linux-gnu/libXtst.so.6.1.0
7f2d0b8aa000-7f2d0b8b3000 r-xp 00000000 08:03 534524                     /usr/lib/x86_64-linux-gnu/libXrender.so.1.3.0
7f2d0b8b3000-7f2d0bab2000 ---p 00009000 08:03 534524                     /usr/lib/x86_64-linux-gnu/libXrender.so.1.3.0
7f2d0bab2000-7f2d0bab3000 rw-p 00008000 08:03 534524                     /usr/lib/x86_64-linux-gnu/libXrender.so.1.3.0
7f2d0bab3000-7f2d0bbe8000 r-xp 00000000 08:03 531323                     /usr/lib/x86_64-linux-gnu/libX11.so.6.3.0
7f2d0bbe8000-7f2d0bde8000 ---p 00135000 08:03 531323                     /usr/lib/x86_64-linux-gnu/libX11.so.6.3.0
7f2d0bde8000-7f2d0bdee000 rw-p 00135000 08:03 531323                     /usr/lib/x86_64-linux-gnu/libX11.so.6.3.0
7f2d0bdee000-7f2d0bdff000 r-xp 00000000 08:03 531325                     /usr/lib/x86_64-linux-gnu/libXext.so.6.4.0
7f2d0bdff000-7f2d0bfff000 ---p 00011000 08:03 531325                     /usr/lib/x86_64-linux-gnu/libXext.so.6.4.0
7f2d0bfff000-7f2d0c000000 rw-p 00011000 08:03 531325                     /usr/lib/x86_64-linux-gnu/libXext.so.6.4.0
7f2d0c000000-7f2d0d80a000 rw-p 00000000 00:00 0 
7f2d0d80a000-7f2d10000000 ---p 00000000 00:00 0 
7f2d10000000-7f2d10007000 r--s 000fc000 08:03 2231068                    /usr/lib/jvm/java-6-openjdk-common/jre/lib/resources.jar
7f2d10007000-7f2d10008000 r--s 00000000 08:03 4856319                    /var/cache/fontconfig/c05880de57d1f5e948fdfacc138775d9-le64.cache-3
7f2d10008000-7f2d1000c000 r--s 00000000 08:03 4855898                    /var/cache/fontconfig/a46337af8a0b4c9b317ad981ec3bdf87-le64.cache-3
7f2d1000c000-7f2d10015000 r--s 00000000 08:03 4856317                    /var/cache/fontconfig/6d41288fd70b0be22e8c3a91e032eec0-le64.cache-3
7f2d10015000-7f2d10016000 r--s 00000000 08:03 4856316                    /var/cache/fontconfig/4794a0821666d79190d59a36cb4f44b5-le64.cache-3
7f2d10016000-7f2d10044000 r--s 00000000 08:03 4855897                    /var/cache/fontconfig/365b55f210c0a22e9a19e35191240f32-le64.cache-3
7f2d10044000-7f2d10047000 r--s 00000000 08:03 4854299                    /var/cache/fontconfig/c57959a16110560c8d0fcea73374aeeb-le64.cache-3
7f2d10047000-7f2d1004c000 r--s 00000000 08:03 4855942                    /var/cache/fontconfig/3047814df9a2f067bd2d96a2b9c36e5a-le64.cache-3
7f2d1004c000-7f2d10056000 r--s 00000000 08:03 4856314                    /var/cache/fontconfig/83bf95040141907cd45bb53cf7c1c148-le64.cache-3
7f2d10056000-7f2d10057000 r--s 00000000 08:03 4856319                    /var/cache/fontconfig/c05880de57d1f5e948fdfacc138775d9-le64.cache-3
7f2d10057000-7f2d10060000 r--s 00000000 08:03 4854967                    /var/cache/fontconfig/945677eb7aeaf62f1d50efc3fb3ec7d8-le64.cache-3
7f2d10060000-7f2d10064000 r--s 00000000 08:03 4855898                    /var/cache/fontconfig/a46337af8a0b4c9b317ad981ec3bdf87-le64.cache-3
7f2d10064000-7f2d1006d000 r--s 00000000 08:03 4856317                    /var/cache/fontconfig/6d41288fd70b0be22e8c3a91e032eec0-le64.cache-3
7f2d1006d000-7f2d1006e000 r--s 00000000 08:03 4856316                    /var/cache/fontconfig/4794a0821666d79190d59a36cb4f44b5-le64.cache-3
7f2d1006e000-7f2d1009c000 r--s 00000000 08:03 4855897                    /var/cache/fontconfig/365b55f210c0a22e9a19e35191240f32-le64.cache-3
7f2d1009c000-7f2d1009f000 r--s 00000000 08:03 4854299                    /var/cache/fontconfig/c57959a16110560c8d0fcea73374aeeb-le64.cache-3
7f2d1009f000-7f2d100a4000 r--s 00000000 08:03 4855942                    /var/cache/fontconfig/3047814df9a2f067bd2d96a2b9c36e5a-le64.cache-3
7f2d100a4000-7f2d100ac000 r--s 00000000 08:03 4853581                    /var/cache/fontconfig/3f7329c5293ffd510edef78f73874cfd-le64.cache-3
7f2d100ac000-7f2d100b6000 r--s 00000000 08:03 4856314                    /var/cache/fontconfig/83bf95040141907cd45bb53cf7c1c148-le64.cache-3
7f2d100b6000-7f2d10103000 r-xp 00000000 08:03 2231706                    /usr/lib/jvm/java-6-openjdk-amd64/jre/lib/amd64/xawt/libmawt.so
7f2d10103000-7f2d10302000 ---p 0004d000 08:03 2231706                    /usr/lib/jvm/java-6-openjdk-amd64/jre/lib/amd64/xawt/libmawt.so
7f2d10302000-7f2d10306000 rw-p 0004c000 08:03 2231706                    /usr/lib/jvm/java-6-openjdk-amd64/jre/lib/amd64/xawt/libmawt.so
7f2d10306000-7f2d10307000 rw-p 00000000 00:00 0 
7f2d10307000-7f2d103b7000 r-xp 00000000 08:03 2231546                    /usr/lib/jvm/java-6-openjdk-amd64/jre/lib/amd64/libawt.so
7f2d103b7000-7f2d105b6000 ---p 000b0000 08:03 2231546                    /usr/lib/jvm/java-6-openjdk-amd64/jre/lib/amd64/libawt.so
7f2d105b6000-7f2d105c2000 rw-p 000af000 08:03 2231546                    /usr/lib/jvm/java-6-openjdk-amd64/jre/lib/amd64/libawt.so
7f2d105c2000-7f2d1283d000 rw-p 00000000 00:00 0 
7f2d1283d000-7f2d1283e000 ---p 00000000 00:00 0 
7f2d1283e000-7f2d1293e000 rw-p 00000000 00:00 0 
7f2d1293e000-7f2d12941000 ---p 00000000 00:00 0 
7f2d12941000-7f2d12a3f000 rw-p 00000000 00:00 0 
7f2d12a3f000-7f2d12a42000 ---p 00000000 00:00 0 
7f2d12a42000-7f2d12b40000 rw-p 00000000 00:00 0 
7f2d12b40000-7f2d12b43000 ---p 00000000 00:00 0 
7f2d12b43000-7f2d12c41000 rw-p 00000000 00:00 0 
7f2d12c41000-7f2d12c44000 ---p 00000000 00:00 0 
7f2d12c44000-7f2d12d42000 rw-p 00000000 00:00 0 
7f2d12d42000-7f2d12eb9000 r--p 00000000 08:03 530955                     /usr/lib/locale/locale-archive
7f2d12eb9000-7f2d12ebc000 ---p 00000000 00:00 0 
7f2d12ebc000-7f2d12fba000 rw-p 00000000 00:00 0 
7f2d12fba000-7f2d12fbd000 ---p 00000000 00:00 0 
7f2d12fbd000-7f2d130bb000 rw-p 00000000 00:00 0 
7f2d130bb000-7f2d130bc000 ---p 00000000 00:00 0 
7f2d130bc000-7f2d134f2000 rw-p 00000000 00:00 0 
7f2d134f2000-7f2d13686000 r--s 03807000 08:03 2231586                    /usr/lib/jvm/java-6-openjdk-amd64/jre/lib/rt.jar
7f2d13686000-7f2d136ae000 rw-p 00000000 00:00 0 
7f2d136ae000-7f2d136af000 ---p 00000000 00:00 0 
7f2d136af000-7f2d137af000 rw-p 00000000 00:00 0 
7f2d137af000-7f2d137b0000 ---p 00000000 00:00 0 
7f2d137b0000-7f2d138bb000 rw-p 00000000 00:00 0 
7f2d138bb000-7f2d13903000 rw-p 00000000 00:00 0 
7f2d13903000-7f2d13942000 rw-p 00000000 00:00 0 
7f2d13942000-7f2d13cef000 rw-p 00000000 00:00 0 
7f2d13cef000-7f2d13cfa000 rw-p 00000000 00:00 0 
7f2d13cfa000-7f2d13d42000 rw-p 00000000 00:00 0 
7f2d13d42000-7f2d13d81000 rw-p 00000000 00:00 0 
7f2d13d81000-7f2d1412e000 rw-p 00000000 00:00 0 
7f2d1412e000-7f2d1414e000 rw-p 00000000 00:00 0 
7f2d1414e000-7f2d14324000 rw-p 00000000 00:00 0 
7f2d14324000-7f2d14325000 rw-p 00000000 00:00 0 
7f2d14325000-7f2d14595000 rwxp 00000000 00:00 0 
7f2d14595000-7f2d17325000 rw-p 00000000 00:00 0 
7f2d17325000-7f2d1732c000 r-xp 00000000 08:03 2231575                    /usr/lib/jvm/java-6-openjdk-amd64/jre/lib/amd64/libzip.so
7f2d1732c000-7f2d1752b000 ---p 00007000 08:03 2231575                    /usr/lib/jvm/java-6-openjdk-amd64/jre/lib/amd64/libzip.so
7f2d1752b000-7f2d1752c000 rw-p 00006000 08:03 2231575                    /usr/lib/jvm/java-6-openjdk-amd64/jre/lib/amd64/libzip.so
7f2d1752c000-7f2d17537000 r-xp 00000000 08:03 3538957                    /lib/x86_64-linux-gnu/libnss_files-2.13.so
7f2d17537000-7f2d17736000 ---p 0000b000 08:03 3538957                    /lib/x86_64-linux-gnu/libnss_files-2.13.so
7f2d17736000-7f2d17737000 r--p 0000a000 08:03 3538957                    /lib/x86_64-linux-gnu/libnss_files-2.13.so
7f2d17737000-7f2d17738000 rw-p 0000b000 08:03 3538957                    /lib/x86_64-linux-gnu/libnss_files-2.13.so
7f2d17738000-7f2d17742000 r-xp 00000000 08:03 3538969                    /lib/x86_64-linux-gnu/libnss_nis-2.13.so
7f2d17742000-7f2d17941000 ---p 0000a000 08:03 3538969                    /lib/x86_64-linux-gnu/libnss_nis-2.13.so
7f2d17941000-7f2d17942000 r--p 00009000 08:03 3538969                    /lib/x86_64-linux-gnu/libnss_nis-2.13.so
7f2d17942000-7f2d17943000 rw-p 0000a000 08:03 3538969                    /lib/x86_64-linux-gnu/libnss_nis-2.13.so
7f2d17943000-7f2d1794a000 r-xp 00000000 08:03 3538959                    /lib/x86_64-linux-gnu/libnss_compat-2.13.so
7f2d1794a000-7f2d17b49000 ---p 00007000 08:03 3538959                    /lib/x86_64-linux-gnu/libnss_compat-2.13.so
7f2d17b49000-7f2d17b4a000 r--p 00006000 08:03 3538959                    /lib/x86_64-linux-gnu/libnss_compat-2.13.so
7f2d17b4a000-7f2d17b4b000 rw-p 00007000 08:03 3538959                    /lib/x86_64-linux-gnu/libnss_compat-2.13.so
7f2d17b4b000-7f2d17b60000 r-xp 00000000 08:03 3538967                    /lib/x86_64-linux-gnu/libnsl-2.13.so
7f2d17b60000-7f2d17d5f000 ---p 00015000 08:03 3538967                    /lib/x86_64-linux-gnu/libnsl-2.13.so
7f2d17d5f000-7f2d17d60000 r--p 00014000 08:03 3538967                    /lib/x86_64-linux-gnu/libnsl-2.13.so
7f2d17d60000-7f2d17d61000 rw-p 00015000 08:03 3538967                    /lib/x86_64-linux-gnu/libnsl-2.13.so
7f2d17d61000-7f2d17d63000 rw-p 00000000 00:00 0 
7f2d17d63000-7f2d17d91000 r-xp 00000000 08:03 2231561                    /usr/lib/jvm/java-6-openjdk-amd64/jre/lib/amd64/libjava.so
7f2d17d91000-7f2d17f90000 ---p 0002e000 08:03 2231561                    /usr/lib/jvm/java-6-openjdk-amd64/jre/lib/amd64/libjava.so
7f2d17f90000-7f2d17f94000 rw-p 0002d000 08:03 2231561                    /usr/lib/jvm/java-6-openjdk-amd64/jre/lib/amd64/libjava.so
7f2d17f94000-7f2d17fa3000 r-xp 00000000 08:03 2231544                    /usr/lib/jvm/java-6-openjdk-amd64/jre/lib/amd64/libverify.so
7f2d17fa3000-7f2d181a2000 ---p 0000f000 08:03 2231544                    /usr/lib/jvm/java-6-openjdk-amd64/jre/lib/amd64/libverify.so
7f2d181a2000-7f2d181a4000 rw-p 0000e000 08:03 2231544                    /usr/lib/jvm/java-6-openjdk-amd64/jre/lib/amd64/libverify.so
7f2d181a4000-7f2d181ab000 r-xp 00000000 08:03 3538958                    /lib/x86_64-linux-gnu/librt-2.13.so
7f2d181ab000-7f2d183aa000 ---p 00007000 08:03 3538958                    /lib/x86_64-linux-gnu/librt-2.13.so
7f2d183aa000-7f2d183ab000 r--p 00006000 08:03 3538958                    /lib/x86_64-linux-gnu/librt-2.13.so
7f2d183ab000-7f2d183ac000 rw-p 00007000 08:03 3538958                    /lib/x86_64-linux-gnu/librt-2.13.so
7f2d183ac000-7f2d183c1000 r-xp 00000000 08:03 3538948                    /lib/x86_64-linux-gnu/libgcc_s.so.1
7f2d183c1000-7f2d185c1000 ---p 00015000 08:03 3538948                    /lib/x86_64-linux-gnu/libgcc_s.so.1
7f2d185c1000-7f2d185c2000 rw-p 00015000 08:03 3538948                    /lib/x86_64-linux-gnu/libgcc_s.so.1
7f2d185c2000-7f2d18643000 r-xp 00000000 08:03 3538960                    /lib/x86_64-linux-gnu/libm-2.13.so
7f2d18643000-7f2d18842000 ---p 00081000 08:03 3538960                    /lib/x86_64-linux-gnu/libm-2.13.so
7f2d18842000-7f2d18843000 r--p 00080000 08:03 3538960                    /lib/x86_64-linux-gnu/libm-2.13.so
7f2d18843000-7f2d18844000 rw-p 00081000 08:03 3538960                    /lib/x86_64-linux-gnu/libm-2.13.so
7f2d18844000-7f2d1892c000 r-xp 00000000 08:03 528173                     /usr/lib/x86_64-linux-gnu/libstdc++.so.6.0.17
7f2d1892c000-7f2d18b2c000 ---p 000e8000 08:03 528173                     /usr/lib/x86_64-linux-gnu/libstdc++.so.6.0.17
7f2d18b2c000-7f2d18b34000 r--p 000e8000 08:03 528173                     /usr/lib/x86_64-linux-gnu/libstdc++.so.6.0.17
7f2d18b34000-7f2d18b36000 rw-p 000f0000 08:03 528173                     /usr/lib/x86_64-linux-gnu/libstdc++.so.6.0.17
7f2d18b36000-7f2d18b4b000 rw-p 00000000 00:00 0 
7f2d18b4b000-7f2d1945f000 r-xp 00000000 08:03 2231551                    /usr/lib/jvm/java-6-openjdk-amd64/jre/lib/amd64/server/libjvm.so
7f2d1945f000-7f2d1965e000 ---p 00914000 08:03 2231551                    /usr/lib/jvm/java-6-openjdk-amd64/jre/lib/amd64/server/libjvm.so
7f2d1965e000-7f2d196fa000 rw-p 00913000 08:03 2231551                    /usr/lib/jvm/java-6-openjdk-amd64/jre/lib/amd64/server/libjvm.so
7f2d196fa000-7f2d19723000 rw-p 00000000 00:00 0 
7f2d19723000-7f2d198a3000 r-xp 00000000 08:03 3538963                    /lib/x86_64-linux-gnu/libc-2.13.so
7f2d198a3000-7f2d19aa3000 ---p 00180000 08:03 3538963                    /lib/x86_64-linux-gnu/libc-2.13.so
7f2d19aa3000-7f2d19aa7000 r--p 00180000 08:03 3538963                    /lib/x86_64-linux-gnu/libc-2.13.so
7f2d19aa7000-7f2d19aa8000 rw-p 00184000 08:03 3538963                    /lib/x86_64-linux-gnu/libc-2.13.so
7f2d19aa8000-7f2d19aad000 rw-p 00000000 00:00 0 
7f2d19aad000-7f2d19aaf000 r-xp 00000000 08:03 3538956                    /lib/x86_64-linux-gnu/libdl-2.13.so
7f2d19aaf000-7f2d19caf000 ---p 00002000 08:03 3538956                    /lib/x86_64-linux-gnu/libdl-2.13.so
7f2d19caf000-7f2d19cb0000 r--p 00002000 08:03 3538956                    /lib/x86_64-linux-gnu/libdl-2.13.so
7f2d19cb0000-7f2d19cb1000 rw-p 00003000 08:03 3538956                    /lib/x86_64-linux-gnu/libdl-2.13.so
7f2d19cb1000-7f2d19cb5000 r-xp 00000000 08:03 2231548                    /usr/lib/jvm/java-6-openjdk-amd64/jre/lib/amd64/jli/libjli.so
7f2d19cb5000-7f2d19eb4000 ---p 00004000 08:03 2231548                    /usr/lib/jvm/java-6-openjdk-amd64/jre/lib/amd64/jli/libjli.so
7f2d19eb4000-7f2d19eb5000 rw-p 00003000 08:03 2231548                    /usr/lib/jvm/java-6-openjdk-amd64/jre/lib/amd64/jli/libjli.so
7f2d19eb5000-7f2d19ecc000 r-xp 00000000 08:03 3538953                    /lib/x86_64-linux-gnu/libpthread-2.13.so
7f2d19ecc000-7f2d1a0cb000 ---p 00017000 08:03 3538953                    /lib/x86_64-linux-gnu/libpthread-2.13.so
7f2d1a0cb000-7f2d1a0cc000 r--p 00016000 08:03 3538953                    /lib/x86_64-linux-gnu/libpthread-2.13.so
7f2d1a0cc000-7f2d1a0cd000 rw-p 00017000 08:03 3538953                    /lib/x86_64-linux-gnu/libpthread-2.13.so
7f2d1a0cd000-7f2d1a0d1000 rw-p 00000000 00:00 0 
7f2d1a0d1000-7f2d1a0e7000 r-xp 00000000 08:03 3539034                    /lib/x86_64-linux-gnu/libz.so.1.2.7
7f2d1a0e7000-7f2d1a2e6000 ---p 00016000 08:03 3539034                    /lib/x86_64-linux-gnu/libz.so.1.2.7
7f2d1a2e6000-7f2d1a2e7000 r--p 00015000 08:03 3539034                    /lib/x86_64-linux-gnu/libz.so.1.2.7
7f2d1a2e7000-7f2d1a2e8000 rw-p 00016000 08:03 3539034                    /lib/x86_64-linux-gnu/libz.so.1.2.7
7f2d1a2e8000-7f2d1a308000 r-xp 00000000 08:03 3538966                    /lib/x86_64-linux-gnu/ld-2.13.so
7f2d1a308000-7f2d1a310000 r--s 00000000 08:03 4853581                    /var/cache/fontconfig/3f7329c5293ffd510edef78f73874cfd-le64.cache-3
7f2d1a310000-7f2d1a311000 r--s 00000000 08:03 4855939                    /var/cache/fontconfig/e13b20fdb08344e0e664864cc2ede53d-le64.cache-3
7f2d1a311000-7f2d1a314000 r--s 0007f000 08:03 2231060                    /usr/lib/jvm/java-6-openjdk-common/jre/lib/jsse.jar
7f2d1a314000-7f2d1a321000 r--s 000e6000 08:03 11413237                   /home/brandon/ClearWaterInk/games/WorldsCubed/libs/lwjgl.jar
7f2d1a321000-7f2d1a325000 r--s 00027000 08:03 11413238                   /home/brandon/ClearWaterInk/games/WorldsCubed/libs/lwjgl_util.jar
7f2d1a325000-7f2d1a326000 r--s 00007000 08:03 793877                     /usr/share/java/java-atk-wrapper.jar
7f2d1a326000-7f2d1a328000 r--s 00001000 08:03 2231056                    /usr/lib/jvm/java-6-openjdk-common/jre/lib/ext/dnsns.jar
7f2d1a328000-7f2d1a32a000 r--s 0000f000 08:03 2231053                    /usr/lib/jvm/java-6-openjdk-common/jre/lib/ext/pulse-java.jar
7f2d1a32a000-7f2d1a334000 rw-p 00000000 00:00 0 
7f2d1a334000-7f2d1a3ea000 rw-p 00000000 00:00 0 
7f2d1a3ea000-7f2d1a3ed000 ---p 00000000 00:00 0 
7f2d1a3ed000-7f2d1a4f0000 rw-p 00000000 00:00 0 
7f2d1a4f0000-7f2d1a4f1000 r--s 00000000 08:03 4855939                    /var/cache/fontconfig/e13b20fdb08344e0e664864cc2ede53d-le64.cache-3
7f2d1a4f1000-7f2d1a4f5000 r--s 00039000 08:03 2231052                    /usr/lib/jvm/java-6-openjdk-common/jre/lib/ext/sunpkcs11.jar
7f2d1a4f5000-7f2d1a4f8000 r--s 00031000 08:03 2231055                    /usr/lib/jvm/java-6-openjdk-common/jre/lib/ext/sunjce_provider.jar
7f2d1a4f8000-7f2d1a4fb000 r--s 00077000 08:03 2231054                    /usr/lib/jvm/java-6-openjdk-common/jre/lib/ext/localedata.jar
7f2d1a4fb000-7f2d1a503000 rw-s 00000000 08:03 7999663                    /tmp/hsperfdata_brandon/21405 (deleted)
7f2d1a503000-7f2d1a504000 rw-p 00000000 00:00 0 
7f2d1a504000-7f2d1a505000 ---p 00000000 00:00 0 
7f2d1a505000-7f2d1a507000 rw-p 00000000 00:00 0 
7f2d1a507000-7f2d1a508000 r--p 0001f000 08:03 3538966                    /lib/x86_64-linux-gnu/ld-2.13.so
7f2d1a508000-7f2d1a509000 rw-p 00020000 08:03 3538966                    /lib/x86_64-linux-gnu/ld-2.13.so
7f2d1a509000-7f2d1a50a000 rw-p 00000000 00:00 0 
7fff0c87e000-7fff0c89f000 rw-p 00000000 00:00 0                          [stack]
7fff0c9ff000-7fff0ca00000 r-xp 00000000 00:00 0                          [vdso]
ffffffffff600000-ffffffffff601000 r-xp 00000000 00:00 0                  [vsyscall]

VM Arguments:
jvm_args: -Djava.library.path=/home/brandon/ClearWaterInk/games/WorldsCubed/libs/natives/linux -Dfile.encoding=UTF-8 
java_command: net.clearwaterink.worldscubed.WorldsCubed
Launcher Type: SUN_STANDARD

Environment Variables:
PATH=/home/brandon/bin:/usr/local/bin:/usr/bin:/bin:/usr/local/games:/usr/games
LD_LIBRARY_PATH=/usr/lib/jvm/java-6-openjdk-amd64/jre/lib/amd64/server:/usr/lib/jvm/java-6-openjdk-amd64/jre/lib/amd64:/usr/lib/jvm/java-6-openjdk-amd64/jre/../lib/amd64
SHELL=/bin/bash
DISPLAY=:0.0

Signal Handlers:
SIGSEGV: [libjvm.so+0x791b10], sa_mask[0]=0x7ffbfeff, sa_flags=0x10000004
SIGBUS: [libjvm.so+0x791b10], sa_mask[0]=0x7ffbfeff, sa_flags=0x10000004
SIGFPE: [libjvm.so+0x65ace0], sa_mask[0]=0x7ffbfeff, sa_flags=0x10000004
SIGPIPE: [libjvm.so+0x65ace0], sa_mask[0]=0x7ffbfeff, sa_flags=0x10000004
SIGXFSZ: [libjvm.so+0x65ace0], sa_mask[0]=0x7ffbfeff, sa_flags=0x10000004
SIGILL: [libjvm.so+0x65ace0], sa_mask[0]=0x7ffbfeff, sa_flags=0x10000004
SIGUSR1: SIG_DFL, sa_mask[0]=0x00000000, sa_flags=0x00000000
SIGUSR2: [libjvm.so+0x65aec0], sa_mask[0]=0x00000004, sa_flags=0x10000004
SIGHUP: [libjvm.so+0x65d500], sa_mask[0]=0x7ffbfeff, sa_flags=0x10000004
SIGINT: [libjvm.so+0x65d500], sa_mask[0]=0x7ffbfeff, sa_flags=0x10000004
SIGTERM: [libjvm.so+0x65d500], sa_mask[0]=0x7ffbfeff, sa_flags=0x10000004
SIGQUIT: [libjvm.so+0x65d500], sa_mask[0]=0x7ffbfeff, sa_flags=0x10000004


---------------  S Y S T E M  ---------------

OS:7.3

uname:Linux 3.2.0-4-amd64 #1 SMP Debian 3.2.51-1 x86_64
libc:glibc 2.13 NPTL 2.13 
rlimit: STACK 8192k, CORE 0k, NPROC 95755, NOFILE 4096, AS infinity
load average:1.09 1.14 1.09

/proc/meminfo:
MemTotal:       12334808 kB
MemFree:         8837048 kB
Buffers:          347540 kB
Cached:          1101704 kB
SwapCached:            0 kB
Active:          2119516 kB
Inactive:         965556 kB
Active(anon):    1636372 kB
Inactive(anon):    19008 kB
Active(file):     483144 kB
Inactive(file):   946548 kB
Unevictable:           4 kB
Mlocked:               4 kB
SwapTotal:      13616120 kB
SwapFree:       13616120 kB
Dirty:              1460 kB
Writeback:             0 kB
AnonPages:       1635956 kB
Mapped:           245784 kB
Shmem:             19556 kB
Slab:             201364 kB
SReclaimable:     178516 kB
SUnreclaim:        22848 kB
KernelStack:        3664 kB
PageTables:        26272 kB
NFS_Unstable:          0 kB
Bounce:                0 kB
WritebackTmp:          0 kB
CommitLimit:    19783524 kB
Committed_AS:    3563780 kB
VmallocTotal:   34359738367 kB
VmallocUsed:      329784 kB
VmallocChunk:   34359406412 kB
HardwareCorrupted:     0 kB
AnonHugePages:         0 kB
HugePages_Total:       0
HugePages_Free:        0
HugePages_Rsvd:        0
HugePages_Surp:        0
Hugepagesize:       2048 kB
DirectMap4k:      202112 kB
DirectMap2M:     8185856 kB
DirectMap1G:     4194304 kB


CPU:total 2 (2 cores per cpu, 1 threads per core) family 16 model 6 stepping 3, cmov, cx8, fxsr, mmx, sse, sse2, sse3, popcnt, mmxext, 3dnowpref, lzcnt, sse4a

Memory: 4k page, physical 12334808k(8837048k free), swap 13616120k(13616120k free)

vm_info: OpenJDK 64-Bit Server VM (20.0-b12) for linux-amd64 JRE (1.6.0_27-b27), built on Jul 12 2013 09:04:12 by "jmm" with gcc 4.7.2

time: Fri Feb  7 19:13:26 2014
elapsed time: 6 seconds

