#
# A fatal error has been detected by the Java Runtime Environment:
#
#  SIGSEGV (0xb) at pc=0x00007f212d265e38, pid=21363, tid=139780592555776
#
# JRE version: 6.0_27-b27
# Java VM: OpenJDK 64-Bit Server VM (20.0-b12 mixed mode linux-amd64 compressed oops)
# Derivative: IcedTea6 1.12.6
# Distribution: Debian GNU/Linux 7.1 (wheezy), package 6b27-1.12.6-1~deb7u1
# Problematic frame:
# C  [libX11.so.6+0x3ae38]  XQueryExtension+0x28
#
# If you would like to submit a bug report, please include
# instructions how to reproduce the bug and visit:
#   http://icedtea.classpath.org/bugzilla
#

---------------  T H R E A D  ---------------

Current thread (0x0000000001a6c800):  VMThread [stack: 0x00007f213480d000,0x00007f213490e000] [id=21371]

siginfo:si_signo=SIGSEGV: si_errno=0, si_code=1 (SEGV_MAPERR), si_addr=0x00000000300eef38

Registers:
RAX=0x0000000001a0f360, RBX=0x00000000300ee5d0, RCX=0x00007f213490c9d8, RDX=0x00007f213490c9d4
RSP=0x00007f213490c970, RBP=0x00007f212b0b4c60, RSI=0x00007f212af7ce12, RDI=0x00000000300ee5d0
R8 =0x00007f213490c9dc, R9 =0x0000000000000000, R10=0x00007f213b1fc768, R11=0x00007f213aeac0d0
R12=0x00007f212af7ce12, R13=0x0000000001a0f360, R14=0x00007f21300ec830, R15=0x00007f21300969a0
RIP=0x00007f212d265e38, EFLAGS=0x0000000000010202, CSGSFS=0x0000000000000033, ERR=0x0000000000000004
  TRAPNO=0x000000000000000e

Top of Stack: (sp=0x00007f213490c970)
0x00007f213490c970:   0000000000000020 00007f2135a77438
0x00007f213490c980:   00007f213ae835c8 00007f213bc40000
0x00007f213490c990:   00007f213ae835c8 00000000300ee5d0
0x00007f213490c9a0:   00007f212b0b4c60 00007f212af7ce12
0x00007f213490c9b0:   0000000001a0f360 00007f21300ec830
0x00007f213490c9c0:   00007f21300969a0 00007f212d259e72
0x00007f213490c9d0:   00007f21300ec830 0000000000000000
0x00007f213490c9e0:   0000000000000000 00007f212b0b4c60
0x00007f213490c9f0:   00000000300ee5d0 00007f212d57371d
0x00007f213490ca00:   00007f212af7ce12 000000113ae835c8
0x00007f213490ca10:   00007f213490ca90 0000000000000000
0x00007f213490ca20:   00007f213490ca90 00000000300ee5d0
0x00007f213490ca30:   00007f213bc5a048 00007f21300ec830
0x00007f213490ca40:   00007f212b0ce490 00007f212af28fd9
0x00007f213490ca50:   0000000000000000 000000000000002b
0x00007f213490ca60:   00007f213490ca90 0000000000000000
0x00007f213490ca70:   00007f213bc5a048 00007f21300ec830
0x00007f213490ca80:   000000000000001b 00007f212af1d6e2
0x00007f213490ca90:   00007f213490cc90 00007f212af7cd81
0x00007f213490caa0:   00007f213490cc90 00007f213ba484ec
0x00007f213490cab0:   00007f213bc5b1c8 00007f213bc5b758
0x00007f213490cac0:   00007f213bc41508 0000000001a055a0
0x00007f213490cad0:   0000000001a05ac0 0000000001a05fc0
0x00007f213490cae0:   0000000001a0acc0 00007f2130017d10
0x00007f213490caf0:   00007f21300259f0 00007f213bc587f0
0x00007f213490cb00:   00007f21300e7490 00007f21300e6fc0
0x00007f213490cb10:   00007f21300d3a40 00007f21300deae0
0x00007f213490cb20:   00007f21300199d0 00007f2130003c00
0x00007f213490cb30:   00007f213000e0b0 00007f2130000c20
0x00007f213490cb40:   0000000001a01600 0000000001a01be0
0x00007f213490cb50:   0000000001a00f40 00000000019fc5f0
0x00007f213490cb60:   00000000019fcb60 00000000019fd570 

Instructions: (pc=0x00007f212d265e38)
0x00007f212d265e18:   24 e0 48 89 fb 4c 89 6c 24 e8 4c 89 74 24 f0 49
0x00007f212d265e28:   89 f4 4c 89 7c 24 f8 48 89 6c 24 d8 48 83 ec 58
0x00007f212d265e38:   48 8b 87 68 09 00 00 49 89 d7 49 89 ce 4d 89 c5
0x00007f212d265e48:   48 85 c0 74 02 ff 10 ba 08 00 00 00 be 62 00 00 

Register to memory mapping:

RAX=0x0000000001a0f360 is an unknown value
RBX=0x00000000300ee5d0 is an unknown value
RCX=0x00007f213490c9d8 is an unknown value
RDX=0x00007f213490c9d4 is an unknown value
RSP=0x00007f213490c970 is an unknown value
RBP=0x00007f212b0b4c60: <offset 0x1cac60> in /usr/lib/x86_64-linux-gnu/libGL.so.1 at 0x00007f212aeea000
RSI=0x00007f212af7ce12: <offset 0x92e12> in /usr/lib/x86_64-linux-gnu/libGL.so.1 at 0x00007f212aeea000
RDI=0x00000000300ee5d0 is an unknown value
R8 =0x00007f213490c9dc is an unknown value
R9 =0x0000000000000000 is an unknown value
R10=0x00007f213b1fc768: <offset 0x387768> in /lib/x86_64-linux-gnu/libc.so.6 at 0x00007f213ae75000
R11=0x00007f213aeac0d0: __cxa_finalize+0 in /lib/x86_64-linux-gnu/libc.so.6 at 0x00007f213ae75000
R12=0x00007f212af7ce12: <offset 0x92e12> in /usr/lib/x86_64-linux-gnu/libGL.so.1 at 0x00007f212aeea000
R13=0x0000000001a0f360 is an unknown value
R14=0x00007f21300ec830 is an unknown value
R15=0x00007f21300969a0 is an unknown value


Stack: [0x00007f213480d000,0x00007f213490e000],  sp=0x00007f213490c970,  free space=1022k
Native frames: (J=compiled Java code, j=interpreted, Vv=VM code, C=native code)
C  [libX11.so.6+0x3ae38]  XQueryExtension+0x28

VM_Operation (0x00007f213bc3b5d0): Exit, mode: safepoint, requested by thread 0x0000000001a07000


---------------  P R O C E S S  ---------------

Java Threads: ( => current thread )
  0x00007f213073d800 JavaThread "Thread-1" [_thread_blocked, id=21395, stack(0x00007f212b0ee000,0x00007f212b1ef000)]
  0x00007f21300ce800 JavaThread "AWT-XAWT" daemon [_thread_blocked, id=21380, stack(0x00007f212ba6b000,0x00007f212bb6c000)]
  0x00007f213005b000 JavaThread "Java2D Disposer" daemon [_thread_blocked, id=21379, stack(0x00007f212bffb000,0x00007f212c0fc000)]
  0x0000000001aa3000 JavaThread "Low Memory Detector" daemon [_thread_blocked, id=21377, stack(0x00007f2134090000,0x00007f2134191000)]
  0x0000000001a9e800 JavaThread "C2 CompilerThread1" daemon [_thread_blocked, id=21376, stack(0x00007f2134191000,0x00007f2134292000)]
  0x0000000001a99800 JavaThread "C2 CompilerThread0" daemon [_thread_blocked, id=21375, stack(0x00007f2134292000,0x00007f2134393000)]
  0x0000000001a73800 JavaThread "Finalizer" daemon [_thread_blocked, id=21373, stack(0x00007f213460b000,0x00007f213470c000)]
  0x0000000001a71800 JavaThread "Reference Handler" daemon [_thread_blocked, id=21372, stack(0x00007f213470c000,0x00007f213480d000)]
  0x0000000001a07000 JavaThread "main" [_thread_blocked, id=21365, stack(0x00007f213bb3c000,0x00007f213bc3d000)]

Other Threads:
=>0x0000000001a6c800 VMThread [stack: 0x00007f213480d000,0x00007f213490e000] [id=21371]

VM state:at safepoint (shutting down)

VM Mutex/Monitor currently owned by a thread:  ([mutex/lock_event])
[0x0000000001a03a10] Threads_lock - owner thread: 0x0000000001a6c800

Heap
 PSYoungGen      total 56256K, used 11645K [0x00000007c1400000, 0x00000007c52c0000, 0x0000000800000000)
  eden space 48256K, 24% used [0x00000007c1400000,0x00000007c1f5f650,0x00000007c4320000)
  from space 8000K, 0% used [0x00000007c4af0000,0x00000007c4af0000,0x00000007c52c0000)
  to   space 8000K, 0% used [0x00000007c4320000,0x00000007c4320000,0x00000007c4af0000)
 PSOldGen        total 128512K, used 0K [0x0000000743c00000, 0x000000074b980000, 0x00000007c1400000)
  object space 128512K, 0% used [0x0000000743c00000,0x0000000743c00000,0x000000074b980000)
 PSPermGen       total 21248K, used 9467K [0x0000000739600000, 0x000000073aac0000, 0x0000000743c00000)
  object space 21248K, 44% used [0x0000000739600000,0x0000000739f3ec60,0x000000073aac0000)

Code Cache  [0x00007f2135a77000, 0x00007f2135ce7000, 0x00007f2138a77000)
 total_blobs=535 nmethods=88 adapters=402 free_code_cache=49660864 largest_free_block=16896

Dynamic libraries:
00400000-00409000 r-xp 00000000 08:03 2231614                            /usr/lib/jvm/java-6-openjdk-amd64/jre/bin/java
00608000-00609000 rw-p 00008000 08:03 2231614                            /usr/lib/jvm/java-6-openjdk-amd64/jre/bin/java
019fc000-022cd000 rw-p 00000000 00:00 0                                  [heap]
739600000-73aac0000 rw-p 00000000 00:00 0 
73aac0000-743c00000 rw-p 00000000 00:00 0 
743c00000-74b980000 rw-p 00000000 00:00 0 
74b980000-7c1400000 rw-p 00000000 00:00 0 
7c1400000-7c52c0000 rw-p 00000000 00:00 0 
7c52c0000-800000000 rw-p 00000000 00:00 0 
7f2128044000-7f2128744000 rw-s 00006000 00:05 8578                       /dev/ati/card0
7f2128744000-7f2128746000 r-xp 00000000 08:03 534782                     /usr/lib/x86_64-linux-gnu/libXinerama.so.1.0.0
7f2128746000-7f2128945000 ---p 00002000 08:03 534782                     /usr/lib/x86_64-linux-gnu/libXinerama.so.1.0.0
7f2128945000-7f2128946000 rw-p 00001000 08:03 534782                     /usr/lib/x86_64-linux-gnu/libXinerama.so.1.0.0
7f2128946000-7f2128992000 r-xp 00000000 08:03 539328                     /usr/lib/x86_64-linux-gnu/libatiadlxx.so
7f2128992000-7f2128a92000 ---p 0004c000 08:03 539328                     /usr/lib/x86_64-linux-gnu/libatiadlxx.so
7f2128a92000-7f2128a9d000 rw-p 0004c000 08:03 539328                     /usr/lib/x86_64-linux-gnu/libatiadlxx.so
7f2128a9d000-7f2128aad000 rw-p 00000000 00:00 0 
7f2128ac2000-7f212aa60000 r-xp 00000000 08:03 921615                     /usr/lib/x86_64-linux-gnu/dri/fglrx_dri.so
7f212aa60000-7f212ab5f000 ---p 01f9e000 08:03 921615                     /usr/lib/x86_64-linux-gnu/dri/fglrx_dri.so
7f212ab5f000-7f212acad000 rwxp 01f9d000 08:03 921615                     /usr/lib/x86_64-linux-gnu/dri/fglrx_dri.so
7f212acad000-7f212ade1000 rwxp 00000000 00:00 0 
7f212ade1000-7f212ade8000 r-xp 00000000 08:03 539324                     /usr/lib/x86_64-linux-gnu/libatiuki.so.1.0
7f212ade8000-7f212aee8000 ---p 00007000 08:03 539324                     /usr/lib/x86_64-linux-gnu/libatiuki.so.1.0
7f212aee8000-7f212aee9000 rw-p 00007000 08:03 539324                     /usr/lib/x86_64-linux-gnu/libatiuki.so.1.0
7f212aee9000-7f212aeea000 rw-p 00000000 00:00 0 
7f212aeea000-7f212afa8000 r-xp 00000000 08:03 1445187                    /usr/lib/x86_64-linux-gnu/fglrx/fglrx-libGL.so.1.2
7f212afa8000-7f212b0a8000 ---p 000be000 08:03 1445187                    /usr/lib/x86_64-linux-gnu/fglrx/fglrx-libGL.so.1.2
7f212b0a8000-7f212b0cf000 rwxp 000be000 08:03 1445187                    /usr/lib/x86_64-linux-gnu/fglrx/fglrx-libGL.so.1.2
7f212b0cf000-7f212b0ee000 rwxp 00000000 00:00 0 
7f212b0ee000-7f212b0f1000 ---p 00000000 00:00 0 
7f212b0f1000-7f212b1ef000 rw-p 00000000 00:00 0 
7f212b1ef000-7f212b1f3000 r-xp 00000000 08:03 535177                     /usr/lib/x86_64-linux-gnu/libXxf86vm.so.1.0.0
7f212b1f3000-7f212b3f3000 ---p 00004000 08:03 535177                     /usr/lib/x86_64-linux-gnu/libXxf86vm.so.1.0.0
7f212b3f3000-7f212b3f4000 r--p 00004000 08:03 535177                     /usr/lib/x86_64-linux-gnu/libXxf86vm.so.1.0.0
7f212b3f4000-7f212b3f5000 rw-p 00005000 08:03 535177                     /usr/lib/x86_64-linux-gnu/libXxf86vm.so.1.0.0
7f212b3f5000-7f212b3fc000 r-xp 00000000 08:03 534784                     /usr/lib/x86_64-linux-gnu/libXrandr.so.2.2.0
7f212b3fc000-7f212b5fc000 ---p 00007000 08:03 534784                     /usr/lib/x86_64-linux-gnu/libXrandr.so.2.2.0
7f212b5fc000-7f212b5fd000 rw-p 00007000 08:03 534784                     /usr/lib/x86_64-linux-gnu/libXrandr.so.2.2.0
7f212b5fd000-7f212b667000 r-xp 00000000 08:03 12332350                   /home/brandon/ClearWaterInk/games/WorldsCubed/libs/natives/linux/liblwjgl64.so
7f212b667000-7f212b867000 ---p 0006a000 08:03 12332350                   /home/brandon/ClearWaterInk/games/WorldsCubed/libs/natives/linux/liblwjgl64.so
7f212b867000-7f212b869000 r--p 0006a000 08:03 12332350                   /home/brandon/ClearWaterInk/games/WorldsCubed/libs/natives/linux/liblwjgl64.so
7f212b869000-7f212b86a000 rw-p 0006c000 08:03 12332350                   /home/brandon/ClearWaterInk/games/WorldsCubed/libs/natives/linux/liblwjgl64.so
7f212b86a000-7f212b86b000 r-xp 00000000 08:03 2231545                    /usr/lib/jvm/java-6-openjdk-amd64/jre/lib/amd64/libjawt.so
7f212b86b000-7f212ba6a000 ---p 00001000 08:03 2231545                    /usr/lib/jvm/java-6-openjdk-amd64/jre/lib/amd64/libjawt.so
7f212ba6a000-7f212ba6b000 rw-p 00000000 08:03 2231545                    /usr/lib/jvm/java-6-openjdk-amd64/jre/lib/amd64/libjawt.so
7f212ba6b000-7f212ba6e000 ---p 00000000 00:00 0 
7f212ba6e000-7f212bb6c000 rw-p 00000000 00:00 0 
7f212bb6c000-7f212bb9a000 r--s 00000000 08:03 4855897                    /var/cache/fontconfig/365b55f210c0a22e9a19e35191240f32-le64.cache-3
7f212bbaf000-7f212bbcf000 rw-s fe9e0000 00:05 8578                       /dev/ati/card0
7f212bbcf000-7f212bbd4000 r-xp 00000000 08:03 534774                     /usr/lib/x86_64-linux-gnu/libXfixes.so.3.1.0
7f212bbd4000-7f212bdd3000 ---p 00005000 08:03 534774                     /usr/lib/x86_64-linux-gnu/libXfixes.so.3.1.0
7f212bdd3000-7f212bdd4000 r--p 00004000 08:03 534774                     /usr/lib/x86_64-linux-gnu/libXfixes.so.3.1.0
7f212bdd4000-7f212bdd5000 rw-p 00005000 08:03 534774                     /usr/lib/x86_64-linux-gnu/libXfixes.so.3.1.0
7f212bdd5000-7f212bddf000 r-xp 00000000 08:03 534776                     /usr/lib/x86_64-linux-gnu/libXcursor.so.1.0.2
7f212bddf000-7f212bfde000 ---p 0000a000 08:03 534776                     /usr/lib/x86_64-linux-gnu/libXcursor.so.1.0.2
7f212bfde000-7f212bfdf000 rw-p 00009000 08:03 534776                     /usr/lib/x86_64-linux-gnu/libXcursor.so.1.0.2
7f212bff2000-7f212bff4000 rw-s 00002000 00:05 8578                       /dev/ati/card0
7f212bff4000-7f212bffb000 r--s 000fc000 08:03 2231068                    /usr/lib/jvm/java-6-openjdk-common/jre/lib/resources.jar
7f212bffb000-7f212bffe000 ---p 00000000 00:00 0 
7f212bffe000-7f212c0fc000 rw-p 00000000 00:00 0 
7f212c0fc000-7f212c195000 r-xp 00000000 08:03 530994                     /usr/lib/x86_64-linux-gnu/libfreetype.so.6.8.1
7f212c195000-7f212c394000 ---p 00099000 08:03 530994                     /usr/lib/x86_64-linux-gnu/libfreetype.so.6.8.1
7f212c394000-7f212c39a000 r--p 00098000 08:03 530994                     /usr/lib/x86_64-linux-gnu/libfreetype.so.6.8.1
7f212c39a000-7f212c39b000 rw-p 0009e000 08:03 530994                     /usr/lib/x86_64-linux-gnu/libfreetype.so.6.8.1
7f212c39b000-7f212c3e3000 r-xp 00000000 08:03 2231539                    /usr/lib/jvm/java-6-openjdk-amd64/jre/lib/amd64/libfontmanager.so
7f212c3e3000-7f212c5e3000 ---p 00048000 08:03 2231539                    /usr/lib/jvm/java-6-openjdk-amd64/jre/lib/amd64/libfontmanager.so
7f212c5e3000-7f212c5e6000 rw-p 00048000 08:03 2231539                    /usr/lib/jvm/java-6-openjdk-amd64/jre/lib/amd64/libfontmanager.so
7f212c5e6000-7f212c5eb000 r-xp 00000000 08:03 531316                     /usr/lib/x86_64-linux-gnu/libXdmcp.so.6.0.0
7f212c5eb000-7f212c7ea000 ---p 00005000 08:03 531316                     /usr/lib/x86_64-linux-gnu/libXdmcp.so.6.0.0
7f212c7ea000-7f212c7eb000 rw-p 00004000 08:03 531316                     /usr/lib/x86_64-linux-gnu/libXdmcp.so.6.0.0
7f212c7eb000-7f212c7ed000 r-xp 00000000 08:03 531314                     /usr/lib/x86_64-linux-gnu/libXau.so.6.0.0
7f212c7ed000-7f212c9ed000 ---p 00002000 08:03 531314                     /usr/lib/x86_64-linux-gnu/libXau.so.6.0.0
7f212c9ed000-7f212c9ee000 rw-p 00002000 08:03 531314                     /usr/lib/x86_64-linux-gnu/libXau.so.6.0.0
7f212c9ee000-7f212ca0d000 r-xp 00000000 08:03 531318                     /usr/lib/x86_64-linux-gnu/libxcb.so.1.1.0
7f212ca0d000-7f212cc0c000 ---p 0001f000 08:03 531318                     /usr/lib/x86_64-linux-gnu/libxcb.so.1.1.0
7f212cc0c000-7f212cc0d000 r--p 0001e000 08:03 531318                     /usr/lib/x86_64-linux-gnu/libxcb.so.1.1.0
7f212cc0d000-7f212cc0e000 rw-p 0001f000 08:03 531318                     /usr/lib/x86_64-linux-gnu/libxcb.so.1.1.0
7f212cc0e000-7f212cc1c000 r-xp 00000000 08:03 534780                     /usr/lib/x86_64-linux-gnu/libXi.so.6.1.0
7f212cc1c000-7f212ce1c000 ---p 0000e000 08:03 534780                     /usr/lib/x86_64-linux-gnu/libXi.so.6.1.0
7f212ce1c000-7f212ce1d000 rw-p 0000e000 08:03 534780                     /usr/lib/x86_64-linux-gnu/libXi.so.6.1.0
7f212ce1d000-7f212ce22000 r-xp 00000000 08:03 535605                     /usr/lib/x86_64-linux-gnu/libXtst.so.6.1.0
7f212ce22000-7f212d021000 ---p 00005000 08:03 535605                     /usr/lib/x86_64-linux-gnu/libXtst.so.6.1.0
7f212d021000-7f212d022000 rw-p 00004000 08:03 535605                     /usr/lib/x86_64-linux-gnu/libXtst.so.6.1.0
7f212d022000-7f212d02b000 r-xp 00000000 08:03 534524                     /usr/lib/x86_64-linux-gnu/libXrender.so.1.3.0
7f212d02b000-7f212d22a000 ---p 00009000 08:03 534524                     /usr/lib/x86_64-linux-gnu/libXrender.so.1.3.0
7f212d22a000-7f212d22b000 rw-p 00008000 08:03 534524                     /usr/lib/x86_64-linux-gnu/libXrender.so.1.3.0
7f212d22b000-7f212d360000 r-xp 00000000 08:03 531323                     /usr/lib/x86_64-linux-gnu/libX11.so.6.3.0
7f212d360000-7f212d560000 ---p 00135000 08:03 531323                     /usr/lib/x86_64-linux-gnu/libX11.so.6.3.0
7f212d560000-7f212d566000 rw-p 00135000 08:03 531323                     /usr/lib/x86_64-linux-gnu/libX11.so.6.3.0
7f212d566000-7f212d577000 r-xp 00000000 08:03 531325                     /usr/lib/x86_64-linux-gnu/libXext.so.6.4.0
7f212d577000-7f212d777000 ---p 00011000 08:03 531325                     /usr/lib/x86_64-linux-gnu/libXext.so.6.4.0
7f212d777000-7f212d778000 rw-p 00011000 08:03 531325                     /usr/lib/x86_64-linux-gnu/libXext.so.6.4.0
7f212d778000-7f212d7c5000 r-xp 00000000 08:03 2231706                    /usr/lib/jvm/java-6-openjdk-amd64/jre/lib/amd64/xawt/libmawt.so
7f212d7c5000-7f212d9c4000 ---p 0004d000 08:03 2231706                    /usr/lib/jvm/java-6-openjdk-amd64/jre/lib/amd64/xawt/libmawt.so
7f212d9c4000-7f212d9c8000 rw-p 0004c000 08:03 2231706                    /usr/lib/jvm/java-6-openjdk-amd64/jre/lib/amd64/xawt/libmawt.so
7f212d9c8000-7f212d9c9000 rw-p 00000000 00:00 0 
7f212d9c9000-7f212da79000 r-xp 00000000 08:03 2231546                    /usr/lib/jvm/java-6-openjdk-amd64/jre/lib/amd64/libawt.so
7f212da79000-7f212dc78000 ---p 000b0000 08:03 2231546                    /usr/lib/jvm/java-6-openjdk-amd64/jre/lib/amd64/libawt.so
7f212dc78000-7f212dc84000 rw-p 000af000 08:03 2231546                    /usr/lib/jvm/java-6-openjdk-amd64/jre/lib/amd64/libawt.so
7f212dc84000-7f212feff000 rw-p 00000000 00:00 0 
7f212feff000-7f212ff00000 ---p 00000000 00:00 0 
7f212ff00000-7f2130000000 rw-p 00000000 00:00 0 
7f2130000000-7f2132358000 rw-p 00000000 00:00 0 
7f2132358000-7f2134000000 ---p 00000000 00:00 0 
7f2134005000-7f2134006000 rw-s 00005000 00:05 8578                       /dev/ati/card0
7f2134006000-7f2134007000 r--s 00000000 08:03 4856319                    /var/cache/fontconfig/c05880de57d1f5e948fdfacc138775d9-le64.cache-3
7f2134007000-7f2134010000 r--s 00000000 08:03 4854967                    /var/cache/fontconfig/945677eb7aeaf62f1d50efc3fb3ec7d8-le64.cache-3
7f2134010000-7f2134014000 r--s 00000000 08:03 4855898                    /var/cache/fontconfig/a46337af8a0b4c9b317ad981ec3bdf87-le64.cache-3
7f2134014000-7f213401d000 r--s 00000000 08:03 4856317                    /var/cache/fontconfig/6d41288fd70b0be22e8c3a91e032eec0-le64.cache-3
7f213401d000-7f213401e000 r--s 00000000 08:03 4856316                    /var/cache/fontconfig/4794a0821666d79190d59a36cb4f44b5-le64.cache-3
7f213401e000-7f2134021000 r--s 00000000 08:03 4854299                    /var/cache/fontconfig/c57959a16110560c8d0fcea73374aeeb-le64.cache-3
7f2134021000-7f2134026000 r--s 00000000 08:03 4855942                    /var/cache/fontconfig/3047814df9a2f067bd2d96a2b9c36e5a-le64.cache-3
7f2134026000-7f213402e000 r--s 00000000 08:03 4853581                    /var/cache/fontconfig/3f7329c5293ffd510edef78f73874cfd-le64.cache-3
7f213402e000-7f2134038000 r--s 00000000 08:03 4856314                    /var/cache/fontconfig/83bf95040141907cd45bb53cf7c1c148-le64.cache-3
7f2134038000-7f2134039000 r--s 00000000 08:03 4855939                    /var/cache/fontconfig/e13b20fdb08344e0e664864cc2ede53d-le64.cache-3
7f2134039000-7f213403a000 r--s 00000000 08:03 4856319                    /var/cache/fontconfig/c05880de57d1f5e948fdfacc138775d9-le64.cache-3
7f213403a000-7f2134043000 r--s 00000000 08:03 4854967                    /var/cache/fontconfig/945677eb7aeaf62f1d50efc3fb3ec7d8-le64.cache-3
7f2134043000-7f2134047000 r--s 00000000 08:03 4855898                    /var/cache/fontconfig/a46337af8a0b4c9b317ad981ec3bdf87-le64.cache-3
7f2134047000-7f2134050000 r--s 00000000 08:03 4856317                    /var/cache/fontconfig/6d41288fd70b0be22e8c3a91e032eec0-le64.cache-3
7f2134050000-7f213407e000 r--s 00000000 08:03 4855897                    /var/cache/fontconfig/365b55f210c0a22e9a19e35191240f32-le64.cache-3
7f213407e000-7f2134086000 r--s 00000000 08:03 4853581                    /var/cache/fontconfig/3f7329c5293ffd510edef78f73874cfd-le64.cache-3
7f2134086000-7f2134090000 r--s 00000000 08:03 4856314                    /var/cache/fontconfig/83bf95040141907cd45bb53cf7c1c148-le64.cache-3
7f2134090000-7f2134093000 ---p 00000000 00:00 0 
7f2134093000-7f2134191000 rw-p 00000000 00:00 0 
7f2134191000-7f2134194000 ---p 00000000 00:00 0 
7f2134194000-7f2134292000 rw-p 00000000 00:00 0 
7f2134292000-7f2134295000 ---p 00000000 00:00 0 
7f2134295000-7f2134393000 rw-p 00000000 00:00 0 
7f2134393000-7f2134396000 ---p 00000000 00:00 0 
7f2134396000-7f2134494000 rw-p 00000000 00:00 0 
7f2134494000-7f213460b000 r--p 00000000 08:03 530955                     /usr/lib/locale/locale-archive
7f213460b000-7f213460e000 ---p 00000000 00:00 0 
7f213460e000-7f213470c000 rw-p 00000000 00:00 0 
7f213470c000-7f213470f000 ---p 00000000 00:00 0 
7f213470f000-7f213480d000 rw-p 00000000 00:00 0 
7f213480d000-7f213480e000 ---p 00000000 00:00 0 
7f213480e000-7f2134c44000 rw-p 00000000 00:00 0 
7f2134c44000-7f2134dd8000 r--s 03807000 08:03 2231586                    /usr/lib/jvm/java-6-openjdk-amd64/jre/lib/rt.jar
7f2134dd8000-7f2134e00000 rw-p 00000000 00:00 0 
7f2134e00000-7f2134e01000 ---p 00000000 00:00 0 
7f2134e01000-7f2134f01000 rw-p 00000000 00:00 0 
7f2134f01000-7f2134f02000 ---p 00000000 00:00 0 
7f2134f02000-7f213500d000 rw-p 00000000 00:00 0 
7f213500d000-7f2135055000 rw-p 00000000 00:00 0 
7f2135055000-7f2135094000 rw-p 00000000 00:00 0 
7f2135094000-7f2135441000 rw-p 00000000 00:00 0 
7f2135441000-7f213544c000 rw-p 00000000 00:00 0 
7f213544c000-7f2135494000 rw-p 00000000 00:00 0 
7f2135494000-7f21354d3000 rw-p 00000000 00:00 0 
7f21354d3000-7f2135880000 rw-p 00000000 00:00 0 
7f2135880000-7f21358a0000 rw-p 00000000 00:00 0 
7f21358a0000-7f2135a76000 rw-p 00000000 00:00 0 
7f2135a76000-7f2135a77000 rw-p 00000000 00:00 0 
7f2135a77000-7f2135ce7000 rwxp 00000000 00:00 0 
7f2135ce7000-7f2138a77000 rw-p 00000000 00:00 0 
7f2138a77000-7f2138a7e000 r-xp 00000000 08:03 2231575                    /usr/lib/jvm/java-6-openjdk-amd64/jre/lib/amd64/libzip.so
7f2138a7e000-7f2138c7d000 ---p 00007000 08:03 2231575                    /usr/lib/jvm/java-6-openjdk-amd64/jre/lib/amd64/libzip.so
7f2138c7d000-7f2138c7e000 rw-p 00006000 08:03 2231575                    /usr/lib/jvm/java-6-openjdk-amd64/jre/lib/amd64/libzip.so
7f2138c7e000-7f2138c89000 r-xp 00000000 08:03 3538957                    /lib/x86_64-linux-gnu/libnss_files-2.13.so
7f2138c89000-7f2138e88000 ---p 0000b000 08:03 3538957                    /lib/x86_64-linux-gnu/libnss_files-2.13.so
7f2138e88000-7f2138e89000 r--p 0000a000 08:03 3538957                    /lib/x86_64-linux-gnu/libnss_files-2.13.so
7f2138e89000-7f2138e8a000 rw-p 0000b000 08:03 3538957                    /lib/x86_64-linux-gnu/libnss_files-2.13.so
7f2138e8a000-7f2138e94000 r-xp 00000000 08:03 3538969                    /lib/x86_64-linux-gnu/libnss_nis-2.13.so
7f2138e94000-7f2139093000 ---p 0000a000 08:03 3538969                    /lib/x86_64-linux-gnu/libnss_nis-2.13.so
7f2139093000-7f2139094000 r--p 00009000 08:03 3538969                    /lib/x86_64-linux-gnu/libnss_nis-2.13.so
7f2139094000-7f2139095000 rw-p 0000a000 08:03 3538969                    /lib/x86_64-linux-gnu/libnss_nis-2.13.so
7f2139095000-7f213909c000 r-xp 00000000 08:03 3538959                    /lib/x86_64-linux-gnu/libnss_compat-2.13.so
7f213909c000-7f213929b000 ---p 00007000 08:03 3538959                    /lib/x86_64-linux-gnu/libnss_compat-2.13.so
7f213929b000-7f213929c000 r--p 00006000 08:03 3538959                    /lib/x86_64-linux-gnu/libnss_compat-2.13.so
7f213929c000-7f213929d000 rw-p 00007000 08:03 3538959                    /lib/x86_64-linux-gnu/libnss_compat-2.13.so
7f213929d000-7f21392b2000 r-xp 00000000 08:03 3538967                    /lib/x86_64-linux-gnu/libnsl-2.13.so
7f21392b2000-7f21394b1000 ---p 00015000 08:03 3538967                    /lib/x86_64-linux-gnu/libnsl-2.13.so
7f21394b1000-7f21394b2000 r--p 00014000 08:03 3538967                    /lib/x86_64-linux-gnu/libnsl-2.13.so
7f21394b2000-7f21394b3000 rw-p 00015000 08:03 3538967                    /lib/x86_64-linux-gnu/libnsl-2.13.so
7f21394b3000-7f21394b5000 rw-p 00000000 00:00 0 
7f21394b5000-7f21394e3000 r-xp 00000000 08:03 2231561                    /usr/lib/jvm/java-6-openjdk-amd64/jre/lib/amd64/libjava.so
7f21394e3000-7f21396e2000 ---p 0002e000 08:03 2231561                    /usr/lib/jvm/java-6-openjdk-amd64/jre/lib/amd64/libjava.so
7f21396e2000-7f21396e6000 rw-p 0002d000 08:03 2231561                    /usr/lib/jvm/java-6-openjdk-amd64/jre/lib/amd64/libjava.so
7f21396e6000-7f21396f5000 r-xp 00000000 08:03 2231544                    /usr/lib/jvm/java-6-openjdk-amd64/jre/lib/amd64/libverify.so
7f21396f5000-7f21398f4000 ---p 0000f000 08:03 2231544                    /usr/lib/jvm/java-6-openjdk-amd64/jre/lib/amd64/libverify.so
7f21398f4000-7f21398f6000 rw-p 0000e000 08:03 2231544                    /usr/lib/jvm/java-6-openjdk-amd64/jre/lib/amd64/libverify.so
7f21398f6000-7f21398fd000 r-xp 00000000 08:03 3538958                    /lib/x86_64-linux-gnu/librt-2.13.so
7f21398fd000-7f2139afc000 ---p 00007000 08:03 3538958                    /lib/x86_64-linux-gnu/librt-2.13.so
7f2139afc000-7f2139afd000 r--p 00006000 08:03 3538958                    /lib/x86_64-linux-gnu/librt-2.13.so
7f2139afd000-7f2139afe000 rw-p 00007000 08:03 3538958                    /lib/x86_64-linux-gnu/librt-2.13.so
7f2139afe000-7f2139b13000 r-xp 00000000 08:03 3538948                    /lib/x86_64-linux-gnu/libgcc_s.so.1
7f2139b13000-7f2139d13000 ---p 00015000 08:03 3538948                    /lib/x86_64-linux-gnu/libgcc_s.so.1
7f2139d13000-7f2139d14000 rw-p 00015000 08:03 3538948                    /lib/x86_64-linux-gnu/libgcc_s.so.1
7f2139d14000-7f2139d95000 r-xp 00000000 08:03 3538960                    /lib/x86_64-linux-gnu/libm-2.13.so
7f2139d95000-7f2139f94000 ---p 00081000 08:03 3538960                    /lib/x86_64-linux-gnu/libm-2.13.so
7f2139f94000-7f2139f95000 r--p 00080000 08:03 3538960                    /lib/x86_64-linux-gnu/libm-2.13.so
7f2139f95000-7f2139f96000 rw-p 00081000 08:03 3538960                    /lib/x86_64-linux-gnu/libm-2.13.so
7f2139f96000-7f213a07e000 r-xp 00000000 08:03 528173                     /usr/lib/x86_64-linux-gnu/libstdc++.so.6.0.17
7f213a07e000-7f213a27e000 ---p 000e8000 08:03 528173                     /usr/lib/x86_64-linux-gnu/libstdc++.so.6.0.17
7f213a27e000-7f213a286000 r--p 000e8000 08:03 528173                     /usr/lib/x86_64-linux-gnu/libstdc++.so.6.0.17
7f213a286000-7f213a288000 rw-p 000f0000 08:03 528173                     /usr/lib/x86_64-linux-gnu/libstdc++.so.6.0.17
7f213a288000-7f213a29d000 rw-p 00000000 00:00 0 
7f213a29d000-7f213abb1000 r-xp 00000000 08:03 2231551                    /usr/lib/jvm/java-6-openjdk-amd64/jre/lib/amd64/server/libjvm.so
7f213abb1000-7f213adb0000 ---p 00914000 08:03 2231551                    /usr/lib/jvm/java-6-openjdk-amd64/jre/lib/amd64/server/libjvm.so
7f213adb0000-7f213ae4c000 rw-p 00913000 08:03 2231551                    /usr/lib/jvm/java-6-openjdk-amd64/jre/lib/amd64/server/libjvm.so
7f213ae4c000-7f213ae75000 rw-p 00000000 00:00 0 
7f213ae75000-7f213aff5000 r-xp 00000000 08:03 3538963                    /lib/x86_64-linux-gnu/libc-2.13.so
7f213aff5000-7f213b1f5000 ---p 00180000 08:03 3538963                    /lib/x86_64-linux-gnu/libc-2.13.so
7f213b1f5000-7f213b1f9000 r--p 00180000 08:03 3538963                    /lib/x86_64-linux-gnu/libc-2.13.so
7f213b1f9000-7f213b1fa000 rw-p 00184000 08:03 3538963                    /lib/x86_64-linux-gnu/libc-2.13.so
7f213b1fa000-7f213b1ff000 rw-p 00000000 00:00 0 
7f213b1ff000-7f213b201000 r-xp 00000000 08:03 3538956                    /lib/x86_64-linux-gnu/libdl-2.13.so
7f213b201000-7f213b401000 ---p 00002000 08:03 3538956                    /lib/x86_64-linux-gnu/libdl-2.13.so
7f213b401000-7f213b402000 r--p 00002000 08:03 3538956                    /lib/x86_64-linux-gnu/libdl-2.13.so
7f213b402000-7f213b403000 rw-p 00003000 08:03 3538956                    /lib/x86_64-linux-gnu/libdl-2.13.so
7f213b403000-7f213b407000 r-xp 00000000 08:03 2231548                    /usr/lib/jvm/java-6-openjdk-amd64/jre/lib/amd64/jli/libjli.so
7f213b407000-7f213b606000 ---p 00004000 08:03 2231548                    /usr/lib/jvm/java-6-openjdk-amd64/jre/lib/amd64/jli/libjli.so
7f213b606000-7f213b607000 rw-p 00003000 08:03 2231548                    /usr/lib/jvm/java-6-openjdk-amd64/jre/lib/amd64/jli/libjli.so
7f213b607000-7f213b61e000 r-xp 00000000 08:03 3538953                    /lib/x86_64-linux-gnu/libpthread-2.13.so
7f213b61e000-7f213b81d000 ---p 00017000 08:03 3538953                    /lib/x86_64-linux-gnu/libpthread-2.13.so
7f213b81d000-7f213b81e000 r--p 00016000 08:03 3538953                    /lib/x86_64-linux-gnu/libpthread-2.13.so
7f213b81e000-7f213b81f000 rw-p 00017000 08:03 3538953                    /lib/x86_64-linux-gnu/libpthread-2.13.so
7f213b81f000-7f213b823000 rw-p 00000000 00:00 0 
7f213b823000-7f213b839000 r-xp 00000000 08:03 3539034                    /lib/x86_64-linux-gnu/libz.so.1.2.7
7f213b839000-7f213ba38000 ---p 00016000 08:03 3539034                    /lib/x86_64-linux-gnu/libz.so.1.2.7
7f213ba38000-7f213ba39000 r--p 00015000 08:03 3539034                    /lib/x86_64-linux-gnu/libz.so.1.2.7
7f213ba39000-7f213ba3a000 rw-p 00016000 08:03 3539034                    /lib/x86_64-linux-gnu/libz.so.1.2.7
7f213ba3a000-7f213ba5a000 r-xp 00000000 08:03 3538966                    /lib/x86_64-linux-gnu/ld-2.13.so
7f213ba5a000-7f213ba5b000 r--s 00000000 08:03 4856316                    /var/cache/fontconfig/4794a0821666d79190d59a36cb4f44b5-le64.cache-3
7f213ba5b000-7f213ba5e000 r--s 00000000 08:03 4854299                    /var/cache/fontconfig/c57959a16110560c8d0fcea73374aeeb-le64.cache-3
7f213ba5e000-7f213ba63000 r--s 00000000 08:03 4855942                    /var/cache/fontconfig/3047814df9a2f067bd2d96a2b9c36e5a-le64.cache-3
7f213ba63000-7f213ba66000 r--s 0007f000 08:03 2231060                    /usr/lib/jvm/java-6-openjdk-common/jre/lib/jsse.jar
7f213ba66000-7f213ba73000 r--s 000e6000 08:03 11413237                   /home/brandon/ClearWaterInk/games/WorldsCubed/libs/lwjgl.jar
7f213ba73000-7f213ba77000 r--s 00027000 08:03 11413238                   /home/brandon/ClearWaterInk/games/WorldsCubed/libs/lwjgl_util.jar
7f213ba77000-7f213ba78000 r--s 00007000 08:03 793877                     /usr/share/java/java-atk-wrapper.jar
7f213ba78000-7f213ba7a000 r--s 00001000 08:03 2231056                    /usr/lib/jvm/java-6-openjdk-common/jre/lib/ext/dnsns.jar
7f213ba7a000-7f213ba7c000 r--s 0000f000 08:03 2231053                    /usr/lib/jvm/java-6-openjdk-common/jre/lib/ext/pulse-java.jar
7f213ba7c000-7f213ba86000 rw-p 00000000 00:00 0 
7f213ba86000-7f213bb3c000 rw-p 00000000 00:00 0 
7f213bb3c000-7f213bb3f000 ---p 00000000 00:00 0 
7f213bb3f000-7f213bc42000 rw-p 00000000 00:00 0 
7f213bc42000-7f213bc43000 r--s 00000000 08:03 4855939                    /var/cache/fontconfig/e13b20fdb08344e0e664864cc2ede53d-le64.cache-3
7f213bc43000-7f213bc47000 r--s 00039000 08:03 2231052                    /usr/lib/jvm/java-6-openjdk-common/jre/lib/ext/sunpkcs11.jar
7f213bc47000-7f213bc4a000 r--s 00031000 08:03 2231055                    /usr/lib/jvm/java-6-openjdk-common/jre/lib/ext/sunjce_provider.jar
7f213bc4a000-7f213bc4d000 r--s 00077000 08:03 2231054                    /usr/lib/jvm/java-6-openjdk-common/jre/lib/ext/localedata.jar
7f213bc4d000-7f213bc55000 rw-s 00000000 08:03 7999663                    /tmp/hsperfdata_brandon/21363 (deleted)
7f213bc55000-7f213bc56000 rw-p 00000000 00:00 0 
7f213bc56000-7f213bc57000 ---p 00000000 00:00 0 
7f213bc57000-7f213bc59000 rw-p 00000000 00:00 0 
7f213bc59000-7f213bc5a000 r--p 0001f000 08:03 3538966                    /lib/x86_64-linux-gnu/ld-2.13.so
7f213bc5a000-7f213bc5b000 rw-p 00020000 08:03 3538966                    /lib/x86_64-linux-gnu/ld-2.13.so
7f213bc5b000-7f213bc5c000 rw-p 00000000 00:00 0 
7fff5c536000-7fff5c557000 rw-p 00000000 00:00 0                          [stack]
7fff5c5ff000-7fff5c600000 r-xp 00000000 00:00 0                          [vdso]
ffffffffff600000-ffffffffff601000 r-xp 00000000 00:00 0                  [vsyscall]

VM Arguments:
jvm_args: -Djava.library.path=/home/brandon/ClearWaterInk/games/WorldsCubed/libs/natives/linux -Dfile.encoding=UTF-8 
java_command: net.clearwaterink.worldscubed.WorldsCubed
Launcher Type: SUN_STANDARD

Environment Variables:
PATH=/home/brandon/bin:/usr/local/bin:/usr/bin:/bin:/usr/local/games:/usr/games
LD_LIBRARY_PATH=/usr/lib/jvm/java-6-openjdk-amd64/jre/lib/amd64/server:/usr/lib/jvm/java-6-openjdk-amd64/jre/lib/amd64:/usr/lib/jvm/java-6-openjdk-amd64/jre/../lib/amd64
SHELL=/bin/bash
DISPLAY=:0.0

Signal Handlers:
SIGSEGV: [libjvm.so+0x791b10], sa_mask[0]=0x7ffbfeff, sa_flags=0x10000004
SIGBUS: [libjvm.so+0x791b10], sa_mask[0]=0x7ffbfeff, sa_flags=0x10000004
SIGFPE: [libjvm.so+0x65ace0], sa_mask[0]=0x7ffbfeff, sa_flags=0x10000004
SIGPIPE: [libjvm.so+0x65ace0], sa_mask[0]=0x7ffbfeff, sa_flags=0x10000004
SIGXFSZ: [libjvm.so+0x65ace0], sa_mask[0]=0x7ffbfeff, sa_flags=0x10000004
SIGILL: [libjvm.so+0x65ace0], sa_mask[0]=0x7ffbfeff, sa_flags=0x10000004
SIGUSR1: SIG_DFL, sa_mask[0]=0x00000000, sa_flags=0x00000000
SIGUSR2: [libjvm.so+0x65aec0], sa_mask[0]=0x00000004, sa_flags=0x10000004
SIGHUP: [libjvm.so+0x65d500], sa_mask[0]=0x7ffbfeff, sa_flags=0x10000004
SIGINT: [libjvm.so+0x65d500], sa_mask[0]=0x7ffbfeff, sa_flags=0x10000004
SIGTERM: [libjvm.so+0x65d500], sa_mask[0]=0x7ffbfeff, sa_flags=0x10000004
SIGQUIT: [libjvm.so+0x65d500], sa_mask[0]=0x7ffbfeff, sa_flags=0x10000004


---------------  S Y S T E M  ---------------

OS:7.3

uname:Linux 3.2.0-4-amd64 #1 SMP Debian 3.2.51-1 x86_64
libc:glibc 2.13 NPTL 2.13 
rlimit: STACK 8192k, CORE 0k, NPROC 95755, NOFILE 4096, AS infinity
load average:1.29 1.19 1.10

/proc/meminfo:
MemTotal:       12334808 kB
MemFree:         8807488 kB
Buffers:          347524 kB
Cached:          1101456 kB
SwapCached:            0 kB
Active:          2145636 kB
Inactive:         965372 kB
Active(anon):    1662508 kB
Inactive(anon):    18876 kB
Active(file):     483128 kB
Inactive(file):   946496 kB
Unevictable:           4 kB
Mlocked:               4 kB
SwapTotal:      13616120 kB
SwapFree:       13616120 kB
Dirty:              2308 kB
Writeback:             0 kB
AnonPages:       1662156 kB
Mapped:           245624 kB
Shmem:             19360 kB
Slab:             201620 kB
SReclaimable:     178564 kB
SUnreclaim:        23056 kB
KernelStack:        3664 kB
PageTables:        26360 kB
NFS_Unstable:          0 kB
Bounce:                0 kB
WritebackTmp:          0 kB
CommitLimit:    19783524 kB
Committed_AS:    3588388 kB
VmallocTotal:   34359738367 kB
VmallocUsed:      329784 kB
VmallocChunk:   34359406412 kB
HardwareCorrupted:     0 kB
AnonHugePages:         0 kB
HugePages_Total:       0
HugePages_Free:        0
HugePages_Rsvd:        0
HugePages_Surp:        0
Hugepagesize:       2048 kB
DirectMap4k:      202112 kB
DirectMap2M:     8185856 kB
DirectMap1G:     4194304 kB


CPU:total 2 (2 cores per cpu, 1 threads per core) family 16 model 6 stepping 3, cmov, cx8, fxsr, mmx, sse, sse2, sse3, popcnt, mmxext, 3dnowpref, lzcnt, sse4a

Memory: 4k page, physical 12334808k(8807488k free), swap 13616120k(13616120k free)

vm_info: OpenJDK 64-Bit Server VM (20.0-b12) for linux-amd64 JRE (1.6.0_27-b27), built on Jul 12 2013 09:04:12 by "jmm" with gcc 4.7.2

time: Fri Feb  7 19:13:13 2014
elapsed time: 9 seconds

