#
# A fatal error has been detected by the Java Runtime Environment:
#
#  SIGSEGV (0xb) at pc=0x00007f4382abee38, pid=3655, tid=139927992649472
#
# JRE version: 6.0_27-b27
# Java VM: OpenJDK 64-Bit Server VM (20.0-b12 mixed mode linux-amd64 compressed oops)
# Derivative: IcedTea6 1.12.6
# Distribution: Debian GNU/Linux 7.1 (wheezy), package 6b27-1.12.6-1~deb7u1
# Problematic frame:
# C  [libX11.so.6+0x3ae38]  XQueryExtension+0x28
#
# If you would like to submit a bug report, please include
# instructions how to reproduce the bug and visit:
#   http://icedtea.classpath.org/bugzilla
#

---------------  T H R E A D  ---------------

Current thread (0x00000000024c1800):  VMThread [stack: 0x00007f43863bc000,0x00007f43864bd000] [id=3662]

siginfo:si_signo=SIGSEGV: si_errno=0, si_code=1 (SEGV_MAPERR), si_addr=0x000000007c0e2cb8

Registers:
RAX=0x0000000002464360, RBX=0x000000007c0e2350, RCX=0x00007f43864bb9d8, RDX=0x00007f43864bb9d4
RSP=0x00007f43864bb970, RBP=0x00007f43807f2c60, RSI=0x00007f43806bae12, RDI=0x000000007c0e2350
R8 =0x00007f43864bb9dc, R9 =0x0000000000000000, R10=0x00007f438cdab768, R11=0x00007f438ca5b0d0
R12=0x00007f43806bae12, R13=0x0000000002464360, R14=0x00007f437c0e1410, R15=0x00007f437c0736d0
RIP=0x00007f4382abee38, EFLAGS=0x0000000000010202, CSGSFS=0x0000000000000033, ERR=0x0000000000000004
  TRAPNO=0x000000000000000e

Top of Stack: (sp=0x00007f43864bb970)
0x00007f43864bb970:   0000000000000020 00007f4387626438
0x00007f43864bb980:   00007f438ca325c8 00007f438d7ee000
0x00007f43864bb990:   00007f438ca325c8 000000007c0e2350
0x00007f43864bb9a0:   00007f43807f2c60 00007f43806bae12
0x00007f43864bb9b0:   0000000002464360 00007f437c0e1410
0x00007f43864bb9c0:   00007f437c0736d0 00007f4382ab2e72
0x00007f43864bb9d0:   00007f437c0e1410 0000000000000000
0x00007f43864bb9e0:   0000000000000000 00007f43807f2c60
0x00007f43864bb9f0:   000000007c0e2350 00007f4382dcc71d
0x00007f43864bba00:   00007f43806bae12 000000118ca325c8
0x00007f43864bba10:   00007f43864bba90 0000000000000000
0x00007f43864bba20:   00007f43864bba90 000000007c0e2350
0x00007f43864bba30:   00007f438d809048 00007f437c0e1410
0x00007f43864bba40:   00007f438080c490 00007f4380666fd9
0x00007f43864bba50:   0000000000000000 000000000000002b
0x00007f43864bba60:   00007f43864bba90 0000000000000000
0x00007f43864bba70:   00007f438d809048 00007f437c0e1410
0x00007f43864bba80:   000000000000001b 00007f438065b6e2
0x00007f43864bba90:   00007f43864bbc90 00007f43806bad81
0x00007f43864bbaa0:   00007f43864bbc90 00007f438d5f74ec
0x00007f43864bbab0:   00007f438d80a1c8 00007f438d80a758
0x00007f43864bbac0:   00007f438d7ef508 000000000245a5a0
0x00007f43864bbad0:   000000000245aac0 000000000245afc0
0x00007f43864bbae0:   000000000245fcc0 00007f437c028e00
0x00007f43864bbaf0:   00007f437c040f10 00007f438d8077f0
0x00007f43864bbb00:   00007f437c0c7d70 00007f437c0c78a0
0x00007f43864bbb10:   00007f437c0b4130 00007f437c0bf1d0
0x00007f43864bbb20:   00007f437c0050a0 00007f437c01b4b0
0x00007f43864bbb30:   00007f437c01b950 00007f437c005af0
0x00007f43864bbb40:   0000000002456600 0000000002456be0
0x00007f43864bbb50:   0000000002455f40 00000000024515f0
0x00007f43864bbb60:   0000000002451b60 0000000002452570 

Instructions: (pc=0x00007f4382abee38)
0x00007f4382abee18:   24 e0 48 89 fb 4c 89 6c 24 e8 4c 89 74 24 f0 49
0x00007f4382abee28:   89 f4 4c 89 7c 24 f8 48 89 6c 24 d8 48 83 ec 58
0x00007f4382abee38:   48 8b 87 68 09 00 00 49 89 d7 49 89 ce 4d 89 c5
0x00007f4382abee48:   48 85 c0 74 02 ff 10 ba 08 00 00 00 be 62 00 00 

Register to memory mapping:

RAX=0x0000000002464360 is an unknown value
RBX=0x000000007c0e2350 is an unknown value
RCX=0x00007f43864bb9d8 is an unknown value
RDX=0x00007f43864bb9d4 is an unknown value
RSP=0x00007f43864bb970 is an unknown value
RBP=0x00007f43807f2c60: <offset 0x1cac60> in /usr/lib/x86_64-linux-gnu/libGL.so.1 at 0x00007f4380628000
RSI=0x00007f43806bae12: <offset 0x92e12> in /usr/lib/x86_64-linux-gnu/libGL.so.1 at 0x00007f4380628000
RDI=0x000000007c0e2350 is an unknown value
R8 =0x00007f43864bb9dc is an unknown value
R9 =0x0000000000000000 is an unknown value
R10=0x00007f438cdab768: <offset 0x387768> in /lib/x86_64-linux-gnu/libc.so.6 at 0x00007f438ca24000
R11=0x00007f438ca5b0d0: __cxa_finalize+0 in /lib/x86_64-linux-gnu/libc.so.6 at 0x00007f438ca24000
R12=0x00007f43806bae12: <offset 0x92e12> in /usr/lib/x86_64-linux-gnu/libGL.so.1 at 0x00007f4380628000
R13=0x0000000002464360 is an unknown value
R14=0x00007f437c0e1410 is an unknown value
R15=0x00007f437c0736d0 is an unknown value


Stack: [0x00007f43863bc000,0x00007f43864bd000],  sp=0x00007f43864bb970,  free space=1022k
Native frames: (J=compiled Java code, j=interpreted, Vv=VM code, C=native code)
C  [libX11.so.6+0x3ae38]  XQueryExtension+0x28

VM_Operation (0x00007f438d7e95d0): Exit, mode: safepoint, requested by thread 0x000000000245c000


---------------  P R O C E S S  ---------------

Java Threads: ( => current thread )
  0x00007f437c71e800 JavaThread "Thread-1" [_thread_blocked, id=3691, stack(0x00007f438082c000,0x00007f438092d000)]
  0x00007f437c0af000 JavaThread "AWT-XAWT" daemon [_thread_blocked, id=3678, stack(0x00007f43814b8000,0x00007f43815b9000)]
  0x00007f437c04f800 JavaThread "Java2D Disposer" daemon [_thread_blocked, id=3677, stack(0x00007f4381854000,0x00007f4381955000)]
  0x00000000024f8800 JavaThread "Low Memory Detector" daemon [_thread_blocked, id=3671, stack(0x00007f4385c3f000,0x00007f4385d40000)]
  0x00000000024f3800 JavaThread "C2 CompilerThread1" daemon [_thread_blocked, id=3670, stack(0x00007f4385d40000,0x00007f4385e41000)]
  0x00000000024ee800 JavaThread "C2 CompilerThread0" daemon [_thread_blocked, id=3667, stack(0x00007f4385e41000,0x00007f4385f42000)]
  0x00000000024c8800 JavaThread "Finalizer" daemon [_thread_blocked, id=3665, stack(0x00007f43861ba000,0x00007f43862bb000)]
  0x00000000024c6800 JavaThread "Reference Handler" daemon [_thread_blocked, id=3664, stack(0x00007f43862bb000,0x00007f43863bc000)]
  0x000000000245c000 JavaThread "main" [_thread_blocked, id=3657, stack(0x00007f438d6ea000,0x00007f438d7eb000)]

Other Threads:
=>0x00000000024c1800 VMThread [stack: 0x00007f43863bc000,0x00007f43864bd000] [id=3662]

VM state:at safepoint (shutting down)

VM Mutex/Monitor currently owned by a thread:  ([mutex/lock_event])
[0x0000000002458a10] Threads_lock - owner thread: 0x00000000024c1800

Heap
 PSYoungGen      total 56256K, used 37964K [0x00000007c1400000, 0x00000007c81e0000, 0x0000000800000000)
  eden space 48256K, 62% used [0x00000007c1400000,0x00000007c314b2c0,0x00000007c4320000)
  from space 8000K, 99% used [0x00000007c4320000,0x00000007c4ae8020,0x00000007c4af0000)
  to   space 8000K, 0% used [0x00000007c7a10000,0x00000007c7a10000,0x00000007c81e0000)
 PSOldGen        total 128512K, used 45120K [0x0000000743c00000, 0x000000074b980000, 0x00000007c1400000)
  object space 128512K, 35% used [0x0000000743c00000,0x0000000746810000,0x000000074b980000)
 PSPermGen       total 21248K, used 9683K [0x0000000739600000, 0x000000073aac0000, 0x0000000743c00000)
  object space 21248K, 45% used [0x0000000739600000,0x0000000739f74d40,0x000000073aac0000)

Code Cache  [0x00007f4387626000, 0x00007f4387896000, 0x00007f438a626000)
 total_blobs=499 nmethods=47 adapters=407 free_code_cache=49693184 largest_free_block=17344

Dynamic libraries:
00400000-00409000 r-xp 00000000 08:03 2231614                            /usr/lib/jvm/java-6-openjdk-amd64/jre/bin/java
00608000-00609000 rw-p 00008000 08:03 2231614                            /usr/lib/jvm/java-6-openjdk-amd64/jre/bin/java
02451000-02957000 rw-p 00000000 00:00 0                                  [heap]
739600000-73aac0000 rw-p 00000000 00:00 0 
73aac0000-743c00000 rw-p 00000000 00:00 0 
743c00000-74b980000 rw-p 00000000 00:00 0 
74b980000-7c1400000 rw-p 00000000 00:00 0 
7c1400000-7c81e0000 rw-p 00000000 00:00 0 
7c81e0000-800000000 rw-p 00000000 00:00 0 
7f43795e1000-7f4379ce1000 rw-s 00006000 00:05 8578                       /dev/ati/card0
7f4379ce1000-7f437bc7f000 r-xp 00000000 08:03 921615                     /usr/lib/x86_64-linux-gnu/dri/fglrx_dri.so
7f437bc7f000-7f437bd7e000 ---p 01f9e000 08:03 921615                     /usr/lib/x86_64-linux-gnu/dri/fglrx_dri.so
7f437bd7e000-7f437becc000 rwxp 01f9d000 08:03 921615                     /usr/lib/x86_64-linux-gnu/dri/fglrx_dri.so
7f437becc000-7f437c000000 rwxp 00000000 00:00 0 
7f437c000000-7f437d1c4000 rw-p 00000000 00:00 0 
7f437d1c4000-7f4380000000 ---p 00000000 00:00 0 
7f43801b6000-7f43801b8000 r-xp 00000000 08:03 534782                     /usr/lib/x86_64-linux-gnu/libXinerama.so.1.0.0
7f43801b8000-7f43803b7000 ---p 00002000 08:03 534782                     /usr/lib/x86_64-linux-gnu/libXinerama.so.1.0.0
7f43803b7000-7f43803b8000 rw-p 00001000 08:03 534782                     /usr/lib/x86_64-linux-gnu/libXinerama.so.1.0.0
7f43803b8000-7f4380404000 r-xp 00000000 08:03 539328                     /usr/lib/x86_64-linux-gnu/libatiadlxx.so
7f4380404000-7f4380504000 ---p 0004c000 08:03 539328                     /usr/lib/x86_64-linux-gnu/libatiadlxx.so
7f4380504000-7f438050f000 rw-p 0004c000 08:03 539328                     /usr/lib/x86_64-linux-gnu/libatiadlxx.so
7f438050f000-7f438051f000 rw-p 00000000 00:00 0 
7f438051f000-7f4380526000 r-xp 00000000 08:03 539324                     /usr/lib/x86_64-linux-gnu/libatiuki.so.1.0
7f4380526000-7f4380626000 ---p 00007000 08:03 539324                     /usr/lib/x86_64-linux-gnu/libatiuki.so.1.0
7f4380626000-7f4380627000 rw-p 00007000 08:03 539324                     /usr/lib/x86_64-linux-gnu/libatiuki.so.1.0
7f4380627000-7f4380628000 rw-p 00000000 00:00 0 
7f4380628000-7f43806e6000 r-xp 00000000 08:03 1445187                    /usr/lib/x86_64-linux-gnu/fglrx/fglrx-libGL.so.1.2
7f43806e6000-7f43807e6000 ---p 000be000 08:03 1445187                    /usr/lib/x86_64-linux-gnu/fglrx/fglrx-libGL.so.1.2
7f43807e6000-7f438080d000 rwxp 000be000 08:03 1445187                    /usr/lib/x86_64-linux-gnu/fglrx/fglrx-libGL.so.1.2
7f438080d000-7f438082c000 rwxp 00000000 00:00 0 
7f438082c000-7f438082f000 ---p 00000000 00:00 0 
7f438082f000-7f438092d000 rw-p 00000000 00:00 0 
7f438092d000-7f4380931000 r-xp 00000000 08:03 535177                     /usr/lib/x86_64-linux-gnu/libXxf86vm.so.1.0.0
7f4380931000-7f4380b31000 ---p 00004000 08:03 535177                     /usr/lib/x86_64-linux-gnu/libXxf86vm.so.1.0.0
7f4380b31000-7f4380b32000 r--p 00004000 08:03 535177                     /usr/lib/x86_64-linux-gnu/libXxf86vm.so.1.0.0
7f4380b32000-7f4380b33000 rw-p 00005000 08:03 535177                     /usr/lib/x86_64-linux-gnu/libXxf86vm.so.1.0.0
7f4380b33000-7f4380b3a000 r-xp 00000000 08:03 534784                     /usr/lib/x86_64-linux-gnu/libXrandr.so.2.2.0
7f4380b3a000-7f4380d3a000 ---p 00007000 08:03 534784                     /usr/lib/x86_64-linux-gnu/libXrandr.so.2.2.0
7f4380d3a000-7f4380d3b000 rw-p 00007000 08:03 534784                     /usr/lib/x86_64-linux-gnu/libXrandr.so.2.2.0
7f4380d3b000-7f4380da5000 r-xp 00000000 08:03 12332350                   /home/brandon/ClearWaterInk/games/WorldsCubed/libs/natives/linux/liblwjgl64.so
7f4380da5000-7f4380fa5000 ---p 0006a000 08:03 12332350                   /home/brandon/ClearWaterInk/games/WorldsCubed/libs/natives/linux/liblwjgl64.so
7f4380fa5000-7f4380fa7000 r--p 0006a000 08:03 12332350                   /home/brandon/ClearWaterInk/games/WorldsCubed/libs/natives/linux/liblwjgl64.so
7f4380fa7000-7f4380fa8000 rw-p 0006c000 08:03 12332350                   /home/brandon/ClearWaterInk/games/WorldsCubed/libs/natives/linux/liblwjgl64.so
7f4380fa8000-7f4380fa9000 r-xp 00000000 08:03 2231545                    /usr/lib/jvm/java-6-openjdk-amd64/jre/lib/amd64/libjawt.so
7f4380fa9000-7f43811a8000 ---p 00001000 08:03 2231545                    /usr/lib/jvm/java-6-openjdk-amd64/jre/lib/amd64/libjawt.so
7f43811a8000-7f43811a9000 rw-p 00000000 08:03 2231545                    /usr/lib/jvm/java-6-openjdk-amd64/jre/lib/amd64/libjawt.so
7f43811a9000-7f43811ae000 r-xp 00000000 08:03 534774                     /usr/lib/x86_64-linux-gnu/libXfixes.so.3.1.0
7f43811ae000-7f43813ad000 ---p 00005000 08:03 534774                     /usr/lib/x86_64-linux-gnu/libXfixes.so.3.1.0
7f43813ad000-7f43813ae000 r--p 00004000 08:03 534774                     /usr/lib/x86_64-linux-gnu/libXfixes.so.3.1.0
7f43813ae000-7f43813af000 rw-p 00005000 08:03 534774                     /usr/lib/x86_64-linux-gnu/libXfixes.so.3.1.0
7f43813af000-7f43813b8000 r--s 00000000 08:03 4854967                    /var/cache/fontconfig/945677eb7aeaf62f1d50efc3fb3ec7d8-le64.cache-3
7f43813b8000-7f43813bc000 r--s 00000000 08:03 4855898                    /var/cache/fontconfig/a46337af8a0b4c9b317ad981ec3bdf87-le64.cache-3
7f43813bc000-7f43813c5000 r--s 00000000 08:03 4856317                    /var/cache/fontconfig/6d41288fd70b0be22e8c3a91e032eec0-le64.cache-3
7f43813c5000-7f43813f3000 r--s 00000000 08:03 4855897                    /var/cache/fontconfig/365b55f210c0a22e9a19e35191240f32-le64.cache-3
7f4381498000-7f43814b8000 rw-s fe9e0000 00:05 8578                       /dev/ati/card0
7f43814b8000-7f43814bb000 ---p 00000000 00:00 0 
7f43814bb000-7f43815b9000 rw-p 00000000 00:00 0 
7f43815b9000-7f43815ba000 r--s 00000000 08:03 4856319                    /var/cache/fontconfig/c05880de57d1f5e948fdfacc138775d9-le64.cache-3
7f43815ba000-7f43815c3000 r--s 00000000 08:03 4854967                    /var/cache/fontconfig/945677eb7aeaf62f1d50efc3fb3ec7d8-le64.cache-3
7f43815c3000-7f43815c7000 r--s 00000000 08:03 4855898                    /var/cache/fontconfig/a46337af8a0b4c9b317ad981ec3bdf87-le64.cache-3
7f43815c7000-7f43815d0000 r--s 00000000 08:03 4856317                    /var/cache/fontconfig/6d41288fd70b0be22e8c3a91e032eec0-le64.cache-3
7f43815d0000-7f43815d1000 r--s 00000000 08:03 4856316                    /var/cache/fontconfig/4794a0821666d79190d59a36cb4f44b5-le64.cache-3
7f43815d1000-7f43815ff000 r--s 00000000 08:03 4855897                    /var/cache/fontconfig/365b55f210c0a22e9a19e35191240f32-le64.cache-3
7f43815ff000-7f4381602000 r--s 00000000 08:03 4854299                    /var/cache/fontconfig/c57959a16110560c8d0fcea73374aeeb-le64.cache-3
7f4381602000-7f4381607000 r--s 00000000 08:03 4855942                    /var/cache/fontconfig/3047814df9a2f067bd2d96a2b9c36e5a-le64.cache-3
7f438161b000-7f4381625000 r-xp 00000000 08:03 534776                     /usr/lib/x86_64-linux-gnu/libXcursor.so.1.0.2
7f4381625000-7f4381824000 ---p 0000a000 08:03 534776                     /usr/lib/x86_64-linux-gnu/libXcursor.so.1.0.2
7f4381824000-7f4381825000 rw-p 00009000 08:03 534776                     /usr/lib/x86_64-linux-gnu/libXcursor.so.1.0.2
7f4381839000-7f438183b000 rw-s 00002000 00:05 8578                       /dev/ati/card0
7f438183b000-7f4381842000 r--s 000fc000 08:03 2231068                    /usr/lib/jvm/java-6-openjdk-common/jre/lib/resources.jar
7f4381842000-7f438184a000 r--s 00000000 08:03 4853581                    /var/cache/fontconfig/3f7329c5293ffd510edef78f73874cfd-le64.cache-3
7f438184a000-7f4381854000 r--s 00000000 08:03 4856314                    /var/cache/fontconfig/83bf95040141907cd45bb53cf7c1c148-le64.cache-3
7f4381854000-7f4381857000 ---p 00000000 00:00 0 
7f4381857000-7f4381955000 rw-p 00000000 00:00 0 
7f4381955000-7f43819ee000 r-xp 00000000 08:03 530994                     /usr/lib/x86_64-linux-gnu/libfreetype.so.6.8.1
7f43819ee000-7f4381bed000 ---p 00099000 08:03 530994                     /usr/lib/x86_64-linux-gnu/libfreetype.so.6.8.1
7f4381bed000-7f4381bf3000 r--p 00098000 08:03 530994                     /usr/lib/x86_64-linux-gnu/libfreetype.so.6.8.1
7f4381bf3000-7f4381bf4000 rw-p 0009e000 08:03 530994                     /usr/lib/x86_64-linux-gnu/libfreetype.so.6.8.1
7f4381bf4000-7f4381c3c000 r-xp 00000000 08:03 2231539                    /usr/lib/jvm/java-6-openjdk-amd64/jre/lib/amd64/libfontmanager.so
7f4381c3c000-7f4381e3c000 ---p 00048000 08:03 2231539                    /usr/lib/jvm/java-6-openjdk-amd64/jre/lib/amd64/libfontmanager.so
7f4381e3c000-7f4381e3f000 rw-p 00048000 08:03 2231539                    /usr/lib/jvm/java-6-openjdk-amd64/jre/lib/amd64/libfontmanager.so
7f4381e3f000-7f4381e44000 r-xp 00000000 08:03 531316                     /usr/lib/x86_64-linux-gnu/libXdmcp.so.6.0.0
7f4381e44000-7f4382043000 ---p 00005000 08:03 531316                     /usr/lib/x86_64-linux-gnu/libXdmcp.so.6.0.0
7f4382043000-7f4382044000 rw-p 00004000 08:03 531316                     /usr/lib/x86_64-linux-gnu/libXdmcp.so.6.0.0
7f4382044000-7f4382046000 r-xp 00000000 08:03 531314                     /usr/lib/x86_64-linux-gnu/libXau.so.6.0.0
7f4382046000-7f4382246000 ---p 00002000 08:03 531314                     /usr/lib/x86_64-linux-gnu/libXau.so.6.0.0
7f4382246000-7f4382247000 rw-p 00002000 08:03 531314                     /usr/lib/x86_64-linux-gnu/libXau.so.6.0.0
7f4382247000-7f4382266000 r-xp 00000000 08:03 531318                     /usr/lib/x86_64-linux-gnu/libxcb.so.1.1.0
7f4382266000-7f4382465000 ---p 0001f000 08:03 531318                     /usr/lib/x86_64-linux-gnu/libxcb.so.1.1.0
7f4382465000-7f4382466000 r--p 0001e000 08:03 531318                     /usr/lib/x86_64-linux-gnu/libxcb.so.1.1.0
7f4382466000-7f4382467000 rw-p 0001f000 08:03 531318                     /usr/lib/x86_64-linux-gnu/libxcb.so.1.1.0
7f4382467000-7f4382475000 r-xp 00000000 08:03 534780                     /usr/lib/x86_64-linux-gnu/libXi.so.6.1.0
7f4382475000-7f4382675000 ---p 0000e000 08:03 534780                     /usr/lib/x86_64-linux-gnu/libXi.so.6.1.0
7f4382675000-7f4382676000 rw-p 0000e000 08:03 534780                     /usr/lib/x86_64-linux-gnu/libXi.so.6.1.0
7f4382676000-7f438267b000 r-xp 00000000 08:03 535605                     /usr/lib/x86_64-linux-gnu/libXtst.so.6.1.0
7f438267b000-7f438287a000 ---p 00005000 08:03 535605                     /usr/lib/x86_64-linux-gnu/libXtst.so.6.1.0
7f438287a000-7f438287b000 rw-p 00004000 08:03 535605                     /usr/lib/x86_64-linux-gnu/libXtst.so.6.1.0
7f438287b000-7f4382884000 r-xp 00000000 08:03 534524                     /usr/lib/x86_64-linux-gnu/libXrender.so.1.3.0
7f4382884000-7f4382a83000 ---p 00009000 08:03 534524                     /usr/lib/x86_64-linux-gnu/libXrender.so.1.3.0
7f4382a83000-7f4382a84000 rw-p 00008000 08:03 534524                     /usr/lib/x86_64-linux-gnu/libXrender.so.1.3.0
7f4382a84000-7f4382bb9000 r-xp 00000000 08:03 531323                     /usr/lib/x86_64-linux-gnu/libX11.so.6.3.0
7f4382bb9000-7f4382db9000 ---p 00135000 08:03 531323                     /usr/lib/x86_64-linux-gnu/libX11.so.6.3.0
7f4382db9000-7f4382dbf000 rw-p 00135000 08:03 531323                     /usr/lib/x86_64-linux-gnu/libX11.so.6.3.0
7f4382dbf000-7f4382dd0000 r-xp 00000000 08:03 531325                     /usr/lib/x86_64-linux-gnu/libXext.so.6.4.0
7f4382dd0000-7f4382fd0000 ---p 00011000 08:03 531325                     /usr/lib/x86_64-linux-gnu/libXext.so.6.4.0
7f4382fd0000-7f4382fd1000 rw-p 00011000 08:03 531325                     /usr/lib/x86_64-linux-gnu/libXext.so.6.4.0
7f4382fd2000-7f4382fd3000 rw-s 00005000 00:05 8578                       /dev/ati/card0
7f4382fd3000-7f4382fd4000 r--s 00000000 08:03 4855939                    /var/cache/fontconfig/e13b20fdb08344e0e664864cc2ede53d-le64.cache-3
7f4382fd4000-7f4382fd5000 r--s 00000000 08:03 4856319                    /var/cache/fontconfig/c05880de57d1f5e948fdfacc138775d9-le64.cache-3
7f4382fd5000-7f4382fdd000 r--s 00000000 08:03 4853581                    /var/cache/fontconfig/3f7329c5293ffd510edef78f73874cfd-le64.cache-3
7f4382fdd000-7f4382fe7000 r--s 00000000 08:03 4856314                    /var/cache/fontconfig/83bf95040141907cd45bb53cf7c1c148-le64.cache-3
7f4382fe7000-7f4383034000 r-xp 00000000 08:03 2231706                    /usr/lib/jvm/java-6-openjdk-amd64/jre/lib/amd64/xawt/libmawt.so
7f4383034000-7f4383233000 ---p 0004d000 08:03 2231706                    /usr/lib/jvm/java-6-openjdk-amd64/jre/lib/amd64/xawt/libmawt.so
7f4383233000-7f4383237000 rw-p 0004c000 08:03 2231706                    /usr/lib/jvm/java-6-openjdk-amd64/jre/lib/amd64/xawt/libmawt.so
7f4383237000-7f4383238000 rw-p 00000000 00:00 0 
7f4383238000-7f43832e8000 r-xp 00000000 08:03 2231546                    /usr/lib/jvm/java-6-openjdk-amd64/jre/lib/amd64/libawt.so
7f43832e8000-7f43834e7000 ---p 000b0000 08:03 2231546                    /usr/lib/jvm/java-6-openjdk-amd64/jre/lib/amd64/libawt.so
7f43834e7000-7f43834f3000 rw-p 000af000 08:03 2231546                    /usr/lib/jvm/java-6-openjdk-amd64/jre/lib/amd64/libawt.so
7f43834f3000-7f4385b3e000 rw-p 00000000 00:00 0 
7f4385b3e000-7f4385b3f000 ---p 00000000 00:00 0 
7f4385b3f000-7f4385c3f000 rw-p 00000000 00:00 0 
7f4385c3f000-7f4385c42000 ---p 00000000 00:00 0 
7f4385c42000-7f4385d40000 rw-p 00000000 00:00 0 
7f4385d40000-7f4385d43000 ---p 00000000 00:00 0 
7f4385d43000-7f4385e41000 rw-p 00000000 00:00 0 
7f4385e41000-7f4385e44000 ---p 00000000 00:00 0 
7f4385e44000-7f4385f42000 rw-p 00000000 00:00 0 
7f4385f42000-7f4385f45000 ---p 00000000 00:00 0 
7f4385f45000-7f4386043000 rw-p 00000000 00:00 0 
7f4386043000-7f43861ba000 r--p 00000000 08:03 530955                     /usr/lib/locale/locale-archive
7f43861ba000-7f43861bd000 ---p 00000000 00:00 0 
7f43861bd000-7f43862bb000 rw-p 00000000 00:00 0 
7f43862bb000-7f43862be000 ---p 00000000 00:00 0 
7f43862be000-7f43863bc000 rw-p 00000000 00:00 0 
7f43863bc000-7f43863bd000 ---p 00000000 00:00 0 
7f43863bd000-7f43867f3000 rw-p 00000000 00:00 0 
7f43867f3000-7f4386987000 r--s 03807000 08:03 2231586                    /usr/lib/jvm/java-6-openjdk-amd64/jre/lib/rt.jar
7f4386987000-7f43869af000 rw-p 00000000 00:00 0 
7f43869af000-7f43869b0000 ---p 00000000 00:00 0 
7f43869b0000-7f4386ab0000 rw-p 00000000 00:00 0 
7f4386ab0000-7f4386ab1000 ---p 00000000 00:00 0 
7f4386ab1000-7f4386bbc000 rw-p 00000000 00:00 0 
7f4386bbc000-7f4386c04000 rw-p 00000000 00:00 0 
7f4386c04000-7f4386c43000 rw-p 00000000 00:00 0 
7f4386c43000-7f4386ff0000 rw-p 00000000 00:00 0 
7f4386ff0000-7f4386ffb000 rw-p 00000000 00:00 0 
7f4386ffb000-7f4387043000 rw-p 00000000 00:00 0 
7f4387043000-7f4387082000 rw-p 00000000 00:00 0 
7f4387082000-7f438742f000 rw-p 00000000 00:00 0 
7f438742f000-7f4387466000 rw-p 00000000 00:00 0 
7f4387466000-7f4387625000 rw-p 00000000 00:00 0 
7f4387625000-7f4387626000 rw-p 00000000 00:00 0 
7f4387626000-7f4387896000 rwxp 00000000 00:00 0 
7f4387896000-7f438a626000 rw-p 00000000 00:00 0 
7f438a626000-7f438a62d000 r-xp 00000000 08:03 2231575                    /usr/lib/jvm/java-6-openjdk-amd64/jre/lib/amd64/libzip.so
7f438a62d000-7f438a82c000 ---p 00007000 08:03 2231575                    /usr/lib/jvm/java-6-openjdk-amd64/jre/lib/amd64/libzip.so
7f438a82c000-7f438a82d000 rw-p 00006000 08:03 2231575                    /usr/lib/jvm/java-6-openjdk-amd64/jre/lib/amd64/libzip.so
7f438a82d000-7f438a838000 r-xp 00000000 08:03 3538957                    /lib/x86_64-linux-gnu/libnss_files-2.13.so
7f438a838000-7f438aa37000 ---p 0000b000 08:03 3538957                    /lib/x86_64-linux-gnu/libnss_files-2.13.so
7f438aa37000-7f438aa38000 r--p 0000a000 08:03 3538957                    /lib/x86_64-linux-gnu/libnss_files-2.13.so
7f438aa38000-7f438aa39000 rw-p 0000b000 08:03 3538957                    /lib/x86_64-linux-gnu/libnss_files-2.13.so
7f438aa39000-7f438aa43000 r-xp 00000000 08:03 3538969                    /lib/x86_64-linux-gnu/libnss_nis-2.13.so
7f438aa43000-7f438ac42000 ---p 0000a000 08:03 3538969                    /lib/x86_64-linux-gnu/libnss_nis-2.13.so
7f438ac42000-7f438ac43000 r--p 00009000 08:03 3538969                    /lib/x86_64-linux-gnu/libnss_nis-2.13.so
7f438ac43000-7f438ac44000 rw-p 0000a000 08:03 3538969                    /lib/x86_64-linux-gnu/libnss_nis-2.13.so
7f438ac44000-7f438ac4b000 r-xp 00000000 08:03 3538959                    /lib/x86_64-linux-gnu/libnss_compat-2.13.so
7f438ac4b000-7f438ae4a000 ---p 00007000 08:03 3538959                    /lib/x86_64-linux-gnu/libnss_compat-2.13.so
7f438ae4a000-7f438ae4b000 r--p 00006000 08:03 3538959                    /lib/x86_64-linux-gnu/libnss_compat-2.13.so
7f438ae4b000-7f438ae4c000 rw-p 00007000 08:03 3538959                    /lib/x86_64-linux-gnu/libnss_compat-2.13.so
7f438ae4c000-7f438ae61000 r-xp 00000000 08:03 3538967                    /lib/x86_64-linux-gnu/libnsl-2.13.so
7f438ae61000-7f438b060000 ---p 00015000 08:03 3538967                    /lib/x86_64-linux-gnu/libnsl-2.13.so
7f438b060000-7f438b061000 r--p 00014000 08:03 3538967                    /lib/x86_64-linux-gnu/libnsl-2.13.so
7f438b061000-7f438b062000 rw-p 00015000 08:03 3538967                    /lib/x86_64-linux-gnu/libnsl-2.13.so
7f438b062000-7f438b064000 rw-p 00000000 00:00 0 
7f438b064000-7f438b092000 r-xp 00000000 08:03 2231561                    /usr/lib/jvm/java-6-openjdk-amd64/jre/lib/amd64/libjava.so
7f438b092000-7f438b291000 ---p 0002e000 08:03 2231561                    /usr/lib/jvm/java-6-openjdk-amd64/jre/lib/amd64/libjava.so
7f438b291000-7f438b295000 rw-p 0002d000 08:03 2231561                    /usr/lib/jvm/java-6-openjdk-amd64/jre/lib/amd64/libjava.so
7f438b295000-7f438b2a4000 r-xp 00000000 08:03 2231544                    /usr/lib/jvm/java-6-openjdk-amd64/jre/lib/amd64/libverify.so
7f438b2a4000-7f438b4a3000 ---p 0000f000 08:03 2231544                    /usr/lib/jvm/java-6-openjdk-amd64/jre/lib/amd64/libverify.so
7f438b4a3000-7f438b4a5000 rw-p 0000e000 08:03 2231544                    /usr/lib/jvm/java-6-openjdk-amd64/jre/lib/amd64/libverify.so
7f438b4a5000-7f438b4ac000 r-xp 00000000 08:03 3538958                    /lib/x86_64-linux-gnu/librt-2.13.so
7f438b4ac000-7f438b6ab000 ---p 00007000 08:03 3538958                    /lib/x86_64-linux-gnu/librt-2.13.so
7f438b6ab000-7f438b6ac000 r--p 00006000 08:03 3538958                    /lib/x86_64-linux-gnu/librt-2.13.so
7f438b6ac000-7f438b6ad000 rw-p 00007000 08:03 3538958                    /lib/x86_64-linux-gnu/librt-2.13.so
7f438b6ad000-7f438b6c2000 r-xp 00000000 08:03 3538948                    /lib/x86_64-linux-gnu/libgcc_s.so.1
7f438b6c2000-7f438b8c2000 ---p 00015000 08:03 3538948                    /lib/x86_64-linux-gnu/libgcc_s.so.1
7f438b8c2000-7f438b8c3000 rw-p 00015000 08:03 3538948                    /lib/x86_64-linux-gnu/libgcc_s.so.1
7f438b8c3000-7f438b944000 r-xp 00000000 08:03 3538960                    /lib/x86_64-linux-gnu/libm-2.13.so
7f438b944000-7f438bb43000 ---p 00081000 08:03 3538960                    /lib/x86_64-linux-gnu/libm-2.13.so
7f438bb43000-7f438bb44000 r--p 00080000 08:03 3538960                    /lib/x86_64-linux-gnu/libm-2.13.so
7f438bb44000-7f438bb45000 rw-p 00081000 08:03 3538960                    /lib/x86_64-linux-gnu/libm-2.13.so
7f438bb45000-7f438bc2d000 r-xp 00000000 08:03 528173                     /usr/lib/x86_64-linux-gnu/libstdc++.so.6.0.17
7f438bc2d000-7f438be2d000 ---p 000e8000 08:03 528173                     /usr/lib/x86_64-linux-gnu/libstdc++.so.6.0.17
7f438be2d000-7f438be35000 r--p 000e8000 08:03 528173                     /usr/lib/x86_64-linux-gnu/libstdc++.so.6.0.17
7f438be35000-7f438be37000 rw-p 000f0000 08:03 528173                     /usr/lib/x86_64-linux-gnu/libstdc++.so.6.0.17
7f438be37000-7f438be4c000 rw-p 00000000 00:00 0 
7f438be4c000-7f438c760000 r-xp 00000000 08:03 2231551                    /usr/lib/jvm/java-6-openjdk-amd64/jre/lib/amd64/server/libjvm.so
7f438c760000-7f438c95f000 ---p 00914000 08:03 2231551                    /usr/lib/jvm/java-6-openjdk-amd64/jre/lib/amd64/server/libjvm.so
7f438c95f000-7f438c9fb000 rw-p 00913000 08:03 2231551                    /usr/lib/jvm/java-6-openjdk-amd64/jre/lib/amd64/server/libjvm.so
7f438c9fb000-7f438ca24000 rw-p 00000000 00:00 0 
7f438ca24000-7f438cba4000 r-xp 00000000 08:03 3538963                    /lib/x86_64-linux-gnu/libc-2.13.so
7f438cba4000-7f438cda4000 ---p 00180000 08:03 3538963                    /lib/x86_64-linux-gnu/libc-2.13.so
7f438cda4000-7f438cda8000 r--p 00180000 08:03 3538963                    /lib/x86_64-linux-gnu/libc-2.13.so
7f438cda8000-7f438cda9000 rw-p 00184000 08:03 3538963                    /lib/x86_64-linux-gnu/libc-2.13.so
7f438cda9000-7f438cdae000 rw-p 00000000 00:00 0 
7f438cdae000-7f438cdb0000 r-xp 00000000 08:03 3538956                    /lib/x86_64-linux-gnu/libdl-2.13.so
7f438cdb0000-7f438cfb0000 ---p 00002000 08:03 3538956                    /lib/x86_64-linux-gnu/libdl-2.13.so
7f438cfb0000-7f438cfb1000 r--p 00002000 08:03 3538956                    /lib/x86_64-linux-gnu/libdl-2.13.so
7f438cfb1000-7f438cfb2000 rw-p 00003000 08:03 3538956                    /lib/x86_64-linux-gnu/libdl-2.13.so
7f438cfb2000-7f438cfb6000 r-xp 00000000 08:03 2231548                    /usr/lib/jvm/java-6-openjdk-amd64/jre/lib/amd64/jli/libjli.so
7f438cfb6000-7f438d1b5000 ---p 00004000 08:03 2231548                    /usr/lib/jvm/java-6-openjdk-amd64/jre/lib/amd64/jli/libjli.so
7f438d1b5000-7f438d1b6000 rw-p 00003000 08:03 2231548                    /usr/lib/jvm/java-6-openjdk-amd64/jre/lib/amd64/jli/libjli.so
7f438d1b6000-7f438d1cd000 r-xp 00000000 08:03 3538953                    /lib/x86_64-linux-gnu/libpthread-2.13.so
7f438d1cd000-7f438d3cc000 ---p 00017000 08:03 3538953                    /lib/x86_64-linux-gnu/libpthread-2.13.so
7f438d3cc000-7f438d3cd000 r--p 00016000 08:03 3538953                    /lib/x86_64-linux-gnu/libpthread-2.13.so
7f438d3cd000-7f438d3ce000 rw-p 00017000 08:03 3538953                    /lib/x86_64-linux-gnu/libpthread-2.13.so
7f438d3ce000-7f438d3d2000 rw-p 00000000 00:00 0 
7f438d3d2000-7f438d3e8000 r-xp 00000000 08:03 3539034                    /lib/x86_64-linux-gnu/libz.so.1.2.7
7f438d3e8000-7f438d5e7000 ---p 00016000 08:03 3539034                    /lib/x86_64-linux-gnu/libz.so.1.2.7
7f438d5e7000-7f438d5e8000 r--p 00015000 08:03 3539034                    /lib/x86_64-linux-gnu/libz.so.1.2.7
7f438d5e8000-7f438d5e9000 rw-p 00016000 08:03 3539034                    /lib/x86_64-linux-gnu/libz.so.1.2.7
7f438d5e9000-7f438d609000 r-xp 00000000 08:03 3538966                    /lib/x86_64-linux-gnu/ld-2.13.so
7f438d609000-7f438d60a000 r--s 00000000 08:03 4856316                    /var/cache/fontconfig/4794a0821666d79190d59a36cb4f44b5-le64.cache-3
7f438d60a000-7f438d60d000 r--s 00000000 08:03 4854299                    /var/cache/fontconfig/c57959a16110560c8d0fcea73374aeeb-le64.cache-3
7f438d60d000-7f438d612000 r--s 00000000 08:03 4855942                    /var/cache/fontconfig/3047814df9a2f067bd2d96a2b9c36e5a-le64.cache-3
7f438d612000-7f438d613000 r--s 00000000 08:03 4855939                    /var/cache/fontconfig/e13b20fdb08344e0e664864cc2ede53d-le64.cache-3
7f438d613000-7f438d616000 r--s 0007f000 08:03 2231060                    /usr/lib/jvm/java-6-openjdk-common/jre/lib/jsse.jar
7f438d616000-7f438d623000 r--s 000e6000 08:03 11413237                   /home/brandon/ClearWaterInk/games/WorldsCubed/libs/lwjgl.jar
7f438d623000-7f438d627000 r--s 00027000 08:03 11413238                   /home/brandon/ClearWaterInk/games/WorldsCubed/libs/lwjgl_util.jar
7f438d627000-7f438d628000 r--s 00007000 08:03 793877                     /usr/share/java/java-atk-wrapper.jar
7f438d628000-7f438d62a000 r--s 00001000 08:03 2231056                    /usr/lib/jvm/java-6-openjdk-common/jre/lib/ext/dnsns.jar
7f438d62a000-7f438d634000 rw-p 00000000 00:00 0 
7f438d634000-7f438d6ea000 rw-p 00000000 00:00 0 
7f438d6ea000-7f438d6ed000 ---p 00000000 00:00 0 
7f438d6ed000-7f438d7f0000 rw-p 00000000 00:00 0 
7f438d7f0000-7f438d7f2000 r--s 0000f000 08:03 2231053                    /usr/lib/jvm/java-6-openjdk-common/jre/lib/ext/pulse-java.jar
7f438d7f2000-7f438d7f6000 r--s 00039000 08:03 2231052                    /usr/lib/jvm/java-6-openjdk-common/jre/lib/ext/sunpkcs11.jar
7f438d7f6000-7f438d7f9000 r--s 00031000 08:03 2231055                    /usr/lib/jvm/java-6-openjdk-common/jre/lib/ext/sunjce_provider.jar
7f438d7f9000-7f438d7fc000 r--s 00077000 08:03 2231054                    /usr/lib/jvm/java-6-openjdk-common/jre/lib/ext/localedata.jar
7f438d7fc000-7f438d804000 rw-s 00000000 08:03 8002090                    /tmp/hsperfdata_brandon/3655 (deleted)
7f438d804000-7f438d805000 rw-p 00000000 00:00 0 
7f438d805000-7f438d806000 ---p 00000000 00:00 0 
7f438d806000-7f438d808000 rw-p 00000000 00:00 0 
7f438d808000-7f438d809000 r--p 0001f000 08:03 3538966                    /lib/x86_64-linux-gnu/ld-2.13.so
7f438d809000-7f438d80a000 rw-p 00020000 08:03 3538966                    /lib/x86_64-linux-gnu/ld-2.13.so
7f438d80a000-7f438d80b000 rw-p 00000000 00:00 0 
7fff153f5000-7fff15416000 rw-p 00000000 00:00 0                          [stack]
7fff154ea000-7fff154eb000 r-xp 00000000 00:00 0                          [vdso]
ffffffffff600000-ffffffffff601000 r-xp 00000000 00:00 0                  [vsyscall]

VM Arguments:
jvm_args: -Djava.library.path=/home/brandon/ClearWaterInk/games/WorldsCubed/libs/natives/linux -Dfile.encoding=UTF-8 
java_command: net.clearwaterink.worldscubed.WorldsCubed
Launcher Type: SUN_STANDARD

Environment Variables:
PATH=/home/brandon/bin:/usr/local/bin:/usr/bin:/bin:/usr/local/games:/usr/games
LD_LIBRARY_PATH=/usr/lib/jvm/java-6-openjdk-amd64/jre/lib/amd64/server:/usr/lib/jvm/java-6-openjdk-amd64/jre/lib/amd64:/usr/lib/jvm/java-6-openjdk-amd64/jre/../lib/amd64
SHELL=/bin/bash
DISPLAY=:0.0

Signal Handlers:
SIGSEGV: [libjvm.so+0x791b10], sa_mask[0]=0x7ffbfeff, sa_flags=0x10000004
SIGBUS: [libjvm.so+0x791b10], sa_mask[0]=0x7ffbfeff, sa_flags=0x10000004
SIGFPE: [libjvm.so+0x65ace0], sa_mask[0]=0x7ffbfeff, sa_flags=0x10000004
SIGPIPE: [libjvm.so+0x65ace0], sa_mask[0]=0x7ffbfeff, sa_flags=0x10000004
SIGXFSZ: [libjvm.so+0x65ace0], sa_mask[0]=0x7ffbfeff, sa_flags=0x10000004
SIGILL: [libjvm.so+0x65ace0], sa_mask[0]=0x7ffbfeff, sa_flags=0x10000004
SIGUSR1: SIG_DFL, sa_mask[0]=0x00000000, sa_flags=0x00000000
SIGUSR2: [libjvm.so+0x65aec0], sa_mask[0]=0x00000004, sa_flags=0x10000004
SIGHUP: [libjvm.so+0x65d500], sa_mask[0]=0x7ffbfeff, sa_flags=0x10000004
SIGINT: [libjvm.so+0x65d500], sa_mask[0]=0x7ffbfeff, sa_flags=0x10000004
SIGTERM: [libjvm.so+0x65d500], sa_mask[0]=0x7ffbfeff, sa_flags=0x10000004
SIGQUIT: [libjvm.so+0x65d500], sa_mask[0]=0x7ffbfeff, sa_flags=0x10000004


---------------  S Y S T E M  ---------------

OS:7.3

uname:Linux 3.2.0-4-amd64 #1 SMP Debian 3.2.51-1 x86_64
libc:glibc 2.13 NPTL 2.13 
rlimit: STACK 8192k, CORE 0k, NPROC 95755, NOFILE 4096, AS infinity
load average:1.68 1.08 0.92

/proc/meminfo:
MemTotal:       12334808 kB
MemFree:         8344164 kB
Buffers:          376748 kB
Cached:          1673744 kB
SwapCached:            0 kB
Active:          2260068 kB
Inactive:        1191608 kB
Active(anon):    1401732 kB
Inactive(anon):    21756 kB
Active(file):     858336 kB
Inactive(file):  1169852 kB
Unevictable:           4 kB
Mlocked:               4 kB
SwapTotal:      13616120 kB
SwapFree:       13616120 kB
Dirty:              1220 kB
Writeback:             0 kB
AnonPages:       1401056 kB
Mapped:           231808 kB
Shmem:             22308 kB
Slab:             242660 kB
SReclaimable:     217908 kB
SUnreclaim:        24752 kB
KernelStack:        3776 kB
PageTables:        25356 kB
NFS_Unstable:          0 kB
Bounce:                0 kB
WritebackTmp:          0 kB
CommitLimit:    19783524 kB
Committed_AS:    3832788 kB
VmallocTotal:   34359738367 kB
VmallocUsed:      329784 kB
VmallocChunk:   34359406412 kB
HardwareCorrupted:     0 kB
AnonHugePages:         0 kB
HugePages_Total:       0
HugePages_Free:        0
HugePages_Rsvd:        0
HugePages_Surp:        0
Hugepagesize:       2048 kB
DirectMap4k:      294272 kB
DirectMap2M:     8093696 kB
DirectMap1G:     4194304 kB


CPU:total 2 (2 cores per cpu, 1 threads per core) family 16 model 6 stepping 3, cmov, cx8, fxsr, mmx, sse, sse2, sse3, popcnt, mmxext, 3dnowpref, lzcnt, sse4a

Memory: 4k page, physical 12334808k(8344164k free), swap 13616120k(13616120k free)

vm_info: OpenJDK 64-Bit Server VM (20.0-b12) for linux-amd64 JRE (1.6.0_27-b27), built on Jul 12 2013 09:04:12 by "jmm" with gcc 4.7.2

time: Fri Feb  7 21:47:53 2014
elapsed time: 11 seconds

