#
# A fatal error has been detected by the Java Runtime Environment:
#
#  SIGSEGV (0xb) at pc=0x00007fecf48b9e38, pid=5330, tid=140655752607488
#
# JRE version: 6.0_27-b27
# Java VM: OpenJDK 64-Bit Server VM (20.0-b12 mixed mode linux-amd64 compressed oops)
# Derivative: IcedTea6 1.12.6
# Distribution: Debian GNU/Linux 7.1 (wheezy), package 6b27-1.12.6-1~deb7u1
# Problematic frame:
# C  [libX11.so.6+0x3ae38]  XQueryExtension+0x28
#
# If you would like to submit a bug report, please include
# instructions how to reproduce the bug and visit:
#   http://icedtea.classpath.org/bugzilla
#

---------------  T H R E A D  ---------------

Current thread (0x00000000016ec800):  VMThread [stack: 0x00007fecf81b7000,0x00007fecf82b8000] [id=5338]

siginfo:si_signo=SIGSEGV: si_errno=0, si_code=1 (SEGV_MAPERR), si_addr=0xfffffffff00c7e98

Registers:
RAX=0x000000000168f360, RBX=0xfffffffff00c7530, RCX=0x00007fecf82b69d8, RDX=0x00007fecf82b69d4
RSP=0x00007fecf82b6970, RBP=0x00007fecee5e6c60, RSI=0x00007fecee4aee12, RDI=0xfffffffff00c7530
R8 =0x00007fecf82b69dc, R9 =0x0000000000000000, R10=0x00007fecfeba6768, R11=0x00007fecfe8560d0
R12=0x00007fecee4aee12, R13=0x000000000168f360, R14=0x00007fecf00c5790, R15=0x00007fecf00d6e90
RIP=0x00007fecf48b9e38, EFLAGS=0x0000000000010202, CSGSFS=0x0000000000000033, ERR=0x0000000000000005
  TRAPNO=0x000000000000000e

Top of Stack: (sp=0x00007fecf82b6970)
0x00007fecf82b6970:   0000000000000020 00007fecf9421438
0x00007fecf82b6980:   00007fecfe82d5c8 00007fecff5e9000
0x00007fecf82b6990:   00007fecfe82d5c8 fffffffff00c7530
0x00007fecf82b69a0:   00007fecee5e6c60 00007fecee4aee12
0x00007fecf82b69b0:   000000000168f360 00007fecf00c5790
0x00007fecf82b69c0:   00007fecf00d6e90 00007fecf48ade72
0x00007fecf82b69d0:   00007fecf00c5790 0000000000000000
0x00007fecf82b69e0:   0000000000000000 00007fecee5e6c60
0x00007fecf82b69f0:   fffffffff00c7530 00007fecf4bc771d
0x00007fecf82b6a00:   00007fecee4aee12 00000011fe82d5c8
0x00007fecf82b6a10:   00007fecf82b6a90 0000000000000000
0x00007fecf82b6a20:   00007fecf82b6a90 fffffffff00c7530
0x00007fecf82b6a30:   00007fecff604048 00007fecf00c5790
0x00007fecf82b6a40:   00007fecee600490 00007fecee45afd9
0x00007fecf82b6a50:   0000000000000000 000000000000002b
0x00007fecf82b6a60:   00007fecf82b6a90 0000000000000000
0x00007fecf82b6a70:   00007fecff604048 00007fecf00c5790
0x00007fecf82b6a80:   000000000000001b 00007fecee44f6e2
0x00007fecf82b6a90:   00007fecf82b6c90 00007fecee4aed81
0x00007fecf82b6aa0:   00007fecf82b6c90 00007fecff3f24ec
0x00007fecf82b6ab0:   00007fecff6051c8 00007fecff605758
0x00007fecf82b6ac0:   00007fecff5ea508 00000000016855a0
0x00007fecf82b6ad0:   0000000001685ac0 0000000001685fc0
0x00007fecf82b6ae0:   000000000168acc0 00007fecf0039be0
0x00007fecf82b6af0:   00007fecf003a0c0 00007fecff6027f0
0x00007fecf82b6b00:   00007fecf00c2400 00007fecf00c1f30
0x00007fecf82b6b10:   00007fecf00b2840 00007fecf00b9670
0x00007fecf82b6b20:   00007fecf00035f0 00007fecf0004dd0
0x00007fecf82b6b30:   00007fecf00052d0 00007fecf0002940
0x00007fecf82b6b40:   0000000001681600 0000000001681be0
0x00007fecf82b6b50:   0000000001680f40 000000000167c5f0
0x00007fecf82b6b60:   000000000167cb60 000000000167d570 

Instructions: (pc=0x00007fecf48b9e38)
0x00007fecf48b9e18:   24 e0 48 89 fb 4c 89 6c 24 e8 4c 89 74 24 f0 49
0x00007fecf48b9e28:   89 f4 4c 89 7c 24 f8 48 89 6c 24 d8 48 83 ec 58
0x00007fecf48b9e38:   48 8b 87 68 09 00 00 49 89 d7 49 89 ce 4d 89 c5
0x00007fecf48b9e48:   48 85 c0 74 02 ff 10 ba 08 00 00 00 be 62 00 00 

Register to memory mapping:

RAX=0x000000000168f360 is an unknown value
RBX=0xfffffffff00c7530 is an unknown value
RCX=0x00007fecf82b69d8 is an unknown value
RDX=0x00007fecf82b69d4 is an unknown value
RSP=0x00007fecf82b6970 is an unknown value
RBP=0x00007fecee5e6c60: <offset 0x1cac60> in /usr/lib/x86_64-linux-gnu/libGL.so.1 at 0x00007fecee41c000
RSI=0x00007fecee4aee12: <offset 0x92e12> in /usr/lib/x86_64-linux-gnu/libGL.so.1 at 0x00007fecee41c000
RDI=0xfffffffff00c7530 is an unknown value
R8 =0x00007fecf82b69dc is an unknown value
R9 =0x0000000000000000 is an unknown value
R10=0x00007fecfeba6768: <offset 0x387768> in /lib/x86_64-linux-gnu/libc.so.6 at 0x00007fecfe81f000
R11=0x00007fecfe8560d0: __cxa_finalize+0 in /lib/x86_64-linux-gnu/libc.so.6 at 0x00007fecfe81f000
R12=0x00007fecee4aee12: <offset 0x92e12> in /usr/lib/x86_64-linux-gnu/libGL.so.1 at 0x00007fecee41c000
R13=0x000000000168f360 is an unknown value
R14=0x00007fecf00c5790 is an unknown value
R15=0x00007fecf00d6e90 is an unknown value


Stack: [0x00007fecf81b7000,0x00007fecf82b8000],  sp=0x00007fecf82b6970,  free space=1022k
Native frames: (J=compiled Java code, j=interpreted, Vv=VM code, C=native code)
C  [libX11.so.6+0x3ae38]  XQueryExtension+0x28

VM_Operation (0x00007fecff5e45f0): Exit, mode: safepoint, requested by thread 0x0000000001687000


---------------  P R O C E S S  ---------------

Java Threads: ( => current thread )
  0x0000000001a1f000 JavaThread "Thread-1" [_thread_blocked, id=5359, stack(0x00007feceb2c2000,0x00007feceb3c3000)]
  0x0000000001d1b000 JavaThread "process reaper" daemon [_thread_blocked, id=5357, stack(0x00007fecee620000,0x00007fecee721000)]
  0x00007fecf00ad800 JavaThread "AWT-XAWT" daemon [_thread_in_native, id=5347, stack(0x00007fecef27a000,0x00007fecef37b000)]
  0x00007fecf004d800 JavaThread "Java2D Disposer" daemon [_thread_blocked, id=5346, stack(0x00007fecef60d000,0x00007fecef70e000)]
  0x0000000001723800 JavaThread "Low Memory Detector" daemon [_thread_blocked, id=5344, stack(0x00007fecf7a3a000,0x00007fecf7b3b000)]
  0x000000000171e800 JavaThread "C2 CompilerThread1" daemon [_thread_blocked, id=5343, stack(0x00007fecf7b3b000,0x00007fecf7c3c000)]
  0x0000000001719800 JavaThread "C2 CompilerThread0" daemon [_thread_blocked, id=5342, stack(0x00007fecf7c3c000,0x00007fecf7d3d000)]
  0x00000000016f3800 JavaThread "Finalizer" daemon [_thread_blocked, id=5340, stack(0x00007fecf7fb5000,0x00007fecf80b6000)]
  0x00000000016f1800 JavaThread "Reference Handler" daemon [_thread_blocked, id=5339, stack(0x00007fecf80b6000,0x00007fecf81b7000)]
  0x0000000001687000 JavaThread "main" [_thread_blocked, id=5332, stack(0x00007fecff4e5000,0x00007fecff5e6000)]

Other Threads:
=>0x00000000016ec800 VMThread [stack: 0x00007fecf81b7000,0x00007fecf82b8000] [id=5338]

VM state:at safepoint (shutting down)

VM Mutex/Monitor currently owned by a thread:  ([mutex/lock_event])
[0x0000000001683a10] Threads_lock - owner thread: 0x00000000016ec800

Heap
 PSYoungGen      total 56256K, used 16615K [0x00000007c1400000, 0x00000007c52c0000, 0x0000000800000000)
  eden space 48256K, 34% used [0x00000007c1400000,0x00000007c2439d70,0x00000007c4320000)
  from space 8000K, 0% used [0x00000007c4af0000,0x00000007c4af0000,0x00000007c52c0000)
  to   space 8000K, 0% used [0x00000007c4320000,0x00000007c4320000,0x00000007c4af0000)
 PSOldGen        total 128512K, used 0K [0x0000000743c00000, 0x000000074b980000, 0x00000007c1400000)
  object space 128512K, 0% used [0x0000000743c00000,0x0000000743c00000,0x000000074b980000)
 PSPermGen       total 21248K, used 9803K [0x0000000739600000, 0x000000073aac0000, 0x0000000743c00000)
  object space 21248K, 46% used [0x0000000739600000,0x0000000739f92dd0,0x000000073aac0000)

Code Cache  [0x00007fecf9421000, 0x00007fecf9691000, 0x00007fecfc421000)
 total_blobs=700 nmethods=247 adapters=407 free_code_cache=49339328 largest_free_block=10112

Dynamic libraries:
00400000-00409000 r-xp 00000000 08:03 2231614                            /usr/lib/jvm/java-6-openjdk-amd64/jre/bin/java
00608000-00609000 rw-p 00008000 08:03 2231614                            /usr/lib/jvm/java-6-openjdk-amd64/jre/bin/java
0167c000-032ed000 rw-p 00000000 00:00 0                                  [heap]
739600000-73aac0000 rw-p 00000000 00:00 0 
73aac0000-743c00000 rw-p 00000000 00:00 0 
743c00000-74b980000 rw-p 00000000 00:00 0 
74b980000-7c1400000 rw-p 00000000 00:00 0 
7c1400000-7c52c0000 rw-p 00000000 00:00 0 
7c52c0000-800000000 rw-p 00000000 00:00 0 
7feceb2c2000-7feceb2c5000 ---p 00000000 00:00 0 
7feceb2c5000-7feceb40b000 rw-p 00000000 00:00 0 
7feceb40b000-7fecebb0b000 rw-s 00006000 00:05 8578                       /dev/ati/card0
7fecebb0b000-7fecebc8b000 rw-p 00000000 00:00 0 
7fecebc8b000-7fecebc8d000 r-xp 00000000 08:03 534782                     /usr/lib/x86_64-linux-gnu/libXinerama.so.1.0.0
7fecebc8d000-7fecebe8c000 ---p 00002000 08:03 534782                     /usr/lib/x86_64-linux-gnu/libXinerama.so.1.0.0
7fecebe8c000-7fecebe8d000 rw-p 00001000 08:03 534782                     /usr/lib/x86_64-linux-gnu/libXinerama.so.1.0.0
7fecebe8d000-7fecebed9000 r-xp 00000000 08:03 539328                     /usr/lib/x86_64-linux-gnu/libatiadlxx.so
7fecebed9000-7fecebfd9000 ---p 0004c000 08:03 539328                     /usr/lib/x86_64-linux-gnu/libatiadlxx.so
7fecebfd9000-7fecebfe4000 rw-p 0004c000 08:03 539328                     /usr/lib/x86_64-linux-gnu/libatiadlxx.so
7fecebfe4000-7fecebff4000 rw-p 00000000 00:00 0 
7fecebff4000-7fecedf92000 r-xp 00000000 08:03 921615                     /usr/lib/x86_64-linux-gnu/dri/fglrx_dri.so
7fecedf92000-7fecee091000 ---p 01f9e000 08:03 921615                     /usr/lib/x86_64-linux-gnu/dri/fglrx_dri.so
7fecee091000-7fecee1df000 rwxp 01f9d000 08:03 921615                     /usr/lib/x86_64-linux-gnu/dri/fglrx_dri.so
7fecee1df000-7fecee313000 rwxp 00000000 00:00 0 
7fecee313000-7fecee31a000 r-xp 00000000 08:03 539324                     /usr/lib/x86_64-linux-gnu/libatiuki.so.1.0
7fecee31a000-7fecee41a000 ---p 00007000 08:03 539324                     /usr/lib/x86_64-linux-gnu/libatiuki.so.1.0
7fecee41a000-7fecee41b000 rw-p 00007000 08:03 539324                     /usr/lib/x86_64-linux-gnu/libatiuki.so.1.0
7fecee41b000-7fecee41c000 rw-p 00000000 00:00 0 
7fecee41c000-7fecee4da000 r-xp 00000000 08:03 1445187                    /usr/lib/x86_64-linux-gnu/fglrx/fglrx-libGL.so.1.2
7fecee4da000-7fecee5da000 ---p 000be000 08:03 1445187                    /usr/lib/x86_64-linux-gnu/fglrx/fglrx-libGL.so.1.2
7fecee5da000-7fecee601000 rwxp 000be000 08:03 1445187                    /usr/lib/x86_64-linux-gnu/fglrx/fglrx-libGL.so.1.2
7fecee601000-7fecee620000 rwxp 00000000 00:00 0 
7fecee620000-7fecee623000 ---p 00000000 00:00 0 
7fecee623000-7fecee721000 rw-p 00000000 00:00 0 
7fecee721000-7fecee725000 r-xp 00000000 08:03 535177                     /usr/lib/x86_64-linux-gnu/libXxf86vm.so.1.0.0
7fecee725000-7fecee925000 ---p 00004000 08:03 535177                     /usr/lib/x86_64-linux-gnu/libXxf86vm.so.1.0.0
7fecee925000-7fecee926000 r--p 00004000 08:03 535177                     /usr/lib/x86_64-linux-gnu/libXxf86vm.so.1.0.0
7fecee926000-7fecee927000 rw-p 00005000 08:03 535177                     /usr/lib/x86_64-linux-gnu/libXxf86vm.so.1.0.0
7fecee927000-7fecee92e000 r-xp 00000000 08:03 534784                     /usr/lib/x86_64-linux-gnu/libXrandr.so.2.2.0
7fecee92e000-7feceeb2e000 ---p 00007000 08:03 534784                     /usr/lib/x86_64-linux-gnu/libXrandr.so.2.2.0
7feceeb2e000-7feceeb2f000 rw-p 00007000 08:03 534784                     /usr/lib/x86_64-linux-gnu/libXrandr.so.2.2.0
7feceeb2f000-7feceeb99000 r-xp 00000000 08:03 12332350                   /home/brandon/ClearWaterInk/games/WorldsCubed/libs/natives/linux/liblwjgl64.so
7feceeb99000-7feceed99000 ---p 0006a000 08:03 12332350                   /home/brandon/ClearWaterInk/games/WorldsCubed/libs/natives/linux/liblwjgl64.so
7feceed99000-7feceed9b000 r--p 0006a000 08:03 12332350                   /home/brandon/ClearWaterInk/games/WorldsCubed/libs/natives/linux/liblwjgl64.so
7feceed9b000-7feceed9c000 rw-p 0006c000 08:03 12332350                   /home/brandon/ClearWaterInk/games/WorldsCubed/libs/natives/linux/liblwjgl64.so
7feceed9c000-7feceed9d000 r-xp 00000000 08:03 2231545                    /usr/lib/jvm/java-6-openjdk-amd64/jre/lib/amd64/libjawt.so
7feceed9d000-7feceef9c000 ---p 00001000 08:03 2231545                    /usr/lib/jvm/java-6-openjdk-amd64/jre/lib/amd64/libjawt.so
7feceef9c000-7feceef9d000 rw-p 00000000 08:03 2231545                    /usr/lib/jvm/java-6-openjdk-amd64/jre/lib/amd64/libjawt.so
7feceef9d000-7feceefa2000 r-xp 00000000 08:03 534774                     /usr/lib/x86_64-linux-gnu/libXfixes.so.3.1.0
7feceefa2000-7fecef1a1000 ---p 00005000 08:03 534774                     /usr/lib/x86_64-linux-gnu/libXfixes.so.3.1.0
7fecef1a1000-7fecef1a2000 r--p 00004000 08:03 534774                     /usr/lib/x86_64-linux-gnu/libXfixes.so.3.1.0
7fecef1a2000-7fecef1a3000 rw-p 00005000 08:03 534774                     /usr/lib/x86_64-linux-gnu/libXfixes.so.3.1.0
7fecef1a3000-7fecef1ac000 r--s 00000000 08:03 4854967                    /var/cache/fontconfig/945677eb7aeaf62f1d50efc3fb3ec7d8-le64.cache-3
7fecef1da000-7fecef25a000 rw-p 00000000 00:00 0 
7fecef25a000-7fecef27a000 rw-s fe9e0000 00:05 8578                       /dev/ati/card0
7fecef27a000-7fecef27d000 ---p 00000000 00:00 0 
7fecef27d000-7fecef37b000 rw-p 00000000 00:00 0 
7fecef37b000-7fecef37c000 r--s 00000000 08:03 4856319                    /var/cache/fontconfig/c05880de57d1f5e948fdfacc138775d9-le64.cache-3
7fecef37c000-7fecef385000 r--s 00000000 08:03 4854967                    /var/cache/fontconfig/945677eb7aeaf62f1d50efc3fb3ec7d8-le64.cache-3
7fecef385000-7fecef389000 r--s 00000000 08:03 4855898                    /var/cache/fontconfig/a46337af8a0b4c9b317ad981ec3bdf87-le64.cache-3
7fecef389000-7fecef392000 r--s 00000000 08:03 4856317                    /var/cache/fontconfig/6d41288fd70b0be22e8c3a91e032eec0-le64.cache-3
7fecef392000-7fecef3c0000 r--s 00000000 08:03 4855897                    /var/cache/fontconfig/365b55f210c0a22e9a19e35191240f32-le64.cache-3
7fecef3d1000-7fecef3db000 r-xp 00000000 08:03 534776                     /usr/lib/x86_64-linux-gnu/libXcursor.so.1.0.2
7fecef3db000-7fecef5da000 ---p 0000a000 08:03 534776                     /usr/lib/x86_64-linux-gnu/libXcursor.so.1.0.2
7fecef5da000-7fecef5db000 rw-p 00009000 08:03 534776                     /usr/lib/x86_64-linux-gnu/libXcursor.so.1.0.2
7fecef5f1000-7fecef5f8000 r--s 000fc000 08:03 2231068                    /usr/lib/jvm/java-6-openjdk-common/jre/lib/resources.jar
7fecef5f8000-7fecef5fb000 r--s 00000000 08:03 4854299                    /var/cache/fontconfig/c57959a16110560c8d0fcea73374aeeb-le64.cache-3
7fecef5fb000-7fecef603000 r--s 00000000 08:03 4853581                    /var/cache/fontconfig/3f7329c5293ffd510edef78f73874cfd-le64.cache-3
7fecef603000-7fecef60d000 r--s 00000000 08:03 4856314                    /var/cache/fontconfig/83bf95040141907cd45bb53cf7c1c148-le64.cache-3
7fecef60d000-7fecef610000 ---p 00000000 00:00 0 
7fecef610000-7fecef70e000 rw-p 00000000 00:00 0 
7fecef70e000-7fecef7a7000 r-xp 00000000 08:03 530994                     /usr/lib/x86_64-linux-gnu/libfreetype.so.6.8.1
7fecef7a7000-7fecef9a6000 ---p 00099000 08:03 530994                     /usr/lib/x86_64-linux-gnu/libfreetype.so.6.8.1
7fecef9a6000-7fecef9ac000 r--p 00098000 08:03 530994                     /usr/lib/x86_64-linux-gnu/libfreetype.so.6.8.1
7fecef9ac000-7fecef9ad000 rw-p 0009e000 08:03 530994                     /usr/lib/x86_64-linux-gnu/libfreetype.so.6.8.1
7fecef9ad000-7fecef9f5000 r-xp 00000000 08:03 2231539                    /usr/lib/jvm/java-6-openjdk-amd64/jre/lib/amd64/libfontmanager.so
7fecef9f5000-7fecefbf5000 ---p 00048000 08:03 2231539                    /usr/lib/jvm/java-6-openjdk-amd64/jre/lib/amd64/libfontmanager.so
7fecefbf5000-7fecefbf8000 rw-p 00048000 08:03 2231539                    /usr/lib/jvm/java-6-openjdk-amd64/jre/lib/amd64/libfontmanager.so
7fecefbf8000-7fecefbfd000 r-xp 00000000 08:03 531316                     /usr/lib/x86_64-linux-gnu/libXdmcp.so.6.0.0
7fecefbfd000-7fecefdfc000 ---p 00005000 08:03 531316                     /usr/lib/x86_64-linux-gnu/libXdmcp.so.6.0.0
7fecefdfc000-7fecefdfd000 rw-p 00004000 08:03 531316                     /usr/lib/x86_64-linux-gnu/libXdmcp.so.6.0.0
7fecefdfd000-7fecefdff000 r-xp 00000000 08:03 531314                     /usr/lib/x86_64-linux-gnu/libXau.so.6.0.0
7fecefdff000-7feceffff000 ---p 00002000 08:03 531314                     /usr/lib/x86_64-linux-gnu/libXau.so.6.0.0
7feceffff000-7fecf0000000 rw-p 00002000 08:03 531314                     /usr/lib/x86_64-linux-gnu/libXau.so.6.0.0
7fecf0000000-7fecf38f8000 rw-p 00000000 00:00 0 
7fecf38f8000-7fecf4000000 ---p 00000000 00:00 0 
7fecf4000000-7fecf4002000 rw-s 00002000 00:05 8578                       /dev/ati/card0
7fecf4002000-7fecf4007000 r--s 00000000 08:03 4855942                    /var/cache/fontconfig/3047814df9a2f067bd2d96a2b9c36e5a-le64.cache-3
7fecf4007000-7fecf400b000 r--s 00000000 08:03 4855898                    /var/cache/fontconfig/a46337af8a0b4c9b317ad981ec3bdf87-le64.cache-3
7fecf400b000-7fecf4014000 r--s 00000000 08:03 4856317                    /var/cache/fontconfig/6d41288fd70b0be22e8c3a91e032eec0-le64.cache-3
7fecf4014000-7fecf4042000 r--s 00000000 08:03 4855897                    /var/cache/fontconfig/365b55f210c0a22e9a19e35191240f32-le64.cache-3
7fecf4042000-7fecf4061000 r-xp 00000000 08:03 531318                     /usr/lib/x86_64-linux-gnu/libxcb.so.1.1.0
7fecf4061000-7fecf4260000 ---p 0001f000 08:03 531318                     /usr/lib/x86_64-linux-gnu/libxcb.so.1.1.0
7fecf4260000-7fecf4261000 r--p 0001e000 08:03 531318                     /usr/lib/x86_64-linux-gnu/libxcb.so.1.1.0
7fecf4261000-7fecf4262000 rw-p 0001f000 08:03 531318                     /usr/lib/x86_64-linux-gnu/libxcb.so.1.1.0
7fecf4262000-7fecf4270000 r-xp 00000000 08:03 534780                     /usr/lib/x86_64-linux-gnu/libXi.so.6.1.0
7fecf4270000-7fecf4470000 ---p 0000e000 08:03 534780                     /usr/lib/x86_64-linux-gnu/libXi.so.6.1.0
7fecf4470000-7fecf4471000 rw-p 0000e000 08:03 534780                     /usr/lib/x86_64-linux-gnu/libXi.so.6.1.0
7fecf4471000-7fecf4476000 r-xp 00000000 08:03 535605                     /usr/lib/x86_64-linux-gnu/libXtst.so.6.1.0
7fecf4476000-7fecf4675000 ---p 00005000 08:03 535605                     /usr/lib/x86_64-linux-gnu/libXtst.so.6.1.0
7fecf4675000-7fecf4676000 rw-p 00004000 08:03 535605                     /usr/lib/x86_64-linux-gnu/libXtst.so.6.1.0
7fecf4676000-7fecf467f000 r-xp 00000000 08:03 534524                     /usr/lib/x86_64-linux-gnu/libXrender.so.1.3.0
7fecf467f000-7fecf487e000 ---p 00009000 08:03 534524                     /usr/lib/x86_64-linux-gnu/libXrender.so.1.3.0
7fecf487e000-7fecf487f000 rw-p 00008000 08:03 534524                     /usr/lib/x86_64-linux-gnu/libXrender.so.1.3.0
7fecf487f000-7fecf49b4000 r-xp 00000000 08:03 531323                     /usr/lib/x86_64-linux-gnu/libX11.so.6.3.0
7fecf49b4000-7fecf4bb4000 ---p 00135000 08:03 531323                     /usr/lib/x86_64-linux-gnu/libX11.so.6.3.0
7fecf4bb4000-7fecf4bba000 rw-p 00135000 08:03 531323                     /usr/lib/x86_64-linux-gnu/libX11.so.6.3.0
7fecf4bba000-7fecf4bcb000 r-xp 00000000 08:03 531325                     /usr/lib/x86_64-linux-gnu/libXext.so.6.4.0
7fecf4bcb000-7fecf4dcb000 ---p 00011000 08:03 531325                     /usr/lib/x86_64-linux-gnu/libXext.so.6.4.0
7fecf4dcb000-7fecf4dcc000 rw-p 00011000 08:03 531325                     /usr/lib/x86_64-linux-gnu/libXext.so.6.4.0
7fecf4dcc000-7fecf4dcd000 rw-s 00005000 00:05 8578                       /dev/ati/card0
7fecf4dcd000-7fecf4dce000 r--s 00000000 08:03 4856316                    /var/cache/fontconfig/4794a0821666d79190d59a36cb4f44b5-le64.cache-3
7fecf4dce000-7fecf4dcf000 r--s 00000000 08:03 4855939                    /var/cache/fontconfig/e13b20fdb08344e0e664864cc2ede53d-le64.cache-3
7fecf4dcf000-7fecf4dd0000 r--s 00000000 08:03 4856319                    /var/cache/fontconfig/c05880de57d1f5e948fdfacc138775d9-le64.cache-3
7fecf4dd0000-7fecf4dd8000 r--s 00000000 08:03 4853581                    /var/cache/fontconfig/3f7329c5293ffd510edef78f73874cfd-le64.cache-3
7fecf4dd8000-7fecf4de2000 r--s 00000000 08:03 4856314                    /var/cache/fontconfig/83bf95040141907cd45bb53cf7c1c148-le64.cache-3
7fecf4de2000-7fecf4e2f000 r-xp 00000000 08:03 2231706                    /usr/lib/jvm/java-6-openjdk-amd64/jre/lib/amd64/xawt/libmawt.so
7fecf4e2f000-7fecf502e000 ---p 0004d000 08:03 2231706                    /usr/lib/jvm/java-6-openjdk-amd64/jre/lib/amd64/xawt/libmawt.so
7fecf502e000-7fecf5032000 rw-p 0004c000 08:03 2231706                    /usr/lib/jvm/java-6-openjdk-amd64/jre/lib/amd64/xawt/libmawt.so
7fecf5032000-7fecf5033000 rw-p 00000000 00:00 0 
7fecf5033000-7fecf50e3000 r-xp 00000000 08:03 2231546                    /usr/lib/jvm/java-6-openjdk-amd64/jre/lib/amd64/libawt.so
7fecf50e3000-7fecf52e2000 ---p 000b0000 08:03 2231546                    /usr/lib/jvm/java-6-openjdk-amd64/jre/lib/amd64/libawt.so
7fecf52e2000-7fecf52ee000 rw-p 000af000 08:03 2231546                    /usr/lib/jvm/java-6-openjdk-amd64/jre/lib/amd64/libawt.so
7fecf52ee000-7fecf7939000 rw-p 00000000 00:00 0 
7fecf7939000-7fecf793a000 ---p 00000000 00:00 0 
7fecf793a000-7fecf7a3a000 rw-p 00000000 00:00 0 
7fecf7a3a000-7fecf7a3d000 ---p 00000000 00:00 0 
7fecf7a3d000-7fecf7b3b000 rw-p 00000000 00:00 0 
7fecf7b3b000-7fecf7b3e000 ---p 00000000 00:00 0 
7fecf7b3e000-7fecf7c3c000 rw-p 00000000 00:00 0 
7fecf7c3c000-7fecf7c3f000 ---p 00000000 00:00 0 
7fecf7c3f000-7fecf7d3d000 rw-p 00000000 00:00 0 
7fecf7d3d000-7fecf7d40000 ---p 00000000 00:00 0 
7fecf7d40000-7fecf7e3e000 rw-p 00000000 00:00 0 
7fecf7e3e000-7fecf7fb5000 r--p 00000000 08:03 530955                     /usr/lib/locale/locale-archive
7fecf7fb5000-7fecf7fb8000 ---p 00000000 00:00 0 
7fecf7fb8000-7fecf80b6000 rw-p 00000000 00:00 0 
7fecf80b6000-7fecf80b9000 ---p 00000000 00:00 0 
7fecf80b9000-7fecf81b7000 rw-p 00000000 00:00 0 
7fecf81b7000-7fecf81b8000 ---p 00000000 00:00 0 
7fecf81b8000-7fecf85ee000 rw-p 00000000 00:00 0 
7fecf85ee000-7fecf8782000 r--s 03807000 08:03 2231586                    /usr/lib/jvm/java-6-openjdk-amd64/jre/lib/rt.jar
7fecf8782000-7fecf87aa000 rw-p 00000000 00:00 0 
7fecf87aa000-7fecf87ab000 ---p 00000000 00:00 0 
7fecf87ab000-7fecf88ab000 rw-p 00000000 00:00 0 
7fecf88ab000-7fecf88ac000 ---p 00000000 00:00 0 
7fecf88ac000-7fecf89b7000 rw-p 00000000 00:00 0 
7fecf89b7000-7fecf89ff000 rw-p 00000000 00:00 0 
7fecf89ff000-7fecf8a3e000 rw-p 00000000 00:00 0 
7fecf8a3e000-7fecf8deb000 rw-p 00000000 00:00 0 
7fecf8deb000-7fecf8df6000 rw-p 00000000 00:00 0 
7fecf8df6000-7fecf8e3e000 rw-p 00000000 00:00 0 
7fecf8e3e000-7fecf8e7d000 rw-p 00000000 00:00 0 
7fecf8e7d000-7fecf922a000 rw-p 00000000 00:00 0 
7fecf922a000-7fecf924a000 rw-p 00000000 00:00 0 
7fecf924a000-7fecf9420000 rw-p 00000000 00:00 0 
7fecf9420000-7fecf9421000 rw-p 00000000 00:00 0 
7fecf9421000-7fecf9691000 rwxp 00000000 00:00 0 
7fecf9691000-7fecfc421000 rw-p 00000000 00:00 0 
7fecfc421000-7fecfc428000 r-xp 00000000 08:03 2231575                    /usr/lib/jvm/java-6-openjdk-amd64/jre/lib/amd64/libzip.so
7fecfc428000-7fecfc627000 ---p 00007000 08:03 2231575                    /usr/lib/jvm/java-6-openjdk-amd64/jre/lib/amd64/libzip.so
7fecfc627000-7fecfc628000 rw-p 00006000 08:03 2231575                    /usr/lib/jvm/java-6-openjdk-amd64/jre/lib/amd64/libzip.so
7fecfc628000-7fecfc633000 r-xp 00000000 08:03 3538957                    /lib/x86_64-linux-gnu/libnss_files-2.13.so
7fecfc633000-7fecfc832000 ---p 0000b000 08:03 3538957                    /lib/x86_64-linux-gnu/libnss_files-2.13.so
7fecfc832000-7fecfc833000 r--p 0000a000 08:03 3538957                    /lib/x86_64-linux-gnu/libnss_files-2.13.so
7fecfc833000-7fecfc834000 rw-p 0000b000 08:03 3538957                    /lib/x86_64-linux-gnu/libnss_files-2.13.so
7fecfc834000-7fecfc83e000 r-xp 00000000 08:03 3538969                    /lib/x86_64-linux-gnu/libnss_nis-2.13.so
7fecfc83e000-7fecfca3d000 ---p 0000a000 08:03 3538969                    /lib/x86_64-linux-gnu/libnss_nis-2.13.so
7fecfca3d000-7fecfca3e000 r--p 00009000 08:03 3538969                    /lib/x86_64-linux-gnu/libnss_nis-2.13.so
7fecfca3e000-7fecfca3f000 rw-p 0000a000 08:03 3538969                    /lib/x86_64-linux-gnu/libnss_nis-2.13.so
7fecfca3f000-7fecfca46000 r-xp 00000000 08:03 3538959                    /lib/x86_64-linux-gnu/libnss_compat-2.13.so
7fecfca46000-7fecfcc45000 ---p 00007000 08:03 3538959                    /lib/x86_64-linux-gnu/libnss_compat-2.13.so
7fecfcc45000-7fecfcc46000 r--p 00006000 08:03 3538959                    /lib/x86_64-linux-gnu/libnss_compat-2.13.so
7fecfcc46000-7fecfcc47000 rw-p 00007000 08:03 3538959                    /lib/x86_64-linux-gnu/libnss_compat-2.13.so
7fecfcc47000-7fecfcc5c000 r-xp 00000000 08:03 3538967                    /lib/x86_64-linux-gnu/libnsl-2.13.so
7fecfcc5c000-7fecfce5b000 ---p 00015000 08:03 3538967                    /lib/x86_64-linux-gnu/libnsl-2.13.so
7fecfce5b000-7fecfce5c000 r--p 00014000 08:03 3538967                    /lib/x86_64-linux-gnu/libnsl-2.13.so
7fecfce5c000-7fecfce5d000 rw-p 00015000 08:03 3538967                    /lib/x86_64-linux-gnu/libnsl-2.13.so
7fecfce5d000-7fecfce5f000 rw-p 00000000 00:00 0 
7fecfce5f000-7fecfce8d000 r-xp 00000000 08:03 2231561                    /usr/lib/jvm/java-6-openjdk-amd64/jre/lib/amd64/libjava.so
7fecfce8d000-7fecfd08c000 ---p 0002e000 08:03 2231561                    /usr/lib/jvm/java-6-openjdk-amd64/jre/lib/amd64/libjava.so
7fecfd08c000-7fecfd090000 rw-p 0002d000 08:03 2231561                    /usr/lib/jvm/java-6-openjdk-amd64/jre/lib/amd64/libjava.so
7fecfd090000-7fecfd09f000 r-xp 00000000 08:03 2231544                    /usr/lib/jvm/java-6-openjdk-amd64/jre/lib/amd64/libverify.so
7fecfd09f000-7fecfd29e000 ---p 0000f000 08:03 2231544                    /usr/lib/jvm/java-6-openjdk-amd64/jre/lib/amd64/libverify.so
7fecfd29e000-7fecfd2a0000 rw-p 0000e000 08:03 2231544                    /usr/lib/jvm/java-6-openjdk-amd64/jre/lib/amd64/libverify.so
7fecfd2a0000-7fecfd2a7000 r-xp 00000000 08:03 3538958                    /lib/x86_64-linux-gnu/librt-2.13.so
7fecfd2a7000-7fecfd4a6000 ---p 00007000 08:03 3538958                    /lib/x86_64-linux-gnu/librt-2.13.so
7fecfd4a6000-7fecfd4a7000 r--p 00006000 08:03 3538958                    /lib/x86_64-linux-gnu/librt-2.13.so
7fecfd4a7000-7fecfd4a8000 rw-p 00007000 08:03 3538958                    /lib/x86_64-linux-gnu/librt-2.13.so
7fecfd4a8000-7fecfd4bd000 r-xp 00000000 08:03 3538948                    /lib/x86_64-linux-gnu/libgcc_s.so.1
7fecfd4bd000-7fecfd6bd000 ---p 00015000 08:03 3538948                    /lib/x86_64-linux-gnu/libgcc_s.so.1
7fecfd6bd000-7fecfd6be000 rw-p 00015000 08:03 3538948                    /lib/x86_64-linux-gnu/libgcc_s.so.1
7fecfd6be000-7fecfd73f000 r-xp 00000000 08:03 3538960                    /lib/x86_64-linux-gnu/libm-2.13.so
7fecfd73f000-7fecfd93e000 ---p 00081000 08:03 3538960                    /lib/x86_64-linux-gnu/libm-2.13.so
7fecfd93e000-7fecfd93f000 r--p 00080000 08:03 3538960                    /lib/x86_64-linux-gnu/libm-2.13.so
7fecfd93f000-7fecfd940000 rw-p 00081000 08:03 3538960                    /lib/x86_64-linux-gnu/libm-2.13.so
7fecfd940000-7fecfda28000 r-xp 00000000 08:03 528173                     /usr/lib/x86_64-linux-gnu/libstdc++.so.6.0.17
7fecfda28000-7fecfdc28000 ---p 000e8000 08:03 528173                     /usr/lib/x86_64-linux-gnu/libstdc++.so.6.0.17
7fecfdc28000-7fecfdc30000 r--p 000e8000 08:03 528173                     /usr/lib/x86_64-linux-gnu/libstdc++.so.6.0.17
7fecfdc30000-7fecfdc32000 rw-p 000f0000 08:03 528173                     /usr/lib/x86_64-linux-gnu/libstdc++.so.6.0.17
7fecfdc32000-7fecfdc47000 rw-p 00000000 00:00 0 
7fecfdc47000-7fecfe55b000 r-xp 00000000 08:03 2231551                    /usr/lib/jvm/java-6-openjdk-amd64/jre/lib/amd64/server/libjvm.so
7fecfe55b000-7fecfe75a000 ---p 00914000 08:03 2231551                    /usr/lib/jvm/java-6-openjdk-amd64/jre/lib/amd64/server/libjvm.so
7fecfe75a000-7fecfe7f6000 rw-p 00913000 08:03 2231551                    /usr/lib/jvm/java-6-openjdk-amd64/jre/lib/amd64/server/libjvm.so
7fecfe7f6000-7fecfe81f000 rw-p 00000000 00:00 0 
7fecfe81f000-7fecfe99f000 r-xp 00000000 08:03 3538963                    /lib/x86_64-linux-gnu/libc-2.13.so
7fecfe99f000-7fecfeb9f000 ---p 00180000 08:03 3538963                    /lib/x86_64-linux-gnu/libc-2.13.so
7fecfeb9f000-7fecfeba3000 r--p 00180000 08:03 3538963                    /lib/x86_64-linux-gnu/libc-2.13.so
7fecfeba3000-7fecfeba4000 rw-p 00184000 08:03 3538963                    /lib/x86_64-linux-gnu/libc-2.13.so
7fecfeba4000-7fecfeba9000 rw-p 00000000 00:00 0 
7fecfeba9000-7fecfebab000 r-xp 00000000 08:03 3538956                    /lib/x86_64-linux-gnu/libdl-2.13.so
7fecfebab000-7fecfedab000 ---p 00002000 08:03 3538956                    /lib/x86_64-linux-gnu/libdl-2.13.so
7fecfedab000-7fecfedac000 r--p 00002000 08:03 3538956                    /lib/x86_64-linux-gnu/libdl-2.13.so
7fecfedac000-7fecfedad000 rw-p 00003000 08:03 3538956                    /lib/x86_64-linux-gnu/libdl-2.13.so
7fecfedad000-7fecfedb1000 r-xp 00000000 08:03 2231548                    /usr/lib/jvm/java-6-openjdk-amd64/jre/lib/amd64/jli/libjli.so
7fecfedb1000-7fecfefb0000 ---p 00004000 08:03 2231548                    /usr/lib/jvm/java-6-openjdk-amd64/jre/lib/amd64/jli/libjli.so
7fecfefb0000-7fecfefb1000 rw-p 00003000 08:03 2231548                    /usr/lib/jvm/java-6-openjdk-amd64/jre/lib/amd64/jli/libjli.so
7fecfefb1000-7fecfefc8000 r-xp 00000000 08:03 3538953                    /lib/x86_64-linux-gnu/libpthread-2.13.so
7fecfefc8000-7fecff1c7000 ---p 00017000 08:03 3538953                    /lib/x86_64-linux-gnu/libpthread-2.13.so
7fecff1c7000-7fecff1c8000 r--p 00016000 08:03 3538953                    /lib/x86_64-linux-gnu/libpthread-2.13.so
7fecff1c8000-7fecff1c9000 rw-p 00017000 08:03 3538953                    /lib/x86_64-linux-gnu/libpthread-2.13.so
7fecff1c9000-7fecff1cd000 rw-p 00000000 00:00 0 
7fecff1cd000-7fecff1e3000 r-xp 00000000 08:03 3539034                    /lib/x86_64-linux-gnu/libz.so.1.2.7
7fecff1e3000-7fecff3e2000 ---p 00016000 08:03 3539034                    /lib/x86_64-linux-gnu/libz.so.1.2.7
7fecff3e2000-7fecff3e3000 r--p 00015000 08:03 3539034                    /lib/x86_64-linux-gnu/libz.so.1.2.7
7fecff3e3000-7fecff3e4000 rw-p 00016000 08:03 3539034                    /lib/x86_64-linux-gnu/libz.so.1.2.7
7fecff3e4000-7fecff404000 r-xp 00000000 08:03 3538966                    /lib/x86_64-linux-gnu/ld-2.13.so
7fecff404000-7fecff405000 r--s 00000000 08:03 4856316                    /var/cache/fontconfig/4794a0821666d79190d59a36cb4f44b5-le64.cache-3
7fecff405000-7fecff408000 r--s 00000000 08:03 4854299                    /var/cache/fontconfig/c57959a16110560c8d0fcea73374aeeb-le64.cache-3
7fecff408000-7fecff40d000 r--s 00000000 08:03 4855942                    /var/cache/fontconfig/3047814df9a2f067bd2d96a2b9c36e5a-le64.cache-3
7fecff40d000-7fecff40e000 r--s 00000000 08:03 4855939                    /var/cache/fontconfig/e13b20fdb08344e0e664864cc2ede53d-le64.cache-3
7fecff40e000-7fecff411000 r--s 0007f000 08:03 2231060                    /usr/lib/jvm/java-6-openjdk-common/jre/lib/jsse.jar
7fecff411000-7fecff41e000 r--s 000e6000 08:03 11413237                   /home/brandon/ClearWaterInk/games/WorldsCubed/libs/lwjgl.jar
7fecff41e000-7fecff422000 r--s 00027000 08:03 11413238                   /home/brandon/ClearWaterInk/games/WorldsCubed/libs/lwjgl_util.jar
7fecff422000-7fecff423000 r--s 00007000 08:03 793877                     /usr/share/java/java-atk-wrapper.jar
7fecff423000-7fecff425000 r--s 00001000 08:03 2231056                    /usr/lib/jvm/java-6-openjdk-common/jre/lib/ext/dnsns.jar
7fecff425000-7fecff42f000 rw-p 00000000 00:00 0 
7fecff42f000-7fecff4e5000 rw-p 00000000 00:00 0 
7fecff4e5000-7fecff4e8000 ---p 00000000 00:00 0 
7fecff4e8000-7fecff5eb000 rw-p 00000000 00:00 0 
7fecff5eb000-7fecff5ed000 r--s 0000f000 08:03 2231053                    /usr/lib/jvm/java-6-openjdk-common/jre/lib/ext/pulse-java.jar
7fecff5ed000-7fecff5f1000 r--s 00039000 08:03 2231052                    /usr/lib/jvm/java-6-openjdk-common/jre/lib/ext/sunpkcs11.jar
7fecff5f1000-7fecff5f4000 r--s 00031000 08:03 2231055                    /usr/lib/jvm/java-6-openjdk-common/jre/lib/ext/sunjce_provider.jar
7fecff5f4000-7fecff5f7000 r--s 00077000 08:03 2231054                    /usr/lib/jvm/java-6-openjdk-common/jre/lib/ext/localedata.jar
7fecff5f7000-7fecff5ff000 rw-s 00000000 08:03 8002090                    /tmp/hsperfdata_brandon/5330 (deleted)
7fecff5ff000-7fecff600000 rw-p 00000000 00:00 0 
7fecff600000-7fecff601000 ---p 00000000 00:00 0 
7fecff601000-7fecff603000 rw-p 00000000 00:00 0 
7fecff603000-7fecff604000 r--p 0001f000 08:03 3538966                    /lib/x86_64-linux-gnu/ld-2.13.so
7fecff604000-7fecff605000 rw-p 00020000 08:03 3538966                    /lib/x86_64-linux-gnu/ld-2.13.so
7fecff605000-7fecff606000 rw-p 00000000 00:00 0 
7fff4d7ab000-7fff4d7cc000 rw-p 00000000 00:00 0                          [stack]
7fff4d7ff000-7fff4d800000 r-xp 00000000 00:00 0                          [vdso]
ffffffffff600000-ffffffffff601000 r-xp 00000000 00:00 0                  [vsyscall]

VM Arguments:
jvm_args: -Djava.library.path=/home/brandon/ClearWaterInk/games/WorldsCubed/libs/natives/linux -Dfile.encoding=UTF-8 
java_command: net.clearwaterink.worldscubed.WorldsCubed
Launcher Type: SUN_STANDARD

Environment Variables:
PATH=/home/brandon/bin:/usr/local/bin:/usr/bin:/bin:/usr/local/games:/usr/games
LD_LIBRARY_PATH=/usr/lib/jvm/java-6-openjdk-amd64/jre/lib/amd64/server:/usr/lib/jvm/java-6-openjdk-amd64/jre/lib/amd64:/usr/lib/jvm/java-6-openjdk-amd64/jre/../lib/amd64
SHELL=/bin/bash
DISPLAY=:0.0

Signal Handlers:
SIGSEGV: [libjvm.so+0x791b10], sa_mask[0]=0x7ffbfeff, sa_flags=0x10000004
SIGBUS: [libjvm.so+0x791b10], sa_mask[0]=0x7ffbfeff, sa_flags=0x10000004
SIGFPE: [libjvm.so+0x65ace0], sa_mask[0]=0x7ffbfeff, sa_flags=0x10000004
SIGPIPE: [libjvm.so+0x65ace0], sa_mask[0]=0x7ffbfeff, sa_flags=0x10000004
SIGXFSZ: [libjvm.so+0x65ace0], sa_mask[0]=0x7ffbfeff, sa_flags=0x10000004
SIGILL: [libjvm.so+0x65ace0], sa_mask[0]=0x7ffbfeff, sa_flags=0x10000004
SIGUSR1: SIG_DFL, sa_mask[0]=0x00000000, sa_flags=0x00000000
SIGUSR2: [libjvm.so+0x65aec0], sa_mask[0]=0x00000004, sa_flags=0x10000004
SIGHUP: [libjvm.so+0x65d500], sa_mask[0]=0x7ffbfeff, sa_flags=0x10000004
SIGINT: [libjvm.so+0x65d500], sa_mask[0]=0x7ffbfeff, sa_flags=0x10000004
SIGTERM: [libjvm.so+0x65d500], sa_mask[0]=0x7ffbfeff, sa_flags=0x10000004
SIGQUIT: [libjvm.so+0x65d500], sa_mask[0]=0x7ffbfeff, sa_flags=0x10000004


---------------  S Y S T E M  ---------------

OS:7.3

uname:Linux 3.2.0-4-amd64 #1 SMP Debian 3.2.51-1 x86_64
libc:glibc 2.13 NPTL 2.13 
rlimit: STACK 8192k, CORE 0k, NPROC 95755, NOFILE 4096, AS infinity
load average:1.12 1.11 0.97

/proc/meminfo:
MemTotal:       12334808 kB
MemFree:         8125360 kB
Buffers:          378700 kB
Cached:          1674404 kB
SwapCached:            0 kB
Active:          2561800 kB
Inactive:        1189752 kB
Active(anon):    1698996 kB
Inactive(anon):    21732 kB
Active(file):     862804 kB
Inactive(file):  1168020 kB
Unevictable:           4 kB
Mlocked:               4 kB
SwapTotal:      13616120 kB
SwapFree:       13616120 kB
Dirty:               644 kB
Writeback:             0 kB
AnonPages:       1698492 kB
Mapped:           251052 kB
Shmem:             22284 kB
Slab:             242052 kB
SReclaimable:     218068 kB
SUnreclaim:        23984 kB
KernelStack:        3832 kB
PageTables:        26096 kB
NFS_Unstable:          0 kB
Bounce:                0 kB
WritebackTmp:          0 kB
CommitLimit:    19783524 kB
Committed_AS:    3956652 kB
VmallocTotal:   34359738367 kB
VmallocUsed:      329784 kB
VmallocChunk:   34359406412 kB
HardwareCorrupted:     0 kB
AnonHugePages:         0 kB
HugePages_Total:       0
HugePages_Free:        0
HugePages_Rsvd:        0
HugePages_Surp:        0
Hugepagesize:       2048 kB
DirectMap4k:      294272 kB
DirectMap2M:     8093696 kB
DirectMap1G:     4194304 kB


CPU:total 2 (2 cores per cpu, 1 threads per core) family 16 model 6 stepping 3, cmov, cx8, fxsr, mmx, sse, sse2, sse3, popcnt, mmxext, 3dnowpref, lzcnt, sse4a

Memory: 4k page, physical 12334808k(8125360k free), swap 13616120k(13616120k free)

vm_info: OpenJDK 64-Bit Server VM (20.0-b12) for linux-amd64 JRE (1.6.0_27-b27), built on Jul 12 2013 09:04:12 by "jmm" with gcc 4.7.2

time: Fri Feb  7 22:14:06 2014
elapsed time: 7 seconds

