#
# A fatal error has been detected by the Java Runtime Environment:
#
#  SIGSEGV (0xb) at pc=0x00007fa51cf80e38, pid=6981, tid=140347260278528
#
# JRE version: 6.0_27-b27
# Java VM: OpenJDK 64-Bit Server VM (20.0-b12 mixed mode linux-amd64 compressed oops)
# Derivative: IcedTea6 1.12.6
# Distribution: Debian GNU/Linux 7.1 (wheezy), package 6b27-1.12.6-1~deb7u1
# Problematic frame:
# C  [libX11.so.6+0x3ae38]  XQueryExtension+0x28
#
# If you would like to submit a bug report, please include
# instructions how to reproduce the bug and visit:
#   http://icedtea.classpath.org/bugzilla
#

---------------  T H R E A D  ---------------

Current thread (0x0000000000d5b800):  VMThread [stack: 0x00007fa524881000,0x00007fa524982000] [id=6992]

siginfo:si_signo=SIGSEGV: si_errno=0, si_code=1 (SEGV_MAPERR), si_addr=0x0000000020265d88

Registers:
RAX=0x0000000000d88920, RBX=0x0000000020265420, RCX=0x00007fa5249809d8, RDX=0x00007fa5249809d4
RSP=0x00007fa524980970, RBP=0x00007fa516bbdc60, RSI=0x00007fa516a85e12, RDI=0x0000000020265420
R8 =0x00007fa5249809dc, R9 =0x0000000000000000, R10=0x00007fa52b270768, R11=0x00007fa52af200d0
R12=0x00007fa516a85e12, R13=0x0000000000d88920, R14=0x00007fa520261410, R15=0x00007fa52026f170
RIP=0x00007fa51cf80e38, EFLAGS=0x0000000000010202, CSGSFS=0x0000000000000033, ERR=0x0000000000000004
  TRAPNO=0x000000000000000e

Top of Stack: (sp=0x00007fa524980970)
0x00007fa524980970:   0000000000000020 00007fa525aeb438
0x00007fa524980980:   00007fa52aef75c8 00007fa52bcb3000
0x00007fa524980990:   00007fa52aef75c8 0000000020265420
0x00007fa5249809a0:   00007fa516bbdc60 00007fa516a85e12
0x00007fa5249809b0:   0000000000d88920 00007fa520261410
0x00007fa5249809c0:   00007fa52026f170 00007fa51cf74e72
0x00007fa5249809d0:   00007fa520261410 0000000000000000
0x00007fa5249809e0:   0000000000000000 00007fa516bbdc60
0x00007fa5249809f0:   0000000020265420 00007fa51d28e71d
0x00007fa524980a00:   00007fa516a85e12 000000112aef75c8
0x00007fa524980a10:   00007fa524980a90 0000000000000000
0x00007fa524980a20:   00007fa524980a90 0000000020265420
0x00007fa524980a30:   00007fa52bcce048 00007fa520261410
0x00007fa524980a40:   00007fa516bd7490 00007fa516a31fd9
0x00007fa524980a50:   0000000000000000 000000000000002b
0x00007fa524980a60:   00007fa524980a90 0000000000000000
0x00007fa524980a70:   00007fa52bcce048 00007fa520261410
0x00007fa524980a80:   000000000000001b 00007fa516a266e2
0x00007fa524980a90:   00007fa524980c90 00007fa516a85d81
0x00007fa524980aa0:   00007fa524980c90 00007fa52babc4ec
0x00007fa524980ab0:   00007fa52bccf1c8 00007fa52bccf758
0x00007fa524980ac0:   00007fa52bcb4508 0000000000cf45a0
0x00007fa524980ad0:   0000000000cf4ac0 0000000000cf4fc0
0x00007fa524980ae0:   0000000000cf9cc0 00007fa52008c8b0
0x00007fa524980af0:   00007fa520083e20 00007fa52bccc7f0
0x00007fa524980b00:   00007fa52025e080 00007fa52025dbb0
0x00007fa524980b10:   00007fa52024ef90 00007fa5202576e0
0x00007fa524980b20:   00007fa52008ef20 00007fa520085a50
0x00007fa524980b30:   00007fa520085ef0 00007fa5200918a0
0x00007fa524980b40:   0000000000cf0600 0000000000cf0be0
0x00007fa524980b50:   0000000000ceff40 0000000000ceb5f0
0x00007fa524980b60:   0000000000cebb60 0000000000cec570 

Instructions: (pc=0x00007fa51cf80e38)
0x00007fa51cf80e18:   24 e0 48 89 fb 4c 89 6c 24 e8 4c 89 74 24 f0 49
0x00007fa51cf80e28:   89 f4 4c 89 7c 24 f8 48 89 6c 24 d8 48 83 ec 58
0x00007fa51cf80e38:   48 8b 87 68 09 00 00 49 89 d7 49 89 ce 4d 89 c5
0x00007fa51cf80e48:   48 85 c0 74 02 ff 10 ba 08 00 00 00 be 62 00 00 

Register to memory mapping:

RAX=0x0000000000d88920 is an unknown value
RBX=0x0000000020265420 is an unknown value
RCX=0x00007fa5249809d8 is an unknown value
RDX=0x00007fa5249809d4 is an unknown value
RSP=0x00007fa524980970 is an unknown value
RBP=0x00007fa516bbdc60: <offset 0x1cac60> in /usr/lib/x86_64-linux-gnu/libGL.so.1 at 0x00007fa5169f3000
RSI=0x00007fa516a85e12: <offset 0x92e12> in /usr/lib/x86_64-linux-gnu/libGL.so.1 at 0x00007fa5169f3000
RDI=0x0000000020265420 is an unknown value
R8 =0x00007fa5249809dc is an unknown value
R9 =0x0000000000000000 is an unknown value
R10=0x00007fa52b270768: <offset 0x387768> in /lib/x86_64-linux-gnu/libc.so.6 at 0x00007fa52aee9000
R11=0x00007fa52af200d0: __cxa_finalize+0 in /lib/x86_64-linux-gnu/libc.so.6 at 0x00007fa52aee9000
R12=0x00007fa516a85e12: <offset 0x92e12> in /usr/lib/x86_64-linux-gnu/libGL.so.1 at 0x00007fa5169f3000
R13=0x0000000000d88920 is an unknown value
R14=0x00007fa520261410 is an unknown value
R15=0x00007fa52026f170 is an unknown value


Stack: [0x00007fa524881000,0x00007fa524982000],  sp=0x00007fa524980970,  free space=1022k
Native frames: (J=compiled Java code, j=interpreted, Vv=VM code, C=native code)
C  [libX11.so.6+0x3ae38]  XQueryExtension+0x28

VM_Operation (0x00007fa52bcae5d0): Exit, mode: safepoint, requested by thread 0x0000000000cf6000


---------------  P R O C E S S  ---------------

Java Threads: ( => current thread )
  0x00007fa52024a000 JavaThread "AWT-XAWT" daemon [_thread_blocked, id=7001, stack(0x00007fa517bff000,0x00007fa517d00000)]
  0x00007fa5201e3800 JavaThread "Java2D Disposer" daemon [_thread_blocked, id=7000, stack(0x00007fa517af8000,0x00007fa517bf9000)]
  0x00007fa520004800 JavaThread "Low Memory Detector" daemon [_thread_blocked, id=6998, stack(0x00007fa524104000,0x00007fa524205000)]
  0x00007fa520001800 JavaThread "C2 CompilerThread1" daemon [_thread_blocked, id=6997, stack(0x00007fa524205000,0x00007fa524306000)]
  0x0000000000d89000 JavaThread "C2 CompilerThread0" daemon [_thread_blocked, id=6996, stack(0x00007fa524306000,0x00007fa524407000)]
  0x0000000000d62800 JavaThread "Finalizer" daemon [_thread_blocked, id=6994, stack(0x00007fa52467f000,0x00007fa524780000)]
  0x0000000000d60800 JavaThread "Reference Handler" daemon [_thread_blocked, id=6993, stack(0x00007fa524780000,0x00007fa524881000)]
  0x0000000000cf6000 JavaThread "main" [_thread_blocked, id=6989, stack(0x00007fa52bbaf000,0x00007fa52bcb0000)]

Other Threads:
=>0x0000000000d5b800 VMThread [stack: 0x00007fa524881000,0x00007fa524982000] [id=6992]

VM state:at safepoint (shutting down)

VM Mutex/Monitor currently owned by a thread:  ([mutex/lock_event])
[0x0000000000cf2a10] Threads_lock - owner thread: 0x0000000000d5b800

Heap
 PSYoungGen      total 56256K, used 15769K [0x00000007c1400000, 0x00000007c52c0000, 0x0000000800000000)
  eden space 48256K, 32% used [0x00000007c1400000,0x00000007c2366488,0x00000007c4320000)
  from space 8000K, 0% used [0x00000007c4af0000,0x00000007c4af0000,0x00000007c52c0000)
  to   space 8000K, 0% used [0x00000007c4320000,0x00000007c4320000,0x00000007c4af0000)
 PSOldGen        total 128512K, used 0K [0x0000000743c00000, 0x000000074b980000, 0x00000007c1400000)
  object space 128512K, 0% used [0x0000000743c00000,0x0000000743c00000,0x000000074b980000)
 PSPermGen       total 21248K, used 9753K [0x0000000739600000, 0x000000073aac0000, 0x0000000743c00000)
  object space 21248K, 45% used [0x0000000739600000,0x0000000739f86560,0x000000073aac0000)

Code Cache  [0x00007fa525aeb000, 0x00007fa525d5b000, 0x00007fa528aeb000)
 total_blobs=573 nmethods=121 adapters=407 free_code_cache=49470528 largest_free_block=22208

Dynamic libraries:
00400000-00409000 r-xp 00000000 08:03 2231614                            /usr/lib/jvm/java-6-openjdk-amd64/jre/bin/java
00608000-00609000 rw-p 00008000 08:03 2231614                            /usr/lib/jvm/java-6-openjdk-amd64/jre/bin/java
00ceb000-024e9000 rw-p 00000000 00:00 0                                  [heap]
739600000-73aac0000 rw-p 00000000 00:00 0 
73aac0000-743c00000 rw-p 00000000 00:00 0 
743c00000-74b980000 rw-p 00000000 00:00 0 
74b980000-7c1400000 rw-p 00000000 00:00 0 
7c1400000-7c52c0000 rw-p 00000000 00:00 0 
7c52c0000-800000000 rw-p 00000000 00:00 0 
7fa513b62000-7fa514262000 rw-s 00006000 00:05 8578                       /dev/ati/card0
7fa514262000-7fa514264000 r-xp 00000000 08:03 534782                     /usr/lib/x86_64-linux-gnu/libXinerama.so.1.0.0
7fa514264000-7fa514463000 ---p 00002000 08:03 534782                     /usr/lib/x86_64-linux-gnu/libXinerama.so.1.0.0
7fa514463000-7fa514464000 rw-p 00001000 08:03 534782                     /usr/lib/x86_64-linux-gnu/libXinerama.so.1.0.0
7fa514464000-7fa5144b0000 r-xp 00000000 08:03 539328                     /usr/lib/x86_64-linux-gnu/libatiadlxx.so
7fa5144b0000-7fa5145b0000 ---p 0004c000 08:03 539328                     /usr/lib/x86_64-linux-gnu/libatiadlxx.so
7fa5145b0000-7fa5145bb000 rw-p 0004c000 08:03 539328                     /usr/lib/x86_64-linux-gnu/libatiadlxx.so
7fa5145bb000-7fa5145cb000 rw-p 00000000 00:00 0 
7fa5145cb000-7fa516569000 r-xp 00000000 08:03 921615                     /usr/lib/x86_64-linux-gnu/dri/fglrx_dri.so
7fa516569000-7fa516668000 ---p 01f9e000 08:03 921615                     /usr/lib/x86_64-linux-gnu/dri/fglrx_dri.so
7fa516668000-7fa5167b6000 rwxp 01f9d000 08:03 921615                     /usr/lib/x86_64-linux-gnu/dri/fglrx_dri.so
7fa5167b6000-7fa5168ea000 rwxp 00000000 00:00 0 
7fa5168ea000-7fa5168f1000 r-xp 00000000 08:03 539324                     /usr/lib/x86_64-linux-gnu/libatiuki.so.1.0
7fa5168f1000-7fa5169f1000 ---p 00007000 08:03 539324                     /usr/lib/x86_64-linux-gnu/libatiuki.so.1.0
7fa5169f1000-7fa5169f2000 rw-p 00007000 08:03 539324                     /usr/lib/x86_64-linux-gnu/libatiuki.so.1.0
7fa5169f2000-7fa5169f3000 rw-p 00000000 00:00 0 
7fa5169f3000-7fa516ab1000 r-xp 00000000 08:03 1445187                    /usr/lib/x86_64-linux-gnu/fglrx/fglrx-libGL.so.1.2
7fa516ab1000-7fa516bb1000 ---p 000be000 08:03 1445187                    /usr/lib/x86_64-linux-gnu/fglrx/fglrx-libGL.so.1.2
7fa516bb1000-7fa516bd8000 rwxp 000be000 08:03 1445187                    /usr/lib/x86_64-linux-gnu/fglrx/fglrx-libGL.so.1.2
7fa516bd8000-7fa516bf7000 rwxp 00000000 00:00 0 
7fa516bf7000-7fa516bfa000 ---p 00000000 00:00 0 
7fa516bfa000-7fa516cf8000 rw-p 00000000 00:00 0 
7fa516cf8000-7fa516cfc000 r-xp 00000000 08:03 535177                     /usr/lib/x86_64-linux-gnu/libXxf86vm.so.1.0.0
7fa516cfc000-7fa516efc000 ---p 00004000 08:03 535177                     /usr/lib/x86_64-linux-gnu/libXxf86vm.so.1.0.0
7fa516efc000-7fa516efd000 r--p 00004000 08:03 535177                     /usr/lib/x86_64-linux-gnu/libXxf86vm.so.1.0.0
7fa516efd000-7fa516efe000 rw-p 00005000 08:03 535177                     /usr/lib/x86_64-linux-gnu/libXxf86vm.so.1.0.0
7fa516efe000-7fa516f05000 r-xp 00000000 08:03 534784                     /usr/lib/x86_64-linux-gnu/libXrandr.so.2.2.0
7fa516f05000-7fa517105000 ---p 00007000 08:03 534784                     /usr/lib/x86_64-linux-gnu/libXrandr.so.2.2.0
7fa517105000-7fa517106000 rw-p 00007000 08:03 534784                     /usr/lib/x86_64-linux-gnu/libXrandr.so.2.2.0
7fa517106000-7fa517170000 r-xp 00000000 08:03 12332350                   /home/brandon/ClearWaterInk/games/WorldsCubed/libs/natives/linux/liblwjgl64.so
7fa517170000-7fa517370000 ---p 0006a000 08:03 12332350                   /home/brandon/ClearWaterInk/games/WorldsCubed/libs/natives/linux/liblwjgl64.so
7fa517370000-7fa517372000 r--p 0006a000 08:03 12332350                   /home/brandon/ClearWaterInk/games/WorldsCubed/libs/natives/linux/liblwjgl64.so
7fa517372000-7fa517373000 rw-p 0006c000 08:03 12332350                   /home/brandon/ClearWaterInk/games/WorldsCubed/libs/natives/linux/liblwjgl64.so
7fa517373000-7fa517374000 r-xp 00000000 08:03 2231545                    /usr/lib/jvm/java-6-openjdk-amd64/jre/lib/amd64/libjawt.so
7fa517374000-7fa517573000 ---p 00001000 08:03 2231545                    /usr/lib/jvm/java-6-openjdk-amd64/jre/lib/amd64/libjawt.so
7fa517573000-7fa517574000 rw-p 00000000 08:03 2231545                    /usr/lib/jvm/java-6-openjdk-amd64/jre/lib/amd64/libjawt.so
7fa517574000-7fa517579000 r-xp 00000000 08:03 534774                     /usr/lib/x86_64-linux-gnu/libXfixes.so.3.1.0
7fa517579000-7fa517778000 ---p 00005000 08:03 534774                     /usr/lib/x86_64-linux-gnu/libXfixes.so.3.1.0
7fa517778000-7fa517779000 r--p 00004000 08:03 534774                     /usr/lib/x86_64-linux-gnu/libXfixes.so.3.1.0
7fa517779000-7fa51777a000 rw-p 00005000 08:03 534774                     /usr/lib/x86_64-linux-gnu/libXfixes.so.3.1.0
7fa51777a000-7fa517784000 r-xp 00000000 08:03 534776                     /usr/lib/x86_64-linux-gnu/libXcursor.so.1.0.2
7fa517784000-7fa517983000 ---p 0000a000 08:03 534776                     /usr/lib/x86_64-linux-gnu/libXcursor.so.1.0.2
7fa517983000-7fa517984000 rw-p 00009000 08:03 534776                     /usr/lib/x86_64-linux-gnu/libXcursor.so.1.0.2
7fa517af8000-7fa517afb000 ---p 00000000 00:00 0 
7fa517afb000-7fa517bf9000 rw-p 00000000 00:00 0 
7fa517bff000-7fa517c02000 ---p 00000000 00:00 0 
7fa517c02000-7fa517d00000 rw-p 00000000 00:00 0 
7fa517d00000-7fa517d01000 r--s 00000000 08:03 4856319                    /var/cache/fontconfig/c05880de57d1f5e948fdfacc138775d9-le64.cache-3
7fa517d01000-7fa517d0a000 r--s 00000000 08:03 4854967                    /var/cache/fontconfig/945677eb7aeaf62f1d50efc3fb3ec7d8-le64.cache-3
7fa517d0a000-7fa517d0e000 r--s 00000000 08:03 4855898                    /var/cache/fontconfig/a46337af8a0b4c9b317ad981ec3bdf87-le64.cache-3
7fa517d0e000-7fa517d17000 r--s 00000000 08:03 4856317                    /var/cache/fontconfig/6d41288fd70b0be22e8c3a91e032eec0-le64.cache-3
7fa517d17000-7fa517d18000 r--s 00000000 08:03 4856316                    /var/cache/fontconfig/4794a0821666d79190d59a36cb4f44b5-le64.cache-3
7fa517d18000-7fa517d46000 r--s 00000000 08:03 4855897                    /var/cache/fontconfig/365b55f210c0a22e9a19e35191240f32-le64.cache-3
7fa517d46000-7fa517d49000 r--s 00000000 08:03 4854299                    /var/cache/fontconfig/c57959a16110560c8d0fcea73374aeeb-le64.cache-3
7fa517d49000-7fa517d4e000 r--s 00000000 08:03 4855942                    /var/cache/fontconfig/3047814df9a2f067bd2d96a2b9c36e5a-le64.cache-3
7fa517d4e000-7fa517d56000 r--s 00000000 08:03 4853581                    /var/cache/fontconfig/3f7329c5293ffd510edef78f73874cfd-le64.cache-3
7fa517d56000-7fa517d60000 r--s 00000000 08:03 4856314                    /var/cache/fontconfig/83bf95040141907cd45bb53cf7c1c148-le64.cache-3
7fa517d60000-7fa517d61000 r--s 00000000 08:03 4855939                    /var/cache/fontconfig/e13b20fdb08344e0e664864cc2ede53d-le64.cache-3
7fa517d61000-7fa517dfa000 r-xp 00000000 08:03 530994                     /usr/lib/x86_64-linux-gnu/libfreetype.so.6.8.1
7fa517dfa000-7fa517ff9000 ---p 00099000 08:03 530994                     /usr/lib/x86_64-linux-gnu/libfreetype.so.6.8.1
7fa517ff9000-7fa517fff000 r--p 00098000 08:03 530994                     /usr/lib/x86_64-linux-gnu/libfreetype.so.6.8.1
7fa517fff000-7fa518000000 rw-p 0009e000 08:03 530994                     /usr/lib/x86_64-linux-gnu/libfreetype.so.6.8.1
7fa518000000-7fa51864b000 rw-p 00000000 00:00 0 
7fa51864b000-7fa51c000000 ---p 00000000 00:00 0 
7fa51c04b000-7fa51c06b000 rw-s fe9e0000 00:05 8578                       /dev/ati/card0
7fa51c06b000-7fa51c072000 r--s 000fc000 08:03 2231068                    /usr/lib/jvm/java-6-openjdk-common/jre/lib/resources.jar
7fa51c072000-7fa51c07b000 r--s 00000000 08:03 4854967                    /var/cache/fontconfig/945677eb7aeaf62f1d50efc3fb3ec7d8-le64.cache-3
7fa51c07b000-7fa51c07f000 r--s 00000000 08:03 4855898                    /var/cache/fontconfig/a46337af8a0b4c9b317ad981ec3bdf87-le64.cache-3
7fa51c07f000-7fa51c088000 r--s 00000000 08:03 4856317                    /var/cache/fontconfig/6d41288fd70b0be22e8c3a91e032eec0-le64.cache-3
7fa51c088000-7fa51c0b6000 r--s 00000000 08:03 4855897                    /var/cache/fontconfig/365b55f210c0a22e9a19e35191240f32-le64.cache-3
7fa51c0b6000-7fa51c0fe000 r-xp 00000000 08:03 2231539                    /usr/lib/jvm/java-6-openjdk-amd64/jre/lib/amd64/libfontmanager.so
7fa51c0fe000-7fa51c2fe000 ---p 00048000 08:03 2231539                    /usr/lib/jvm/java-6-openjdk-amd64/jre/lib/amd64/libfontmanager.so
7fa51c2fe000-7fa51c301000 rw-p 00048000 08:03 2231539                    /usr/lib/jvm/java-6-openjdk-amd64/jre/lib/amd64/libfontmanager.so
7fa51c301000-7fa51c306000 r-xp 00000000 08:03 531316                     /usr/lib/x86_64-linux-gnu/libXdmcp.so.6.0.0
7fa51c306000-7fa51c505000 ---p 00005000 08:03 531316                     /usr/lib/x86_64-linux-gnu/libXdmcp.so.6.0.0
7fa51c505000-7fa51c506000 rw-p 00004000 08:03 531316                     /usr/lib/x86_64-linux-gnu/libXdmcp.so.6.0.0
7fa51c506000-7fa51c508000 r-xp 00000000 08:03 531314                     /usr/lib/x86_64-linux-gnu/libXau.so.6.0.0
7fa51c508000-7fa51c708000 ---p 00002000 08:03 531314                     /usr/lib/x86_64-linux-gnu/libXau.so.6.0.0
7fa51c708000-7fa51c709000 rw-p 00002000 08:03 531314                     /usr/lib/x86_64-linux-gnu/libXau.so.6.0.0
7fa51c709000-7fa51c728000 r-xp 00000000 08:03 531318                     /usr/lib/x86_64-linux-gnu/libxcb.so.1.1.0
7fa51c728000-7fa51c927000 ---p 0001f000 08:03 531318                     /usr/lib/x86_64-linux-gnu/libxcb.so.1.1.0
7fa51c927000-7fa51c928000 r--p 0001e000 08:03 531318                     /usr/lib/x86_64-linux-gnu/libxcb.so.1.1.0
7fa51c928000-7fa51c929000 rw-p 0001f000 08:03 531318                     /usr/lib/x86_64-linux-gnu/libxcb.so.1.1.0
7fa51c929000-7fa51c937000 r-xp 00000000 08:03 534780                     /usr/lib/x86_64-linux-gnu/libXi.so.6.1.0
7fa51c937000-7fa51cb37000 ---p 0000e000 08:03 534780                     /usr/lib/x86_64-linux-gnu/libXi.so.6.1.0
7fa51cb37000-7fa51cb38000 rw-p 0000e000 08:03 534780                     /usr/lib/x86_64-linux-gnu/libXi.so.6.1.0
7fa51cb38000-7fa51cb3d000 r-xp 00000000 08:03 535605                     /usr/lib/x86_64-linux-gnu/libXtst.so.6.1.0
7fa51cb3d000-7fa51cd3c000 ---p 00005000 08:03 535605                     /usr/lib/x86_64-linux-gnu/libXtst.so.6.1.0
7fa51cd3c000-7fa51cd3d000 rw-p 00004000 08:03 535605                     /usr/lib/x86_64-linux-gnu/libXtst.so.6.1.0
7fa51cd3d000-7fa51cd46000 r-xp 00000000 08:03 534524                     /usr/lib/x86_64-linux-gnu/libXrender.so.1.3.0
7fa51cd46000-7fa51cf45000 ---p 00009000 08:03 534524                     /usr/lib/x86_64-linux-gnu/libXrender.so.1.3.0
7fa51cf45000-7fa51cf46000 rw-p 00008000 08:03 534524                     /usr/lib/x86_64-linux-gnu/libXrender.so.1.3.0
7fa51cf46000-7fa51d07b000 r-xp 00000000 08:03 531323                     /usr/lib/x86_64-linux-gnu/libX11.so.6.3.0
7fa51d07b000-7fa51d27b000 ---p 00135000 08:03 531323                     /usr/lib/x86_64-linux-gnu/libX11.so.6.3.0
7fa51d27b000-7fa51d281000 rw-p 00135000 08:03 531323                     /usr/lib/x86_64-linux-gnu/libX11.so.6.3.0
7fa51d281000-7fa51d292000 r-xp 00000000 08:03 531325                     /usr/lib/x86_64-linux-gnu/libXext.so.6.4.0
7fa51d292000-7fa51d492000 ---p 00011000 08:03 531325                     /usr/lib/x86_64-linux-gnu/libXext.so.6.4.0
7fa51d492000-7fa51d493000 rw-p 00011000 08:03 531325                     /usr/lib/x86_64-linux-gnu/libXext.so.6.4.0
7fa51d496000-7fa51d497000 rw-s 00005000 00:05 8578                       /dev/ati/card0
7fa51d497000-7fa51d49f000 r--s 00000000 08:03 4853581                    /var/cache/fontconfig/3f7329c5293ffd510edef78f73874cfd-le64.cache-3
7fa51d49f000-7fa51d4a9000 r--s 00000000 08:03 4856314                    /var/cache/fontconfig/83bf95040141907cd45bb53cf7c1c148-le64.cache-3
7fa51d4a9000-7fa51d4f6000 r-xp 00000000 08:03 2231706                    /usr/lib/jvm/java-6-openjdk-amd64/jre/lib/amd64/xawt/libmawt.so
7fa51d4f6000-7fa51d6f5000 ---p 0004d000 08:03 2231706                    /usr/lib/jvm/java-6-openjdk-amd64/jre/lib/amd64/xawt/libmawt.so
7fa51d6f5000-7fa51d6f9000 rw-p 0004c000 08:03 2231706                    /usr/lib/jvm/java-6-openjdk-amd64/jre/lib/amd64/xawt/libmawt.so
7fa51d6f9000-7fa51d6fa000 rw-p 00000000 00:00 0 
7fa51d6fa000-7fa51d7aa000 r-xp 00000000 08:03 2231546                    /usr/lib/jvm/java-6-openjdk-amd64/jre/lib/amd64/libawt.so
7fa51d7aa000-7fa51d9a9000 ---p 000b0000 08:03 2231546                    /usr/lib/jvm/java-6-openjdk-amd64/jre/lib/amd64/libawt.so
7fa51d9a9000-7fa51d9b5000 rw-p 000af000 08:03 2231546                    /usr/lib/jvm/java-6-openjdk-amd64/jre/lib/amd64/libawt.so
7fa51d9b5000-7fa520000000 rw-p 00000000 00:00 0 
7fa520000000-7fa521b71000 rw-p 00000000 00:00 0 
7fa521b71000-7fa524000000 ---p 00000000 00:00 0 
7fa524000000-7fa524003000 r--s 00077000 08:03 2231054                    /usr/lib/jvm/java-6-openjdk-common/jre/lib/ext/localedata.jar
7fa524003000-7fa524004000 ---p 00000000 00:00 0 
7fa524004000-7fa524104000 rw-p 00000000 00:00 0 
7fa524104000-7fa524107000 ---p 00000000 00:00 0 
7fa524107000-7fa524205000 rw-p 00000000 00:00 0 
7fa524205000-7fa524208000 ---p 00000000 00:00 0 
7fa524208000-7fa524306000 rw-p 00000000 00:00 0 
7fa524306000-7fa524309000 ---p 00000000 00:00 0 
7fa524309000-7fa524407000 rw-p 00000000 00:00 0 
7fa524407000-7fa52440a000 ---p 00000000 00:00 0 
7fa52440a000-7fa524508000 rw-p 00000000 00:00 0 
7fa524508000-7fa52467f000 r--p 00000000 08:03 530955                     /usr/lib/locale/locale-archive
7fa52467f000-7fa524682000 ---p 00000000 00:00 0 
7fa524682000-7fa524780000 rw-p 00000000 00:00 0 
7fa524780000-7fa524783000 ---p 00000000 00:00 0 
7fa524783000-7fa524881000 rw-p 00000000 00:00 0 
7fa524881000-7fa524882000 ---p 00000000 00:00 0 
7fa524882000-7fa524cb8000 rw-p 00000000 00:00 0 
7fa524cb8000-7fa524e4c000 r--s 03807000 08:03 2231586                    /usr/lib/jvm/java-6-openjdk-amd64/jre/lib/rt.jar
7fa524e4c000-7fa524e74000 rw-p 00000000 00:00 0 
7fa524e74000-7fa524e75000 ---p 00000000 00:00 0 
7fa524e75000-7fa524f75000 rw-p 00000000 00:00 0 
7fa524f75000-7fa524f76000 ---p 00000000 00:00 0 
7fa524f76000-7fa525081000 rw-p 00000000 00:00 0 
7fa525081000-7fa5250c9000 rw-p 00000000 00:00 0 
7fa5250c9000-7fa525108000 rw-p 00000000 00:00 0 
7fa525108000-7fa5254b5000 rw-p 00000000 00:00 0 
7fa5254b5000-7fa5254c0000 rw-p 00000000 00:00 0 
7fa5254c0000-7fa525508000 rw-p 00000000 00:00 0 
7fa525508000-7fa525547000 rw-p 00000000 00:00 0 
7fa525547000-7fa5258f4000 rw-p 00000000 00:00 0 
7fa5258f4000-7fa525914000 rw-p 00000000 00:00 0 
7fa525914000-7fa525aea000 rw-p 00000000 00:00 0 
7fa525aea000-7fa525aeb000 rw-p 00000000 00:00 0 
7fa525aeb000-7fa525d5b000 rwxp 00000000 00:00 0 
7fa525d5b000-7fa528aeb000 rw-p 00000000 00:00 0 
7fa528aeb000-7fa528af2000 r-xp 00000000 08:03 2231575                    /usr/lib/jvm/java-6-openjdk-amd64/jre/lib/amd64/libzip.so
7fa528af2000-7fa528cf1000 ---p 00007000 08:03 2231575                    /usr/lib/jvm/java-6-openjdk-amd64/jre/lib/amd64/libzip.so
7fa528cf1000-7fa528cf2000 rw-p 00006000 08:03 2231575                    /usr/lib/jvm/java-6-openjdk-amd64/jre/lib/amd64/libzip.so
7fa528cf2000-7fa528cfd000 r-xp 00000000 08:03 3538957                    /lib/x86_64-linux-gnu/libnss_files-2.13.so
7fa528cfd000-7fa528efc000 ---p 0000b000 08:03 3538957                    /lib/x86_64-linux-gnu/libnss_files-2.13.so
7fa528efc000-7fa528efd000 r--p 0000a000 08:03 3538957                    /lib/x86_64-linux-gnu/libnss_files-2.13.so
7fa528efd000-7fa528efe000 rw-p 0000b000 08:03 3538957                    /lib/x86_64-linux-gnu/libnss_files-2.13.so
7fa528efe000-7fa528f08000 r-xp 00000000 08:03 3538969                    /lib/x86_64-linux-gnu/libnss_nis-2.13.so
7fa528f08000-7fa529107000 ---p 0000a000 08:03 3538969                    /lib/x86_64-linux-gnu/libnss_nis-2.13.so
7fa529107000-7fa529108000 r--p 00009000 08:03 3538969                    /lib/x86_64-linux-gnu/libnss_nis-2.13.so
7fa529108000-7fa529109000 rw-p 0000a000 08:03 3538969                    /lib/x86_64-linux-gnu/libnss_nis-2.13.so
7fa529109000-7fa529110000 r-xp 00000000 08:03 3538959                    /lib/x86_64-linux-gnu/libnss_compat-2.13.so
7fa529110000-7fa52930f000 ---p 00007000 08:03 3538959                    /lib/x86_64-linux-gnu/libnss_compat-2.13.so
7fa52930f000-7fa529310000 r--p 00006000 08:03 3538959                    /lib/x86_64-linux-gnu/libnss_compat-2.13.so
7fa529310000-7fa529311000 rw-p 00007000 08:03 3538959                    /lib/x86_64-linux-gnu/libnss_compat-2.13.so
7fa529311000-7fa529326000 r-xp 00000000 08:03 3538967                    /lib/x86_64-linux-gnu/libnsl-2.13.so
7fa529326000-7fa529525000 ---p 00015000 08:03 3538967                    /lib/x86_64-linux-gnu/libnsl-2.13.so
7fa529525000-7fa529526000 r--p 00014000 08:03 3538967                    /lib/x86_64-linux-gnu/libnsl-2.13.so
7fa529526000-7fa529527000 rw-p 00015000 08:03 3538967                    /lib/x86_64-linux-gnu/libnsl-2.13.so
7fa529527000-7fa529529000 rw-p 00000000 00:00 0 
7fa529529000-7fa529557000 r-xp 00000000 08:03 2231561                    /usr/lib/jvm/java-6-openjdk-amd64/jre/lib/amd64/libjava.so
7fa529557000-7fa529756000 ---p 0002e000 08:03 2231561                    /usr/lib/jvm/java-6-openjdk-amd64/jre/lib/amd64/libjava.so
7fa529756000-7fa52975a000 rw-p 0002d000 08:03 2231561                    /usr/lib/jvm/java-6-openjdk-amd64/jre/lib/amd64/libjava.so
7fa52975a000-7fa529769000 r-xp 00000000 08:03 2231544                    /usr/lib/jvm/java-6-openjdk-amd64/jre/lib/amd64/libverify.so
7fa529769000-7fa529968000 ---p 0000f000 08:03 2231544                    /usr/lib/jvm/java-6-openjdk-amd64/jre/lib/amd64/libverify.so
7fa529968000-7fa52996a000 rw-p 0000e000 08:03 2231544                    /usr/lib/jvm/java-6-openjdk-amd64/jre/lib/amd64/libverify.so
7fa52996a000-7fa529971000 r-xp 00000000 08:03 3538958                    /lib/x86_64-linux-gnu/librt-2.13.so
7fa529971000-7fa529b70000 ---p 00007000 08:03 3538958                    /lib/x86_64-linux-gnu/librt-2.13.so
7fa529b70000-7fa529b71000 r--p 00006000 08:03 3538958                    /lib/x86_64-linux-gnu/librt-2.13.so
7fa529b71000-7fa529b72000 rw-p 00007000 08:03 3538958                    /lib/x86_64-linux-gnu/librt-2.13.so
7fa529b72000-7fa529b87000 r-xp 00000000 08:03 3538948                    /lib/x86_64-linux-gnu/libgcc_s.so.1
7fa529b87000-7fa529d87000 ---p 00015000 08:03 3538948                    /lib/x86_64-linux-gnu/libgcc_s.so.1
7fa529d87000-7fa529d88000 rw-p 00015000 08:03 3538948                    /lib/x86_64-linux-gnu/libgcc_s.so.1
7fa529d88000-7fa529e09000 r-xp 00000000 08:03 3538960                    /lib/x86_64-linux-gnu/libm-2.13.so
7fa529e09000-7fa52a008000 ---p 00081000 08:03 3538960                    /lib/x86_64-linux-gnu/libm-2.13.so
7fa52a008000-7fa52a009000 r--p 00080000 08:03 3538960                    /lib/x86_64-linux-gnu/libm-2.13.so
7fa52a009000-7fa52a00a000 rw-p 00081000 08:03 3538960                    /lib/x86_64-linux-gnu/libm-2.13.so
7fa52a00a000-7fa52a0f2000 r-xp 00000000 08:03 528173                     /usr/lib/x86_64-linux-gnu/libstdc++.so.6.0.17
7fa52a0f2000-7fa52a2f2000 ---p 000e8000 08:03 528173                     /usr/lib/x86_64-linux-gnu/libstdc++.so.6.0.17
7fa52a2f2000-7fa52a2fa000 r--p 000e8000 08:03 528173                     /usr/lib/x86_64-linux-gnu/libstdc++.so.6.0.17
7fa52a2fa000-7fa52a2fc000 rw-p 000f0000 08:03 528173                     /usr/lib/x86_64-linux-gnu/libstdc++.so.6.0.17
7fa52a2fc000-7fa52a311000 rw-p 00000000 00:00 0 
7fa52a311000-7fa52ac25000 r-xp 00000000 08:03 2231551                    /usr/lib/jvm/java-6-openjdk-amd64/jre/lib/amd64/server/libjvm.so
7fa52ac25000-7fa52ae24000 ---p 00914000 08:03 2231551                    /usr/lib/jvm/java-6-openjdk-amd64/jre/lib/amd64/server/libjvm.so
7fa52ae24000-7fa52aec0000 rw-p 00913000 08:03 2231551                    /usr/lib/jvm/java-6-openjdk-amd64/jre/lib/amd64/server/libjvm.so
7fa52aec0000-7fa52aee9000 rw-p 00000000 00:00 0 
7fa52aee9000-7fa52b069000 r-xp 00000000 08:03 3538963                    /lib/x86_64-linux-gnu/libc-2.13.so
7fa52b069000-7fa52b269000 ---p 00180000 08:03 3538963                    /lib/x86_64-linux-gnu/libc-2.13.so
7fa52b269000-7fa52b26d000 r--p 00180000 08:03 3538963                    /lib/x86_64-linux-gnu/libc-2.13.so
7fa52b26d000-7fa52b26e000 rw-p 00184000 08:03 3538963                    /lib/x86_64-linux-gnu/libc-2.13.so
7fa52b26e000-7fa52b273000 rw-p 00000000 00:00 0 
7fa52b273000-7fa52b275000 r-xp 00000000 08:03 3538956                    /lib/x86_64-linux-gnu/libdl-2.13.so
7fa52b275000-7fa52b475000 ---p 00002000 08:03 3538956                    /lib/x86_64-linux-gnu/libdl-2.13.so
7fa52b475000-7fa52b476000 r--p 00002000 08:03 3538956                    /lib/x86_64-linux-gnu/libdl-2.13.so
7fa52b476000-7fa52b477000 rw-p 00003000 08:03 3538956                    /lib/x86_64-linux-gnu/libdl-2.13.so
7fa52b477000-7fa52b47b000 r-xp 00000000 08:03 2231548                    /usr/lib/jvm/java-6-openjdk-amd64/jre/lib/amd64/jli/libjli.so
7fa52b47b000-7fa52b67a000 ---p 00004000 08:03 2231548                    /usr/lib/jvm/java-6-openjdk-amd64/jre/lib/amd64/jli/libjli.so
7fa52b67a000-7fa52b67b000 rw-p 00003000 08:03 2231548                    /usr/lib/jvm/java-6-openjdk-amd64/jre/lib/amd64/jli/libjli.so
7fa52b67b000-7fa52b692000 r-xp 00000000 08:03 3538953                    /lib/x86_64-linux-gnu/libpthread-2.13.so
7fa52b692000-7fa52b891000 ---p 00017000 08:03 3538953                    /lib/x86_64-linux-gnu/libpthread-2.13.so
7fa52b891000-7fa52b892000 r--p 00016000 08:03 3538953                    /lib/x86_64-linux-gnu/libpthread-2.13.so
7fa52b892000-7fa52b893000 rw-p 00017000 08:03 3538953                    /lib/x86_64-linux-gnu/libpthread-2.13.so
7fa52b893000-7fa52b897000 rw-p 00000000 00:00 0 
7fa52b897000-7fa52b8ad000 r-xp 00000000 08:03 3539034                    /lib/x86_64-linux-gnu/libz.so.1.2.7
7fa52b8ad000-7fa52baac000 ---p 00016000 08:03 3539034                    /lib/x86_64-linux-gnu/libz.so.1.2.7
7fa52baac000-7fa52baad000 r--p 00015000 08:03 3539034                    /lib/x86_64-linux-gnu/libz.so.1.2.7
7fa52baad000-7fa52baae000 rw-p 00016000 08:03 3539034                    /lib/x86_64-linux-gnu/libz.so.1.2.7
7fa52baae000-7fa52bace000 r-xp 00000000 08:03 3538966                    /lib/x86_64-linux-gnu/ld-2.13.so
7fa52bace000-7fa52bad0000 rw-s 00002000 00:05 8578                       /dev/ati/card0
7fa52bad0000-7fa52bad1000 r--s 00000000 08:03 4856319                    /var/cache/fontconfig/c05880de57d1f5e948fdfacc138775d9-le64.cache-3
7fa52bad1000-7fa52bad2000 r--s 00000000 08:03 4856316                    /var/cache/fontconfig/4794a0821666d79190d59a36cb4f44b5-le64.cache-3
7fa52bad2000-7fa52bad5000 r--s 00000000 08:03 4854299                    /var/cache/fontconfig/c57959a16110560c8d0fcea73374aeeb-le64.cache-3
7fa52bad5000-7fa52bada000 r--s 00000000 08:03 4855942                    /var/cache/fontconfig/3047814df9a2f067bd2d96a2b9c36e5a-le64.cache-3
7fa52bada000-7fa52badb000 r--s 00000000 08:03 4855939                    /var/cache/fontconfig/e13b20fdb08344e0e664864cc2ede53d-le64.cache-3
7fa52badb000-7fa52bade000 r--s 0007f000 08:03 2231060                    /usr/lib/jvm/java-6-openjdk-common/jre/lib/jsse.jar
7fa52bade000-7fa52baeb000 r--s 000e6000 08:03 11413237                   /home/brandon/ClearWaterInk/games/WorldsCubed/libs/lwjgl.jar
7fa52baeb000-7fa52baef000 r--s 00027000 08:03 11413238                   /home/brandon/ClearWaterInk/games/WorldsCubed/libs/lwjgl_util.jar
7fa52baef000-7fa52baf9000 rw-p 00000000 00:00 0 
7fa52baf9000-7fa52bbaf000 rw-p 00000000 00:00 0 
7fa52bbaf000-7fa52bbb2000 ---p 00000000 00:00 0 
7fa52bbb2000-7fa52bcb5000 rw-p 00000000 00:00 0 
7fa52bcb5000-7fa52bcb6000 r--s 00007000 08:03 793877                     /usr/share/java/java-atk-wrapper.jar
7fa52bcb6000-7fa52bcb8000 r--s 00001000 08:03 2231056                    /usr/lib/jvm/java-6-openjdk-common/jre/lib/ext/dnsns.jar
7fa52bcb8000-7fa52bcba000 r--s 0000f000 08:03 2231053                    /usr/lib/jvm/java-6-openjdk-common/jre/lib/ext/pulse-java.jar
7fa52bcba000-7fa52bcbe000 r--s 00039000 08:03 2231052                    /usr/lib/jvm/java-6-openjdk-common/jre/lib/ext/sunpkcs11.jar
7fa52bcbe000-7fa52bcc1000 r--s 00031000 08:03 2231055                    /usr/lib/jvm/java-6-openjdk-common/jre/lib/ext/sunjce_provider.jar
7fa52bcc1000-7fa52bcc9000 rw-s 00000000 08:03 8002090                    /tmp/hsperfdata_brandon/6981 (deleted)
7fa52bcc9000-7fa52bcca000 rw-p 00000000 00:00 0 
7fa52bcca000-7fa52bccb000 ---p 00000000 00:00 0 
7fa52bccb000-7fa52bccd000 rw-p 00000000 00:00 0 
7fa52bccd000-7fa52bcce000 r--p 0001f000 08:03 3538966                    /lib/x86_64-linux-gnu/ld-2.13.so
7fa52bcce000-7fa52bccf000 rw-p 00020000 08:03 3538966                    /lib/x86_64-linux-gnu/ld-2.13.so
7fa52bccf000-7fa52bcd0000 rw-p 00000000 00:00 0 
7fff068df000-7fff06900000 rw-p 00000000 00:00 0                          [stack]
7fff069ff000-7fff06a00000 r-xp 00000000 00:00 0                          [vdso]
ffffffffff600000-ffffffffff601000 r-xp 00000000 00:00 0                  [vsyscall]

VM Arguments:
jvm_args: -Djava.library.path=/home/brandon/ClearWaterInk/games/WorldsCubed/libs/natives/linux -Dfile.encoding=UTF-8 
java_command: net.clearwaterink.worldscubed.WorldsCubed
Launcher Type: SUN_STANDARD

Environment Variables:
PATH=/home/brandon/bin:/usr/local/bin:/usr/bin:/bin:/usr/local/games:/usr/games
LD_LIBRARY_PATH=/usr/lib/jvm/java-6-openjdk-amd64/jre/lib/amd64/server:/usr/lib/jvm/java-6-openjdk-amd64/jre/lib/amd64:/usr/lib/jvm/java-6-openjdk-amd64/jre/../lib/amd64
SHELL=/bin/bash
DISPLAY=:0.0

Signal Handlers:
SIGSEGV: [libjvm.so+0x791b10], sa_mask[0]=0x7ffbfeff, sa_flags=0x10000004
SIGBUS: [libjvm.so+0x791b10], sa_mask[0]=0x7ffbfeff, sa_flags=0x10000004
SIGFPE: [libjvm.so+0x65ace0], sa_mask[0]=0x7ffbfeff, sa_flags=0x10000004
SIGPIPE: [libjvm.so+0x65ace0], sa_mask[0]=0x7ffbfeff, sa_flags=0x10000004
SIGXFSZ: [libjvm.so+0x65ace0], sa_mask[0]=0x7ffbfeff, sa_flags=0x10000004
SIGILL: [libjvm.so+0x65ace0], sa_mask[0]=0x7ffbfeff, sa_flags=0x10000004
SIGUSR1: SIG_DFL, sa_mask[0]=0x00000000, sa_flags=0x00000000
SIGUSR2: [libjvm.so+0x65aec0], sa_mask[0]=0x00000004, sa_flags=0x10000004
SIGHUP: [libjvm.so+0x65d500], sa_mask[0]=0x7ffbfeff, sa_flags=0x10000004
SIGINT: [libjvm.so+0x65d500], sa_mask[0]=0x7ffbfeff, sa_flags=0x10000004
SIGTERM: [libjvm.so+0x65d500], sa_mask[0]=0x7ffbfeff, sa_flags=0x10000004
SIGQUIT: [libjvm.so+0x65d500], sa_mask[0]=0x7ffbfeff, sa_flags=0x10000004


---------------  S Y S T E M  ---------------

OS:7.3

uname:Linux 3.2.0-4-amd64 #1 SMP Debian 3.2.51-1 x86_64
libc:glibc 2.13 NPTL 2.13 
rlimit: STACK 8192k, CORE 0k, NPROC 95755, NOFILE 4096, AS infinity
load average:1.46 1.28 1.12

/proc/meminfo:
MemTotal:       12334808 kB
MemFree:         8185368 kB
Buffers:          380156 kB
Cached:          1678812 kB
SwapCached:            0 kB
Active:          2498396 kB
Inactive:        1192376 kB
Active(anon):    1632352 kB
Inactive(anon):    22748 kB
Active(file):     866044 kB
Inactive(file):  1169628 kB
Unevictable:           4 kB
Mlocked:               4 kB
SwapTotal:      13616120 kB
SwapFree:       13616120 kB
Dirty:              1940 kB
Writeback:             0 kB
AnonPages:       1631672 kB
Mapped:           255516 kB
Shmem:             23300 kB
Slab:             242540 kB
SReclaimable:     218396 kB
SUnreclaim:        24144 kB
KernelStack:        3864 kB
PageTables:        26032 kB
NFS_Unstable:          0 kB
Bounce:                0 kB
WritebackTmp:          0 kB
CommitLimit:    19783524 kB
Committed_AS:    3932980 kB
VmallocTotal:   34359738367 kB
VmallocUsed:      329784 kB
VmallocChunk:   34359406412 kB
HardwareCorrupted:     0 kB
AnonHugePages:         0 kB
HugePages_Total:       0
HugePages_Free:        0
HugePages_Rsvd:        0
HugePages_Surp:        0
Hugepagesize:       2048 kB
DirectMap4k:      294272 kB
DirectMap2M:     8093696 kB
DirectMap1G:     4194304 kB


CPU:total 2 (2 cores per cpu, 1 threads per core) family 16 model 6 stepping 3, cmov, cx8, fxsr, mmx, sse, sse2, sse3, popcnt, mmxext, 3dnowpref, lzcnt, sse4a

Memory: 4k page, physical 12334808k(8185368k free), swap 13616120k(13616120k free)

vm_info: OpenJDK 64-Bit Server VM (20.0-b12) for linux-amd64 JRE (1.6.0_27-b27), built on Jul 12 2013 09:04:12 by "jmm" with gcc 4.7.2

time: Fri Feb  7 22:30:01 2014
elapsed time: 3 seconds

