#
# A fatal error has been detected by the Java Runtime Environment:
#
#  SIGSEGV (0xb) at pc=0x00007fa13ec0be38, pid=5936, tid=140330580088576
#
# JRE version: 6.0_27-b27
# Java VM: OpenJDK 64-Bit Server VM (20.0-b12 mixed mode linux-amd64 compressed oops)
# Derivative: IcedTea6 1.12.6
# Distribution: Debian GNU/Linux 7.1 (wheezy), package 6b27-1.12.6-1~deb7u1
# Problematic frame:
# C  [libX11.so.6+0x3ae38]  XQueryExtension+0x28
#
# If you would like to submit a bug report, please include
# instructions how to reproduce the bug and visit:
#   http://icedtea.classpath.org/bugzilla
#

---------------  T H R E A D  ---------------

Current thread (0x0000000000743800):  VMThread [stack: 0x00007fa142509000,0x00007fa14260a000] [id=5944]

siginfo:si_signo=SIGSEGV: si_errno=0, si_code=1 (SEGV_MAPERR), si_addr=0x000000003015f6e8

Registers:
RAX=0x00000000006e6360, RBX=0x000000003015ed80, RCX=0x00007fa1426089d8, RDX=0x00007fa1426089d4
RSP=0x00007fa142608970, RBP=0x00007fa13c7cbc60, RSI=0x00007fa13c693e12, RDI=0x000000003015ed80
R8 =0x00007fa1426089dc, R9 =0x0000000000000000, R10=0x00007fa148ef8768, R11=0x00007fa148ba80d0
R12=0x00007fa13c693e12, R13=0x00000000006e6360, R14=0x00007fa1301505c0, R15=0x00007fa13015df20
RIP=0x00007fa13ec0be38, EFLAGS=0x0000000000010202, CSGSFS=0x0000000000000033, ERR=0x0000000000000004
  TRAPNO=0x000000000000000e

Top of Stack: (sp=0x00007fa142608970)
0x00007fa142608970:   0000000000000020 00007fa143773438
0x00007fa142608980:   00007fa148b7f5c8 00007fa14993b000
0x00007fa142608990:   00007fa148b7f5c8 000000003015ed80
0x00007fa1426089a0:   00007fa13c7cbc60 00007fa13c693e12
0x00007fa1426089b0:   00000000006e6360 00007fa1301505c0
0x00007fa1426089c0:   00007fa13015df20 00007fa13ebffe72
0x00007fa1426089d0:   00007fa1301505c0 0000000000000000
0x00007fa1426089e0:   0000000000000000 00007fa13c7cbc60
0x00007fa1426089f0:   000000003015ed80 00007fa13ef1971d
0x00007fa142608a00:   00007fa13c693e12 0000001148b7f5c8
0x00007fa142608a10:   00007fa142608a90 0000000000000000
0x00007fa142608a20:   00007fa142608a90 000000003015ed80
0x00007fa142608a30:   00007fa149956048 00007fa1301505c0
0x00007fa142608a40:   00007fa13c7e5490 00007fa13c63ffd9
0x00007fa142608a50:   0000000000000000 000000000000002b
0x00007fa142608a60:   00007fa142608a90 0000000000000000
0x00007fa142608a70:   00007fa149956048 00007fa1301505c0
0x00007fa142608a80:   000000000000001b 00007fa13c6346e2
0x00007fa142608a90:   00007fa142608c90 00007fa13c693d81
0x00007fa142608aa0:   00007fa142608c90 00007fa1497444ec
0x00007fa142608ab0:   00007fa1499571c8 00007fa149957758
0x00007fa142608ac0:   00007fa14993c508 00000000006dc5a0
0x00007fa142608ad0:   00000000006dcac0 00000000006dcfc0
0x00007fa142608ae0:   00000000006e1cc0 00007fa1300bd2c0
0x00007fa142608af0:   00007fa1300bd7a0 00007fa1499547f0
0x00007fa142608b00:   00007fa13014d230 00007fa13014cd60
0x00007fa142608b10:   00007fa13013e140 00007fa130146890
0x00007fa142608b20:   00007fa130003260 00007fa130038f90
0x00007fa142608b30:   00007fa130039430 00007fa130028980
0x00007fa142608b40:   00000000006d8600 00000000006d8be0
0x00007fa142608b50:   00000000006d7f40 00000000006d35f0
0x00007fa142608b60:   00000000006d3b60 00000000006d4570 

Instructions: (pc=0x00007fa13ec0be38)
0x00007fa13ec0be18:   24 e0 48 89 fb 4c 89 6c 24 e8 4c 89 74 24 f0 49
0x00007fa13ec0be28:   89 f4 4c 89 7c 24 f8 48 89 6c 24 d8 48 83 ec 58
0x00007fa13ec0be38:   48 8b 87 68 09 00 00 49 89 d7 49 89 ce 4d 89 c5
0x00007fa13ec0be48:   48 85 c0 74 02 ff 10 ba 08 00 00 00 be 62 00 00 

Register to memory mapping:

RAX=0x00000000006e6360 is an unknown value
RBX=0x000000003015ed80 is an unknown value
RCX=0x00007fa1426089d8 is an unknown value
RDX=0x00007fa1426089d4 is an unknown value
RSP=0x00007fa142608970 is an unknown value
RBP=0x00007fa13c7cbc60: <offset 0x1cac60> in /usr/lib/x86_64-linux-gnu/libGL.so.1 at 0x00007fa13c601000
RSI=0x00007fa13c693e12: <offset 0x92e12> in /usr/lib/x86_64-linux-gnu/libGL.so.1 at 0x00007fa13c601000
RDI=0x000000003015ed80 is an unknown value
R8 =0x00007fa1426089dc is an unknown value
R9 =0x0000000000000000 is an unknown value
R10=0x00007fa148ef8768: <offset 0x387768> in /lib/x86_64-linux-gnu/libc.so.6 at 0x00007fa148b71000
R11=0x00007fa148ba80d0: __cxa_finalize+0 in /lib/x86_64-linux-gnu/libc.so.6 at 0x00007fa148b71000
R12=0x00007fa13c693e12: <offset 0x92e12> in /usr/lib/x86_64-linux-gnu/libGL.so.1 at 0x00007fa13c601000
R13=0x00000000006e6360 is an unknown value
R14=0x00007fa1301505c0 is an unknown value
R15=0x00007fa13015df20 is an unknown value


Stack: [0x00007fa142509000,0x00007fa14260a000],  sp=0x00007fa142608970,  free space=1022k
Native frames: (J=compiled Java code, j=interpreted, Vv=VM code, C=native code)
C  [libX11.so.6+0x3ae38]  XQueryExtension+0x28

VM_Operation (0x00007fa149936600): Exit, mode: safepoint, requested by thread 0x00000000006de000


---------------  P R O C E S S  ---------------

Java Threads: ( => current thread )
  0x00007fa130139000 JavaThread "AWT-XAWT" daemon [_thread_blocked, id=5956, stack(0x00007fa13d491000,0x00007fa13d592000)]
  0x00007fa1300b4800 JavaThread "Java2D Disposer" daemon [_thread_blocked, id=5955, stack(0x00007fa13d82d000,0x00007fa13d92e000)]
  0x000000000077a800 JavaThread "Low Memory Detector" daemon [_thread_blocked, id=5950, stack(0x00007fa141d8c000,0x00007fa141e8d000)]
  0x0000000000775800 JavaThread "C2 CompilerThread1" daemon [_thread_blocked, id=5949, stack(0x00007fa141e8d000,0x00007fa141f8e000)]
  0x0000000000770800 JavaThread "C2 CompilerThread0" daemon [_thread_blocked, id=5948, stack(0x00007fa141f8e000,0x00007fa14208f000)]
  0x000000000074a800 JavaThread "Finalizer" daemon [_thread_blocked, id=5946, stack(0x00007fa142307000,0x00007fa142408000)]
  0x0000000000748800 JavaThread "Reference Handler" daemon [_thread_blocked, id=5945, stack(0x00007fa142408000,0x00007fa142509000)]
  0x00000000006de000 JavaThread "main" [_thread_blocked, id=5938, stack(0x00007fa149837000,0x00007fa149938000)]

Other Threads:
=>0x0000000000743800 VMThread [stack: 0x00007fa142509000,0x00007fa14260a000] [id=5944]

VM state:at safepoint (shutting down)

VM Mutex/Monitor currently owned by a thread:  ([mutex/lock_event])
[0x00000000006daa10] Threads_lock - owner thread: 0x0000000000743800

Heap
 PSYoungGen      total 56256K, used 23490K [0x00000007c1400000, 0x00000007c52c0000, 0x0000000800000000)
  eden space 48256K, 48% used [0x00000007c1400000,0x00000007c2af0a88,0x00000007c4320000)
  from space 8000K, 0% used [0x00000007c4af0000,0x00000007c4af0000,0x00000007c52c0000)
  to   space 8000K, 0% used [0x00000007c4320000,0x00000007c4320000,0x00000007c4af0000)
 PSOldGen        total 128512K, used 0K [0x0000000743c00000, 0x000000074b980000, 0x00000007c1400000)
  object space 128512K, 0% used [0x0000000743c00000,0x0000000743c00000,0x000000074b980000)
 PSPermGen       total 21248K, used 9819K [0x0000000739600000, 0x000000073aac0000, 0x0000000743c00000)
  object space 21248K, 46% used [0x0000000739600000,0x0000000739f96f88,0x000000073aac0000)

Code Cache  [0x00007fa143773000, 0x00007fa1439e3000, 0x00007fa146773000)
 total_blobs=757 nmethods=305 adapters=407 free_code_cache=49094912 largest_free_block=12672

Dynamic libraries:
00400000-00409000 r-xp 00000000 08:03 2231614                            /usr/lib/jvm/java-6-openjdk-amd64/jre/bin/java
00608000-00609000 rw-p 00008000 08:03 2231614                            /usr/lib/jvm/java-6-openjdk-amd64/jre/bin/java
006d3000-015ae000 rw-p 00000000 00:00 0                                  [heap]
739600000-73aac0000 rw-p 00000000 00:00 0 
73aac0000-743c00000 rw-p 00000000 00:00 0 
743c00000-74b980000 rw-p 00000000 00:00 0 
74b980000-7c1400000 rw-p 00000000 00:00 0 
7c1400000-7c52c0000 rw-p 00000000 00:00 0 
7c52c0000-800000000 rw-p 00000000 00:00 0 
7fa12c000000-7fa12fb06000 rw-p 00000000 00:00 0 
7fa12fb06000-7fa130000000 ---p 00000000 00:00 0 
7fa130000000-7fa134000000 rw-p 00000000 00:00 0 
7fa1355e1000-7fa135ce1000 rw-s 00006000 00:05 8578                       /dev/ati/card0
7fa135ce1000-7fa137c7f000 r-xp 00000000 08:03 921615                     /usr/lib/x86_64-linux-gnu/dri/fglrx_dri.so
7fa137c7f000-7fa137d7e000 ---p 01f9e000 08:03 921615                     /usr/lib/x86_64-linux-gnu/dri/fglrx_dri.so
7fa137d7e000-7fa137ecc000 rwxp 01f9d000 08:03 921615                     /usr/lib/x86_64-linux-gnu/dri/fglrx_dri.so
7fa137ecc000-7fa138000000 rwxp 00000000 00:00 0 
7fa138000000-7fa138f8c000 rw-p 00000000 00:00 0 
7fa138f8c000-7fa13c000000 ---p 00000000 00:00 0 
7fa13c18f000-7fa13c191000 r-xp 00000000 08:03 534782                     /usr/lib/x86_64-linux-gnu/libXinerama.so.1.0.0
7fa13c191000-7fa13c390000 ---p 00002000 08:03 534782                     /usr/lib/x86_64-linux-gnu/libXinerama.so.1.0.0
7fa13c390000-7fa13c391000 rw-p 00001000 08:03 534782                     /usr/lib/x86_64-linux-gnu/libXinerama.so.1.0.0
7fa13c391000-7fa13c3dd000 r-xp 00000000 08:03 539328                     /usr/lib/x86_64-linux-gnu/libatiadlxx.so
7fa13c3dd000-7fa13c4dd000 ---p 0004c000 08:03 539328                     /usr/lib/x86_64-linux-gnu/libatiadlxx.so
7fa13c4dd000-7fa13c4e8000 rw-p 0004c000 08:03 539328                     /usr/lib/x86_64-linux-gnu/libatiadlxx.so
7fa13c4e8000-7fa13c4f8000 rw-p 00000000 00:00 0 
7fa13c4f8000-7fa13c4ff000 r-xp 00000000 08:03 539324                     /usr/lib/x86_64-linux-gnu/libatiuki.so.1.0
7fa13c4ff000-7fa13c5ff000 ---p 00007000 08:03 539324                     /usr/lib/x86_64-linux-gnu/libatiuki.so.1.0
7fa13c5ff000-7fa13c600000 rw-p 00007000 08:03 539324                     /usr/lib/x86_64-linux-gnu/libatiuki.so.1.0
7fa13c600000-7fa13c601000 rw-p 00000000 00:00 0 
7fa13c601000-7fa13c6bf000 r-xp 00000000 08:03 1445187                    /usr/lib/x86_64-linux-gnu/fglrx/fglrx-libGL.so.1.2
7fa13c6bf000-7fa13c7bf000 ---p 000be000 08:03 1445187                    /usr/lib/x86_64-linux-gnu/fglrx/fglrx-libGL.so.1.2
7fa13c7bf000-7fa13c7e6000 rwxp 000be000 08:03 1445187                    /usr/lib/x86_64-linux-gnu/fglrx/fglrx-libGL.so.1.2
7fa13c7e6000-7fa13c805000 rwxp 00000000 00:00 0 
7fa13c805000-7fa13c808000 ---p 00000000 00:00 0 
7fa13c808000-7fa13c906000 rw-p 00000000 00:00 0 
7fa13c906000-7fa13c90a000 r-xp 00000000 08:03 535177                     /usr/lib/x86_64-linux-gnu/libXxf86vm.so.1.0.0
7fa13c90a000-7fa13cb0a000 ---p 00004000 08:03 535177                     /usr/lib/x86_64-linux-gnu/libXxf86vm.so.1.0.0
7fa13cb0a000-7fa13cb0b000 r--p 00004000 08:03 535177                     /usr/lib/x86_64-linux-gnu/libXxf86vm.so.1.0.0
7fa13cb0b000-7fa13cb0c000 rw-p 00005000 08:03 535177                     /usr/lib/x86_64-linux-gnu/libXxf86vm.so.1.0.0
7fa13cb0c000-7fa13cb13000 r-xp 00000000 08:03 534784                     /usr/lib/x86_64-linux-gnu/libXrandr.so.2.2.0
7fa13cb13000-7fa13cd13000 ---p 00007000 08:03 534784                     /usr/lib/x86_64-linux-gnu/libXrandr.so.2.2.0
7fa13cd13000-7fa13cd14000 rw-p 00007000 08:03 534784                     /usr/lib/x86_64-linux-gnu/libXrandr.so.2.2.0
7fa13cd14000-7fa13cd7e000 r-xp 00000000 08:03 12332350                   /home/brandon/ClearWaterInk/games/WorldsCubed/libs/natives/linux/liblwjgl64.so
7fa13cd7e000-7fa13cf7e000 ---p 0006a000 08:03 12332350                   /home/brandon/ClearWaterInk/games/WorldsCubed/libs/natives/linux/liblwjgl64.so
7fa13cf7e000-7fa13cf80000 r--p 0006a000 08:03 12332350                   /home/brandon/ClearWaterInk/games/WorldsCubed/libs/natives/linux/liblwjgl64.so
7fa13cf80000-7fa13cf81000 rw-p 0006c000 08:03 12332350                   /home/brandon/ClearWaterInk/games/WorldsCubed/libs/natives/linux/liblwjgl64.so
7fa13cf81000-7fa13cf82000 r-xp 00000000 08:03 2231545                    /usr/lib/jvm/java-6-openjdk-amd64/jre/lib/amd64/libjawt.so
7fa13cf82000-7fa13d181000 ---p 00001000 08:03 2231545                    /usr/lib/jvm/java-6-openjdk-amd64/jre/lib/amd64/libjawt.so
7fa13d181000-7fa13d182000 rw-p 00000000 08:03 2231545                    /usr/lib/jvm/java-6-openjdk-amd64/jre/lib/amd64/libjawt.so
7fa13d182000-7fa13d187000 r-xp 00000000 08:03 534774                     /usr/lib/x86_64-linux-gnu/libXfixes.so.3.1.0
7fa13d187000-7fa13d386000 ---p 00005000 08:03 534774                     /usr/lib/x86_64-linux-gnu/libXfixes.so.3.1.0
7fa13d386000-7fa13d387000 r--p 00004000 08:03 534774                     /usr/lib/x86_64-linux-gnu/libXfixes.so.3.1.0
7fa13d387000-7fa13d388000 rw-p 00005000 08:03 534774                     /usr/lib/x86_64-linux-gnu/libXfixes.so.3.1.0
7fa13d388000-7fa13d391000 r--s 00000000 08:03 4854967                    /var/cache/fontconfig/945677eb7aeaf62f1d50efc3fb3ec7d8-le64.cache-3
7fa13d391000-7fa13d395000 r--s 00000000 08:03 4855898                    /var/cache/fontconfig/a46337af8a0b4c9b317ad981ec3bdf87-le64.cache-3
7fa13d395000-7fa13d39e000 r--s 00000000 08:03 4856317                    /var/cache/fontconfig/6d41288fd70b0be22e8c3a91e032eec0-le64.cache-3
7fa13d39e000-7fa13d3cc000 r--s 00000000 08:03 4855897                    /var/cache/fontconfig/365b55f210c0a22e9a19e35191240f32-le64.cache-3
7fa13d471000-7fa13d491000 rw-s fe9e0000 00:05 8578                       /dev/ati/card0
7fa13d491000-7fa13d494000 ---p 00000000 00:00 0 
7fa13d494000-7fa13d592000 rw-p 00000000 00:00 0 
7fa13d592000-7fa13d593000 r--s 00000000 08:03 4856319                    /var/cache/fontconfig/c05880de57d1f5e948fdfacc138775d9-le64.cache-3
7fa13d593000-7fa13d59c000 r--s 00000000 08:03 4854967                    /var/cache/fontconfig/945677eb7aeaf62f1d50efc3fb3ec7d8-le64.cache-3
7fa13d59c000-7fa13d5a0000 r--s 00000000 08:03 4855898                    /var/cache/fontconfig/a46337af8a0b4c9b317ad981ec3bdf87-le64.cache-3
7fa13d5a0000-7fa13d5a9000 r--s 00000000 08:03 4856317                    /var/cache/fontconfig/6d41288fd70b0be22e8c3a91e032eec0-le64.cache-3
7fa13d5a9000-7fa13d5aa000 r--s 00000000 08:03 4856316                    /var/cache/fontconfig/4794a0821666d79190d59a36cb4f44b5-le64.cache-3
7fa13d5aa000-7fa13d5d8000 r--s 00000000 08:03 4855897                    /var/cache/fontconfig/365b55f210c0a22e9a19e35191240f32-le64.cache-3
7fa13d5d8000-7fa13d5db000 r--s 00000000 08:03 4854299                    /var/cache/fontconfig/c57959a16110560c8d0fcea73374aeeb-le64.cache-3
7fa13d5db000-7fa13d5e0000 r--s 00000000 08:03 4855942                    /var/cache/fontconfig/3047814df9a2f067bd2d96a2b9c36e5a-le64.cache-3
7fa13d5f4000-7fa13d5fe000 r-xp 00000000 08:03 534776                     /usr/lib/x86_64-linux-gnu/libXcursor.so.1.0.2
7fa13d5fe000-7fa13d7fd000 ---p 0000a000 08:03 534776                     /usr/lib/x86_64-linux-gnu/libXcursor.so.1.0.2
7fa13d7fd000-7fa13d7fe000 rw-p 00009000 08:03 534776                     /usr/lib/x86_64-linux-gnu/libXcursor.so.1.0.2
7fa13d812000-7fa13d814000 rw-s 00002000 00:05 8578                       /dev/ati/card0
7fa13d814000-7fa13d81b000 r--s 000fc000 08:03 2231068                    /usr/lib/jvm/java-6-openjdk-common/jre/lib/resources.jar
7fa13d81b000-7fa13d823000 r--s 00000000 08:03 4853581                    /var/cache/fontconfig/3f7329c5293ffd510edef78f73874cfd-le64.cache-3
7fa13d823000-7fa13d82d000 r--s 00000000 08:03 4856314                    /var/cache/fontconfig/83bf95040141907cd45bb53cf7c1c148-le64.cache-3
7fa13d82d000-7fa13d830000 ---p 00000000 00:00 0 
7fa13d830000-7fa13d92e000 rw-p 00000000 00:00 0 
7fa13d92e000-7fa13d9c7000 r-xp 00000000 08:03 530994                     /usr/lib/x86_64-linux-gnu/libfreetype.so.6.8.1
7fa13d9c7000-7fa13dbc6000 ---p 00099000 08:03 530994                     /usr/lib/x86_64-linux-gnu/libfreetype.so.6.8.1
7fa13dbc6000-7fa13dbcc000 r--p 00098000 08:03 530994                     /usr/lib/x86_64-linux-gnu/libfreetype.so.6.8.1
7fa13dbcc000-7fa13dbcd000 rw-p 0009e000 08:03 530994                     /usr/lib/x86_64-linux-gnu/libfreetype.so.6.8.1
7fa13dbcd000-7fa13dc15000 r-xp 00000000 08:03 2231539                    /usr/lib/jvm/java-6-openjdk-amd64/jre/lib/amd64/libfontmanager.so
7fa13dc15000-7fa13de15000 ---p 00048000 08:03 2231539                    /usr/lib/jvm/java-6-openjdk-amd64/jre/lib/amd64/libfontmanager.so
7fa13de15000-7fa13de18000 rw-p 00048000 08:03 2231539                    /usr/lib/jvm/java-6-openjdk-amd64/jre/lib/amd64/libfontmanager.so
7fa13df8c000-7fa13df91000 r-xp 00000000 08:03 531316                     /usr/lib/x86_64-linux-gnu/libXdmcp.so.6.0.0
7fa13df91000-7fa13e190000 ---p 00005000 08:03 531316                     /usr/lib/x86_64-linux-gnu/libXdmcp.so.6.0.0
7fa13e190000-7fa13e191000 rw-p 00004000 08:03 531316                     /usr/lib/x86_64-linux-gnu/libXdmcp.so.6.0.0
7fa13e191000-7fa13e193000 r-xp 00000000 08:03 531314                     /usr/lib/x86_64-linux-gnu/libXau.so.6.0.0
7fa13e193000-7fa13e393000 ---p 00002000 08:03 531314                     /usr/lib/x86_64-linux-gnu/libXau.so.6.0.0
7fa13e393000-7fa13e394000 rw-p 00002000 08:03 531314                     /usr/lib/x86_64-linux-gnu/libXau.so.6.0.0
7fa13e394000-7fa13e3b3000 r-xp 00000000 08:03 531318                     /usr/lib/x86_64-linux-gnu/libxcb.so.1.1.0
7fa13e3b3000-7fa13e5b2000 ---p 0001f000 08:03 531318                     /usr/lib/x86_64-linux-gnu/libxcb.so.1.1.0
7fa13e5b2000-7fa13e5b3000 r--p 0001e000 08:03 531318                     /usr/lib/x86_64-linux-gnu/libxcb.so.1.1.0
7fa13e5b3000-7fa13e5b4000 rw-p 0001f000 08:03 531318                     /usr/lib/x86_64-linux-gnu/libxcb.so.1.1.0
7fa13e5b4000-7fa13e5c2000 r-xp 00000000 08:03 534780                     /usr/lib/x86_64-linux-gnu/libXi.so.6.1.0
7fa13e5c2000-7fa13e7c2000 ---p 0000e000 08:03 534780                     /usr/lib/x86_64-linux-gnu/libXi.so.6.1.0
7fa13e7c2000-7fa13e7c3000 rw-p 0000e000 08:03 534780                     /usr/lib/x86_64-linux-gnu/libXi.so.6.1.0
7fa13e7c3000-7fa13e7c8000 r-xp 00000000 08:03 535605                     /usr/lib/x86_64-linux-gnu/libXtst.so.6.1.0
7fa13e7c8000-7fa13e9c7000 ---p 00005000 08:03 535605                     /usr/lib/x86_64-linux-gnu/libXtst.so.6.1.0
7fa13e9c7000-7fa13e9c8000 rw-p 00004000 08:03 535605                     /usr/lib/x86_64-linux-gnu/libXtst.so.6.1.0
7fa13e9c8000-7fa13e9d1000 r-xp 00000000 08:03 534524                     /usr/lib/x86_64-linux-gnu/libXrender.so.1.3.0
7fa13e9d1000-7fa13ebd0000 ---p 00009000 08:03 534524                     /usr/lib/x86_64-linux-gnu/libXrender.so.1.3.0
7fa13ebd0000-7fa13ebd1000 rw-p 00008000 08:03 534524                     /usr/lib/x86_64-linux-gnu/libXrender.so.1.3.0
7fa13ebd1000-7fa13ed06000 r-xp 00000000 08:03 531323                     /usr/lib/x86_64-linux-gnu/libX11.so.6.3.0
7fa13ed06000-7fa13ef06000 ---p 00135000 08:03 531323                     /usr/lib/x86_64-linux-gnu/libX11.so.6.3.0
7fa13ef06000-7fa13ef0c000 rw-p 00135000 08:03 531323                     /usr/lib/x86_64-linux-gnu/libX11.so.6.3.0
7fa13ef0c000-7fa13ef1d000 r-xp 00000000 08:03 531325                     /usr/lib/x86_64-linux-gnu/libXext.so.6.4.0
7fa13ef1d000-7fa13f11d000 ---p 00011000 08:03 531325                     /usr/lib/x86_64-linux-gnu/libXext.so.6.4.0
7fa13f11d000-7fa13f11e000 rw-p 00011000 08:03 531325                     /usr/lib/x86_64-linux-gnu/libXext.so.6.4.0
7fa13f11f000-7fa13f120000 rw-s 00005000 00:05 8578                       /dev/ati/card0
7fa13f120000-7fa13f121000 r--s 00000000 08:03 4855939                    /var/cache/fontconfig/e13b20fdb08344e0e664864cc2ede53d-le64.cache-3
7fa13f121000-7fa13f122000 r--s 00000000 08:03 4856319                    /var/cache/fontconfig/c05880de57d1f5e948fdfacc138775d9-le64.cache-3
7fa13f122000-7fa13f12a000 r--s 00000000 08:03 4853581                    /var/cache/fontconfig/3f7329c5293ffd510edef78f73874cfd-le64.cache-3
7fa13f12a000-7fa13f134000 r--s 00000000 08:03 4856314                    /var/cache/fontconfig/83bf95040141907cd45bb53cf7c1c148-le64.cache-3
7fa13f134000-7fa13f181000 r-xp 00000000 08:03 2231706                    /usr/lib/jvm/java-6-openjdk-amd64/jre/lib/amd64/xawt/libmawt.so
7fa13f181000-7fa13f380000 ---p 0004d000 08:03 2231706                    /usr/lib/jvm/java-6-openjdk-amd64/jre/lib/amd64/xawt/libmawt.so
7fa13f380000-7fa13f384000 rw-p 0004c000 08:03 2231706                    /usr/lib/jvm/java-6-openjdk-amd64/jre/lib/amd64/xawt/libmawt.so
7fa13f384000-7fa13f385000 rw-p 00000000 00:00 0 
7fa13f385000-7fa13f435000 r-xp 00000000 08:03 2231546                    /usr/lib/jvm/java-6-openjdk-amd64/jre/lib/amd64/libawt.so
7fa13f435000-7fa13f634000 ---p 000b0000 08:03 2231546                    /usr/lib/jvm/java-6-openjdk-amd64/jre/lib/amd64/libawt.so
7fa13f634000-7fa13f640000 rw-p 000af000 08:03 2231546                    /usr/lib/jvm/java-6-openjdk-amd64/jre/lib/amd64/libawt.so
7fa13f640000-7fa141c8b000 rw-p 00000000 00:00 0 
7fa141c8b000-7fa141c8c000 ---p 00000000 00:00 0 
7fa141c8c000-7fa141d8c000 rw-p 00000000 00:00 0 
7fa141d8c000-7fa141d8f000 ---p 00000000 00:00 0 
7fa141d8f000-7fa141e8d000 rw-p 00000000 00:00 0 
7fa141e8d000-7fa141e90000 ---p 00000000 00:00 0 
7fa141e90000-7fa141f8e000 rw-p 00000000 00:00 0 
7fa141f8e000-7fa141f91000 ---p 00000000 00:00 0 
7fa141f91000-7fa14208f000 rw-p 00000000 00:00 0 
7fa14208f000-7fa142092000 ---p 00000000 00:00 0 
7fa142092000-7fa142190000 rw-p 00000000 00:00 0 
7fa142190000-7fa142307000 r--p 00000000 08:03 530955                     /usr/lib/locale/locale-archive
7fa142307000-7fa14230a000 ---p 00000000 00:00 0 
7fa14230a000-7fa142408000 rw-p 00000000 00:00 0 
7fa142408000-7fa14240b000 ---p 00000000 00:00 0 
7fa14240b000-7fa142509000 rw-p 00000000 00:00 0 
7fa142509000-7fa14250a000 ---p 00000000 00:00 0 
7fa14250a000-7fa142940000 rw-p 00000000 00:00 0 
7fa142940000-7fa142ad4000 r--s 03807000 08:03 2231586                    /usr/lib/jvm/java-6-openjdk-amd64/jre/lib/rt.jar
7fa142ad4000-7fa142afc000 rw-p 00000000 00:00 0 
7fa142afc000-7fa142afd000 ---p 00000000 00:00 0 
7fa142afd000-7fa142bfd000 rw-p 00000000 00:00 0 
7fa142bfd000-7fa142bfe000 ---p 00000000 00:00 0 
7fa142bfe000-7fa142d09000 rw-p 00000000 00:00 0 
7fa142d09000-7fa142d51000 rw-p 00000000 00:00 0 
7fa142d51000-7fa142d90000 rw-p 00000000 00:00 0 
7fa142d90000-7fa14313d000 rw-p 00000000 00:00 0 
7fa14313d000-7fa143148000 rw-p 00000000 00:00 0 
7fa143148000-7fa143190000 rw-p 00000000 00:00 0 
7fa143190000-7fa1431cf000 rw-p 00000000 00:00 0 
7fa1431cf000-7fa14357c000 rw-p 00000000 00:00 0 
7fa14357c000-7fa14359c000 rw-p 00000000 00:00 0 
7fa14359c000-7fa143772000 rw-p 00000000 00:00 0 
7fa143772000-7fa143773000 rw-p 00000000 00:00 0 
7fa143773000-7fa1439e3000 rwxp 00000000 00:00 0 
7fa1439e3000-7fa146773000 rw-p 00000000 00:00 0 
7fa146773000-7fa14677a000 r-xp 00000000 08:03 2231575                    /usr/lib/jvm/java-6-openjdk-amd64/jre/lib/amd64/libzip.so
7fa14677a000-7fa146979000 ---p 00007000 08:03 2231575                    /usr/lib/jvm/java-6-openjdk-amd64/jre/lib/amd64/libzip.so
7fa146979000-7fa14697a000 rw-p 00006000 08:03 2231575                    /usr/lib/jvm/java-6-openjdk-amd64/jre/lib/amd64/libzip.so
7fa14697a000-7fa146985000 r-xp 00000000 08:03 3538957                    /lib/x86_64-linux-gnu/libnss_files-2.13.so
7fa146985000-7fa146b84000 ---p 0000b000 08:03 3538957                    /lib/x86_64-linux-gnu/libnss_files-2.13.so
7fa146b84000-7fa146b85000 r--p 0000a000 08:03 3538957                    /lib/x86_64-linux-gnu/libnss_files-2.13.so
7fa146b85000-7fa146b86000 rw-p 0000b000 08:03 3538957                    /lib/x86_64-linux-gnu/libnss_files-2.13.so
7fa146b86000-7fa146b90000 r-xp 00000000 08:03 3538969                    /lib/x86_64-linux-gnu/libnss_nis-2.13.so
7fa146b90000-7fa146d8f000 ---p 0000a000 08:03 3538969                    /lib/x86_64-linux-gnu/libnss_nis-2.13.so
7fa146d8f000-7fa146d90000 r--p 00009000 08:03 3538969                    /lib/x86_64-linux-gnu/libnss_nis-2.13.so
7fa146d90000-7fa146d91000 rw-p 0000a000 08:03 3538969                    /lib/x86_64-linux-gnu/libnss_nis-2.13.so
7fa146d91000-7fa146d98000 r-xp 00000000 08:03 3538959                    /lib/x86_64-linux-gnu/libnss_compat-2.13.so
7fa146d98000-7fa146f97000 ---p 00007000 08:03 3538959                    /lib/x86_64-linux-gnu/libnss_compat-2.13.so
7fa146f97000-7fa146f98000 r--p 00006000 08:03 3538959                    /lib/x86_64-linux-gnu/libnss_compat-2.13.so
7fa146f98000-7fa146f99000 rw-p 00007000 08:03 3538959                    /lib/x86_64-linux-gnu/libnss_compat-2.13.so
7fa146f99000-7fa146fae000 r-xp 00000000 08:03 3538967                    /lib/x86_64-linux-gnu/libnsl-2.13.so
7fa146fae000-7fa1471ad000 ---p 00015000 08:03 3538967                    /lib/x86_64-linux-gnu/libnsl-2.13.so
7fa1471ad000-7fa1471ae000 r--p 00014000 08:03 3538967                    /lib/x86_64-linux-gnu/libnsl-2.13.so
7fa1471ae000-7fa1471af000 rw-p 00015000 08:03 3538967                    /lib/x86_64-linux-gnu/libnsl-2.13.so
7fa1471af000-7fa1471b1000 rw-p 00000000 00:00 0 
7fa1471b1000-7fa1471df000 r-xp 00000000 08:03 2231561                    /usr/lib/jvm/java-6-openjdk-amd64/jre/lib/amd64/libjava.so
7fa1471df000-7fa1473de000 ---p 0002e000 08:03 2231561                    /usr/lib/jvm/java-6-openjdk-amd64/jre/lib/amd64/libjava.so
7fa1473de000-7fa1473e2000 rw-p 0002d000 08:03 2231561                    /usr/lib/jvm/java-6-openjdk-amd64/jre/lib/amd64/libjava.so
7fa1473e2000-7fa1473f1000 r-xp 00000000 08:03 2231544                    /usr/lib/jvm/java-6-openjdk-amd64/jre/lib/amd64/libverify.so
7fa1473f1000-7fa1475f0000 ---p 0000f000 08:03 2231544                    /usr/lib/jvm/java-6-openjdk-amd64/jre/lib/amd64/libverify.so
7fa1475f0000-7fa1475f2000 rw-p 0000e000 08:03 2231544                    /usr/lib/jvm/java-6-openjdk-amd64/jre/lib/amd64/libverify.so
7fa1475f2000-7fa1475f9000 r-xp 00000000 08:03 3538958                    /lib/x86_64-linux-gnu/librt-2.13.so
7fa1475f9000-7fa1477f8000 ---p 00007000 08:03 3538958                    /lib/x86_64-linux-gnu/librt-2.13.so
7fa1477f8000-7fa1477f9000 r--p 00006000 08:03 3538958                    /lib/x86_64-linux-gnu/librt-2.13.so
7fa1477f9000-7fa1477fa000 rw-p 00007000 08:03 3538958                    /lib/x86_64-linux-gnu/librt-2.13.so
7fa1477fa000-7fa14780f000 r-xp 00000000 08:03 3538948                    /lib/x86_64-linux-gnu/libgcc_s.so.1
7fa14780f000-7fa147a0f000 ---p 00015000 08:03 3538948                    /lib/x86_64-linux-gnu/libgcc_s.so.1
7fa147a0f000-7fa147a10000 rw-p 00015000 08:03 3538948                    /lib/x86_64-linux-gnu/libgcc_s.so.1
7fa147a10000-7fa147a91000 r-xp 00000000 08:03 3538960                    /lib/x86_64-linux-gnu/libm-2.13.so
7fa147a91000-7fa147c90000 ---p 00081000 08:03 3538960                    /lib/x86_64-linux-gnu/libm-2.13.so
7fa147c90000-7fa147c91000 r--p 00080000 08:03 3538960                    /lib/x86_64-linux-gnu/libm-2.13.so
7fa147c91000-7fa147c92000 rw-p 00081000 08:03 3538960                    /lib/x86_64-linux-gnu/libm-2.13.so
7fa147c92000-7fa147d7a000 r-xp 00000000 08:03 528173                     /usr/lib/x86_64-linux-gnu/libstdc++.so.6.0.17
7fa147d7a000-7fa147f7a000 ---p 000e8000 08:03 528173                     /usr/lib/x86_64-linux-gnu/libstdc++.so.6.0.17
7fa147f7a000-7fa147f82000 r--p 000e8000 08:03 528173                     /usr/lib/x86_64-linux-gnu/libstdc++.so.6.0.17
7fa147f82000-7fa147f84000 rw-p 000f0000 08:03 528173                     /usr/lib/x86_64-linux-gnu/libstdc++.so.6.0.17
7fa147f84000-7fa147f99000 rw-p 00000000 00:00 0 
7fa147f99000-7fa1488ad000 r-xp 00000000 08:03 2231551                    /usr/lib/jvm/java-6-openjdk-amd64/jre/lib/amd64/server/libjvm.so
7fa1488ad000-7fa148aac000 ---p 00914000 08:03 2231551                    /usr/lib/jvm/java-6-openjdk-amd64/jre/lib/amd64/server/libjvm.so
7fa148aac000-7fa148b48000 rw-p 00913000 08:03 2231551                    /usr/lib/jvm/java-6-openjdk-amd64/jre/lib/amd64/server/libjvm.so
7fa148b48000-7fa148b71000 rw-p 00000000 00:00 0 
7fa148b71000-7fa148cf1000 r-xp 00000000 08:03 3538963                    /lib/x86_64-linux-gnu/libc-2.13.so
7fa148cf1000-7fa148ef1000 ---p 00180000 08:03 3538963                    /lib/x86_64-linux-gnu/libc-2.13.so
7fa148ef1000-7fa148ef5000 r--p 00180000 08:03 3538963                    /lib/x86_64-linux-gnu/libc-2.13.so
7fa148ef5000-7fa148ef6000 rw-p 00184000 08:03 3538963                    /lib/x86_64-linux-gnu/libc-2.13.so
7fa148ef6000-7fa148efb000 rw-p 00000000 00:00 0 
7fa148efb000-7fa148efd000 r-xp 00000000 08:03 3538956                    /lib/x86_64-linux-gnu/libdl-2.13.so
7fa148efd000-7fa1490fd000 ---p 00002000 08:03 3538956                    /lib/x86_64-linux-gnu/libdl-2.13.so
7fa1490fd000-7fa1490fe000 r--p 00002000 08:03 3538956                    /lib/x86_64-linux-gnu/libdl-2.13.so
7fa1490fe000-7fa1490ff000 rw-p 00003000 08:03 3538956                    /lib/x86_64-linux-gnu/libdl-2.13.so
7fa1490ff000-7fa149103000 r-xp 00000000 08:03 2231548                    /usr/lib/jvm/java-6-openjdk-amd64/jre/lib/amd64/jli/libjli.so
7fa149103000-7fa149302000 ---p 00004000 08:03 2231548                    /usr/lib/jvm/java-6-openjdk-amd64/jre/lib/amd64/jli/libjli.so
7fa149302000-7fa149303000 rw-p 00003000 08:03 2231548                    /usr/lib/jvm/java-6-openjdk-amd64/jre/lib/amd64/jli/libjli.so
7fa149303000-7fa14931a000 r-xp 00000000 08:03 3538953                    /lib/x86_64-linux-gnu/libpthread-2.13.so
7fa14931a000-7fa149519000 ---p 00017000 08:03 3538953                    /lib/x86_64-linux-gnu/libpthread-2.13.so
7fa149519000-7fa14951a000 r--p 00016000 08:03 3538953                    /lib/x86_64-linux-gnu/libpthread-2.13.so
7fa14951a000-7fa14951b000 rw-p 00017000 08:03 3538953                    /lib/x86_64-linux-gnu/libpthread-2.13.so
7fa14951b000-7fa14951f000 rw-p 00000000 00:00 0 
7fa14951f000-7fa149535000 r-xp 00000000 08:03 3539034                    /lib/x86_64-linux-gnu/libz.so.1.2.7
7fa149535000-7fa149734000 ---p 00016000 08:03 3539034                    /lib/x86_64-linux-gnu/libz.so.1.2.7
7fa149734000-7fa149735000 r--p 00015000 08:03 3539034                    /lib/x86_64-linux-gnu/libz.so.1.2.7
7fa149735000-7fa149736000 rw-p 00016000 08:03 3539034                    /lib/x86_64-linux-gnu/libz.so.1.2.7
7fa149736000-7fa149756000 r-xp 00000000 08:03 3538966                    /lib/x86_64-linux-gnu/ld-2.13.so
7fa149756000-7fa149757000 r--s 00000000 08:03 4856316                    /var/cache/fontconfig/4794a0821666d79190d59a36cb4f44b5-le64.cache-3
7fa149757000-7fa14975a000 r--s 00000000 08:03 4854299                    /var/cache/fontconfig/c57959a16110560c8d0fcea73374aeeb-le64.cache-3
7fa14975a000-7fa14975f000 r--s 00000000 08:03 4855942                    /var/cache/fontconfig/3047814df9a2f067bd2d96a2b9c36e5a-le64.cache-3
7fa14975f000-7fa149760000 r--s 00000000 08:03 4855939                    /var/cache/fontconfig/e13b20fdb08344e0e664864cc2ede53d-le64.cache-3
7fa149760000-7fa149763000 r--s 0007f000 08:03 2231060                    /usr/lib/jvm/java-6-openjdk-common/jre/lib/jsse.jar
7fa149763000-7fa149770000 r--s 000e6000 08:03 11413237                   /home/brandon/ClearWaterInk/games/WorldsCubed/libs/lwjgl.jar
7fa149770000-7fa149774000 r--s 00027000 08:03 11413238                   /home/brandon/ClearWaterInk/games/WorldsCubed/libs/lwjgl_util.jar
7fa149774000-7fa149775000 r--s 00007000 08:03 793877                     /usr/share/java/java-atk-wrapper.jar
7fa149775000-7fa149777000 r--s 00001000 08:03 2231056                    /usr/lib/jvm/java-6-openjdk-common/jre/lib/ext/dnsns.jar
7fa149777000-7fa149781000 rw-p 00000000 00:00 0 
7fa149781000-7fa149837000 rw-p 00000000 00:00 0 
7fa149837000-7fa14983a000 ---p 00000000 00:00 0 
7fa14983a000-7fa14993d000 rw-p 00000000 00:00 0 
7fa14993d000-7fa14993f000 r--s 0000f000 08:03 2231053                    /usr/lib/jvm/java-6-openjdk-common/jre/lib/ext/pulse-java.jar
7fa14993f000-7fa149943000 r--s 00039000 08:03 2231052                    /usr/lib/jvm/java-6-openjdk-common/jre/lib/ext/sunpkcs11.jar
7fa149943000-7fa149946000 r--s 00031000 08:03 2231055                    /usr/lib/jvm/java-6-openjdk-common/jre/lib/ext/sunjce_provider.jar
7fa149946000-7fa149949000 r--s 00077000 08:03 2231054                    /usr/lib/jvm/java-6-openjdk-common/jre/lib/ext/localedata.jar
7fa149949000-7fa149951000 rw-s 00000000 08:03 8002090                    /tmp/hsperfdata_brandon/5936 (deleted)
7fa149951000-7fa149952000 rw-p 00000000 00:00 0 
7fa149952000-7fa149953000 ---p 00000000 00:00 0 
7fa149953000-7fa149955000 rw-p 00000000 00:00 0 
7fa149955000-7fa149956000 r--p 0001f000 08:03 3538966                    /lib/x86_64-linux-gnu/ld-2.13.so
7fa149956000-7fa149957000 rw-p 00020000 08:03 3538966                    /lib/x86_64-linux-gnu/ld-2.13.so
7fa149957000-7fa149958000 rw-p 00000000 00:00 0 
7fff1e84b000-7fff1e86c000 rw-p 00000000 00:00 0                          [stack]
7fff1e928000-7fff1e929000 r-xp 00000000 00:00 0                          [vdso]
ffffffffff600000-ffffffffff601000 r-xp 00000000 00:00 0                  [vsyscall]

VM Arguments:
jvm_args: -Djava.library.path=/home/brandon/ClearWaterInk/games/WorldsCubed/libs/natives/linux -Dfile.encoding=UTF-8 
java_command: net.clearwaterink.worldscubed.WorldsCubed
Launcher Type: SUN_STANDARD

Environment Variables:
PATH=/home/brandon/bin:/usr/local/bin:/usr/bin:/bin:/usr/local/games:/usr/games
LD_LIBRARY_PATH=/usr/lib/jvm/java-6-openjdk-amd64/jre/lib/amd64/server:/usr/lib/jvm/java-6-openjdk-amd64/jre/lib/amd64:/usr/lib/jvm/java-6-openjdk-amd64/jre/../lib/amd64
SHELL=/bin/bash
DISPLAY=:0.0

Signal Handlers:
SIGSEGV: [libjvm.so+0x791b10], sa_mask[0]=0x7ffbfeff, sa_flags=0x10000004
SIGBUS: [libjvm.so+0x791b10], sa_mask[0]=0x7ffbfeff, sa_flags=0x10000004
SIGFPE: [libjvm.so+0x65ace0], sa_mask[0]=0x7ffbfeff, sa_flags=0x10000004
SIGPIPE: [libjvm.so+0x65ace0], sa_mask[0]=0x7ffbfeff, sa_flags=0x10000004
SIGXFSZ: [libjvm.so+0x65ace0], sa_mask[0]=0x7ffbfeff, sa_flags=0x10000004
SIGILL: [libjvm.so+0x65ace0], sa_mask[0]=0x7ffbfeff, sa_flags=0x10000004
SIGUSR1: SIG_DFL, sa_mask[0]=0x00000000, sa_flags=0x00000000
SIGUSR2: [libjvm.so+0x65aec0], sa_mask[0]=0x00000004, sa_flags=0x10000004
SIGHUP: [libjvm.so+0x65d500], sa_mask[0]=0x7ffbfeff, sa_flags=0x10000004
SIGINT: [libjvm.so+0x65d500], sa_mask[0]=0x7ffbfeff, sa_flags=0x10000004
SIGTERM: [libjvm.so+0x65d500], sa_mask[0]=0x7ffbfeff, sa_flags=0x10000004
SIGQUIT: [libjvm.so+0x65d500], sa_mask[0]=0x7ffbfeff, sa_flags=0x10000004


---------------  S Y S T E M  ---------------

OS:7.3

uname:Linux 3.2.0-4-amd64 #1 SMP Debian 3.2.51-1 x86_64
libc:glibc 2.13 NPTL 2.13 
rlimit: STACK 8192k, CORE 0k, NPROC 95755, NOFILE 4096, AS infinity
load average:1.39 1.16 1.02

/proc/meminfo:
MemTotal:       12334808 kB
MemFree:         8054408 kB
Buffers:          379228 kB
Cached:          1675924 kB
SwapCached:            0 kB
Active:          2631808 kB
Inactive:        1190676 kB
Active(anon):    1767880 kB
Inactive(anon):    21732 kB
Active(file):     863928 kB
Inactive(file):  1168944 kB
Unevictable:           4 kB
Mlocked:               4 kB
SwapTotal:      13616120 kB
SwapFree:       13616120 kB
Dirty:              1404 kB
Writeback:             0 kB
AnonPages:       1767168 kB
Mapped:           251136 kB
Shmem:             22284 kB
Slab:             242400 kB
SReclaimable:     218180 kB
SUnreclaim:        24220 kB
KernelStack:        3832 kB
PageTables:        26252 kB
NFS_Unstable:          0 kB
Bounce:                0 kB
WritebackTmp:          0 kB
CommitLimit:    19783524 kB
Committed_AS:    3935948 kB
VmallocTotal:   34359738367 kB
VmallocUsed:      329784 kB
VmallocChunk:   34359406412 kB
HardwareCorrupted:     0 kB
AnonHugePages:         0 kB
HugePages_Total:       0
HugePages_Free:        0
HugePages_Rsvd:        0
HugePages_Surp:        0
Hugepagesize:       2048 kB
DirectMap4k:      294272 kB
DirectMap2M:     8093696 kB
DirectMap1G:     4194304 kB


CPU:total 2 (2 cores per cpu, 1 threads per core) family 16 model 6 stepping 3, cmov, cx8, fxsr, mmx, sse, sse2, sse3, popcnt, mmxext, 3dnowpref, lzcnt, sse4a

Memory: 4k page, physical 12334808k(8054408k free), swap 13616120k(13616120k free)

vm_info: OpenJDK 64-Bit Server VM (20.0-b12) for linux-amd64 JRE (1.6.0_27-b27), built on Jul 12 2013 09:04:12 by "jmm" with gcc 4.7.2

time: Fri Feb  7 22:20:28 2014
elapsed time: 16 seconds

