#
# A fatal error has been detected by the Java Runtime Environment:
#
#  SIGSEGV (0xb) at pc=0x00007f1d6bcffe38, pid=21854, tid=139764468496128
#
# JRE version: 6.0_27-b27
# Java VM: OpenJDK 64-Bit Server VM (20.0-b12 mixed mode linux-amd64 compressed oops)
# Derivative: IcedTea6 1.12.6
# Distribution: Debian GNU/Linux 7.1 (wheezy), package 6b27-1.12.6-1~deb7u1
# Problematic frame:
# C  [libX11.so.6+0x3ae38]  XQueryExtension+0x28
#
# If you would like to submit a bug report, please include
# instructions how to reproduce the bug and visit:
#   http://icedtea.classpath.org/bugzilla
#

---------------  T H R E A D  ---------------

Current thread (0x000000000260f800):  VMThread [stack: 0x00007f1d736f3000,0x00007f1d737f4000] [id=21863]

siginfo:si_signo=SIGSEGV: si_errno=0, si_code=1 (SEGV_MAPERR), si_addr=0x000000006c1928a8

Registers:
RAX=0x00000000026113f0, RBX=0x000000006c191f40, RCX=0x00007f1d737f29d8, RDX=0x00007f1d737f29d4
RSP=0x00007f1d737f2970, RBP=0x00007f1d69bcdc60, RSI=0x00007f1d69a95e12, RDI=0x000000006c191f40
R8 =0x00007f1d737f29dc, R9 =0x0000000000000000, R10=0x00007f1d7a0e2768, R11=0x00007f1d79d920d0
R12=0x00007f1d69a95e12, R13=0x00000000026113f0, R14=0x00007f1d6c1ae360, R15=0x00007f1d6c196d10
RIP=0x00007f1d6bcffe38, EFLAGS=0x0000000000010202, CSGSFS=0x0000000000000033, ERR=0x0000000000000004
  TRAPNO=0x000000000000000e

Top of Stack: (sp=0x00007f1d737f2970)
0x00007f1d737f2970:   0000000000000020 00007f1d7495d438
0x00007f1d737f2980:   00007f1d79d695c8 00007f1d7ab26000
0x00007f1d737f2990:   00007f1d79d695c8 000000006c191f40
0x00007f1d737f29a0:   00007f1d69bcdc60 00007f1d69a95e12
0x00007f1d737f29b0:   00000000026113f0 00007f1d6c1ae360
0x00007f1d737f29c0:   00007f1d6c196d10 00007f1d6bcf3e72
0x00007f1d737f29d0:   00007f1d6c1ae360 0000000000000000
0x00007f1d737f29e0:   0000000000000000 00007f1d69bcdc60
0x00007f1d737f29f0:   000000006c191f40 00007f1d7010471d
0x00007f1d737f2a00:   00007f1d69a95e12 0000001179d695c8
0x00007f1d737f2a10:   00007f1d737f2a90 0000000000000000
0x00007f1d737f2a20:   00007f1d737f2a90 000000006c191f40
0x00007f1d737f2a30:   00007f1d7ab40048 00007f1d6c1ae360
0x00007f1d737f2a40:   00007f1d69be7490 00007f1d69a41fd9
0x00007f1d737f2a50:   0000000000000000 000000000000002b
0x00007f1d737f2a60:   00007f1d737f2a90 0000000000000000
0x00007f1d737f2a70:   00007f1d7ab40048 00007f1d6c1ae360
0x00007f1d737f2a80:   000000000000001b 00007f1d69a366e2
0x00007f1d737f2a90:   00007f1d737f2c90 00007f1d69a95d81
0x00007f1d737f2aa0:   00007f1d737f2c90 00007f1d7a92e4ec
0x00007f1d737f2ab0:   00007f1d7ab411c8 00007f1d7ab41758
0x00007f1d737f2ac0:   00007f1d7ab27508 00000000025a85a0
0x00007f1d737f2ad0:   00000000025a8ac0 00000000025a8fc0
0x00007f1d737f2ae0:   00000000025adcc0 00007f1d6c0f1c80
0x00007f1d737f2af0:   00007f1d6c109d70 00007f1d7ab3e7f0
0x00007f1d737f2b00:   00007f1d6c190d50 00007f1d6c190880
0x00007f1d737f2b10:   00007f1d6c17d300 00007f1d6c1883a0
0x00007f1d737f2b20:   00007f1d6c0d9e20 00007f1d6c0d8c20
0x00007f1d737f2b30:   00007f1d6c0d90c0 00007f1d6c0e1940
0x00007f1d737f2b40:   00000000025a4600 00000000025a4be0
0x00007f1d737f2b50:   00000000025a3f40 000000000259f5f0
0x00007f1d737f2b60:   000000000259fb60 00000000025a0570 

Instructions: (pc=0x00007f1d6bcffe38)
0x00007f1d6bcffe18:   24 e0 48 89 fb 4c 89 6c 24 e8 4c 89 74 24 f0 49
0x00007f1d6bcffe28:   89 f4 4c 89 7c 24 f8 48 89 6c 24 d8 48 83 ec 58
0x00007f1d6bcffe38:   48 8b 87 68 09 00 00 49 89 d7 49 89 ce 4d 89 c5
0x00007f1d6bcffe48:   48 85 c0 74 02 ff 10 ba 08 00 00 00 be 62 00 00 

Register to memory mapping:

RAX=0x00000000026113f0 is an unknown value
RBX=0x000000006c191f40 is an unknown value
RCX=0x00007f1d737f29d8 is an unknown value
RDX=0x00007f1d737f29d4 is an unknown value
RSP=0x00007f1d737f2970 is an unknown value
RBP=0x00007f1d69bcdc60: <offset 0x1cac60> in /usr/lib/x86_64-linux-gnu/libGL.so.1 at 0x00007f1d69a03000
RSI=0x00007f1d69a95e12: <offset 0x92e12> in /usr/lib/x86_64-linux-gnu/libGL.so.1 at 0x00007f1d69a03000
RDI=0x000000006c191f40 is an unknown value
R8 =0x00007f1d737f29dc is an unknown value
R9 =0x0000000000000000 is an unknown value
R10=0x00007f1d7a0e2768: <offset 0x387768> in /lib/x86_64-linux-gnu/libc.so.6 at 0x00007f1d79d5b000
R11=0x00007f1d79d920d0: __cxa_finalize+0 in /lib/x86_64-linux-gnu/libc.so.6 at 0x00007f1d79d5b000
R12=0x00007f1d69a95e12: <offset 0x92e12> in /usr/lib/x86_64-linux-gnu/libGL.so.1 at 0x00007f1d69a03000
R13=0x00000000026113f0 is an unknown value
R14=0x00007f1d6c1ae360 is an unknown value
R15=0x00007f1d6c196d10 is an unknown value


Stack: [0x00007f1d736f3000,0x00007f1d737f4000],  sp=0x00007f1d737f2970,  free space=1022k
Native frames: (J=compiled Java code, j=interpreted, Vv=VM code, C=native code)
C  [libX11.so.6+0x3ae38]  XQueryExtension+0x28

VM_Operation (0x00007f1d7ab215d0): Exit, mode: safepoint, requested by thread 0x00000000025aa000


---------------  P R O C E S S  ---------------

Java Threads: ( => current thread )
  0x00007f1d6c0c2000 JavaThread "Thread-1" [_thread_blocked, id=21888, stack(0x00007f1d69c07000,0x00007f1d69d08000)]
  0x00007f1d6c179000 JavaThread "AWT-XAWT" daemon [_thread_blocked, id=21872, stack(0x00007f1d6a584000,0x00007f1d6a685000)]
  0x00007f1d6c118800 JavaThread "Java2D Disposer" daemon [_thread_blocked, id=21871, stack(0x00007f1d6aa95000,0x00007f1d6ab96000)]
  0x00007f1d6c001800 JavaThread "Low Memory Detector" daemon [_thread_blocked, id=21869, stack(0x00007f1d72f76000,0x00007f1d73077000)]
  0x0000000002641800 JavaThread "C2 CompilerThread1" daemon [_thread_blocked, id=21868, stack(0x00007f1d73077000,0x00007f1d73178000)]
  0x000000000263c800 JavaThread "C2 CompilerThread0" daemon [_thread_blocked, id=21867, stack(0x00007f1d73178000,0x00007f1d73279000)]
  0x000000000263b000 JavaThread "Signal Dispatcher" daemon [_thread_blocked, id=21866, stack(0x00007f1d73279000,0x00007f1d7337a000)]
  0x0000000002616800 JavaThread "Finalizer" daemon [_thread_blocked, id=21865, stack(0x00007f1d734f1000,0x00007f1d735f2000)]
  0x0000000002614800 JavaThread "Reference Handler" daemon [_thread_blocked, id=21864, stack(0x00007f1d735f2000,0x00007f1d736f3000)]
  0x00000000025aa000 JavaThread "main" [_thread_blocked, id=21860, stack(0x00007f1d7aa22000,0x00007f1d7ab23000)]

Other Threads:
=>0x000000000260f800 VMThread [stack: 0x00007f1d736f3000,0x00007f1d737f4000] [id=21863]

VM state:at safepoint (shutting down)

VM Mutex/Monitor currently owned by a thread:  ([mutex/lock_event])
[0x00000000025a6a10] Threads_lock - owner thread: 0x000000000260f800

Heap
 PSYoungGen      total 56256K, used 37996K [0x00000007c1400000, 0x00000007c81e0000, 0x0000000800000000)
  eden space 48256K, 62% used [0x00000007c1400000,0x00000007c314b2a0,0x00000007c4320000)
  from space 8000K, 100% used [0x00000007c4320000,0x00000007c4af0000,0x00000007c4af0000)
  to   space 8000K, 0% used [0x00000007c7a10000,0x00000007c7a10000,0x00000007c81e0000)
 PSOldGen        total 128512K, used 45096K [0x0000000743c00000, 0x000000074b980000, 0x00000007c1400000)
  object space 128512K, 35% used [0x0000000743c00000,0x000000074680a000,0x000000074b980000)
 PSPermGen       total 21248K, used 9687K [0x0000000739600000, 0x000000073aac0000, 0x0000000743c00000)
  object space 21248K, 45% used [0x0000000739600000,0x0000000739f75fc0,0x000000073aac0000)

Code Cache  [0x00007f1d7495d000, 0x00007f1d74bcd000, 0x00007f1d7795d000)
 total_blobs=508 nmethods=55 adapters=407 free_code_cache=49685952 largest_free_block=7872

Dynamic libraries:
00400000-00409000 r-xp 00000000 08:03 2231614                            /usr/lib/jvm/java-6-openjdk-amd64/jre/bin/java
00608000-00609000 rw-p 00008000 08:03 2231614                            /usr/lib/jvm/java-6-openjdk-amd64/jre/bin/java
0259f000-029d6000 rw-p 00000000 00:00 0                                  [heap]
739600000-73aac0000 rw-p 00000000 00:00 0 
73aac0000-743c00000 rw-p 00000000 00:00 0 
743c00000-74b980000 rw-p 00000000 00:00 0 
74b980000-7c1400000 rw-p 00000000 00:00 0 
7c1400000-7c81e0000 rw-p 00000000 00:00 0 
7c81e0000-800000000 rw-p 00000000 00:00 0 
7f1d66b5d000-7f1d6725d000 rw-s 00006000 00:05 8578                       /dev/ati/card0
7f1d6725d000-7f1d6725f000 r-xp 00000000 08:03 534782                     /usr/lib/x86_64-linux-gnu/libXinerama.so.1.0.0
7f1d6725f000-7f1d6745e000 ---p 00002000 08:03 534782                     /usr/lib/x86_64-linux-gnu/libXinerama.so.1.0.0
7f1d6745e000-7f1d6745f000 rw-p 00001000 08:03 534782                     /usr/lib/x86_64-linux-gnu/libXinerama.so.1.0.0
7f1d6745f000-7f1d674ab000 r-xp 00000000 08:03 539328                     /usr/lib/x86_64-linux-gnu/libatiadlxx.so
7f1d674ab000-7f1d675ab000 ---p 0004c000 08:03 539328                     /usr/lib/x86_64-linux-gnu/libatiadlxx.so
7f1d675ab000-7f1d675b6000 rw-p 0004c000 08:03 539328                     /usr/lib/x86_64-linux-gnu/libatiadlxx.so
7f1d675b6000-7f1d675c6000 rw-p 00000000 00:00 0 
7f1d675db000-7f1d69579000 r-xp 00000000 08:03 921615                     /usr/lib/x86_64-linux-gnu/dri/fglrx_dri.so
7f1d69579000-7f1d69678000 ---p 01f9e000 08:03 921615                     /usr/lib/x86_64-linux-gnu/dri/fglrx_dri.so
7f1d69678000-7f1d697c6000 rwxp 01f9d000 08:03 921615                     /usr/lib/x86_64-linux-gnu/dri/fglrx_dri.so
7f1d697c6000-7f1d698fa000 rwxp 00000000 00:00 0 
7f1d698fa000-7f1d69901000 r-xp 00000000 08:03 539324                     /usr/lib/x86_64-linux-gnu/libatiuki.so.1.0
7f1d69901000-7f1d69a01000 ---p 00007000 08:03 539324                     /usr/lib/x86_64-linux-gnu/libatiuki.so.1.0
7f1d69a01000-7f1d69a02000 rw-p 00007000 08:03 539324                     /usr/lib/x86_64-linux-gnu/libatiuki.so.1.0
7f1d69a02000-7f1d69a03000 rw-p 00000000 00:00 0 
7f1d69a03000-7f1d69ac1000 r-xp 00000000 08:03 1445187                    /usr/lib/x86_64-linux-gnu/fglrx/fglrx-libGL.so.1.2
7f1d69ac1000-7f1d69bc1000 ---p 000be000 08:03 1445187                    /usr/lib/x86_64-linux-gnu/fglrx/fglrx-libGL.so.1.2
7f1d69bc1000-7f1d69be8000 rwxp 000be000 08:03 1445187                    /usr/lib/x86_64-linux-gnu/fglrx/fglrx-libGL.so.1.2
7f1d69be8000-7f1d69c07000 rwxp 00000000 00:00 0 
7f1d69c07000-7f1d69c0a000 ---p 00000000 00:00 0 
7f1d69c0a000-7f1d69d08000 rw-p 00000000 00:00 0 
7f1d69d08000-7f1d69d0c000 r-xp 00000000 08:03 535177                     /usr/lib/x86_64-linux-gnu/libXxf86vm.so.1.0.0
7f1d69d0c000-7f1d69f0c000 ---p 00004000 08:03 535177                     /usr/lib/x86_64-linux-gnu/libXxf86vm.so.1.0.0
7f1d69f0c000-7f1d69f0d000 r--p 00004000 08:03 535177                     /usr/lib/x86_64-linux-gnu/libXxf86vm.so.1.0.0
7f1d69f0d000-7f1d69f0e000 rw-p 00005000 08:03 535177                     /usr/lib/x86_64-linux-gnu/libXxf86vm.so.1.0.0
7f1d69f0e000-7f1d69f15000 r-xp 00000000 08:03 534784                     /usr/lib/x86_64-linux-gnu/libXrandr.so.2.2.0
7f1d69f15000-7f1d6a115000 ---p 00007000 08:03 534784                     /usr/lib/x86_64-linux-gnu/libXrandr.so.2.2.0
7f1d6a115000-7f1d6a116000 rw-p 00007000 08:03 534784                     /usr/lib/x86_64-linux-gnu/libXrandr.so.2.2.0
7f1d6a116000-7f1d6a180000 r-xp 00000000 08:03 12332350                   /home/brandon/ClearWaterInk/games/WorldsCubed/libs/natives/linux/liblwjgl64.so
7f1d6a180000-7f1d6a380000 ---p 0006a000 08:03 12332350                   /home/brandon/ClearWaterInk/games/WorldsCubed/libs/natives/linux/liblwjgl64.so
7f1d6a380000-7f1d6a382000 r--p 0006a000 08:03 12332350                   /home/brandon/ClearWaterInk/games/WorldsCubed/libs/natives/linux/liblwjgl64.so
7f1d6a382000-7f1d6a383000 rw-p 0006c000 08:03 12332350                   /home/brandon/ClearWaterInk/games/WorldsCubed/libs/natives/linux/liblwjgl64.so
7f1d6a383000-7f1d6a384000 r-xp 00000000 08:03 2231545                    /usr/lib/jvm/java-6-openjdk-amd64/jre/lib/amd64/libjawt.so
7f1d6a384000-7f1d6a583000 ---p 00001000 08:03 2231545                    /usr/lib/jvm/java-6-openjdk-amd64/jre/lib/amd64/libjawt.so
7f1d6a583000-7f1d6a584000 rw-p 00000000 08:03 2231545                    /usr/lib/jvm/java-6-openjdk-amd64/jre/lib/amd64/libjawt.so
7f1d6a584000-7f1d6a587000 ---p 00000000 00:00 0 
7f1d6a587000-7f1d6a685000 rw-p 00000000 00:00 0 
7f1d6a685000-7f1d6a68a000 r-xp 00000000 08:03 534774                     /usr/lib/x86_64-linux-gnu/libXfixes.so.3.1.0
7f1d6a68a000-7f1d6a889000 ---p 00005000 08:03 534774                     /usr/lib/x86_64-linux-gnu/libXfixes.so.3.1.0
7f1d6a889000-7f1d6a88a000 r--p 00004000 08:03 534774                     /usr/lib/x86_64-linux-gnu/libXfixes.so.3.1.0
7f1d6a88a000-7f1d6a88b000 rw-p 00005000 08:03 534774                     /usr/lib/x86_64-linux-gnu/libXfixes.so.3.1.0
7f1d6a88b000-7f1d6a895000 r-xp 00000000 08:03 534776                     /usr/lib/x86_64-linux-gnu/libXcursor.so.1.0.2
7f1d6a895000-7f1d6aa94000 ---p 0000a000 08:03 534776                     /usr/lib/x86_64-linux-gnu/libXcursor.so.1.0.2
7f1d6aa94000-7f1d6aa95000 rw-p 00009000 08:03 534776                     /usr/lib/x86_64-linux-gnu/libXcursor.so.1.0.2
7f1d6aa95000-7f1d6aa98000 ---p 00000000 00:00 0 
7f1d6aa98000-7f1d6ab96000 rw-p 00000000 00:00 0 
7f1d6ab96000-7f1d6ac2f000 r-xp 00000000 08:03 530994                     /usr/lib/x86_64-linux-gnu/libfreetype.so.6.8.1
7f1d6ac2f000-7f1d6ae2e000 ---p 00099000 08:03 530994                     /usr/lib/x86_64-linux-gnu/libfreetype.so.6.8.1
7f1d6ae2e000-7f1d6ae34000 r--p 00098000 08:03 530994                     /usr/lib/x86_64-linux-gnu/libfreetype.so.6.8.1
7f1d6ae34000-7f1d6ae35000 rw-p 0009e000 08:03 530994                     /usr/lib/x86_64-linux-gnu/libfreetype.so.6.8.1
7f1d6ae35000-7f1d6ae7d000 r-xp 00000000 08:03 2231539                    /usr/lib/jvm/java-6-openjdk-amd64/jre/lib/amd64/libfontmanager.so
7f1d6ae7d000-7f1d6b07d000 ---p 00048000 08:03 2231539                    /usr/lib/jvm/java-6-openjdk-amd64/jre/lib/amd64/libfontmanager.so
7f1d6b07d000-7f1d6b080000 rw-p 00048000 08:03 2231539                    /usr/lib/jvm/java-6-openjdk-amd64/jre/lib/amd64/libfontmanager.so
7f1d6b080000-7f1d6b085000 r-xp 00000000 08:03 531316                     /usr/lib/x86_64-linux-gnu/libXdmcp.so.6.0.0
7f1d6b085000-7f1d6b284000 ---p 00005000 08:03 531316                     /usr/lib/x86_64-linux-gnu/libXdmcp.so.6.0.0
7f1d6b284000-7f1d6b285000 rw-p 00004000 08:03 531316                     /usr/lib/x86_64-linux-gnu/libXdmcp.so.6.0.0
7f1d6b285000-7f1d6b287000 r-xp 00000000 08:03 531314                     /usr/lib/x86_64-linux-gnu/libXau.so.6.0.0
7f1d6b287000-7f1d6b487000 ---p 00002000 08:03 531314                     /usr/lib/x86_64-linux-gnu/libXau.so.6.0.0
7f1d6b487000-7f1d6b488000 rw-p 00002000 08:03 531314                     /usr/lib/x86_64-linux-gnu/libXau.so.6.0.0
7f1d6b488000-7f1d6b4a7000 r-xp 00000000 08:03 531318                     /usr/lib/x86_64-linux-gnu/libxcb.so.1.1.0
7f1d6b4a7000-7f1d6b6a6000 ---p 0001f000 08:03 531318                     /usr/lib/x86_64-linux-gnu/libxcb.so.1.1.0
7f1d6b6a6000-7f1d6b6a7000 r--p 0001e000 08:03 531318                     /usr/lib/x86_64-linux-gnu/libxcb.so.1.1.0
7f1d6b6a7000-7f1d6b6a8000 rw-p 0001f000 08:03 531318                     /usr/lib/x86_64-linux-gnu/libxcb.so.1.1.0
7f1d6b6a8000-7f1d6b6b6000 r-xp 00000000 08:03 534780                     /usr/lib/x86_64-linux-gnu/libXi.so.6.1.0
7f1d6b6b6000-7f1d6b8b6000 ---p 0000e000 08:03 534780                     /usr/lib/x86_64-linux-gnu/libXi.so.6.1.0
7f1d6b8b6000-7f1d6b8b7000 rw-p 0000e000 08:03 534780                     /usr/lib/x86_64-linux-gnu/libXi.so.6.1.0
7f1d6b8b7000-7f1d6b8bc000 r-xp 00000000 08:03 535605                     /usr/lib/x86_64-linux-gnu/libXtst.so.6.1.0
7f1d6b8bc000-7f1d6babb000 ---p 00005000 08:03 535605                     /usr/lib/x86_64-linux-gnu/libXtst.so.6.1.0
7f1d6babb000-7f1d6babc000 rw-p 00004000 08:03 535605                     /usr/lib/x86_64-linux-gnu/libXtst.so.6.1.0
7f1d6babc000-7f1d6bac5000 r-xp 00000000 08:03 534524                     /usr/lib/x86_64-linux-gnu/libXrender.so.1.3.0
7f1d6bac5000-7f1d6bcc4000 ---p 00009000 08:03 534524                     /usr/lib/x86_64-linux-gnu/libXrender.so.1.3.0
7f1d6bcc4000-7f1d6bcc5000 rw-p 00008000 08:03 534524                     /usr/lib/x86_64-linux-gnu/libXrender.so.1.3.0
7f1d6bcc5000-7f1d6bdfa000 r-xp 00000000 08:03 531323                     /usr/lib/x86_64-linux-gnu/libX11.so.6.3.0
7f1d6bdfa000-7f1d6bffa000 ---p 00135000 08:03 531323                     /usr/lib/x86_64-linux-gnu/libX11.so.6.3.0
7f1d6bffa000-7f1d6c000000 rw-p 00135000 08:03 531323                     /usr/lib/x86_64-linux-gnu/libX11.so.6.3.0
7f1d6c000000-7f1d6d345000 rw-p 00000000 00:00 0 
7f1d6d345000-7f1d70000000 ---p 00000000 00:00 0 
7f1d70026000-7f1d70027000 rw-s 00005000 00:05 8578                       /dev/ati/card0
7f1d70027000-7f1d70047000 rw-s fe9e0000 00:05 8578                       /dev/ati/card0
7f1d70047000-7f1d70049000 rw-s 00002000 00:05 8578                       /dev/ati/card0
7f1d70049000-7f1d70050000 r--s 000fc000 08:03 2231068                    /usr/lib/jvm/java-6-openjdk-common/jre/lib/resources.jar
7f1d70050000-7f1d70059000 r--s 00000000 08:03 4854967                    /var/cache/fontconfig/945677eb7aeaf62f1d50efc3fb3ec7d8-le64.cache-3
7f1d70059000-7f1d7005d000 r--s 00000000 08:03 4855898                    /var/cache/fontconfig/a46337af8a0b4c9b317ad981ec3bdf87-le64.cache-3
7f1d7005d000-7f1d70066000 r--s 00000000 08:03 4856317                    /var/cache/fontconfig/6d41288fd70b0be22e8c3a91e032eec0-le64.cache-3
7f1d70066000-7f1d70094000 r--s 00000000 08:03 4855897                    /var/cache/fontconfig/365b55f210c0a22e9a19e35191240f32-le64.cache-3
7f1d70094000-7f1d70097000 r--s 00000000 08:03 4854299                    /var/cache/fontconfig/c57959a16110560c8d0fcea73374aeeb-le64.cache-3
7f1d70097000-7f1d7009c000 r--s 00000000 08:03 4855942                    /var/cache/fontconfig/3047814df9a2f067bd2d96a2b9c36e5a-le64.cache-3
7f1d7009c000-7f1d700a4000 r--s 00000000 08:03 4853581                    /var/cache/fontconfig/3f7329c5293ffd510edef78f73874cfd-le64.cache-3
7f1d700a4000-7f1d700ae000 r--s 00000000 08:03 4856314                    /var/cache/fontconfig/83bf95040141907cd45bb53cf7c1c148-le64.cache-3
7f1d700ae000-7f1d700b7000 r--s 00000000 08:03 4854967                    /var/cache/fontconfig/945677eb7aeaf62f1d50efc3fb3ec7d8-le64.cache-3
7f1d700b7000-7f1d700e5000 r--s 00000000 08:03 4855897                    /var/cache/fontconfig/365b55f210c0a22e9a19e35191240f32-le64.cache-3
7f1d700e5000-7f1d700ed000 r--s 00000000 08:03 4853581                    /var/cache/fontconfig/3f7329c5293ffd510edef78f73874cfd-le64.cache-3
7f1d700ed000-7f1d700f7000 r--s 00000000 08:03 4856314                    /var/cache/fontconfig/83bf95040141907cd45bb53cf7c1c148-le64.cache-3
7f1d700f7000-7f1d70108000 r-xp 00000000 08:03 531325                     /usr/lib/x86_64-linux-gnu/libXext.so.6.4.0
7f1d70108000-7f1d70308000 ---p 00011000 08:03 531325                     /usr/lib/x86_64-linux-gnu/libXext.so.6.4.0
7f1d70308000-7f1d70309000 rw-p 00011000 08:03 531325                     /usr/lib/x86_64-linux-gnu/libXext.so.6.4.0
7f1d7030d000-7f1d7030e000 r--s 00000000 08:03 4856319                    /var/cache/fontconfig/c05880de57d1f5e948fdfacc138775d9-le64.cache-3
7f1d7030e000-7f1d7030f000 r--s 00000000 08:03 4856316                    /var/cache/fontconfig/4794a0821666d79190d59a36cb4f44b5-le64.cache-3
7f1d7030f000-7f1d70310000 r--s 00000000 08:03 4855939                    /var/cache/fontconfig/e13b20fdb08344e0e664864cc2ede53d-le64.cache-3
7f1d70310000-7f1d70311000 r--s 00000000 08:03 4856319                    /var/cache/fontconfig/c05880de57d1f5e948fdfacc138775d9-le64.cache-3
7f1d70311000-7f1d70315000 r--s 00000000 08:03 4855898                    /var/cache/fontconfig/a46337af8a0b4c9b317ad981ec3bdf87-le64.cache-3
7f1d70315000-7f1d7031e000 r--s 00000000 08:03 4856317                    /var/cache/fontconfig/6d41288fd70b0be22e8c3a91e032eec0-le64.cache-3
7f1d7031e000-7f1d7036b000 r-xp 00000000 08:03 2231706                    /usr/lib/jvm/java-6-openjdk-amd64/jre/lib/amd64/xawt/libmawt.so
7f1d7036b000-7f1d7056a000 ---p 0004d000 08:03 2231706                    /usr/lib/jvm/java-6-openjdk-amd64/jre/lib/amd64/xawt/libmawt.so
7f1d7056a000-7f1d7056e000 rw-p 0004c000 08:03 2231706                    /usr/lib/jvm/java-6-openjdk-amd64/jre/lib/amd64/xawt/libmawt.so
7f1d7056e000-7f1d7056f000 rw-p 00000000 00:00 0 
7f1d7056f000-7f1d7061f000 r-xp 00000000 08:03 2231546                    /usr/lib/jvm/java-6-openjdk-amd64/jre/lib/amd64/libawt.so
7f1d7061f000-7f1d7081e000 ---p 000b0000 08:03 2231546                    /usr/lib/jvm/java-6-openjdk-amd64/jre/lib/amd64/libawt.so
7f1d7081e000-7f1d7082a000 rw-p 000af000 08:03 2231546                    /usr/lib/jvm/java-6-openjdk-amd64/jre/lib/amd64/libawt.so
7f1d7082a000-7f1d72e75000 rw-p 00000000 00:00 0 
7f1d72e75000-7f1d72e76000 ---p 00000000 00:00 0 
7f1d72e76000-7f1d72f76000 rw-p 00000000 00:00 0 
7f1d72f76000-7f1d72f79000 ---p 00000000 00:00 0 
7f1d72f79000-7f1d73077000 rw-p 00000000 00:00 0 
7f1d73077000-7f1d7307a000 ---p 00000000 00:00 0 
7f1d7307a000-7f1d73178000 rw-p 00000000 00:00 0 
7f1d73178000-7f1d7317b000 ---p 00000000 00:00 0 
7f1d7317b000-7f1d73279000 rw-p 00000000 00:00 0 
7f1d73279000-7f1d7327c000 ---p 00000000 00:00 0 
7f1d7327c000-7f1d7337a000 rw-p 00000000 00:00 0 
7f1d7337a000-7f1d734f1000 r--p 00000000 08:03 530955                     /usr/lib/locale/locale-archive
7f1d734f1000-7f1d734f4000 ---p 00000000 00:00 0 
7f1d734f4000-7f1d735f2000 rw-p 00000000 00:00 0 
7f1d735f2000-7f1d735f5000 ---p 00000000 00:00 0 
7f1d735f5000-7f1d736f3000 rw-p 00000000 00:00 0 
7f1d736f3000-7f1d736f4000 ---p 00000000 00:00 0 
7f1d736f4000-7f1d73b2a000 rw-p 00000000 00:00 0 
7f1d73b2a000-7f1d73cbe000 r--s 03807000 08:03 2231586                    /usr/lib/jvm/java-6-openjdk-amd64/jre/lib/rt.jar
7f1d73cbe000-7f1d73ce6000 rw-p 00000000 00:00 0 
7f1d73ce6000-7f1d73ce7000 ---p 00000000 00:00 0 
7f1d73ce7000-7f1d73de7000 rw-p 00000000 00:00 0 
7f1d73de7000-7f1d73de8000 ---p 00000000 00:00 0 
7f1d73de8000-7f1d73ef3000 rw-p 00000000 00:00 0 
7f1d73ef3000-7f1d73f3b000 rw-p 00000000 00:00 0 
7f1d73f3b000-7f1d73f7a000 rw-p 00000000 00:00 0 
7f1d73f7a000-7f1d74327000 rw-p 00000000 00:00 0 
7f1d74327000-7f1d74332000 rw-p 00000000 00:00 0 
7f1d74332000-7f1d7437a000 rw-p 00000000 00:00 0 
7f1d7437a000-7f1d743b9000 rw-p 00000000 00:00 0 
7f1d743b9000-7f1d74766000 rw-p 00000000 00:00 0 
7f1d74766000-7f1d7479d000 rw-p 00000000 00:00 0 
7f1d7479d000-7f1d7495c000 rw-p 00000000 00:00 0 
7f1d7495c000-7f1d7495d000 rw-p 00000000 00:00 0 
7f1d7495d000-7f1d74bcd000 rwxp 00000000 00:00 0 
7f1d74bcd000-7f1d7795d000 rw-p 00000000 00:00 0 
7f1d7795d000-7f1d77964000 r-xp 00000000 08:03 2231575                    /usr/lib/jvm/java-6-openjdk-amd64/jre/lib/amd64/libzip.so
7f1d77964000-7f1d77b63000 ---p 00007000 08:03 2231575                    /usr/lib/jvm/java-6-openjdk-amd64/jre/lib/amd64/libzip.so
7f1d77b63000-7f1d77b64000 rw-p 00006000 08:03 2231575                    /usr/lib/jvm/java-6-openjdk-amd64/jre/lib/amd64/libzip.so
7f1d77b64000-7f1d77b6f000 r-xp 00000000 08:03 3538957                    /lib/x86_64-linux-gnu/libnss_files-2.13.so
7f1d77b6f000-7f1d77d6e000 ---p 0000b000 08:03 3538957                    /lib/x86_64-linux-gnu/libnss_files-2.13.so
7f1d77d6e000-7f1d77d6f000 r--p 0000a000 08:03 3538957                    /lib/x86_64-linux-gnu/libnss_files-2.13.so
7f1d77d6f000-7f1d77d70000 rw-p 0000b000 08:03 3538957                    /lib/x86_64-linux-gnu/libnss_files-2.13.so
7f1d77d70000-7f1d77d7a000 r-xp 00000000 08:03 3538969                    /lib/x86_64-linux-gnu/libnss_nis-2.13.so
7f1d77d7a000-7f1d77f79000 ---p 0000a000 08:03 3538969                    /lib/x86_64-linux-gnu/libnss_nis-2.13.so
7f1d77f79000-7f1d77f7a000 r--p 00009000 08:03 3538969                    /lib/x86_64-linux-gnu/libnss_nis-2.13.so
7f1d77f7a000-7f1d77f7b000 rw-p 0000a000 08:03 3538969                    /lib/x86_64-linux-gnu/libnss_nis-2.13.so
7f1d77f7b000-7f1d77f82000 r-xp 00000000 08:03 3538959                    /lib/x86_64-linux-gnu/libnss_compat-2.13.so
7f1d77f82000-7f1d78181000 ---p 00007000 08:03 3538959                    /lib/x86_64-linux-gnu/libnss_compat-2.13.so
7f1d78181000-7f1d78182000 r--p 00006000 08:03 3538959                    /lib/x86_64-linux-gnu/libnss_compat-2.13.so
7f1d78182000-7f1d78183000 rw-p 00007000 08:03 3538959                    /lib/x86_64-linux-gnu/libnss_compat-2.13.so
7f1d78183000-7f1d78198000 r-xp 00000000 08:03 3538967                    /lib/x86_64-linux-gnu/libnsl-2.13.so
7f1d78198000-7f1d78397000 ---p 00015000 08:03 3538967                    /lib/x86_64-linux-gnu/libnsl-2.13.so
7f1d78397000-7f1d78398000 r--p 00014000 08:03 3538967                    /lib/x86_64-linux-gnu/libnsl-2.13.so
7f1d78398000-7f1d78399000 rw-p 00015000 08:03 3538967                    /lib/x86_64-linux-gnu/libnsl-2.13.so
7f1d78399000-7f1d7839b000 rw-p 00000000 00:00 0 
7f1d7839b000-7f1d783c9000 r-xp 00000000 08:03 2231561                    /usr/lib/jvm/java-6-openjdk-amd64/jre/lib/amd64/libjava.so
7f1d783c9000-7f1d785c8000 ---p 0002e000 08:03 2231561                    /usr/lib/jvm/java-6-openjdk-amd64/jre/lib/amd64/libjava.so
7f1d785c8000-7f1d785cc000 rw-p 0002d000 08:03 2231561                    /usr/lib/jvm/java-6-openjdk-amd64/jre/lib/amd64/libjava.so
7f1d785cc000-7f1d785db000 r-xp 00000000 08:03 2231544                    /usr/lib/jvm/java-6-openjdk-amd64/jre/lib/amd64/libverify.so
7f1d785db000-7f1d787da000 ---p 0000f000 08:03 2231544                    /usr/lib/jvm/java-6-openjdk-amd64/jre/lib/amd64/libverify.so
7f1d787da000-7f1d787dc000 rw-p 0000e000 08:03 2231544                    /usr/lib/jvm/java-6-openjdk-amd64/jre/lib/amd64/libverify.so
7f1d787dc000-7f1d787e3000 r-xp 00000000 08:03 3538958                    /lib/x86_64-linux-gnu/librt-2.13.so
7f1d787e3000-7f1d789e2000 ---p 00007000 08:03 3538958                    /lib/x86_64-linux-gnu/librt-2.13.so
7f1d789e2000-7f1d789e3000 r--p 00006000 08:03 3538958                    /lib/x86_64-linux-gnu/librt-2.13.so
7f1d789e3000-7f1d789e4000 rw-p 00007000 08:03 3538958                    /lib/x86_64-linux-gnu/librt-2.13.so
7f1d789e4000-7f1d789f9000 r-xp 00000000 08:03 3538948                    /lib/x86_64-linux-gnu/libgcc_s.so.1
7f1d789f9000-7f1d78bf9000 ---p 00015000 08:03 3538948                    /lib/x86_64-linux-gnu/libgcc_s.so.1
7f1d78bf9000-7f1d78bfa000 rw-p 00015000 08:03 3538948                    /lib/x86_64-linux-gnu/libgcc_s.so.1
7f1d78bfa000-7f1d78c7b000 r-xp 00000000 08:03 3538960                    /lib/x86_64-linux-gnu/libm-2.13.so
7f1d78c7b000-7f1d78e7a000 ---p 00081000 08:03 3538960                    /lib/x86_64-linux-gnu/libm-2.13.so
7f1d78e7a000-7f1d78e7b000 r--p 00080000 08:03 3538960                    /lib/x86_64-linux-gnu/libm-2.13.so
7f1d78e7b000-7f1d78e7c000 rw-p 00081000 08:03 3538960                    /lib/x86_64-linux-gnu/libm-2.13.so
7f1d78e7c000-7f1d78f64000 r-xp 00000000 08:03 528173                     /usr/lib/x86_64-linux-gnu/libstdc++.so.6.0.17
7f1d78f64000-7f1d79164000 ---p 000e8000 08:03 528173                     /usr/lib/x86_64-linux-gnu/libstdc++.so.6.0.17
7f1d79164000-7f1d7916c000 r--p 000e8000 08:03 528173                     /usr/lib/x86_64-linux-gnu/libstdc++.so.6.0.17
7f1d7916c000-7f1d7916e000 rw-p 000f0000 08:03 528173                     /usr/lib/x86_64-linux-gnu/libstdc++.so.6.0.17
7f1d7916e000-7f1d79183000 rw-p 00000000 00:00 0 
7f1d79183000-7f1d79a97000 r-xp 00000000 08:03 2231551                    /usr/lib/jvm/java-6-openjdk-amd64/jre/lib/amd64/server/libjvm.so
7f1d79a97000-7f1d79c96000 ---p 00914000 08:03 2231551                    /usr/lib/jvm/java-6-openjdk-amd64/jre/lib/amd64/server/libjvm.so
7f1d79c96000-7f1d79d32000 rw-p 00913000 08:03 2231551                    /usr/lib/jvm/java-6-openjdk-amd64/jre/lib/amd64/server/libjvm.so
7f1d79d32000-7f1d79d5b000 rw-p 00000000 00:00 0 
7f1d79d5b000-7f1d79edb000 r-xp 00000000 08:03 3538963                    /lib/x86_64-linux-gnu/libc-2.13.so
7f1d79edb000-7f1d7a0db000 ---p 00180000 08:03 3538963                    /lib/x86_64-linux-gnu/libc-2.13.so
7f1d7a0db000-7f1d7a0df000 r--p 00180000 08:03 3538963                    /lib/x86_64-linux-gnu/libc-2.13.so
7f1d7a0df000-7f1d7a0e0000 rw-p 00184000 08:03 3538963                    /lib/x86_64-linux-gnu/libc-2.13.so
7f1d7a0e0000-7f1d7a0e5000 rw-p 00000000 00:00 0 
7f1d7a0e5000-7f1d7a0e7000 r-xp 00000000 08:03 3538956                    /lib/x86_64-linux-gnu/libdl-2.13.so
7f1d7a0e7000-7f1d7a2e7000 ---p 00002000 08:03 3538956                    /lib/x86_64-linux-gnu/libdl-2.13.so
7f1d7a2e7000-7f1d7a2e8000 r--p 00002000 08:03 3538956                    /lib/x86_64-linux-gnu/libdl-2.13.so
7f1d7a2e8000-7f1d7a2e9000 rw-p 00003000 08:03 3538956                    /lib/x86_64-linux-gnu/libdl-2.13.so
7f1d7a2e9000-7f1d7a2ed000 r-xp 00000000 08:03 2231548                    /usr/lib/jvm/java-6-openjdk-amd64/jre/lib/amd64/jli/libjli.so
7f1d7a2ed000-7f1d7a4ec000 ---p 00004000 08:03 2231548                    /usr/lib/jvm/java-6-openjdk-amd64/jre/lib/amd64/jli/libjli.so
7f1d7a4ec000-7f1d7a4ed000 rw-p 00003000 08:03 2231548                    /usr/lib/jvm/java-6-openjdk-amd64/jre/lib/amd64/jli/libjli.so
7f1d7a4ed000-7f1d7a504000 r-xp 00000000 08:03 3538953                    /lib/x86_64-linux-gnu/libpthread-2.13.so
7f1d7a504000-7f1d7a703000 ---p 00017000 08:03 3538953                    /lib/x86_64-linux-gnu/libpthread-2.13.so
7f1d7a703000-7f1d7a704000 r--p 00016000 08:03 3538953                    /lib/x86_64-linux-gnu/libpthread-2.13.so
7f1d7a704000-7f1d7a705000 rw-p 00017000 08:03 3538953                    /lib/x86_64-linux-gnu/libpthread-2.13.so
7f1d7a705000-7f1d7a709000 rw-p 00000000 00:00 0 
7f1d7a709000-7f1d7a71f000 r-xp 00000000 08:03 3539034                    /lib/x86_64-linux-gnu/libz.so.1.2.7
7f1d7a71f000-7f1d7a91e000 ---p 00016000 08:03 3539034                    /lib/x86_64-linux-gnu/libz.so.1.2.7
7f1d7a91e000-7f1d7a91f000 r--p 00015000 08:03 3539034                    /lib/x86_64-linux-gnu/libz.so.1.2.7
7f1d7a91f000-7f1d7a920000 rw-p 00016000 08:03 3539034                    /lib/x86_64-linux-gnu/libz.so.1.2.7
7f1d7a920000-7f1d7a940000 r-xp 00000000 08:03 3538966                    /lib/x86_64-linux-gnu/ld-2.13.so
7f1d7a940000-7f1d7a941000 r--s 00000000 08:03 4856316                    /var/cache/fontconfig/4794a0821666d79190d59a36cb4f44b5-le64.cache-3
7f1d7a941000-7f1d7a944000 r--s 00000000 08:03 4854299                    /var/cache/fontconfig/c57959a16110560c8d0fcea73374aeeb-le64.cache-3
7f1d7a944000-7f1d7a949000 r--s 00000000 08:03 4855942                    /var/cache/fontconfig/3047814df9a2f067bd2d96a2b9c36e5a-le64.cache-3
7f1d7a949000-7f1d7a94c000 r--s 0007f000 08:03 2231060                    /usr/lib/jvm/java-6-openjdk-common/jre/lib/jsse.jar
7f1d7a94c000-7f1d7a959000 r--s 000e6000 08:03 11413237                   /home/brandon/ClearWaterInk/games/WorldsCubed/libs/lwjgl.jar
7f1d7a959000-7f1d7a95d000 r--s 00027000 08:03 11413238                   /home/brandon/ClearWaterInk/games/WorldsCubed/libs/lwjgl_util.jar
7f1d7a95d000-7f1d7a95e000 r--s 00007000 08:03 793877                     /usr/share/java/java-atk-wrapper.jar
7f1d7a95e000-7f1d7a960000 r--s 00001000 08:03 2231056                    /usr/lib/jvm/java-6-openjdk-common/jre/lib/ext/dnsns.jar
7f1d7a960000-7f1d7a962000 r--s 0000f000 08:03 2231053                    /usr/lib/jvm/java-6-openjdk-common/jre/lib/ext/pulse-java.jar
7f1d7a962000-7f1d7a96c000 rw-p 00000000 00:00 0 
7f1d7a96c000-7f1d7aa22000 rw-p 00000000 00:00 0 
7f1d7aa22000-7f1d7aa25000 ---p 00000000 00:00 0 
7f1d7aa25000-7f1d7ab28000 rw-p 00000000 00:00 0 
7f1d7ab28000-7f1d7ab29000 r--s 00000000 08:03 4855939                    /var/cache/fontconfig/e13b20fdb08344e0e664864cc2ede53d-le64.cache-3
7f1d7ab29000-7f1d7ab2d000 r--s 00039000 08:03 2231052                    /usr/lib/jvm/java-6-openjdk-common/jre/lib/ext/sunpkcs11.jar
7f1d7ab2d000-7f1d7ab30000 r--s 00031000 08:03 2231055                    /usr/lib/jvm/java-6-openjdk-common/jre/lib/ext/sunjce_provider.jar
7f1d7ab30000-7f1d7ab33000 r--s 00077000 08:03 2231054                    /usr/lib/jvm/java-6-openjdk-common/jre/lib/ext/localedata.jar
7f1d7ab33000-7f1d7ab3b000 rw-s 00000000 08:03 7999663                    /tmp/hsperfdata_brandon/21854 (deleted)
7f1d7ab3b000-7f1d7ab3c000 rw-p 00000000 00:00 0 
7f1d7ab3c000-7f1d7ab3d000 ---p 00000000 00:00 0 
7f1d7ab3d000-7f1d7ab3f000 rw-p 00000000 00:00 0 
7f1d7ab3f000-7f1d7ab40000 r--p 0001f000 08:03 3538966                    /lib/x86_64-linux-gnu/ld-2.13.so
7f1d7ab40000-7f1d7ab41000 rw-p 00020000 08:03 3538966                    /lib/x86_64-linux-gnu/ld-2.13.so
7f1d7ab41000-7f1d7ab42000 rw-p 00000000 00:00 0 
7fff43b42000-7fff43b63000 rw-p 00000000 00:00 0                          [stack]
7fff43be7000-7fff43be8000 r-xp 00000000 00:00 0                          [vdso]
ffffffffff600000-ffffffffff601000 r-xp 00000000 00:00 0                  [vsyscall]

VM Arguments:
jvm_args: -Djava.library.path=/home/brandon/ClearWaterInk/games/WorldsCubed/libs/natives/linux -Dfile.encoding=UTF-8 
java_command: net.clearwaterink.worldscubed.WorldsCubed
Launcher Type: SUN_STANDARD

Environment Variables:
PATH=/home/brandon/bin:/usr/local/bin:/usr/bin:/bin:/usr/local/games:/usr/games
LD_LIBRARY_PATH=/usr/lib/jvm/java-6-openjdk-amd64/jre/lib/amd64/server:/usr/lib/jvm/java-6-openjdk-amd64/jre/lib/amd64:/usr/lib/jvm/java-6-openjdk-amd64/jre/../lib/amd64
SHELL=/bin/bash
DISPLAY=:0.0

Signal Handlers:
SIGSEGV: [libjvm.so+0x791b10], sa_mask[0]=0x7ffbfeff, sa_flags=0x10000004
SIGBUS: [libjvm.so+0x791b10], sa_mask[0]=0x7ffbfeff, sa_flags=0x10000004
SIGFPE: [libjvm.so+0x65ace0], sa_mask[0]=0x7ffbfeff, sa_flags=0x10000004
SIGPIPE: [libjvm.so+0x65ace0], sa_mask[0]=0x7ffbfeff, sa_flags=0x10000004
SIGXFSZ: [libjvm.so+0x65ace0], sa_mask[0]=0x7ffbfeff, sa_flags=0x10000004
SIGILL: [libjvm.so+0x65ace0], sa_mask[0]=0x7ffbfeff, sa_flags=0x10000004
SIGUSR1: SIG_DFL, sa_mask[0]=0x00000000, sa_flags=0x00000000
SIGUSR2: [libjvm.so+0x65aec0], sa_mask[0]=0x00000004, sa_flags=0x10000004
SIGHUP: [libjvm.so+0x65d500], sa_mask[0]=0x7ffbfeff, sa_flags=0x10000004
SIGINT: [libjvm.so+0x65d500], sa_mask[0]=0x7ffbfeff, sa_flags=0x10000004
SIGTERM: [libjvm.so+0x65d500], sa_mask[0]=0x7ffbfeff, sa_flags=0x10000004
SIGQUIT: [libjvm.so+0x65d500], sa_mask[0]=0x7ffbfeff, sa_flags=0x10000004


---------------  S Y S T E M  ---------------

OS:7.3

uname:Linux 3.2.0-4-amd64 #1 SMP Debian 3.2.51-1 x86_64
libc:glibc 2.13 NPTL 2.13 
rlimit: STACK 8192k, CORE 0k, NPROC 95755, NOFILE 4096, AS infinity
load average:0.97 0.88 0.98

/proc/meminfo:
MemTotal:       12334808 kB
MemFree:         8544600 kB
Buffers:          348564 kB
Cached:          1103376 kB
SwapCached:            0 kB
Active:          2313844 kB
Inactive:         965616 kB
Active(anon):    1828064 kB
Inactive(anon):    19828 kB
Active(file):     485780 kB
Inactive(file):   945788 kB
Unevictable:           4 kB
Mlocked:               4 kB
SwapTotal:      13616120 kB
SwapFree:       13616120 kB
Dirty:               284 kB
Writeback:             0 kB
AnonPages:       1827324 kB
Mapped:           252964 kB
Shmem:             20376 kB
Slab:             201724 kB
SReclaimable:     178604 kB
SUnreclaim:        23120 kB
KernelStack:        3680 kB
PageTables:        27496 kB
NFS_Unstable:          0 kB
Bounce:                0 kB
WritebackTmp:          0 kB
CommitLimit:    19783524 kB
Committed_AS:    3761776 kB
VmallocTotal:   34359738367 kB
VmallocUsed:      329784 kB
VmallocChunk:   34359406412 kB
HardwareCorrupted:     0 kB
AnonHugePages:         0 kB
HugePages_Total:       0
HugePages_Free:        0
HugePages_Rsvd:        0
HugePages_Surp:        0
Hugepagesize:       2048 kB
DirectMap4k:      243072 kB
DirectMap2M:     8144896 kB
DirectMap1G:     4194304 kB


CPU:total 2 (2 cores per cpu, 1 threads per core) family 16 model 6 stepping 3, cmov, cx8, fxsr, mmx, sse, sse2, sse3, popcnt, mmxext, 3dnowpref, lzcnt, sse4a

Memory: 4k page, physical 12334808k(8544600k free), swap 13616120k(13616120k free)

vm_info: OpenJDK 64-Bit Server VM (20.0-b12) for linux-amd64 JRE (1.6.0_27-b27), built on Jul 12 2013 09:04:12 by "jmm" with gcc 4.7.2

time: Fri Feb  7 19:19:57 2014
elapsed time: 17 seconds

