#
# A fatal error has been detected by the Java Runtime Environment:
#
#  SIGSEGV (0xb) at pc=0x00007f2e912a5e38, pid=7016, tid=139838041503488
#
# JRE version: 6.0_27-b27
# Java VM: OpenJDK 64-Bit Server VM (20.0-b12 mixed mode linux-amd64 compressed oops)
# Derivative: IcedTea6 1.12.6
# Distribution: Debian GNU/Linux 7.1 (wheezy), package 6b27-1.12.6-1~deb7u1
# Problematic frame:
# C  [libX11.so.6+0x3ae38]  XQueryExtension+0x28
#
# If you would like to submit a bug report, please include
# instructions how to reproduce the bug and visit:
#   http://icedtea.classpath.org/bugzilla
#

---------------  T H R E A D  ---------------

Current thread (0x000000000231b800):  VMThread [stack: 0x00007f2e94ba3000,0x00007f2e94ca4000] [id=7022]

siginfo:si_signo=SIGSEGV: si_errno=0, si_code=1 (SEGV_MAPERR), si_addr=0xffffffff8c0be9d8

Registers:
RAX=0x00000000022be360, RBX=0xffffffff8c0be070, RCX=0x00007f2e94ca29d8, RDX=0x00007f2e94ca29d4
RSP=0x00007f2e94ca2970, RBP=0x00007f2e8afd9c60, RSI=0x00007f2e8aea1e12, RDI=0xffffffff8c0be070
R8 =0x00007f2e94ca29dc, R9 =0x0000000000000000, R10=0x00007f2e9b592768, R11=0x00007f2e9b2420d0
R12=0x00007f2e8aea1e12, R13=0x00000000022be360, R14=0x00007f2e8c0bcf20, R15=0x00007f2e8c0d42d0
RIP=0x00007f2e912a5e38, EFLAGS=0x0000000000010202, CSGSFS=0x0000000000000033, ERR=0x0000000000000005
  TRAPNO=0x000000000000000e

Top of Stack: (sp=0x00007f2e94ca2970)
0x00007f2e94ca2970:   0000000000000020 00007f2e95e0d438
0x00007f2e94ca2980:   00007f2e9b2195c8 00007f2e9bfd5000
0x00007f2e94ca2990:   00007f2e9b2195c8 ffffffff8c0be070
0x00007f2e94ca29a0:   00007f2e8afd9c60 00007f2e8aea1e12
0x00007f2e94ca29b0:   00000000022be360 00007f2e8c0bcf20
0x00007f2e94ca29c0:   00007f2e8c0d42d0 00007f2e91299e72
0x00007f2e94ca29d0:   00007f2e8c0bcf20 0000000000000000
0x00007f2e94ca29e0:   0000000000000000 00007f2e8afd9c60
0x00007f2e94ca29f0:   ffffffff8c0be070 00007f2e915b371d
0x00007f2e94ca2a00:   00007f2e8aea1e12 000000119b2195c8
0x00007f2e94ca2a10:   00007f2e94ca2a90 0000000000000000
0x00007f2e94ca2a20:   00007f2e94ca2a90 ffffffff8c0be070
0x00007f2e94ca2a30:   00007f2e9bff0048 00007f2e8c0bcf20
0x00007f2e94ca2a40:   00007f2e8aff3490 00007f2e8ae4dfd9
0x00007f2e94ca2a50:   0000000000000000 000000000000002b
0x00007f2e94ca2a60:   00007f2e94ca2a90 0000000000000000
0x00007f2e94ca2a70:   00007f2e9bff0048 00007f2e8c0bcf20
0x00007f2e94ca2a80:   000000000000001b 00007f2e8ae426e2
0x00007f2e94ca2a90:   00007f2e94ca2c90 00007f2e8aea1d81
0x00007f2e94ca2aa0:   00007f2e94ca2c90 00007f2e9bdde4ec
0x00007f2e94ca2ab0:   00007f2e9bff11c8 00007f2e9bff1758
0x00007f2e94ca2ac0:   00007f2e9bfd6508 00000000022b45a0
0x00007f2e94ca2ad0:   00000000022b4ac0 00000000022b4fc0
0x00007f2e94ca2ae0:   00000000022b9cc0 00007f2e8c049570
0x00007f2e94ca2af0:   00007f2e8c049a50 00007f2e9bfee7f0
0x00007f2e94ca2b00:   000000000279e7e0 000000000279e310
0x00007f2e94ca2b10:   00007f2e8c0ad9b0 00007f2e8c0b6a50
0x00007f2e94ca2b20:   00007f2e8c0054d0 00007f2e8c006930
0x00007f2e94ca2b30:   00007f2e8c006e30 00007f2e8c002cb0
0x00007f2e94ca2b40:   00000000022b0600 00000000022b0be0
0x00007f2e94ca2b50:   00000000022aff40 00000000022ab5f0
0x00007f2e94ca2b60:   00000000022abb60 00000000022ac570 

Instructions: (pc=0x00007f2e912a5e38)
0x00007f2e912a5e18:   24 e0 48 89 fb 4c 89 6c 24 e8 4c 89 74 24 f0 49
0x00007f2e912a5e28:   89 f4 4c 89 7c 24 f8 48 89 6c 24 d8 48 83 ec 58
0x00007f2e912a5e38:   48 8b 87 68 09 00 00 49 89 d7 49 89 ce 4d 89 c5
0x00007f2e912a5e48:   48 85 c0 74 02 ff 10 ba 08 00 00 00 be 62 00 00 

Register to memory mapping:

RAX=0x00000000022be360 is an unknown value
RBX=0xffffffff8c0be070 is an unknown value
RCX=0x00007f2e94ca29d8 is an unknown value
RDX=0x00007f2e94ca29d4 is an unknown value
RSP=0x00007f2e94ca2970 is an unknown value
RBP=0x00007f2e8afd9c60: <offset 0x1cac60> in /usr/lib/x86_64-linux-gnu/libGL.so.1 at 0x00007f2e8ae0f000
RSI=0x00007f2e8aea1e12: <offset 0x92e12> in /usr/lib/x86_64-linux-gnu/libGL.so.1 at 0x00007f2e8ae0f000
RDI=0xffffffff8c0be070 is an unknown value
R8 =0x00007f2e94ca29dc is an unknown value
R9 =0x0000000000000000 is an unknown value
R10=0x00007f2e9b592768: <offset 0x387768> in /lib/x86_64-linux-gnu/libc.so.6 at 0x00007f2e9b20b000
R11=0x00007f2e9b2420d0: __cxa_finalize+0 in /lib/x86_64-linux-gnu/libc.so.6 at 0x00007f2e9b20b000
R12=0x00007f2e8aea1e12: <offset 0x92e12> in /usr/lib/x86_64-linux-gnu/libGL.so.1 at 0x00007f2e8ae0f000
R13=0x00000000022be360 is an unknown value
R14=0x00007f2e8c0bcf20 is an unknown value
R15=0x00007f2e8c0d42d0 is an unknown value


Stack: [0x00007f2e94ba3000,0x00007f2e94ca4000],  sp=0x00007f2e94ca2970,  free space=1022k
Native frames: (J=compiled Java code, j=interpreted, Vv=VM code, C=native code)
C  [libX11.so.6+0x3ae38]  XQueryExtension+0x28

VM_Operation (0x00007f2e9bfd05d0): Exit, mode: safepoint, requested by thread 0x00000000022b6000


---------------  P R O C E S S  ---------------

Java Threads: ( => current thread )
  0x00007f2e8c0a9000 JavaThread "AWT-XAWT" daemon [_thread_blocked, id=7036, stack(0x00007f2e8bc66000,0x00007f2e8bd67000)]
  0x00007f2e8c041800 JavaThread "Java2D Disposer" daemon [_thread_blocked, id=7035, stack(0x00007f2e9003b000,0x00007f2e9013c000)]
  0x0000000002352800 JavaThread "Low Memory Detector" daemon [_thread_blocked, id=7030, stack(0x00007f2e94426000,0x00007f2e94527000)]
  0x000000000234d800 JavaThread "C2 CompilerThread1" daemon [_thread_blocked, id=7029, stack(0x00007f2e94527000,0x00007f2e94628000)]
  0x0000000002349000 JavaThread "C2 CompilerThread0" daemon [_thread_blocked, id=7028, stack(0x00007f2e94628000,0x00007f2e94729000)]
  0x0000000002322800 JavaThread "Finalizer" daemon [_thread_blocked, id=7026, stack(0x00007f2e949a1000,0x00007f2e94aa2000)]
  0x0000000002320800 JavaThread "Reference Handler" daemon [_thread_blocked, id=7025, stack(0x00007f2e94aa2000,0x00007f2e94ba3000)]
  0x00000000022b6000 JavaThread "main" [_thread_blocked, id=7018, stack(0x00007f2e9bed1000,0x00007f2e9bfd2000)]

Other Threads:
=>0x000000000231b800 VMThread [stack: 0x00007f2e94ba3000,0x00007f2e94ca4000] [id=7022]

VM state:at safepoint (shutting down)

VM Mutex/Monitor currently owned by a thread:  ([mutex/lock_event])
[0x00000000022b2a10] Threads_lock - owner thread: 0x000000000231b800

Heap
 PSYoungGen      total 61440K, used 11831K [0x00000007c1400000, 0x00000007c6270000, 0x0000000800000000)
  eden space 44864K, 26% used [0x00000007c1400000,0x00000007c1f8df08,0x00000007c3fd0000)
  from space 16576K, 0% used [0x00000007c40e0000,0x00000007c40e0000,0x00000007c5110000)
  to   space 17728K, 0% used [0x00000007c5120000,0x00000007c5120000,0x00000007c6270000)
 PSOldGen        total 128512K, used 17820K [0x0000000743c00000, 0x000000074b980000, 0x00000007c1400000)
  object space 128512K, 13% used [0x0000000743c00000,0x0000000744d67060,0x000000074b980000)
 PSPermGen       total 21248K, used 9761K [0x0000000739600000, 0x000000073aac0000, 0x0000000743c00000)
  object space 21248K, 45% used [0x0000000739600000,0x0000000739f884a8,0x000000073aac0000)

Code Cache  [0x00007f2e95e0d000, 0x00007f2e9607d000, 0x00007f2e98e0d000)
 total_blobs=591 nmethods=139 adapters=407 free_code_cache=49455680 largest_free_block=6016

Dynamic libraries:
00400000-00409000 r-xp 00000000 08:03 2231614                            /usr/lib/jvm/java-6-openjdk-amd64/jre/bin/java
00608000-00609000 rw-p 00008000 08:03 2231614                            /usr/lib/jvm/java-6-openjdk-amd64/jre/bin/java
022ab000-02f60000 rw-p 00000000 00:00 0                                  [heap]
739600000-73aac0000 rw-p 00000000 00:00 0 
73aac0000-743c00000 rw-p 00000000 00:00 0 
743c00000-74b980000 rw-p 00000000 00:00 0 
74b980000-7c1400000 rw-p 00000000 00:00 0 
7c1400000-7c6270000 rw-p 00000000 00:00 0 
7c6270000-7c63c0000 ---p 00000000 00:00 0 
7c63c0000-800000000 rw-p 00000000 00:00 0 
7f2e87f7e000-7f2e8867e000 rw-s 00006000 00:05 8578                       /dev/ati/card0
7f2e8867e000-7f2e88680000 r-xp 00000000 08:03 534782                     /usr/lib/x86_64-linux-gnu/libXinerama.so.1.0.0
7f2e88680000-7f2e8887f000 ---p 00002000 08:03 534782                     /usr/lib/x86_64-linux-gnu/libXinerama.so.1.0.0
7f2e8887f000-7f2e88880000 rw-p 00001000 08:03 534782                     /usr/lib/x86_64-linux-gnu/libXinerama.so.1.0.0
7f2e88880000-7f2e888cc000 r-xp 00000000 08:03 539328                     /usr/lib/x86_64-linux-gnu/libatiadlxx.so
7f2e888cc000-7f2e889cc000 ---p 0004c000 08:03 539328                     /usr/lib/x86_64-linux-gnu/libatiadlxx.so
7f2e889cc000-7f2e889d7000 rw-p 0004c000 08:03 539328                     /usr/lib/x86_64-linux-gnu/libatiadlxx.so
7f2e889d7000-7f2e889e7000 rw-p 00000000 00:00 0 
7f2e889e7000-7f2e8a985000 r-xp 00000000 08:03 921615                     /usr/lib/x86_64-linux-gnu/dri/fglrx_dri.so
7f2e8a985000-7f2e8aa84000 ---p 01f9e000 08:03 921615                     /usr/lib/x86_64-linux-gnu/dri/fglrx_dri.so
7f2e8aa84000-7f2e8abd2000 rwxp 01f9d000 08:03 921615                     /usr/lib/x86_64-linux-gnu/dri/fglrx_dri.so
7f2e8abd2000-7f2e8ad06000 rwxp 00000000 00:00 0 
7f2e8ad06000-7f2e8ad0d000 r-xp 00000000 08:03 539324                     /usr/lib/x86_64-linux-gnu/libatiuki.so.1.0
7f2e8ad0d000-7f2e8ae0d000 ---p 00007000 08:03 539324                     /usr/lib/x86_64-linux-gnu/libatiuki.so.1.0
7f2e8ae0d000-7f2e8ae0e000 rw-p 00007000 08:03 539324                     /usr/lib/x86_64-linux-gnu/libatiuki.so.1.0
7f2e8ae0e000-7f2e8ae0f000 rw-p 00000000 00:00 0 
7f2e8ae0f000-7f2e8aecd000 r-xp 00000000 08:03 1445187                    /usr/lib/x86_64-linux-gnu/fglrx/fglrx-libGL.so.1.2
7f2e8aecd000-7f2e8afcd000 ---p 000be000 08:03 1445187                    /usr/lib/x86_64-linux-gnu/fglrx/fglrx-libGL.so.1.2
7f2e8afcd000-7f2e8aff4000 rwxp 000be000 08:03 1445187                    /usr/lib/x86_64-linux-gnu/fglrx/fglrx-libGL.so.1.2
7f2e8aff4000-7f2e8b013000 rwxp 00000000 00:00 0 
7f2e8b013000-7f2e8b016000 ---p 00000000 00:00 0 
7f2e8b016000-7f2e8b114000 rw-p 00000000 00:00 0 
7f2e8b114000-7f2e8b118000 r-xp 00000000 08:03 535177                     /usr/lib/x86_64-linux-gnu/libXxf86vm.so.1.0.0
7f2e8b118000-7f2e8b318000 ---p 00004000 08:03 535177                     /usr/lib/x86_64-linux-gnu/libXxf86vm.so.1.0.0
7f2e8b318000-7f2e8b319000 r--p 00004000 08:03 535177                     /usr/lib/x86_64-linux-gnu/libXxf86vm.so.1.0.0
7f2e8b319000-7f2e8b31a000 rw-p 00005000 08:03 535177                     /usr/lib/x86_64-linux-gnu/libXxf86vm.so.1.0.0
7f2e8b31a000-7f2e8b321000 r-xp 00000000 08:03 534784                     /usr/lib/x86_64-linux-gnu/libXrandr.so.2.2.0
7f2e8b321000-7f2e8b521000 ---p 00007000 08:03 534784                     /usr/lib/x86_64-linux-gnu/libXrandr.so.2.2.0
7f2e8b521000-7f2e8b522000 rw-p 00007000 08:03 534784                     /usr/lib/x86_64-linux-gnu/libXrandr.so.2.2.0
7f2e8b522000-7f2e8b58c000 r-xp 00000000 08:03 12332350                   /home/brandon/ClearWaterInk/games/WorldsCubed/libs/natives/linux/liblwjgl64.so
7f2e8b58c000-7f2e8b78c000 ---p 0006a000 08:03 12332350                   /home/brandon/ClearWaterInk/games/WorldsCubed/libs/natives/linux/liblwjgl64.so
7f2e8b78c000-7f2e8b78e000 r--p 0006a000 08:03 12332350                   /home/brandon/ClearWaterInk/games/WorldsCubed/libs/natives/linux/liblwjgl64.so
7f2e8b78e000-7f2e8b78f000 rw-p 0006c000 08:03 12332350                   /home/brandon/ClearWaterInk/games/WorldsCubed/libs/natives/linux/liblwjgl64.so
7f2e8b78f000-7f2e8b790000 r-xp 00000000 08:03 2231545                    /usr/lib/jvm/java-6-openjdk-amd64/jre/lib/amd64/libjawt.so
7f2e8b790000-7f2e8b98f000 ---p 00001000 08:03 2231545                    /usr/lib/jvm/java-6-openjdk-amd64/jre/lib/amd64/libjawt.so
7f2e8b98f000-7f2e8b990000 rw-p 00000000 08:03 2231545                    /usr/lib/jvm/java-6-openjdk-amd64/jre/lib/amd64/libjawt.so
7f2e8b990000-7f2e8b995000 r-xp 00000000 08:03 534774                     /usr/lib/x86_64-linux-gnu/libXfixes.so.3.1.0
7f2e8b995000-7f2e8bb94000 ---p 00005000 08:03 534774                     /usr/lib/x86_64-linux-gnu/libXfixes.so.3.1.0
7f2e8bb94000-7f2e8bb95000 r--p 00004000 08:03 534774                     /usr/lib/x86_64-linux-gnu/libXfixes.so.3.1.0
7f2e8bb95000-7f2e8bb96000 rw-p 00005000 08:03 534774                     /usr/lib/x86_64-linux-gnu/libXfixes.so.3.1.0
7f2e8bb96000-7f2e8bb9f000 r--s 00000000 08:03 4854967                    /var/cache/fontconfig/945677eb7aeaf62f1d50efc3fb3ec7d8-le64.cache-3
7f2e8bc46000-7f2e8bc66000 rw-s fe9e0000 00:05 8578                       /dev/ati/card0
7f2e8bc66000-7f2e8bc69000 ---p 00000000 00:00 0 
7f2e8bc69000-7f2e8bd67000 rw-p 00000000 00:00 0 
7f2e8bd67000-7f2e8bd70000 r--s 00000000 08:03 4854967                    /var/cache/fontconfig/945677eb7aeaf62f1d50efc3fb3ec7d8-le64.cache-3
7f2e8bd70000-7f2e8bd74000 r--s 00000000 08:03 4855898                    /var/cache/fontconfig/a46337af8a0b4c9b317ad981ec3bdf87-le64.cache-3
7f2e8bd74000-7f2e8bd7d000 r--s 00000000 08:03 4856317                    /var/cache/fontconfig/6d41288fd70b0be22e8c3a91e032eec0-le64.cache-3
7f2e8bd7d000-7f2e8bdab000 r--s 00000000 08:03 4855897                    /var/cache/fontconfig/365b55f210c0a22e9a19e35191240f32-le64.cache-3
7f2e8bdab000-7f2e8bdae000 r--s 00000000 08:03 4854299                    /var/cache/fontconfig/c57959a16110560c8d0fcea73374aeeb-le64.cache-3
7f2e8bdae000-7f2e8bdb3000 r--s 00000000 08:03 4855942                    /var/cache/fontconfig/3047814df9a2f067bd2d96a2b9c36e5a-le64.cache-3
7f2e8bdc7000-7f2e8bdd1000 r-xp 00000000 08:03 534776                     /usr/lib/x86_64-linux-gnu/libXcursor.so.1.0.2
7f2e8bdd1000-7f2e8bfd0000 ---p 0000a000 08:03 534776                     /usr/lib/x86_64-linux-gnu/libXcursor.so.1.0.2
7f2e8bfd0000-7f2e8bfd1000 rw-p 00009000 08:03 534776                     /usr/lib/x86_64-linux-gnu/libXcursor.so.1.0.2
7f2e8bfe4000-7f2e8bfe5000 rw-s 00005000 00:05 8578                       /dev/ati/card0
7f2e8bfe5000-7f2e8bfe7000 rw-s 00002000 00:05 8578                       /dev/ati/card0
7f2e8bfe7000-7f2e8bfee000 r--s 000fc000 08:03 2231068                    /usr/lib/jvm/java-6-openjdk-common/jre/lib/resources.jar
7f2e8bfee000-7f2e8bff6000 r--s 00000000 08:03 4853581                    /var/cache/fontconfig/3f7329c5293ffd510edef78f73874cfd-le64.cache-3
7f2e8bff6000-7f2e8c000000 r--s 00000000 08:03 4856314                    /var/cache/fontconfig/83bf95040141907cd45bb53cf7c1c148-le64.cache-3
7f2e8c000000-7f2e8dc37000 rw-p 00000000 00:00 0 
7f2e8dc37000-7f2e90000000 ---p 00000000 00:00 0 
7f2e90000000-7f2e90004000 r--s 00000000 08:03 4855898                    /var/cache/fontconfig/a46337af8a0b4c9b317ad981ec3bdf87-le64.cache-3
7f2e90004000-7f2e9000d000 r--s 00000000 08:03 4856317                    /var/cache/fontconfig/6d41288fd70b0be22e8c3a91e032eec0-le64.cache-3
7f2e9000d000-7f2e9003b000 r--s 00000000 08:03 4855897                    /var/cache/fontconfig/365b55f210c0a22e9a19e35191240f32-le64.cache-3
7f2e9003b000-7f2e9003e000 ---p 00000000 00:00 0 
7f2e9003e000-7f2e9013c000 rw-p 00000000 00:00 0 
7f2e9013c000-7f2e901d5000 r-xp 00000000 08:03 530994                     /usr/lib/x86_64-linux-gnu/libfreetype.so.6.8.1
7f2e901d5000-7f2e903d4000 ---p 00099000 08:03 530994                     /usr/lib/x86_64-linux-gnu/libfreetype.so.6.8.1
7f2e903d4000-7f2e903da000 r--p 00098000 08:03 530994                     /usr/lib/x86_64-linux-gnu/libfreetype.so.6.8.1
7f2e903da000-7f2e903db000 rw-p 0009e000 08:03 530994                     /usr/lib/x86_64-linux-gnu/libfreetype.so.6.8.1
7f2e903db000-7f2e90423000 r-xp 00000000 08:03 2231539                    /usr/lib/jvm/java-6-openjdk-amd64/jre/lib/amd64/libfontmanager.so
7f2e90423000-7f2e90623000 ---p 00048000 08:03 2231539                    /usr/lib/jvm/java-6-openjdk-amd64/jre/lib/amd64/libfontmanager.so
7f2e90623000-7f2e90626000 rw-p 00048000 08:03 2231539                    /usr/lib/jvm/java-6-openjdk-amd64/jre/lib/amd64/libfontmanager.so
7f2e90626000-7f2e9062b000 r-xp 00000000 08:03 531316                     /usr/lib/x86_64-linux-gnu/libXdmcp.so.6.0.0
7f2e9062b000-7f2e9082a000 ---p 00005000 08:03 531316                     /usr/lib/x86_64-linux-gnu/libXdmcp.so.6.0.0
7f2e9082a000-7f2e9082b000 rw-p 00004000 08:03 531316                     /usr/lib/x86_64-linux-gnu/libXdmcp.so.6.0.0
7f2e9082b000-7f2e9082d000 r-xp 00000000 08:03 531314                     /usr/lib/x86_64-linux-gnu/libXau.so.6.0.0
7f2e9082d000-7f2e90a2d000 ---p 00002000 08:03 531314                     /usr/lib/x86_64-linux-gnu/libXau.so.6.0.0
7f2e90a2d000-7f2e90a2e000 rw-p 00002000 08:03 531314                     /usr/lib/x86_64-linux-gnu/libXau.so.6.0.0
7f2e90a2e000-7f2e90a4d000 r-xp 00000000 08:03 531318                     /usr/lib/x86_64-linux-gnu/libxcb.so.1.1.0
7f2e90a4d000-7f2e90c4c000 ---p 0001f000 08:03 531318                     /usr/lib/x86_64-linux-gnu/libxcb.so.1.1.0
7f2e90c4c000-7f2e90c4d000 r--p 0001e000 08:03 531318                     /usr/lib/x86_64-linux-gnu/libxcb.so.1.1.0
7f2e90c4d000-7f2e90c4e000 rw-p 0001f000 08:03 531318                     /usr/lib/x86_64-linux-gnu/libxcb.so.1.1.0
7f2e90c4e000-7f2e90c5c000 r-xp 00000000 08:03 534780                     /usr/lib/x86_64-linux-gnu/libXi.so.6.1.0
7f2e90c5c000-7f2e90e5c000 ---p 0000e000 08:03 534780                     /usr/lib/x86_64-linux-gnu/libXi.so.6.1.0
7f2e90e5c000-7f2e90e5d000 rw-p 0000e000 08:03 534780                     /usr/lib/x86_64-linux-gnu/libXi.so.6.1.0
7f2e90e5d000-7f2e90e62000 r-xp 00000000 08:03 535605                     /usr/lib/x86_64-linux-gnu/libXtst.so.6.1.0
7f2e90e62000-7f2e91061000 ---p 00005000 08:03 535605                     /usr/lib/x86_64-linux-gnu/libXtst.so.6.1.0
7f2e91061000-7f2e91062000 rw-p 00004000 08:03 535605                     /usr/lib/x86_64-linux-gnu/libXtst.so.6.1.0
7f2e91062000-7f2e9106b000 r-xp 00000000 08:03 534524                     /usr/lib/x86_64-linux-gnu/libXrender.so.1.3.0
7f2e9106b000-7f2e9126a000 ---p 00009000 08:03 534524                     /usr/lib/x86_64-linux-gnu/libXrender.so.1.3.0
7f2e9126a000-7f2e9126b000 rw-p 00008000 08:03 534524                     /usr/lib/x86_64-linux-gnu/libXrender.so.1.3.0
7f2e9126b000-7f2e913a0000 r-xp 00000000 08:03 531323                     /usr/lib/x86_64-linux-gnu/libX11.so.6.3.0
7f2e913a0000-7f2e915a0000 ---p 00135000 08:03 531323                     /usr/lib/x86_64-linux-gnu/libX11.so.6.3.0
7f2e915a0000-7f2e915a6000 rw-p 00135000 08:03 531323                     /usr/lib/x86_64-linux-gnu/libX11.so.6.3.0
7f2e915a6000-7f2e915b7000 r-xp 00000000 08:03 531325                     /usr/lib/x86_64-linux-gnu/libXext.so.6.4.0
7f2e915b7000-7f2e917b7000 ---p 00011000 08:03 531325                     /usr/lib/x86_64-linux-gnu/libXext.so.6.4.0
7f2e917b7000-7f2e917b8000 rw-p 00011000 08:03 531325                     /usr/lib/x86_64-linux-gnu/libXext.so.6.4.0
7f2e917b8000-7f2e917b9000 r--s 00000000 08:03 4856319                    /var/cache/fontconfig/c05880de57d1f5e948fdfacc138775d9-le64.cache-3
7f2e917b9000-7f2e917ba000 r--s 00000000 08:03 4856316                    /var/cache/fontconfig/4794a0821666d79190d59a36cb4f44b5-le64.cache-3
7f2e917ba000-7f2e917bb000 r--s 00000000 08:03 4855939                    /var/cache/fontconfig/e13b20fdb08344e0e664864cc2ede53d-le64.cache-3
7f2e917bb000-7f2e917bc000 r--s 00000000 08:03 4856319                    /var/cache/fontconfig/c05880de57d1f5e948fdfacc138775d9-le64.cache-3
7f2e917bc000-7f2e917c4000 r--s 00000000 08:03 4853581                    /var/cache/fontconfig/3f7329c5293ffd510edef78f73874cfd-le64.cache-3
7f2e917c4000-7f2e917ce000 r--s 00000000 08:03 4856314                    /var/cache/fontconfig/83bf95040141907cd45bb53cf7c1c148-le64.cache-3
7f2e917ce000-7f2e9181b000 r-xp 00000000 08:03 2231706                    /usr/lib/jvm/java-6-openjdk-amd64/jre/lib/amd64/xawt/libmawt.so
7f2e9181b000-7f2e91a1a000 ---p 0004d000 08:03 2231706                    /usr/lib/jvm/java-6-openjdk-amd64/jre/lib/amd64/xawt/libmawt.so
7f2e91a1a000-7f2e91a1e000 rw-p 0004c000 08:03 2231706                    /usr/lib/jvm/java-6-openjdk-amd64/jre/lib/amd64/xawt/libmawt.so
7f2e91a1e000-7f2e91a1f000 rw-p 00000000 00:00 0 
7f2e91a1f000-7f2e91acf000 r-xp 00000000 08:03 2231546                    /usr/lib/jvm/java-6-openjdk-amd64/jre/lib/amd64/libawt.so
7f2e91acf000-7f2e91cce000 ---p 000b0000 08:03 2231546                    /usr/lib/jvm/java-6-openjdk-amd64/jre/lib/amd64/libawt.so
7f2e91cce000-7f2e91cda000 rw-p 000af000 08:03 2231546                    /usr/lib/jvm/java-6-openjdk-amd64/jre/lib/amd64/libawt.so
7f2e91cda000-7f2e94325000 rw-p 00000000 00:00 0 
7f2e94325000-7f2e94326000 ---p 00000000 00:00 0 
7f2e94326000-7f2e94426000 rw-p 00000000 00:00 0 
7f2e94426000-7f2e94429000 ---p 00000000 00:00 0 
7f2e94429000-7f2e94527000 rw-p 00000000 00:00 0 
7f2e94527000-7f2e9452a000 ---p 00000000 00:00 0 
7f2e9452a000-7f2e94628000 rw-p 00000000 00:00 0 
7f2e94628000-7f2e9462b000 ---p 00000000 00:00 0 
7f2e9462b000-7f2e94729000 rw-p 00000000 00:00 0 
7f2e94729000-7f2e9472c000 ---p 00000000 00:00 0 
7f2e9472c000-7f2e9482a000 rw-p 00000000 00:00 0 
7f2e9482a000-7f2e949a1000 r--p 00000000 08:03 530955                     /usr/lib/locale/locale-archive
7f2e949a1000-7f2e949a4000 ---p 00000000 00:00 0 
7f2e949a4000-7f2e94aa2000 rw-p 00000000 00:00 0 
7f2e94aa2000-7f2e94aa5000 ---p 00000000 00:00 0 
7f2e94aa5000-7f2e94ba3000 rw-p 00000000 00:00 0 
7f2e94ba3000-7f2e94ba4000 ---p 00000000 00:00 0 
7f2e94ba4000-7f2e94fda000 rw-p 00000000 00:00 0 
7f2e94fda000-7f2e9516e000 r--s 03807000 08:03 2231586                    /usr/lib/jvm/java-6-openjdk-amd64/jre/lib/rt.jar
7f2e9516e000-7f2e95196000 rw-p 00000000 00:00 0 
7f2e95196000-7f2e95197000 ---p 00000000 00:00 0 
7f2e95197000-7f2e95297000 rw-p 00000000 00:00 0 
7f2e95297000-7f2e95298000 ---p 00000000 00:00 0 
7f2e95298000-7f2e953a3000 rw-p 00000000 00:00 0 
7f2e953a3000-7f2e953eb000 rw-p 00000000 00:00 0 
7f2e953eb000-7f2e9542a000 rw-p 00000000 00:00 0 
7f2e9542a000-7f2e957d7000 rw-p 00000000 00:00 0 
7f2e957d7000-7f2e957e2000 rw-p 00000000 00:00 0 
7f2e957e2000-7f2e9582a000 rw-p 00000000 00:00 0 
7f2e9582a000-7f2e95869000 rw-p 00000000 00:00 0 
7f2e95869000-7f2e95c16000 rw-p 00000000 00:00 0 
7f2e95c16000-7f2e95c3e000 rw-p 00000000 00:00 0 
7f2e95c3e000-7f2e95e0c000 rw-p 00000000 00:00 0 
7f2e95e0c000-7f2e95e0d000 rw-p 00000000 00:00 0 
7f2e95e0d000-7f2e9607d000 rwxp 00000000 00:00 0 
7f2e9607d000-7f2e98e0d000 rw-p 00000000 00:00 0 
7f2e98e0d000-7f2e98e14000 r-xp 00000000 08:03 2231575                    /usr/lib/jvm/java-6-openjdk-amd64/jre/lib/amd64/libzip.so
7f2e98e14000-7f2e99013000 ---p 00007000 08:03 2231575                    /usr/lib/jvm/java-6-openjdk-amd64/jre/lib/amd64/libzip.so
7f2e99013000-7f2e99014000 rw-p 00006000 08:03 2231575                    /usr/lib/jvm/java-6-openjdk-amd64/jre/lib/amd64/libzip.so
7f2e99014000-7f2e9901f000 r-xp 00000000 08:03 3538957                    /lib/x86_64-linux-gnu/libnss_files-2.13.so
7f2e9901f000-7f2e9921e000 ---p 0000b000 08:03 3538957                    /lib/x86_64-linux-gnu/libnss_files-2.13.so
7f2e9921e000-7f2e9921f000 r--p 0000a000 08:03 3538957                    /lib/x86_64-linux-gnu/libnss_files-2.13.so
7f2e9921f000-7f2e99220000 rw-p 0000b000 08:03 3538957                    /lib/x86_64-linux-gnu/libnss_files-2.13.so
7f2e99220000-7f2e9922a000 r-xp 00000000 08:03 3538969                    /lib/x86_64-linux-gnu/libnss_nis-2.13.so
7f2e9922a000-7f2e99429000 ---p 0000a000 08:03 3538969                    /lib/x86_64-linux-gnu/libnss_nis-2.13.so
7f2e99429000-7f2e9942a000 r--p 00009000 08:03 3538969                    /lib/x86_64-linux-gnu/libnss_nis-2.13.so
7f2e9942a000-7f2e9942b000 rw-p 0000a000 08:03 3538969                    /lib/x86_64-linux-gnu/libnss_nis-2.13.so
7f2e9942b000-7f2e99432000 r-xp 00000000 08:03 3538959                    /lib/x86_64-linux-gnu/libnss_compat-2.13.so
7f2e99432000-7f2e99631000 ---p 00007000 08:03 3538959                    /lib/x86_64-linux-gnu/libnss_compat-2.13.so
7f2e99631000-7f2e99632000 r--p 00006000 08:03 3538959                    /lib/x86_64-linux-gnu/libnss_compat-2.13.so
7f2e99632000-7f2e99633000 rw-p 00007000 08:03 3538959                    /lib/x86_64-linux-gnu/libnss_compat-2.13.so
7f2e99633000-7f2e99648000 r-xp 00000000 08:03 3538967                    /lib/x86_64-linux-gnu/libnsl-2.13.so
7f2e99648000-7f2e99847000 ---p 00015000 08:03 3538967                    /lib/x86_64-linux-gnu/libnsl-2.13.so
7f2e99847000-7f2e99848000 r--p 00014000 08:03 3538967                    /lib/x86_64-linux-gnu/libnsl-2.13.so
7f2e99848000-7f2e99849000 rw-p 00015000 08:03 3538967                    /lib/x86_64-linux-gnu/libnsl-2.13.so
7f2e99849000-7f2e9984b000 rw-p 00000000 00:00 0 
7f2e9984b000-7f2e99879000 r-xp 00000000 08:03 2231561                    /usr/lib/jvm/java-6-openjdk-amd64/jre/lib/amd64/libjava.so
7f2e99879000-7f2e99a78000 ---p 0002e000 08:03 2231561                    /usr/lib/jvm/java-6-openjdk-amd64/jre/lib/amd64/libjava.so
7f2e99a78000-7f2e99a7c000 rw-p 0002d000 08:03 2231561                    /usr/lib/jvm/java-6-openjdk-amd64/jre/lib/amd64/libjava.so
7f2e99a7c000-7f2e99a8b000 r-xp 00000000 08:03 2231544                    /usr/lib/jvm/java-6-openjdk-amd64/jre/lib/amd64/libverify.so
7f2e99a8b000-7f2e99c8a000 ---p 0000f000 08:03 2231544                    /usr/lib/jvm/java-6-openjdk-amd64/jre/lib/amd64/libverify.so
7f2e99c8a000-7f2e99c8c000 rw-p 0000e000 08:03 2231544                    /usr/lib/jvm/java-6-openjdk-amd64/jre/lib/amd64/libverify.so
7f2e99c8c000-7f2e99c93000 r-xp 00000000 08:03 3538958                    /lib/x86_64-linux-gnu/librt-2.13.so
7f2e99c93000-7f2e99e92000 ---p 00007000 08:03 3538958                    /lib/x86_64-linux-gnu/librt-2.13.so
7f2e99e92000-7f2e99e93000 r--p 00006000 08:03 3538958                    /lib/x86_64-linux-gnu/librt-2.13.so
7f2e99e93000-7f2e99e94000 rw-p 00007000 08:03 3538958                    /lib/x86_64-linux-gnu/librt-2.13.so
7f2e99e94000-7f2e99ea9000 r-xp 00000000 08:03 3538948                    /lib/x86_64-linux-gnu/libgcc_s.so.1
7f2e99ea9000-7f2e9a0a9000 ---p 00015000 08:03 3538948                    /lib/x86_64-linux-gnu/libgcc_s.so.1
7f2e9a0a9000-7f2e9a0aa000 rw-p 00015000 08:03 3538948                    /lib/x86_64-linux-gnu/libgcc_s.so.1
7f2e9a0aa000-7f2e9a12b000 r-xp 00000000 08:03 3538960                    /lib/x86_64-linux-gnu/libm-2.13.so
7f2e9a12b000-7f2e9a32a000 ---p 00081000 08:03 3538960                    /lib/x86_64-linux-gnu/libm-2.13.so
7f2e9a32a000-7f2e9a32b000 r--p 00080000 08:03 3538960                    /lib/x86_64-linux-gnu/libm-2.13.so
7f2e9a32b000-7f2e9a32c000 rw-p 00081000 08:03 3538960                    /lib/x86_64-linux-gnu/libm-2.13.so
7f2e9a32c000-7f2e9a414000 r-xp 00000000 08:03 528173                     /usr/lib/x86_64-linux-gnu/libstdc++.so.6.0.17
7f2e9a414000-7f2e9a614000 ---p 000e8000 08:03 528173                     /usr/lib/x86_64-linux-gnu/libstdc++.so.6.0.17
7f2e9a614000-7f2e9a61c000 r--p 000e8000 08:03 528173                     /usr/lib/x86_64-linux-gnu/libstdc++.so.6.0.17
7f2e9a61c000-7f2e9a61e000 rw-p 000f0000 08:03 528173                     /usr/lib/x86_64-linux-gnu/libstdc++.so.6.0.17
7f2e9a61e000-7f2e9a633000 rw-p 00000000 00:00 0 
7f2e9a633000-7f2e9af47000 r-xp 00000000 08:03 2231551                    /usr/lib/jvm/java-6-openjdk-amd64/jre/lib/amd64/server/libjvm.so
7f2e9af47000-7f2e9b146000 ---p 00914000 08:03 2231551                    /usr/lib/jvm/java-6-openjdk-amd64/jre/lib/amd64/server/libjvm.so
7f2e9b146000-7f2e9b1e2000 rw-p 00913000 08:03 2231551                    /usr/lib/jvm/java-6-openjdk-amd64/jre/lib/amd64/server/libjvm.so
7f2e9b1e2000-7f2e9b20b000 rw-p 00000000 00:00 0 
7f2e9b20b000-7f2e9b38b000 r-xp 00000000 08:03 3538963                    /lib/x86_64-linux-gnu/libc-2.13.so
7f2e9b38b000-7f2e9b58b000 ---p 00180000 08:03 3538963                    /lib/x86_64-linux-gnu/libc-2.13.so
7f2e9b58b000-7f2e9b58f000 r--p 00180000 08:03 3538963                    /lib/x86_64-linux-gnu/libc-2.13.so
7f2e9b58f000-7f2e9b590000 rw-p 00184000 08:03 3538963                    /lib/x86_64-linux-gnu/libc-2.13.so
7f2e9b590000-7f2e9b595000 rw-p 00000000 00:00 0 
7f2e9b595000-7f2e9b597000 r-xp 00000000 08:03 3538956                    /lib/x86_64-linux-gnu/libdl-2.13.so
7f2e9b597000-7f2e9b797000 ---p 00002000 08:03 3538956                    /lib/x86_64-linux-gnu/libdl-2.13.so
7f2e9b797000-7f2e9b798000 r--p 00002000 08:03 3538956                    /lib/x86_64-linux-gnu/libdl-2.13.so
7f2e9b798000-7f2e9b799000 rw-p 00003000 08:03 3538956                    /lib/x86_64-linux-gnu/libdl-2.13.so
7f2e9b799000-7f2e9b79d000 r-xp 00000000 08:03 2231548                    /usr/lib/jvm/java-6-openjdk-amd64/jre/lib/amd64/jli/libjli.so
7f2e9b79d000-7f2e9b99c000 ---p 00004000 08:03 2231548                    /usr/lib/jvm/java-6-openjdk-amd64/jre/lib/amd64/jli/libjli.so
7f2e9b99c000-7f2e9b99d000 rw-p 00003000 08:03 2231548                    /usr/lib/jvm/java-6-openjdk-amd64/jre/lib/amd64/jli/libjli.so
7f2e9b99d000-7f2e9b9b4000 r-xp 00000000 08:03 3538953                    /lib/x86_64-linux-gnu/libpthread-2.13.so
7f2e9b9b4000-7f2e9bbb3000 ---p 00017000 08:03 3538953                    /lib/x86_64-linux-gnu/libpthread-2.13.so
7f2e9bbb3000-7f2e9bbb4000 r--p 00016000 08:03 3538953                    /lib/x86_64-linux-gnu/libpthread-2.13.so
7f2e9bbb4000-7f2e9bbb5000 rw-p 00017000 08:03 3538953                    /lib/x86_64-linux-gnu/libpthread-2.13.so
7f2e9bbb5000-7f2e9bbb9000 rw-p 00000000 00:00 0 
7f2e9bbb9000-7f2e9bbcf000 r-xp 00000000 08:03 3539034                    /lib/x86_64-linux-gnu/libz.so.1.2.7
7f2e9bbcf000-7f2e9bdce000 ---p 00016000 08:03 3539034                    /lib/x86_64-linux-gnu/libz.so.1.2.7
7f2e9bdce000-7f2e9bdcf000 r--p 00015000 08:03 3539034                    /lib/x86_64-linux-gnu/libz.so.1.2.7
7f2e9bdcf000-7f2e9bdd0000 rw-p 00016000 08:03 3539034                    /lib/x86_64-linux-gnu/libz.so.1.2.7
7f2e9bdd0000-7f2e9bdf0000 r-xp 00000000 08:03 3538966                    /lib/x86_64-linux-gnu/ld-2.13.so
7f2e9bdf0000-7f2e9bdf1000 r--s 00000000 08:03 4856316                    /var/cache/fontconfig/4794a0821666d79190d59a36cb4f44b5-le64.cache-3
7f2e9bdf1000-7f2e9bdf4000 r--s 00000000 08:03 4854299                    /var/cache/fontconfig/c57959a16110560c8d0fcea73374aeeb-le64.cache-3
7f2e9bdf4000-7f2e9bdf9000 r--s 00000000 08:03 4855942                    /var/cache/fontconfig/3047814df9a2f067bd2d96a2b9c36e5a-le64.cache-3
7f2e9bdf9000-7f2e9bdfa000 r--s 00000000 08:03 4855939                    /var/cache/fontconfig/e13b20fdb08344e0e664864cc2ede53d-le64.cache-3
7f2e9bdfa000-7f2e9bdfd000 r--s 0007f000 08:03 2231060                    /usr/lib/jvm/java-6-openjdk-common/jre/lib/jsse.jar
7f2e9bdfd000-7f2e9be0a000 r--s 000e6000 08:03 11413237                   /home/brandon/ClearWaterInk/games/WorldsCubed/libs/lwjgl.jar
7f2e9be0a000-7f2e9be0e000 r--s 00027000 08:03 11413238                   /home/brandon/ClearWaterInk/games/WorldsCubed/libs/lwjgl_util.jar
7f2e9be0e000-7f2e9be0f000 r--s 00007000 08:03 793877                     /usr/share/java/java-atk-wrapper.jar
7f2e9be0f000-7f2e9be11000 r--s 00001000 08:03 2231056                    /usr/lib/jvm/java-6-openjdk-common/jre/lib/ext/dnsns.jar
7f2e9be11000-7f2e9be1b000 rw-p 00000000 00:00 0 
7f2e9be1b000-7f2e9bed1000 rw-p 00000000 00:00 0 
7f2e9bed1000-7f2e9bed4000 ---p 00000000 00:00 0 
7f2e9bed4000-7f2e9bfd7000 rw-p 00000000 00:00 0 
7f2e9bfd7000-7f2e9bfd9000 r--s 0000f000 08:03 2231053                    /usr/lib/jvm/java-6-openjdk-common/jre/lib/ext/pulse-java.jar
7f2e9bfd9000-7f2e9bfdd000 r--s 00039000 08:03 2231052                    /usr/lib/jvm/java-6-openjdk-common/jre/lib/ext/sunpkcs11.jar
7f2e9bfdd000-7f2e9bfe0000 r--s 00031000 08:03 2231055                    /usr/lib/jvm/java-6-openjdk-common/jre/lib/ext/sunjce_provider.jar
7f2e9bfe0000-7f2e9bfe3000 r--s 00077000 08:03 2231054                    /usr/lib/jvm/java-6-openjdk-common/jre/lib/ext/localedata.jar
7f2e9bfe3000-7f2e9bfeb000 rw-s 00000000 08:03 8002090                    /tmp/hsperfdata_brandon/7016 (deleted)
7f2e9bfeb000-7f2e9bfec000 rw-p 00000000 00:00 0 
7f2e9bfec000-7f2e9bfed000 ---p 00000000 00:00 0 
7f2e9bfed000-7f2e9bfef000 rw-p 00000000 00:00 0 
7f2e9bfef000-7f2e9bff0000 r--p 0001f000 08:03 3538966                    /lib/x86_64-linux-gnu/ld-2.13.so
7f2e9bff0000-7f2e9bff1000 rw-p 00020000 08:03 3538966                    /lib/x86_64-linux-gnu/ld-2.13.so
7f2e9bff1000-7f2e9bff2000 rw-p 00000000 00:00 0 
7fff12427000-7fff12448000 rw-p 00000000 00:00 0                          [stack]
7fff1247c000-7fff1247d000 r-xp 00000000 00:00 0                          [vdso]
ffffffffff600000-ffffffffff601000 r-xp 00000000 00:00 0                  [vsyscall]

VM Arguments:
jvm_args: -Djava.library.path=/home/brandon/ClearWaterInk/games/WorldsCubed/libs/natives/linux -Dfile.encoding=UTF-8 
java_command: net.clearwaterink.worldscubed.WorldsCubed
Launcher Type: SUN_STANDARD

Environment Variables:
PATH=/home/brandon/bin:/usr/local/bin:/usr/bin:/bin:/usr/local/games:/usr/games
LD_LIBRARY_PATH=/usr/lib/jvm/java-6-openjdk-amd64/jre/lib/amd64/server:/usr/lib/jvm/java-6-openjdk-amd64/jre/lib/amd64:/usr/lib/jvm/java-6-openjdk-amd64/jre/../lib/amd64
SHELL=/bin/bash
DISPLAY=:0.0

Signal Handlers:
SIGSEGV: [libjvm.so+0x791b10], sa_mask[0]=0x7ffbfeff, sa_flags=0x10000004
SIGBUS: [libjvm.so+0x791b10], sa_mask[0]=0x7ffbfeff, sa_flags=0x10000004
SIGFPE: [libjvm.so+0x65ace0], sa_mask[0]=0x7ffbfeff, sa_flags=0x10000004
SIGPIPE: [libjvm.so+0x65ace0], sa_mask[0]=0x7ffbfeff, sa_flags=0x10000004
SIGXFSZ: [libjvm.so+0x65ace0], sa_mask[0]=0x7ffbfeff, sa_flags=0x10000004
SIGILL: [libjvm.so+0x65ace0], sa_mask[0]=0x7ffbfeff, sa_flags=0x10000004
SIGUSR1: SIG_DFL, sa_mask[0]=0x00000000, sa_flags=0x00000000
SIGUSR2: [libjvm.so+0x65aec0], sa_mask[0]=0x00000004, sa_flags=0x10000004
SIGHUP: [libjvm.so+0x65d500], sa_mask[0]=0x7ffbfeff, sa_flags=0x10000004
SIGINT: [libjvm.so+0x65d500], sa_mask[0]=0x7ffbfeff, sa_flags=0x10000004
SIGTERM: [libjvm.so+0x65d500], sa_mask[0]=0x7ffbfeff, sa_flags=0x10000004
SIGQUIT: [libjvm.so+0x65d500], sa_mask[0]=0x7ffbfeff, sa_flags=0x10000004


---------------  S Y S T E M  ---------------

OS:7.3

uname:Linux 3.2.0-4-amd64 #1 SMP Debian 3.2.51-1 x86_64
libc:glibc 2.13 NPTL 2.13 
rlimit: STACK 8192k, CORE 0k, NPROC 95755, NOFILE 4096, AS infinity
load average:1.26 1.25 1.12

/proc/meminfo:
MemTotal:       12334808 kB
MemFree:         8088096 kB
Buffers:          380256 kB
Cached:          1679912 kB
SwapCached:            0 kB
Active:          2565572 kB
Inactive:        1192740 kB
Active(anon):    1698692 kB
Inactive(anon):    22748 kB
Active(file):     866880 kB
Inactive(file):  1169992 kB
Unevictable:           4 kB
Mlocked:               4 kB
SwapTotal:      13616120 kB
SwapFree:       13616120 kB
Dirty:              2596 kB
Writeback:             0 kB
AnonPages:       1698016 kB
Mapped:           255460 kB
Shmem:             23300 kB
Slab:             242620 kB
SReclaimable:     218436 kB
SUnreclaim:        24184 kB
KernelStack:        3864 kB
PageTables:        26148 kB
NFS_Unstable:          0 kB
Bounce:                0 kB
WritebackTmp:          0 kB
CommitLimit:    19783524 kB
Committed_AS:    3939204 kB
VmallocTotal:   34359738367 kB
VmallocUsed:      329784 kB
VmallocChunk:   34359406412 kB
HardwareCorrupted:     0 kB
AnonHugePages:         0 kB
HugePages_Total:       0
HugePages_Free:        0
HugePages_Rsvd:        0
HugePages_Surp:        0
Hugepagesize:       2048 kB
DirectMap4k:      294272 kB
DirectMap2M:     8093696 kB
DirectMap1G:     4194304 kB


CPU:total 2 (2 cores per cpu, 1 threads per core) family 16 model 6 stepping 3, cmov, cx8, fxsr, mmx, sse, sse2, sse3, popcnt, mmxext, 3dnowpref, lzcnt, sse4a

Memory: 4k page, physical 12334808k(8088096k free), swap 13616120k(13616120k free)

vm_info: OpenJDK 64-Bit Server VM (20.0-b12) for linux-amd64 JRE (1.6.0_27-b27), built on Jul 12 2013 09:04:12 by "jmm" with gcc 4.7.2

time: Fri Feb  7 22:30:37 2014
elapsed time: 31 seconds

