#
# A fatal error has been detected by the Java Runtime Environment:
#
#  SIGSEGV (0xb) at pc=0x00007f0f90e53e38, pid=6474, tid=139704894461696
#
# JRE version: 6.0_27-b27
# Java VM: OpenJDK 64-Bit Server VM (20.0-b12 mixed mode linux-amd64 compressed oops)
# Derivative: IcedTea6 1.12.6
# Distribution: Debian GNU/Linux 7.1 (wheezy), package 6b27-1.12.6-1~deb7u1
# Problematic frame:
# C  [libX11.so.6+0x3ae38]  XQueryExtension+0x28
#
# If you would like to submit a bug report, please include
# instructions how to reproduce the bug and visit:
#   http://icedtea.classpath.org/bugzilla
#

---------------  T H R E A D  ---------------

Current thread (0x000000000183c800):  VMThread [stack: 0x00007f0f948b9000,0x00007f0f949ba000] [id=6482]

siginfo:si_signo=SIGSEGV: si_errno=0, si_code=1 (SEGV_MAPERR), si_addr=0xffffffff84124fe8

Registers:
RAX=0x00000000017df360, RBX=0xffffffff84124680, RCX=0x00007f0f949b89d8, RDX=0x00007f0f949b89d4
RSP=0x00007f0f949b8970, RBP=0x00007f0f8ac38c60, RSI=0x00007f0f8ab00e12, RDI=0xffffffff84124680
R8 =0x00007f0f949b89dc, R9 =0x0000000000000000, R10=0x00007f0f9b2a8768, R11=0x00007f0f9af580d0
R12=0x00007f0f8ab00e12, R13=0x00000000017df360, R14=0x00007f0f841205f0, R15=0x00007f0f84133e60
RIP=0x00007f0f90e53e38, EFLAGS=0x0000000000010202, CSGSFS=0x0000000000000033, ERR=0x0000000000000005
  TRAPNO=0x000000000000000e

Top of Stack: (sp=0x00007f0f949b8970)
0x00007f0f949b8970:   0000000000000020 00007f0f95b23438
0x00007f0f949b8980:   00007f0f9af2f5c8 00007f0f9bceb000
0x00007f0f949b8990:   00007f0f9af2f5c8 ffffffff84124680
0x00007f0f949b89a0:   00007f0f8ac38c60 00007f0f8ab00e12
0x00007f0f949b89b0:   00000000017df360 00007f0f841205f0
0x00007f0f949b89c0:   00007f0f84133e60 00007f0f90e47e72
0x00007f0f949b89d0:   00007f0f841205f0 0000000000000000
0x00007f0f949b89e0:   0000000000000000 00007f0f8ac38c60
0x00007f0f949b89f0:   ffffffff84124680 00007f0f9116171d
0x00007f0f949b8a00:   00007f0f8ab00e12 000000119af2f5c8
0x00007f0f949b8a10:   00007f0f949b8a90 0000000000000000
0x00007f0f949b8a20:   00007f0f949b8a90 ffffffff84124680
0x00007f0f949b8a30:   00007f0f9bd06048 00007f0f841205f0
0x00007f0f949b8a40:   00007f0f8ac52490 00007f0f8aaacfd9
0x00007f0f949b8a50:   0000000000000000 000000000000002b
0x00007f0f949b8a60:   00007f0f949b8a90 0000000000000000
0x00007f0f949b8a70:   00007f0f9bd06048 00007f0f841205f0
0x00007f0f949b8a80:   000000000000001b 00007f0f8aaa16e2
0x00007f0f949b8a90:   00007f0f949b8c90 00007f0f8ab00d81
0x00007f0f949b8aa0:   00007f0f949b8c90 00007f0f9baf44ec
0x00007f0f949b8ab0:   00007f0f9bd071c8 00007f0f9bd07758
0x00007f0f949b8ac0:   00007f0f9bcec508 00000000017d55a0
0x00007f0f949b8ad0:   00000000017d5ac0 00000000017d5fc0
0x00007f0f949b8ae0:   00000000017dacc0 00007f0f84074580
0x00007f0f949b8af0:   00007f0f84074a60 00007f0f9bd047f0
0x00007f0f949b8b00:   00007f0f8411d260 00007f0f8411cd90
0x00007f0f949b8b10:   00007f0f8410df80 00007f0f841166d0
0x00007f0f949b8b20:   00007f0f8402d400 00007f0f8402e8e0
0x00007f0f949b8b30:   00007f0f8402ede0 00007f0f84002b70
0x00007f0f949b8b40:   00000000017d1600 00000000017d1be0
0x00007f0f949b8b50:   00000000017d0f40 00000000017cc5f0
0x00007f0f949b8b60:   00000000017ccb60 00000000017cd570 

Instructions: (pc=0x00007f0f90e53e38)
0x00007f0f90e53e18:   24 e0 48 89 fb 4c 89 6c 24 e8 4c 89 74 24 f0 49
0x00007f0f90e53e28:   89 f4 4c 89 7c 24 f8 48 89 6c 24 d8 48 83 ec 58
0x00007f0f90e53e38:   48 8b 87 68 09 00 00 49 89 d7 49 89 ce 4d 89 c5
0x00007f0f90e53e48:   48 85 c0 74 02 ff 10 ba 08 00 00 00 be 62 00 00 

Register to memory mapping:

RAX=0x00000000017df360 is an unknown value
RBX=0xffffffff84124680 is an unknown value
RCX=0x00007f0f949b89d8 is an unknown value
RDX=0x00007f0f949b89d4 is an unknown value
RSP=0x00007f0f949b8970 is an unknown value
RBP=0x00007f0f8ac38c60: <offset 0x1cac60> in /usr/lib/x86_64-linux-gnu/libGL.so.1 at 0x00007f0f8aa6e000
RSI=0x00007f0f8ab00e12: <offset 0x92e12> in /usr/lib/x86_64-linux-gnu/libGL.so.1 at 0x00007f0f8aa6e000
RDI=0xffffffff84124680 is an unknown value
R8 =0x00007f0f949b89dc is an unknown value
R9 =0x0000000000000000 is an unknown value
R10=0x00007f0f9b2a8768: <offset 0x387768> in /lib/x86_64-linux-gnu/libc.so.6 at 0x00007f0f9af21000
R11=0x00007f0f9af580d0: __cxa_finalize+0 in /lib/x86_64-linux-gnu/libc.so.6 at 0x00007f0f9af21000
R12=0x00007f0f8ab00e12: <offset 0x92e12> in /usr/lib/x86_64-linux-gnu/libGL.so.1 at 0x00007f0f8aa6e000
R13=0x00000000017df360 is an unknown value
R14=0x00007f0f841205f0 is an unknown value
R15=0x00007f0f84133e60 is an unknown value


Stack: [0x00007f0f948b9000,0x00007f0f949ba000],  sp=0x00007f0f949b8970,  free space=1022k
Native frames: (J=compiled Java code, j=interpreted, Vv=VM code, C=native code)
C  [libX11.so.6+0x3ae38]  XQueryExtension+0x28

VM_Operation (0x00007f0f9bce65d0): Exit, mode: safepoint, requested by thread 0x00000000017d7000


---------------  P R O C E S S  ---------------

Java Threads: ( => current thread )
  0x00007f0f84c47000 JavaThread "Thread-1" [_thread_blocked, id=6498, stack(0x00007f0f8ac72000,0x00007f0f8ad73000)]
  0x00007f0f84109000 JavaThread "AWT-XAWT" daemon [_thread_in_native, id=6491, stack(0x00007f0f8b5ef000,0x00007f0f8b6f0000)]
  0x00007f0f840aa800 JavaThread "Java2D Disposer" daemon [_thread_blocked, id=6490, stack(0x00007f0f91634000,0x00007f0f91735000)]
  0x0000000001873800 JavaThread "Low Memory Detector" daemon [_thread_blocked, id=6488, stack(0x00007f0f9413c000,0x00007f0f9423d000)]
  0x000000000186e800 JavaThread "C2 CompilerThread1" daemon [_thread_blocked, id=6487, stack(0x00007f0f9423d000,0x00007f0f9433e000)]
  0x000000000186a000 JavaThread "C2 CompilerThread0" daemon [_thread_blocked, id=6486, stack(0x00007f0f9433e000,0x00007f0f9443f000)]
  0x0000000001843800 JavaThread "Finalizer" daemon [_thread_blocked, id=6484, stack(0x00007f0f946b7000,0x00007f0f947b8000)]
  0x0000000001841800 JavaThread "Reference Handler" daemon [_thread_blocked, id=6483, stack(0x00007f0f947b8000,0x00007f0f948b9000)]
  0x00000000017d7000 JavaThread "main" [_thread_blocked, id=6476, stack(0x00007f0f9bbe7000,0x00007f0f9bce8000)]

Other Threads:
=>0x000000000183c800 VMThread [stack: 0x00007f0f948b9000,0x00007f0f949ba000] [id=6482]

VM state:at safepoint (shutting down)

VM Mutex/Monitor currently owned by a thread:  ([mutex/lock_event])
[0x00000000017d3a10] Threads_lock - owner thread: 0x000000000183c800

Heap
 PSYoungGen      total 56256K, used 15777K [0x00000007c1400000, 0x00000007c52c0000, 0x0000000800000000)
  eden space 48256K, 32% used [0x00000007c1400000,0x00000007c2368508,0x00000007c4320000)
  from space 8000K, 0% used [0x00000007c4af0000,0x00000007c4af0000,0x00000007c52c0000)
  to   space 8000K, 0% used [0x00000007c4320000,0x00000007c4320000,0x00000007c4af0000)
 PSOldGen        total 128512K, used 0K [0x0000000743c00000, 0x000000074b980000, 0x00000007c1400000)
  object space 128512K, 0% used [0x0000000743c00000,0x0000000743c00000,0x000000074b980000)
 PSPermGen       total 21248K, used 9754K [0x0000000739600000, 0x000000073aac0000, 0x0000000743c00000)
  object space 21248K, 45% used [0x0000000739600000,0x0000000739f86930,0x000000073aac0000)

Code Cache  [0x00007f0f95b23000, 0x00007f0f95d93000, 0x00007f0f98b23000)
 total_blobs=580 nmethods=128 adapters=407 free_code_cache=49461312 largest_free_block=17216

Dynamic libraries:
00400000-00409000 r-xp 00000000 08:03 2231614                            /usr/lib/jvm/java-6-openjdk-amd64/jre/bin/java
00608000-00609000 rw-p 00008000 08:03 2231614                            /usr/lib/jvm/java-6-openjdk-amd64/jre/bin/java
017cc000-02b15000 rw-p 00000000 00:00 0                                  [heap]
739600000-73aac0000 rw-p 00000000 00:00 0 
73aac0000-743c00000 rw-p 00000000 00:00 0 
743c00000-74b980000 rw-p 00000000 00:00 0 
74b980000-7c1400000 rw-p 00000000 00:00 0 
7c1400000-7c52c0000 rw-p 00000000 00:00 0 
7c52c0000-800000000 rw-p 00000000 00:00 0 
7f0f83900000-7f0f84000000 rw-s 00006000 00:05 8578                       /dev/ati/card0
7f0f84000000-7f0f85b73000 rw-p 00000000 00:00 0 
7f0f85b73000-7f0f88000000 ---p 00000000 00:00 0 
7f0f882bd000-7f0f882bf000 r-xp 00000000 08:03 534782                     /usr/lib/x86_64-linux-gnu/libXinerama.so.1.0.0
7f0f882bf000-7f0f884be000 ---p 00002000 08:03 534782                     /usr/lib/x86_64-linux-gnu/libXinerama.so.1.0.0
7f0f884be000-7f0f884bf000 rw-p 00001000 08:03 534782                     /usr/lib/x86_64-linux-gnu/libXinerama.so.1.0.0
7f0f884bf000-7f0f8850b000 r-xp 00000000 08:03 539328                     /usr/lib/x86_64-linux-gnu/libatiadlxx.so
7f0f8850b000-7f0f8860b000 ---p 0004c000 08:03 539328                     /usr/lib/x86_64-linux-gnu/libatiadlxx.so
7f0f8860b000-7f0f88616000 rw-p 0004c000 08:03 539328                     /usr/lib/x86_64-linux-gnu/libatiadlxx.so
7f0f88616000-7f0f88626000 rw-p 00000000 00:00 0 
7f0f88626000-7f0f88646000 rw-s fe9e0000 00:05 8578                       /dev/ati/card0
7f0f88646000-7f0f8a5e4000 r-xp 00000000 08:03 921615                     /usr/lib/x86_64-linux-gnu/dri/fglrx_dri.so
7f0f8a5e4000-7f0f8a6e3000 ---p 01f9e000 08:03 921615                     /usr/lib/x86_64-linux-gnu/dri/fglrx_dri.so
7f0f8a6e3000-7f0f8a831000 rwxp 01f9d000 08:03 921615                     /usr/lib/x86_64-linux-gnu/dri/fglrx_dri.so
7f0f8a831000-7f0f8a965000 rwxp 00000000 00:00 0 
7f0f8a965000-7f0f8a96c000 r-xp 00000000 08:03 539324                     /usr/lib/x86_64-linux-gnu/libatiuki.so.1.0
7f0f8a96c000-7f0f8aa6c000 ---p 00007000 08:03 539324                     /usr/lib/x86_64-linux-gnu/libatiuki.so.1.0
7f0f8aa6c000-7f0f8aa6d000 rw-p 00007000 08:03 539324                     /usr/lib/x86_64-linux-gnu/libatiuki.so.1.0
7f0f8aa6d000-7f0f8aa6e000 rw-p 00000000 00:00 0 
7f0f8aa6e000-7f0f8ab2c000 r-xp 00000000 08:03 1445187                    /usr/lib/x86_64-linux-gnu/fglrx/fglrx-libGL.so.1.2
7f0f8ab2c000-7f0f8ac2c000 ---p 000be000 08:03 1445187                    /usr/lib/x86_64-linux-gnu/fglrx/fglrx-libGL.so.1.2
7f0f8ac2c000-7f0f8ac53000 rwxp 000be000 08:03 1445187                    /usr/lib/x86_64-linux-gnu/fglrx/fglrx-libGL.so.1.2
7f0f8ac53000-7f0f8ac72000 rwxp 00000000 00:00 0 
7f0f8ac72000-7f0f8ac75000 ---p 00000000 00:00 0 
7f0f8ac75000-7f0f8ad73000 rw-p 00000000 00:00 0 
7f0f8ad73000-7f0f8ad77000 r-xp 00000000 08:03 535177                     /usr/lib/x86_64-linux-gnu/libXxf86vm.so.1.0.0
7f0f8ad77000-7f0f8af77000 ---p 00004000 08:03 535177                     /usr/lib/x86_64-linux-gnu/libXxf86vm.so.1.0.0
7f0f8af77000-7f0f8af78000 r--p 00004000 08:03 535177                     /usr/lib/x86_64-linux-gnu/libXxf86vm.so.1.0.0
7f0f8af78000-7f0f8af79000 rw-p 00005000 08:03 535177                     /usr/lib/x86_64-linux-gnu/libXxf86vm.so.1.0.0
7f0f8af79000-7f0f8af80000 r-xp 00000000 08:03 534784                     /usr/lib/x86_64-linux-gnu/libXrandr.so.2.2.0
7f0f8af80000-7f0f8b180000 ---p 00007000 08:03 534784                     /usr/lib/x86_64-linux-gnu/libXrandr.so.2.2.0
7f0f8b180000-7f0f8b181000 rw-p 00007000 08:03 534784                     /usr/lib/x86_64-linux-gnu/libXrandr.so.2.2.0
7f0f8b181000-7f0f8b1eb000 r-xp 00000000 08:03 12332350                   /home/brandon/ClearWaterInk/games/WorldsCubed/libs/natives/linux/liblwjgl64.so
7f0f8b1eb000-7f0f8b3eb000 ---p 0006a000 08:03 12332350                   /home/brandon/ClearWaterInk/games/WorldsCubed/libs/natives/linux/liblwjgl64.so
7f0f8b3eb000-7f0f8b3ed000 r--p 0006a000 08:03 12332350                   /home/brandon/ClearWaterInk/games/WorldsCubed/libs/natives/linux/liblwjgl64.so
7f0f8b3ed000-7f0f8b3ee000 rw-p 0006c000 08:03 12332350                   /home/brandon/ClearWaterInk/games/WorldsCubed/libs/natives/linux/liblwjgl64.so
7f0f8b3ee000-7f0f8b3ef000 r-xp 00000000 08:03 2231545                    /usr/lib/jvm/java-6-openjdk-amd64/jre/lib/amd64/libjawt.so
7f0f8b3ef000-7f0f8b5ee000 ---p 00001000 08:03 2231545                    /usr/lib/jvm/java-6-openjdk-amd64/jre/lib/amd64/libjawt.so
7f0f8b5ee000-7f0f8b5ef000 rw-p 00000000 08:03 2231545                    /usr/lib/jvm/java-6-openjdk-amd64/jre/lib/amd64/libjawt.so
7f0f8b5ef000-7f0f8b5f2000 ---p 00000000 00:00 0 
7f0f8b5f2000-7f0f8b6f0000 rw-p 00000000 00:00 0 
7f0f8b6f0000-7f0f8b6f5000 r-xp 00000000 08:03 534774                     /usr/lib/x86_64-linux-gnu/libXfixes.so.3.1.0
7f0f8b6f5000-7f0f8b8f4000 ---p 00005000 08:03 534774                     /usr/lib/x86_64-linux-gnu/libXfixes.so.3.1.0
7f0f8b8f4000-7f0f8b8f5000 r--p 00004000 08:03 534774                     /usr/lib/x86_64-linux-gnu/libXfixes.so.3.1.0
7f0f8b8f5000-7f0f8b8f6000 rw-p 00005000 08:03 534774                     /usr/lib/x86_64-linux-gnu/libXfixes.so.3.1.0
7f0f8b8f6000-7f0f8b900000 r-xp 00000000 08:03 534776                     /usr/lib/x86_64-linux-gnu/libXcursor.so.1.0.2
7f0f8b900000-7f0f8baff000 ---p 0000a000 08:03 534776                     /usr/lib/x86_64-linux-gnu/libXcursor.so.1.0.2
7f0f8baff000-7f0f8bb00000 rw-p 00009000 08:03 534776                     /usr/lib/x86_64-linux-gnu/libXcursor.so.1.0.2
7f0f8bb16000-7f0f8bbaf000 r-xp 00000000 08:03 530994                     /usr/lib/x86_64-linux-gnu/libfreetype.so.6.8.1
7f0f8bbaf000-7f0f8bdae000 ---p 00099000 08:03 530994                     /usr/lib/x86_64-linux-gnu/libfreetype.so.6.8.1
7f0f8bdae000-7f0f8bdb4000 r--p 00098000 08:03 530994                     /usr/lib/x86_64-linux-gnu/libfreetype.so.6.8.1
7f0f8bdb4000-7f0f8bdb5000 rw-p 0009e000 08:03 530994                     /usr/lib/x86_64-linux-gnu/libfreetype.so.6.8.1
7f0f8bdb5000-7f0f8bdfd000 r-xp 00000000 08:03 2231539                    /usr/lib/jvm/java-6-openjdk-amd64/jre/lib/amd64/libfontmanager.so
7f0f8bdfd000-7f0f8bffd000 ---p 00048000 08:03 2231539                    /usr/lib/jvm/java-6-openjdk-amd64/jre/lib/amd64/libfontmanager.so
7f0f8bffd000-7f0f8c000000 rw-p 00048000 08:03 2231539                    /usr/lib/jvm/java-6-openjdk-amd64/jre/lib/amd64/libfontmanager.so
7f0f8c000000-7f0f8cf59000 rw-p 00000000 00:00 0 
7f0f8cf59000-7f0f90000000 ---p 00000000 00:00 0 
7f0f90013000-7f0f9001a000 r--s 000fc000 08:03 2231068                    /usr/lib/jvm/java-6-openjdk-common/jre/lib/resources.jar
7f0f9001a000-7f0f9001b000 r--s 00000000 08:03 4856319                    /var/cache/fontconfig/c05880de57d1f5e948fdfacc138775d9-le64.cache-3
7f0f9001b000-7f0f90024000 r--s 00000000 08:03 4854967                    /var/cache/fontconfig/945677eb7aeaf62f1d50efc3fb3ec7d8-le64.cache-3
7f0f90024000-7f0f90028000 r--s 00000000 08:03 4855898                    /var/cache/fontconfig/a46337af8a0b4c9b317ad981ec3bdf87-le64.cache-3
7f0f90028000-7f0f90031000 r--s 00000000 08:03 4856317                    /var/cache/fontconfig/6d41288fd70b0be22e8c3a91e032eec0-le64.cache-3
7f0f90031000-7f0f90032000 r--s 00000000 08:03 4856316                    /var/cache/fontconfig/4794a0821666d79190d59a36cb4f44b5-le64.cache-3
7f0f90032000-7f0f90060000 r--s 00000000 08:03 4855897                    /var/cache/fontconfig/365b55f210c0a22e9a19e35191240f32-le64.cache-3
7f0f901d4000-7f0f901d9000 r-xp 00000000 08:03 531316                     /usr/lib/x86_64-linux-gnu/libXdmcp.so.6.0.0
7f0f901d9000-7f0f903d8000 ---p 00005000 08:03 531316                     /usr/lib/x86_64-linux-gnu/libXdmcp.so.6.0.0
7f0f903d8000-7f0f903d9000 rw-p 00004000 08:03 531316                     /usr/lib/x86_64-linux-gnu/libXdmcp.so.6.0.0
7f0f903d9000-7f0f903db000 r-xp 00000000 08:03 531314                     /usr/lib/x86_64-linux-gnu/libXau.so.6.0.0
7f0f903db000-7f0f905db000 ---p 00002000 08:03 531314                     /usr/lib/x86_64-linux-gnu/libXau.so.6.0.0
7f0f905db000-7f0f905dc000 rw-p 00002000 08:03 531314                     /usr/lib/x86_64-linux-gnu/libXau.so.6.0.0
7f0f905dc000-7f0f905fb000 r-xp 00000000 08:03 531318                     /usr/lib/x86_64-linux-gnu/libxcb.so.1.1.0
7f0f905fb000-7f0f907fa000 ---p 0001f000 08:03 531318                     /usr/lib/x86_64-linux-gnu/libxcb.so.1.1.0
7f0f907fa000-7f0f907fb000 r--p 0001e000 08:03 531318                     /usr/lib/x86_64-linux-gnu/libxcb.so.1.1.0
7f0f907fb000-7f0f907fc000 rw-p 0001f000 08:03 531318                     /usr/lib/x86_64-linux-gnu/libxcb.so.1.1.0
7f0f907fc000-7f0f9080a000 r-xp 00000000 08:03 534780                     /usr/lib/x86_64-linux-gnu/libXi.so.6.1.0
7f0f9080a000-7f0f90a0a000 ---p 0000e000 08:03 534780                     /usr/lib/x86_64-linux-gnu/libXi.so.6.1.0
7f0f90a0a000-7f0f90a0b000 rw-p 0000e000 08:03 534780                     /usr/lib/x86_64-linux-gnu/libXi.so.6.1.0
7f0f90a0b000-7f0f90a10000 r-xp 00000000 08:03 535605                     /usr/lib/x86_64-linux-gnu/libXtst.so.6.1.0
7f0f90a10000-7f0f90c0f000 ---p 00005000 08:03 535605                     /usr/lib/x86_64-linux-gnu/libXtst.so.6.1.0
7f0f90c0f000-7f0f90c10000 rw-p 00004000 08:03 535605                     /usr/lib/x86_64-linux-gnu/libXtst.so.6.1.0
7f0f90c10000-7f0f90c19000 r-xp 00000000 08:03 534524                     /usr/lib/x86_64-linux-gnu/libXrender.so.1.3.0
7f0f90c19000-7f0f90e18000 ---p 00009000 08:03 534524                     /usr/lib/x86_64-linux-gnu/libXrender.so.1.3.0
7f0f90e18000-7f0f90e19000 rw-p 00008000 08:03 534524                     /usr/lib/x86_64-linux-gnu/libXrender.so.1.3.0
7f0f90e19000-7f0f90f4e000 r-xp 00000000 08:03 531323                     /usr/lib/x86_64-linux-gnu/libX11.so.6.3.0
7f0f90f4e000-7f0f9114e000 ---p 00135000 08:03 531323                     /usr/lib/x86_64-linux-gnu/libX11.so.6.3.0
7f0f9114e000-7f0f91154000 rw-p 00135000 08:03 531323                     /usr/lib/x86_64-linux-gnu/libX11.so.6.3.0
7f0f91154000-7f0f91165000 r-xp 00000000 08:03 531325                     /usr/lib/x86_64-linux-gnu/libXext.so.6.4.0
7f0f91165000-7f0f91365000 ---p 00011000 08:03 531325                     /usr/lib/x86_64-linux-gnu/libXext.so.6.4.0
7f0f91365000-7f0f91366000 rw-p 00011000 08:03 531325                     /usr/lib/x86_64-linux-gnu/libXext.so.6.4.0
7f0f9136e000-7f0f91370000 rw-s 00002000 00:05 8578                       /dev/ati/card0
7f0f91370000-7f0f91373000 r--s 00000000 08:03 4854299                    /var/cache/fontconfig/c57959a16110560c8d0fcea73374aeeb-le64.cache-3
7f0f91373000-7f0f9137b000 r--s 00000000 08:03 4853581                    /var/cache/fontconfig/3f7329c5293ffd510edef78f73874cfd-le64.cache-3
7f0f9137b000-7f0f9137c000 r--s 00000000 08:03 4855939                    /var/cache/fontconfig/e13b20fdb08344e0e664864cc2ede53d-le64.cache-3
7f0f9137c000-7f0f913c9000 r-xp 00000000 08:03 2231706                    /usr/lib/jvm/java-6-openjdk-amd64/jre/lib/amd64/xawt/libmawt.so
7f0f913c9000-7f0f915c8000 ---p 0004d000 08:03 2231706                    /usr/lib/jvm/java-6-openjdk-amd64/jre/lib/amd64/xawt/libmawt.so
7f0f915c8000-7f0f915cc000 rw-p 0004c000 08:03 2231706                    /usr/lib/jvm/java-6-openjdk-amd64/jre/lib/amd64/xawt/libmawt.so
7f0f915cc000-7f0f915cd000 rw-p 00000000 00:00 0 
7f0f915cd000-7f0f915ce000 rw-s 00005000 00:05 8578                       /dev/ati/card0
7f0f915ce000-7f0f915d3000 r--s 00000000 08:03 4855942                    /var/cache/fontconfig/3047814df9a2f067bd2d96a2b9c36e5a-le64.cache-3
7f0f915d3000-7f0f915dd000 r--s 00000000 08:03 4856314                    /var/cache/fontconfig/83bf95040141907cd45bb53cf7c1c148-le64.cache-3
7f0f915dd000-7f0f915de000 r--s 00000000 08:03 4856319                    /var/cache/fontconfig/c05880de57d1f5e948fdfacc138775d9-le64.cache-3
7f0f915de000-7f0f915e7000 r--s 00000000 08:03 4854967                    /var/cache/fontconfig/945677eb7aeaf62f1d50efc3fb3ec7d8-le64.cache-3
7f0f915e7000-7f0f915eb000 r--s 00000000 08:03 4855898                    /var/cache/fontconfig/a46337af8a0b4c9b317ad981ec3bdf87-le64.cache-3
7f0f915eb000-7f0f915f4000 r--s 00000000 08:03 4856317                    /var/cache/fontconfig/6d41288fd70b0be22e8c3a91e032eec0-le64.cache-3
7f0f915f4000-7f0f91622000 r--s 00000000 08:03 4855897                    /var/cache/fontconfig/365b55f210c0a22e9a19e35191240f32-le64.cache-3
7f0f91622000-7f0f9162a000 r--s 00000000 08:03 4853581                    /var/cache/fontconfig/3f7329c5293ffd510edef78f73874cfd-le64.cache-3
7f0f9162a000-7f0f91634000 r--s 00000000 08:03 4856314                    /var/cache/fontconfig/83bf95040141907cd45bb53cf7c1c148-le64.cache-3
7f0f91634000-7f0f91637000 ---p 00000000 00:00 0 
7f0f91637000-7f0f91735000 rw-p 00000000 00:00 0 
7f0f91735000-7f0f917e5000 r-xp 00000000 08:03 2231546                    /usr/lib/jvm/java-6-openjdk-amd64/jre/lib/amd64/libawt.so
7f0f917e5000-7f0f919e4000 ---p 000b0000 08:03 2231546                    /usr/lib/jvm/java-6-openjdk-amd64/jre/lib/amd64/libawt.so
7f0f919e4000-7f0f919f0000 rw-p 000af000 08:03 2231546                    /usr/lib/jvm/java-6-openjdk-amd64/jre/lib/amd64/libawt.so
7f0f919f0000-7f0f9403b000 rw-p 00000000 00:00 0 
7f0f9403b000-7f0f9403c000 ---p 00000000 00:00 0 
7f0f9403c000-7f0f9413c000 rw-p 00000000 00:00 0 
7f0f9413c000-7f0f9413f000 ---p 00000000 00:00 0 
7f0f9413f000-7f0f9423d000 rw-p 00000000 00:00 0 
7f0f9423d000-7f0f94240000 ---p 00000000 00:00 0 
7f0f94240000-7f0f9433e000 rw-p 00000000 00:00 0 
7f0f9433e000-7f0f94341000 ---p 00000000 00:00 0 
7f0f94341000-7f0f9443f000 rw-p 00000000 00:00 0 
7f0f9443f000-7f0f94442000 ---p 00000000 00:00 0 
7f0f94442000-7f0f94540000 rw-p 00000000 00:00 0 
7f0f94540000-7f0f946b7000 r--p 00000000 08:03 530955                     /usr/lib/locale/locale-archive
7f0f946b7000-7f0f946ba000 ---p 00000000 00:00 0 
7f0f946ba000-7f0f947b8000 rw-p 00000000 00:00 0 
7f0f947b8000-7f0f947bb000 ---p 00000000 00:00 0 
7f0f947bb000-7f0f948b9000 rw-p 00000000 00:00 0 
7f0f948b9000-7f0f948ba000 ---p 00000000 00:00 0 
7f0f948ba000-7f0f94cf0000 rw-p 00000000 00:00 0 
7f0f94cf0000-7f0f94e84000 r--s 03807000 08:03 2231586                    /usr/lib/jvm/java-6-openjdk-amd64/jre/lib/rt.jar
7f0f94e84000-7f0f94eac000 rw-p 00000000 00:00 0 
7f0f94eac000-7f0f94ead000 ---p 00000000 00:00 0 
7f0f94ead000-7f0f94fad000 rw-p 00000000 00:00 0 
7f0f94fad000-7f0f94fae000 ---p 00000000 00:00 0 
7f0f94fae000-7f0f950b9000 rw-p 00000000 00:00 0 
7f0f950b9000-7f0f95101000 rw-p 00000000 00:00 0 
7f0f95101000-7f0f95140000 rw-p 00000000 00:00 0 
7f0f95140000-7f0f954ed000 rw-p 00000000 00:00 0 
7f0f954ed000-7f0f954f8000 rw-p 00000000 00:00 0 
7f0f954f8000-7f0f95540000 rw-p 00000000 00:00 0 
7f0f95540000-7f0f9557f000 rw-p 00000000 00:00 0 
7f0f9557f000-7f0f9592c000 rw-p 00000000 00:00 0 
7f0f9592c000-7f0f9594c000 rw-p 00000000 00:00 0 
7f0f9594c000-7f0f95b22000 rw-p 00000000 00:00 0 
7f0f95b22000-7f0f95b23000 rw-p 00000000 00:00 0 
7f0f95b23000-7f0f95d93000 rwxp 00000000 00:00 0 
7f0f95d93000-7f0f98b23000 rw-p 00000000 00:00 0 
7f0f98b23000-7f0f98b2a000 r-xp 00000000 08:03 2231575                    /usr/lib/jvm/java-6-openjdk-amd64/jre/lib/amd64/libzip.so
7f0f98b2a000-7f0f98d29000 ---p 00007000 08:03 2231575                    /usr/lib/jvm/java-6-openjdk-amd64/jre/lib/amd64/libzip.so
7f0f98d29000-7f0f98d2a000 rw-p 00006000 08:03 2231575                    /usr/lib/jvm/java-6-openjdk-amd64/jre/lib/amd64/libzip.so
7f0f98d2a000-7f0f98d35000 r-xp 00000000 08:03 3538957                    /lib/x86_64-linux-gnu/libnss_files-2.13.so
7f0f98d35000-7f0f98f34000 ---p 0000b000 08:03 3538957                    /lib/x86_64-linux-gnu/libnss_files-2.13.so
7f0f98f34000-7f0f98f35000 r--p 0000a000 08:03 3538957                    /lib/x86_64-linux-gnu/libnss_files-2.13.so
7f0f98f35000-7f0f98f36000 rw-p 0000b000 08:03 3538957                    /lib/x86_64-linux-gnu/libnss_files-2.13.so
7f0f98f36000-7f0f98f40000 r-xp 00000000 08:03 3538969                    /lib/x86_64-linux-gnu/libnss_nis-2.13.so
7f0f98f40000-7f0f9913f000 ---p 0000a000 08:03 3538969                    /lib/x86_64-linux-gnu/libnss_nis-2.13.so
7f0f9913f000-7f0f99140000 r--p 00009000 08:03 3538969                    /lib/x86_64-linux-gnu/libnss_nis-2.13.so
7f0f99140000-7f0f99141000 rw-p 0000a000 08:03 3538969                    /lib/x86_64-linux-gnu/libnss_nis-2.13.so
7f0f99141000-7f0f99148000 r-xp 00000000 08:03 3538959                    /lib/x86_64-linux-gnu/libnss_compat-2.13.so
7f0f99148000-7f0f99347000 ---p 00007000 08:03 3538959                    /lib/x86_64-linux-gnu/libnss_compat-2.13.so
7f0f99347000-7f0f99348000 r--p 00006000 08:03 3538959                    /lib/x86_64-linux-gnu/libnss_compat-2.13.so
7f0f99348000-7f0f99349000 rw-p 00007000 08:03 3538959                    /lib/x86_64-linux-gnu/libnss_compat-2.13.so
7f0f99349000-7f0f9935e000 r-xp 00000000 08:03 3538967                    /lib/x86_64-linux-gnu/libnsl-2.13.so
7f0f9935e000-7f0f9955d000 ---p 00015000 08:03 3538967                    /lib/x86_64-linux-gnu/libnsl-2.13.so
7f0f9955d000-7f0f9955e000 r--p 00014000 08:03 3538967                    /lib/x86_64-linux-gnu/libnsl-2.13.so
7f0f9955e000-7f0f9955f000 rw-p 00015000 08:03 3538967                    /lib/x86_64-linux-gnu/libnsl-2.13.so
7f0f9955f000-7f0f99561000 rw-p 00000000 00:00 0 
7f0f99561000-7f0f9958f000 r-xp 00000000 08:03 2231561                    /usr/lib/jvm/java-6-openjdk-amd64/jre/lib/amd64/libjava.so
7f0f9958f000-7f0f9978e000 ---p 0002e000 08:03 2231561                    /usr/lib/jvm/java-6-openjdk-amd64/jre/lib/amd64/libjava.so
7f0f9978e000-7f0f99792000 rw-p 0002d000 08:03 2231561                    /usr/lib/jvm/java-6-openjdk-amd64/jre/lib/amd64/libjava.so
7f0f99792000-7f0f997a1000 r-xp 00000000 08:03 2231544                    /usr/lib/jvm/java-6-openjdk-amd64/jre/lib/amd64/libverify.so
7f0f997a1000-7f0f999a0000 ---p 0000f000 08:03 2231544                    /usr/lib/jvm/java-6-openjdk-amd64/jre/lib/amd64/libverify.so
7f0f999a0000-7f0f999a2000 rw-p 0000e000 08:03 2231544                    /usr/lib/jvm/java-6-openjdk-amd64/jre/lib/amd64/libverify.so
7f0f999a2000-7f0f999a9000 r-xp 00000000 08:03 3538958                    /lib/x86_64-linux-gnu/librt-2.13.so
7f0f999a9000-7f0f99ba8000 ---p 00007000 08:03 3538958                    /lib/x86_64-linux-gnu/librt-2.13.so
7f0f99ba8000-7f0f99ba9000 r--p 00006000 08:03 3538958                    /lib/x86_64-linux-gnu/librt-2.13.so
7f0f99ba9000-7f0f99baa000 rw-p 00007000 08:03 3538958                    /lib/x86_64-linux-gnu/librt-2.13.so
7f0f99baa000-7f0f99bbf000 r-xp 00000000 08:03 3538948                    /lib/x86_64-linux-gnu/libgcc_s.so.1
7f0f99bbf000-7f0f99dbf000 ---p 00015000 08:03 3538948                    /lib/x86_64-linux-gnu/libgcc_s.so.1
7f0f99dbf000-7f0f99dc0000 rw-p 00015000 08:03 3538948                    /lib/x86_64-linux-gnu/libgcc_s.so.1
7f0f99dc0000-7f0f99e41000 r-xp 00000000 08:03 3538960                    /lib/x86_64-linux-gnu/libm-2.13.so
7f0f99e41000-7f0f9a040000 ---p 00081000 08:03 3538960                    /lib/x86_64-linux-gnu/libm-2.13.so
7f0f9a040000-7f0f9a041000 r--p 00080000 08:03 3538960                    /lib/x86_64-linux-gnu/libm-2.13.so
7f0f9a041000-7f0f9a042000 rw-p 00081000 08:03 3538960                    /lib/x86_64-linux-gnu/libm-2.13.so
7f0f9a042000-7f0f9a12a000 r-xp 00000000 08:03 528173                     /usr/lib/x86_64-linux-gnu/libstdc++.so.6.0.17
7f0f9a12a000-7f0f9a32a000 ---p 000e8000 08:03 528173                     /usr/lib/x86_64-linux-gnu/libstdc++.so.6.0.17
7f0f9a32a000-7f0f9a332000 r--p 000e8000 08:03 528173                     /usr/lib/x86_64-linux-gnu/libstdc++.so.6.0.17
7f0f9a332000-7f0f9a334000 rw-p 000f0000 08:03 528173                     /usr/lib/x86_64-linux-gnu/libstdc++.so.6.0.17
7f0f9a334000-7f0f9a349000 rw-p 00000000 00:00 0 
7f0f9a349000-7f0f9ac5d000 r-xp 00000000 08:03 2231551                    /usr/lib/jvm/java-6-openjdk-amd64/jre/lib/amd64/server/libjvm.so
7f0f9ac5d000-7f0f9ae5c000 ---p 00914000 08:03 2231551                    /usr/lib/jvm/java-6-openjdk-amd64/jre/lib/amd64/server/libjvm.so
7f0f9ae5c000-7f0f9aef8000 rw-p 00913000 08:03 2231551                    /usr/lib/jvm/java-6-openjdk-amd64/jre/lib/amd64/server/libjvm.so
7f0f9aef8000-7f0f9af21000 rw-p 00000000 00:00 0 
7f0f9af21000-7f0f9b0a1000 r-xp 00000000 08:03 3538963                    /lib/x86_64-linux-gnu/libc-2.13.so
7f0f9b0a1000-7f0f9b2a1000 ---p 00180000 08:03 3538963                    /lib/x86_64-linux-gnu/libc-2.13.so
7f0f9b2a1000-7f0f9b2a5000 r--p 00180000 08:03 3538963                    /lib/x86_64-linux-gnu/libc-2.13.so
7f0f9b2a5000-7f0f9b2a6000 rw-p 00184000 08:03 3538963                    /lib/x86_64-linux-gnu/libc-2.13.so
7f0f9b2a6000-7f0f9b2ab000 rw-p 00000000 00:00 0 
7f0f9b2ab000-7f0f9b2ad000 r-xp 00000000 08:03 3538956                    /lib/x86_64-linux-gnu/libdl-2.13.so
7f0f9b2ad000-7f0f9b4ad000 ---p 00002000 08:03 3538956                    /lib/x86_64-linux-gnu/libdl-2.13.so
7f0f9b4ad000-7f0f9b4ae000 r--p 00002000 08:03 3538956                    /lib/x86_64-linux-gnu/libdl-2.13.so
7f0f9b4ae000-7f0f9b4af000 rw-p 00003000 08:03 3538956                    /lib/x86_64-linux-gnu/libdl-2.13.so
7f0f9b4af000-7f0f9b4b3000 r-xp 00000000 08:03 2231548                    /usr/lib/jvm/java-6-openjdk-amd64/jre/lib/amd64/jli/libjli.so
7f0f9b4b3000-7f0f9b6b2000 ---p 00004000 08:03 2231548                    /usr/lib/jvm/java-6-openjdk-amd64/jre/lib/amd64/jli/libjli.so
7f0f9b6b2000-7f0f9b6b3000 rw-p 00003000 08:03 2231548                    /usr/lib/jvm/java-6-openjdk-amd64/jre/lib/amd64/jli/libjli.so
7f0f9b6b3000-7f0f9b6ca000 r-xp 00000000 08:03 3538953                    /lib/x86_64-linux-gnu/libpthread-2.13.so
7f0f9b6ca000-7f0f9b8c9000 ---p 00017000 08:03 3538953                    /lib/x86_64-linux-gnu/libpthread-2.13.so
7f0f9b8c9000-7f0f9b8ca000 r--p 00016000 08:03 3538953                    /lib/x86_64-linux-gnu/libpthread-2.13.so
7f0f9b8ca000-7f0f9b8cb000 rw-p 00017000 08:03 3538953                    /lib/x86_64-linux-gnu/libpthread-2.13.so
7f0f9b8cb000-7f0f9b8cf000 rw-p 00000000 00:00 0 
7f0f9b8cf000-7f0f9b8e5000 r-xp 00000000 08:03 3539034                    /lib/x86_64-linux-gnu/libz.so.1.2.7
7f0f9b8e5000-7f0f9bae4000 ---p 00016000 08:03 3539034                    /lib/x86_64-linux-gnu/libz.so.1.2.7
7f0f9bae4000-7f0f9bae5000 r--p 00015000 08:03 3539034                    /lib/x86_64-linux-gnu/libz.so.1.2.7
7f0f9bae5000-7f0f9bae6000 rw-p 00016000 08:03 3539034                    /lib/x86_64-linux-gnu/libz.so.1.2.7
7f0f9bae6000-7f0f9bb06000 r-xp 00000000 08:03 3538966                    /lib/x86_64-linux-gnu/ld-2.13.so
7f0f9bb06000-7f0f9bb07000 r--s 00000000 08:03 4856316                    /var/cache/fontconfig/4794a0821666d79190d59a36cb4f44b5-le64.cache-3
7f0f9bb07000-7f0f9bb0a000 r--s 00000000 08:03 4854299                    /var/cache/fontconfig/c57959a16110560c8d0fcea73374aeeb-le64.cache-3
7f0f9bb0a000-7f0f9bb0f000 r--s 00000000 08:03 4855942                    /var/cache/fontconfig/3047814df9a2f067bd2d96a2b9c36e5a-le64.cache-3
7f0f9bb0f000-7f0f9bb10000 r--s 00000000 08:03 4855939                    /var/cache/fontconfig/e13b20fdb08344e0e664864cc2ede53d-le64.cache-3
7f0f9bb10000-7f0f9bb13000 r--s 0007f000 08:03 2231060                    /usr/lib/jvm/java-6-openjdk-common/jre/lib/jsse.jar
7f0f9bb13000-7f0f9bb20000 r--s 000e6000 08:03 11413237                   /home/brandon/ClearWaterInk/games/WorldsCubed/libs/lwjgl.jar
7f0f9bb20000-7f0f9bb24000 r--s 00027000 08:03 11413238                   /home/brandon/ClearWaterInk/games/WorldsCubed/libs/lwjgl_util.jar
7f0f9bb24000-7f0f9bb25000 r--s 00007000 08:03 793877                     /usr/share/java/java-atk-wrapper.jar
7f0f9bb25000-7f0f9bb27000 r--s 00001000 08:03 2231056                    /usr/lib/jvm/java-6-openjdk-common/jre/lib/ext/dnsns.jar
7f0f9bb27000-7f0f9bb31000 rw-p 00000000 00:00 0 
7f0f9bb31000-7f0f9bbe7000 rw-p 00000000 00:00 0 
7f0f9bbe7000-7f0f9bbea000 ---p 00000000 00:00 0 
7f0f9bbea000-7f0f9bced000 rw-p 00000000 00:00 0 
7f0f9bced000-7f0f9bcef000 r--s 0000f000 08:03 2231053                    /usr/lib/jvm/java-6-openjdk-common/jre/lib/ext/pulse-java.jar
7f0f9bcef000-7f0f9bcf3000 r--s 00039000 08:03 2231052                    /usr/lib/jvm/java-6-openjdk-common/jre/lib/ext/sunpkcs11.jar
7f0f9bcf3000-7f0f9bcf6000 r--s 00031000 08:03 2231055                    /usr/lib/jvm/java-6-openjdk-common/jre/lib/ext/sunjce_provider.jar
7f0f9bcf6000-7f0f9bcf9000 r--s 00077000 08:03 2231054                    /usr/lib/jvm/java-6-openjdk-common/jre/lib/ext/localedata.jar
7f0f9bcf9000-7f0f9bd01000 rw-s 00000000 08:03 8002090                    /tmp/hsperfdata_brandon/6474 (deleted)
7f0f9bd01000-7f0f9bd02000 rw-p 00000000 00:00 0 
7f0f9bd02000-7f0f9bd03000 ---p 00000000 00:00 0 
7f0f9bd03000-7f0f9bd05000 rw-p 00000000 00:00 0 
7f0f9bd05000-7f0f9bd06000 r--p 0001f000 08:03 3538966                    /lib/x86_64-linux-gnu/ld-2.13.so
7f0f9bd06000-7f0f9bd07000 rw-p 00020000 08:03 3538966                    /lib/x86_64-linux-gnu/ld-2.13.so
7f0f9bd07000-7f0f9bd08000 rw-p 00000000 00:00 0 
7fff0a1ae000-7fff0a1cf000 rw-p 00000000 00:00 0                          [stack]
7fff0a1ff000-7fff0a200000 r-xp 00000000 00:00 0                          [vdso]
ffffffffff600000-ffffffffff601000 r-xp 00000000 00:00 0                  [vsyscall]

VM Arguments:
jvm_args: -Djava.library.path=/home/brandon/ClearWaterInk/games/WorldsCubed/libs/natives/linux -Dfile.encoding=UTF-8 
java_command: net.clearwaterink.worldscubed.WorldsCubed
Launcher Type: SUN_STANDARD

Environment Variables:
PATH=/home/brandon/bin:/usr/local/bin:/usr/bin:/bin:/usr/local/games:/usr/games
LD_LIBRARY_PATH=/usr/lib/jvm/java-6-openjdk-amd64/jre/lib/amd64/server:/usr/lib/jvm/java-6-openjdk-amd64/jre/lib/amd64:/usr/lib/jvm/java-6-openjdk-amd64/jre/../lib/amd64
SHELL=/bin/bash
DISPLAY=:0.0

Signal Handlers:
SIGSEGV: [libjvm.so+0x791b10], sa_mask[0]=0x7ffbfeff, sa_flags=0x10000004
SIGBUS: [libjvm.so+0x791b10], sa_mask[0]=0x7ffbfeff, sa_flags=0x10000004
SIGFPE: [libjvm.so+0x65ace0], sa_mask[0]=0x7ffbfeff, sa_flags=0x10000004
SIGPIPE: [libjvm.so+0x65ace0], sa_mask[0]=0x7ffbfeff, sa_flags=0x10000004
SIGXFSZ: [libjvm.so+0x65ace0], sa_mask[0]=0x7ffbfeff, sa_flags=0x10000004
SIGILL: [libjvm.so+0x65ace0], sa_mask[0]=0x7ffbfeff, sa_flags=0x10000004
SIGUSR1: SIG_DFL, sa_mask[0]=0x00000000, sa_flags=0x00000000
SIGUSR2: [libjvm.so+0x65aec0], sa_mask[0]=0x00000004, sa_flags=0x10000004
SIGHUP: [libjvm.so+0x65d500], sa_mask[0]=0x7ffbfeff, sa_flags=0x10000004
SIGINT: [libjvm.so+0x65d500], sa_mask[0]=0x7ffbfeff, sa_flags=0x10000004
SIGTERM: [libjvm.so+0x65d500], sa_mask[0]=0x7ffbfeff, sa_flags=0x10000004
SIGQUIT: [libjvm.so+0x65d500], sa_mask[0]=0x7ffbfeff, sa_flags=0x10000004


---------------  S Y S T E M  ---------------

OS:7.3

uname:Linux 3.2.0-4-amd64 #1 SMP Debian 3.2.51-1 x86_64
libc:glibc 2.13 NPTL 2.13 
rlimit: STACK 8192k, CORE 0k, NPROC 95755, NOFILE 4096, AS infinity
load average:1.28 1.11 1.03

/proc/meminfo:
MemTotal:       12334808 kB
MemFree:         8188052 kB
Buffers:          379668 kB
Cached:          1676592 kB
SwapCached:            0 kB
Active:          2501100 kB
Inactive:        1190988 kB
Active(anon):    1636312 kB
Inactive(anon):    21796 kB
Active(file):     864788 kB
Inactive(file):  1169192 kB
Unevictable:           4 kB
Mlocked:               4 kB
SwapTotal:      13616120 kB
SwapFree:       13616120 kB
Dirty:              1088 kB
Writeback:             0 kB
AnonPages:       1635752 kB
Mapped:           256656 kB
Shmem:             22284 kB
Slab:             242700 kB
SReclaimable:     218308 kB
SUnreclaim:        24392 kB
KernelStack:        3864 kB
PageTables:        26040 kB
NFS_Unstable:          0 kB
Bounce:                0 kB
WritebackTmp:          0 kB
CommitLimit:    19783524 kB
Committed_AS:    3916016 kB
VmallocTotal:   34359738367 kB
VmallocUsed:      329784 kB
VmallocChunk:   34359406412 kB
HardwareCorrupted:     0 kB
AnonHugePages:         0 kB
HugePages_Total:       0
HugePages_Free:        0
HugePages_Rsvd:        0
HugePages_Surp:        0
Hugepagesize:       2048 kB
DirectMap4k:      294272 kB
DirectMap2M:     8093696 kB
DirectMap1G:     4194304 kB


CPU:total 2 (2 cores per cpu, 1 threads per core) family 16 model 6 stepping 3, cmov, cx8, fxsr, mmx, sse, sse2, sse3, popcnt, mmxext, 3dnowpref, lzcnt, sse4a

Memory: 4k page, physical 12334808k(8188052k free), swap 13616120k(13616120k free)

vm_info: OpenJDK 64-Bit Server VM (20.0-b12) for linux-amd64 JRE (1.6.0_27-b27), built on Jul 12 2013 09:04:12 by "jmm" with gcc 4.7.2

time: Fri Feb  7 22:25:17 2014
elapsed time: 3 seconds

