#
# A fatal error has been detected by the Java Runtime Environment:
#
#  SIGSEGV (0xb) at pc=0x00007f2fc54c7e38, pid=6647, tid=139843211122432
#
# JRE version: 6.0_27-b27
# Java VM: OpenJDK 64-Bit Server VM (20.0-b12 mixed mode linux-amd64 compressed oops)
# Derivative: IcedTea6 1.12.6
# Distribution: Debian GNU/Linux 7.1 (wheezy), package 6b27-1.12.6-1~deb7u1
# Problematic frame:
# C  [libX11.so.6+0x3ae38]  XQueryExtension+0x28
#
# If you would like to submit a bug report, please include
# instructions how to reproduce the bug and visit:
#   http://icedtea.classpath.org/bugzilla
#

---------------  T H R E A D  ---------------

Current thread (0x0000000001360800):  VMThread [stack: 0x00007f2fc8dc5000,0x00007f2fc8ec6000] [id=6655]

siginfo:si_signo=SIGSEGV: si_errno=0, si_code=1 (SEGV_MAPERR), si_addr=0xffffffffb81daeb8

Registers:
RAX=0x0000000001303360, RBX=0xffffffffb81da550, RCX=0x00007f2fc8ec49d8, RDX=0x00007f2fc8ec49d4
RSP=0x00007f2fc8ec4970, RBP=0x00007f2fbf138c60, RSI=0x00007f2fbf000e12, RDI=0xffffffffb81da550
R8 =0x00007f2fc8ec49dc, R9 =0x0000000000000000, R10=0x00007f2fcf7b4768, R11=0x00007f2fcf4640d0
R12=0x00007f2fbf000e12, R13=0x0000000001303360, R14=0x00007f2fb81d6820, R15=0x00007f2fb81e4900
RIP=0x00007f2fc54c7e38, EFLAGS=0x0000000000010202, CSGSFS=0x0000000000000033, ERR=0x0000000000000005
  TRAPNO=0x000000000000000e

Top of Stack: (sp=0x00007f2fc8ec4970)
0x00007f2fc8ec4970:   0000000000000020 00007f2fca02f438
0x00007f2fc8ec4980:   00007f2fcf43b5c8 00007f2fd01f7000
0x00007f2fc8ec4990:   00007f2fcf43b5c8 ffffffffb81da550
0x00007f2fc8ec49a0:   00007f2fbf138c60 00007f2fbf000e12
0x00007f2fc8ec49b0:   0000000001303360 00007f2fb81d6820
0x00007f2fc8ec49c0:   00007f2fb81e4900 00007f2fc54bbe72
0x00007f2fc8ec49d0:   00007f2fb81d6820 0000000000000000
0x00007f2fc8ec49e0:   0000000000000000 00007f2fbf138c60
0x00007f2fc8ec49f0:   ffffffffb81da550 00007f2fc57d571d
0x00007f2fc8ec4a00:   00007f2fbf000e12 00000011cf43b5c8
0x00007f2fc8ec4a10:   00007f2fc8ec4a90 0000000000000000
0x00007f2fc8ec4a20:   00007f2fc8ec4a90 ffffffffb81da550
0x00007f2fc8ec4a30:   00007f2fd0212048 00007f2fb81d6820
0x00007f2fc8ec4a40:   00007f2fbf152490 00007f2fbefacfd9
0x00007f2fc8ec4a50:   0000000000000000 000000000000002b
0x00007f2fc8ec4a60:   00007f2fc8ec4a90 0000000000000000
0x00007f2fc8ec4a70:   00007f2fd0212048 00007f2fb81d6820
0x00007f2fc8ec4a80:   000000000000001b 00007f2fbefa16e2
0x00007f2fc8ec4a90:   00007f2fc8ec4c90 00007f2fbf000d81
0x00007f2fc8ec4aa0:   00007f2fc8ec4c90 00007f2fd00004ec
0x00007f2fc8ec4ab0:   00007f2fd02131c8 00007f2fd0213758
0x00007f2fc8ec4ac0:   00007f2fd01f8508 00000000012f95a0
0x00007f2fc8ec4ad0:   00000000012f9ac0 00000000012f9fc0
0x00007f2fc8ec4ae0:   00000000012fecc0 00007f2fb80d8960
0x00007f2fc8ec4af0:   00007f2fb81383d0 00007f2fd02107f0
0x00007f2fc8ec4b00:   00007f2fb81bf1e0 00007f2fb81bed10
0x00007f2fc8ec4b10:   00007f2fb81af7a0 00007f2fb81b8840
0x00007f2fc8ec4b20:   00007f2fb8047a40 00007f2fb8048de0
0x00007f2fc8ec4b30:   00007f2fb80492e0 00007f2fb8000af0
0x00007f2fc8ec4b40:   00000000012f5600 00000000012f5be0
0x00007f2fc8ec4b50:   00000000012f4f40 00000000012f05f0
0x00007f2fc8ec4b60:   00000000012f0b60 00000000012f1570 

Instructions: (pc=0x00007f2fc54c7e38)
0x00007f2fc54c7e18:   24 e0 48 89 fb 4c 89 6c 24 e8 4c 89 74 24 f0 49
0x00007f2fc54c7e28:   89 f4 4c 89 7c 24 f8 48 89 6c 24 d8 48 83 ec 58
0x00007f2fc54c7e38:   48 8b 87 68 09 00 00 49 89 d7 49 89 ce 4d 89 c5
0x00007f2fc54c7e48:   48 85 c0 74 02 ff 10 ba 08 00 00 00 be 62 00 00 

Register to memory mapping:

RAX=0x0000000001303360 is an unknown value
RBX=0xffffffffb81da550 is an unknown value
RCX=0x00007f2fc8ec49d8 is an unknown value
RDX=0x00007f2fc8ec49d4 is an unknown value
RSP=0x00007f2fc8ec4970 is an unknown value
RBP=0x00007f2fbf138c60: <offset 0x1cac60> in /usr/lib/x86_64-linux-gnu/libGL.so.1 at 0x00007f2fbef6e000
RSI=0x00007f2fbf000e12: <offset 0x92e12> in /usr/lib/x86_64-linux-gnu/libGL.so.1 at 0x00007f2fbef6e000
RDI=0xffffffffb81da550 is an unknown value
R8 =0x00007f2fc8ec49dc is an unknown value
R9 =0x0000000000000000 is an unknown value
R10=0x00007f2fcf7b4768: <offset 0x387768> in /lib/x86_64-linux-gnu/libc.so.6 at 0x00007f2fcf42d000
R11=0x00007f2fcf4640d0: __cxa_finalize+0 in /lib/x86_64-linux-gnu/libc.so.6 at 0x00007f2fcf42d000
R12=0x00007f2fbf000e12: <offset 0x92e12> in /usr/lib/x86_64-linux-gnu/libGL.so.1 at 0x00007f2fbef6e000
R13=0x0000000001303360 is an unknown value
R14=0x00007f2fb81d6820 is an unknown value
R15=0x00007f2fb81e4900 is an unknown value


Stack: [0x00007f2fc8dc5000,0x00007f2fc8ec6000],  sp=0x00007f2fc8ec4970,  free space=1022k
Native frames: (J=compiled Java code, j=interpreted, Vv=VM code, C=native code)
C  [libX11.so.6+0x3ae38]  XQueryExtension+0x28

VM_Operation (0x00007f2fd01f25d0): Exit, mode: safepoint, requested by thread 0x00000000012fb000


---------------  P R O C E S S  ---------------

Java Threads: ( => current thread )
  0x00000000015bd000 JavaThread "Thread-1" [_thread_blocked, id=6674, stack(0x00007f2fc425d000,0x00007f2fc435e000)]
  0x0000000001581000 JavaThread "process reaper" daemon [_thread_blocked, id=6672, stack(0x00007f2fbf172000,0x00007f2fbf273000)]
  0x00007f2fb81ab000 JavaThread "AWT-XAWT" daemon [_thread_blocked, id=6664, stack(0x00007f2fbfaef000,0x00007f2fbfbf0000)]
  0x00007f2fb8146800 JavaThread "Java2D Disposer" daemon [_thread_blocked, id=6663, stack(0x00007f2fc40e9000,0x00007f2fc41ea000)]
  0x0000000001397800 JavaThread "Low Memory Detector" daemon [_thread_blocked, id=6661, stack(0x00007f2fc8648000,0x00007f2fc8749000)]
  0x0000000001392800 JavaThread "C2 CompilerThread1" daemon [_thread_blocked, id=6660, stack(0x00007f2fc8749000,0x00007f2fc884a000)]
  0x000000000138d800 JavaThread "C2 CompilerThread0" daemon [_thread_blocked, id=6659, stack(0x00007f2fc884a000,0x00007f2fc894b000)]
  0x0000000001367800 JavaThread "Finalizer" daemon [_thread_blocked, id=6657, stack(0x00007f2fc8bc3000,0x00007f2fc8cc4000)]
  0x0000000001365800 JavaThread "Reference Handler" daemon [_thread_blocked, id=6656, stack(0x00007f2fc8cc4000,0x00007f2fc8dc5000)]
  0x00000000012fb000 JavaThread "main" [_thread_blocked, id=6650, stack(0x00007f2fd00f3000,0x00007f2fd01f4000)]

Other Threads:
=>0x0000000001360800 VMThread [stack: 0x00007f2fc8dc5000,0x00007f2fc8ec6000] [id=6655]

VM state:at safepoint (shutting down)

VM Mutex/Monitor currently owned by a thread:  ([mutex/lock_event])
[0x00000000012f7a10] Threads_lock - owner thread: 0x0000000001360800

Heap
 PSYoungGen      total 56256K, used 16734K [0x00000007c1400000, 0x00000007c52c0000, 0x0000000800000000)
  eden space 48256K, 34% used [0x00000007c1400000,0x00000007c2457990,0x00000007c4320000)
  from space 8000K, 0% used [0x00000007c4af0000,0x00000007c4af0000,0x00000007c52c0000)
  to   space 8000K, 0% used [0x00000007c4320000,0x00000007c4320000,0x00000007c4af0000)
 PSOldGen        total 128512K, used 0K [0x0000000743c00000, 0x000000074b980000, 0x00000007c1400000)
  object space 128512K, 0% used [0x0000000743c00000,0x0000000743c00000,0x000000074b980000)
 PSPermGen       total 21248K, used 9813K [0x0000000739600000, 0x000000073aac0000, 0x0000000743c00000)
  object space 21248K, 46% used [0x0000000739600000,0x0000000739f95400,0x000000073aac0000)

Code Cache  [0x00007f2fca02f000, 0x00007f2fca29f000, 0x00007f2fcd02f000)
 total_blobs=617 nmethods=165 adapters=407 free_code_cache=49426816 largest_free_block=6656

Dynamic libraries:
00400000-00409000 r-xp 00000000 08:03 2231614                            /usr/lib/jvm/java-6-openjdk-amd64/jre/bin/java
00608000-00609000 rw-p 00008000 08:03 2231614                            /usr/lib/jvm/java-6-openjdk-amd64/jre/bin/java
012f0000-0244c000 rw-p 00000000 00:00 0                                  [heap]
739600000-73aac0000 rw-p 00000000 00:00 0 
73aac0000-743c00000 rw-p 00000000 00:00 0 
743c00000-74b980000 rw-p 00000000 00:00 0 
74b980000-7c1400000 rw-p 00000000 00:00 0 
7c1400000-7c52c0000 rw-p 00000000 00:00 0 
7c52c0000-800000000 rw-p 00000000 00:00 0 
7f2fb8000000-7f2fba635000 rw-p 00000000 00:00 0 
7f2fba635000-7f2fbc000000 ---p 00000000 00:00 0 
7f2fbc0c7000-7f2fbc7c7000 rw-s 00006000 00:05 8578                       /dev/ati/card0
7f2fbc7c7000-7f2fbc7c9000 r-xp 00000000 08:03 534782                     /usr/lib/x86_64-linux-gnu/libXinerama.so.1.0.0
7f2fbc7c9000-7f2fbc9c8000 ---p 00002000 08:03 534782                     /usr/lib/x86_64-linux-gnu/libXinerama.so.1.0.0
7f2fbc9c8000-7f2fbc9c9000 rw-p 00001000 08:03 534782                     /usr/lib/x86_64-linux-gnu/libXinerama.so.1.0.0
7f2fbc9c9000-7f2fbca15000 r-xp 00000000 08:03 539328                     /usr/lib/x86_64-linux-gnu/libatiadlxx.so
7f2fbca15000-7f2fbcb15000 ---p 0004c000 08:03 539328                     /usr/lib/x86_64-linux-gnu/libatiadlxx.so
7f2fbcb15000-7f2fbcb20000 rw-p 0004c000 08:03 539328                     /usr/lib/x86_64-linux-gnu/libatiadlxx.so
7f2fbcb20000-7f2fbcb30000 rw-p 00000000 00:00 0 
7f2fbcb46000-7f2fbeae4000 r-xp 00000000 08:03 921615                     /usr/lib/x86_64-linux-gnu/dri/fglrx_dri.so
7f2fbeae4000-7f2fbebe3000 ---p 01f9e000 08:03 921615                     /usr/lib/x86_64-linux-gnu/dri/fglrx_dri.so
7f2fbebe3000-7f2fbed31000 rwxp 01f9d000 08:03 921615                     /usr/lib/x86_64-linux-gnu/dri/fglrx_dri.so
7f2fbed31000-7f2fbee65000 rwxp 00000000 00:00 0 
7f2fbee65000-7f2fbee6c000 r-xp 00000000 08:03 539324                     /usr/lib/x86_64-linux-gnu/libatiuki.so.1.0
7f2fbee6c000-7f2fbef6c000 ---p 00007000 08:03 539324                     /usr/lib/x86_64-linux-gnu/libatiuki.so.1.0
7f2fbef6c000-7f2fbef6d000 rw-p 00007000 08:03 539324                     /usr/lib/x86_64-linux-gnu/libatiuki.so.1.0
7f2fbef6d000-7f2fbef6e000 rw-p 00000000 00:00 0 
7f2fbef6e000-7f2fbf02c000 r-xp 00000000 08:03 1445187                    /usr/lib/x86_64-linux-gnu/fglrx/fglrx-libGL.so.1.2
7f2fbf02c000-7f2fbf12c000 ---p 000be000 08:03 1445187                    /usr/lib/x86_64-linux-gnu/fglrx/fglrx-libGL.so.1.2
7f2fbf12c000-7f2fbf153000 rwxp 000be000 08:03 1445187                    /usr/lib/x86_64-linux-gnu/fglrx/fglrx-libGL.so.1.2
7f2fbf153000-7f2fbf172000 rwxp 00000000 00:00 0 
7f2fbf172000-7f2fbf175000 ---p 00000000 00:00 0 
7f2fbf175000-7f2fbf273000 rw-p 00000000 00:00 0 
7f2fbf273000-7f2fbf277000 r-xp 00000000 08:03 535177                     /usr/lib/x86_64-linux-gnu/libXxf86vm.so.1.0.0
7f2fbf277000-7f2fbf477000 ---p 00004000 08:03 535177                     /usr/lib/x86_64-linux-gnu/libXxf86vm.so.1.0.0
7f2fbf477000-7f2fbf478000 r--p 00004000 08:03 535177                     /usr/lib/x86_64-linux-gnu/libXxf86vm.so.1.0.0
7f2fbf478000-7f2fbf479000 rw-p 00005000 08:03 535177                     /usr/lib/x86_64-linux-gnu/libXxf86vm.so.1.0.0
7f2fbf479000-7f2fbf480000 r-xp 00000000 08:03 534784                     /usr/lib/x86_64-linux-gnu/libXrandr.so.2.2.0
7f2fbf480000-7f2fbf680000 ---p 00007000 08:03 534784                     /usr/lib/x86_64-linux-gnu/libXrandr.so.2.2.0
7f2fbf680000-7f2fbf681000 rw-p 00007000 08:03 534784                     /usr/lib/x86_64-linux-gnu/libXrandr.so.2.2.0
7f2fbf681000-7f2fbf6eb000 r-xp 00000000 08:03 12332350                   /home/brandon/ClearWaterInk/games/WorldsCubed/libs/natives/linux/liblwjgl64.so
7f2fbf6eb000-7f2fbf8eb000 ---p 0006a000 08:03 12332350                   /home/brandon/ClearWaterInk/games/WorldsCubed/libs/natives/linux/liblwjgl64.so
7f2fbf8eb000-7f2fbf8ed000 r--p 0006a000 08:03 12332350                   /home/brandon/ClearWaterInk/games/WorldsCubed/libs/natives/linux/liblwjgl64.so
7f2fbf8ed000-7f2fbf8ee000 rw-p 0006c000 08:03 12332350                   /home/brandon/ClearWaterInk/games/WorldsCubed/libs/natives/linux/liblwjgl64.so
7f2fbf8ee000-7f2fbf8ef000 r-xp 00000000 08:03 2231545                    /usr/lib/jvm/java-6-openjdk-amd64/jre/lib/amd64/libjawt.so
7f2fbf8ef000-7f2fbfaee000 ---p 00001000 08:03 2231545                    /usr/lib/jvm/java-6-openjdk-amd64/jre/lib/amd64/libjawt.so
7f2fbfaee000-7f2fbfaef000 rw-p 00000000 08:03 2231545                    /usr/lib/jvm/java-6-openjdk-amd64/jre/lib/amd64/libjawt.so
7f2fbfaef000-7f2fbfaf2000 ---p 00000000 00:00 0 
7f2fbfaf2000-7f2fbfbf0000 rw-p 00000000 00:00 0 
7f2fbfbf0000-7f2fbfbf5000 r-xp 00000000 08:03 534774                     /usr/lib/x86_64-linux-gnu/libXfixes.so.3.1.0
7f2fbfbf5000-7f2fbfdf4000 ---p 00005000 08:03 534774                     /usr/lib/x86_64-linux-gnu/libXfixes.so.3.1.0
7f2fbfdf4000-7f2fbfdf5000 r--p 00004000 08:03 534774                     /usr/lib/x86_64-linux-gnu/libXfixes.so.3.1.0
7f2fbfdf5000-7f2fbfdf6000 rw-p 00005000 08:03 534774                     /usr/lib/x86_64-linux-gnu/libXfixes.so.3.1.0
7f2fbfdf6000-7f2fbfe00000 r-xp 00000000 08:03 534776                     /usr/lib/x86_64-linux-gnu/libXcursor.so.1.0.2
7f2fbfe00000-7f2fbffff000 ---p 0000a000 08:03 534776                     /usr/lib/x86_64-linux-gnu/libXcursor.so.1.0.2
7f2fbffff000-7f2fc0000000 rw-p 00009000 08:03 534776                     /usr/lib/x86_64-linux-gnu/libXcursor.so.1.0.2
7f2fc0000000-7f2fc04d9000 rw-p 00000000 00:00 0 
7f2fc04d9000-7f2fc4000000 ---p 00000000 00:00 0 
7f2fc401c000-7f2fc403c000 rw-s fe9e0000 00:05 8578                       /dev/ati/card0
7f2fc403c000-7f2fc4043000 r--s 000fc000 08:03 2231068                    /usr/lib/jvm/java-6-openjdk-common/jre/lib/resources.jar
7f2fc4043000-7f2fc4044000 r--s 00000000 08:03 4856319                    /var/cache/fontconfig/c05880de57d1f5e948fdfacc138775d9-le64.cache-3
7f2fc4044000-7f2fc404d000 r--s 00000000 08:03 4854967                    /var/cache/fontconfig/945677eb7aeaf62f1d50efc3fb3ec7d8-le64.cache-3
7f2fc404d000-7f2fc4051000 r--s 00000000 08:03 4855898                    /var/cache/fontconfig/a46337af8a0b4c9b317ad981ec3bdf87-le64.cache-3
7f2fc4051000-7f2fc405a000 r--s 00000000 08:03 4856317                    /var/cache/fontconfig/6d41288fd70b0be22e8c3a91e032eec0-le64.cache-3
7f2fc405a000-7f2fc405b000 r--s 00000000 08:03 4856316                    /var/cache/fontconfig/4794a0821666d79190d59a36cb4f44b5-le64.cache-3
7f2fc405b000-7f2fc4089000 r--s 00000000 08:03 4855897                    /var/cache/fontconfig/365b55f210c0a22e9a19e35191240f32-le64.cache-3
7f2fc4089000-7f2fc408c000 r--s 00000000 08:03 4854299                    /var/cache/fontconfig/c57959a16110560c8d0fcea73374aeeb-le64.cache-3
7f2fc408c000-7f2fc4091000 r--s 00000000 08:03 4855942                    /var/cache/fontconfig/3047814df9a2f067bd2d96a2b9c36e5a-le64.cache-3
7f2fc4091000-7f2fc4099000 r--s 00000000 08:03 4853581                    /var/cache/fontconfig/3f7329c5293ffd510edef78f73874cfd-le64.cache-3
7f2fc4099000-7f2fc40a3000 r--s 00000000 08:03 4856314                    /var/cache/fontconfig/83bf95040141907cd45bb53cf7c1c148-le64.cache-3
7f2fc40a3000-7f2fc40a4000 r--s 00000000 08:03 4855939                    /var/cache/fontconfig/e13b20fdb08344e0e664864cc2ede53d-le64.cache-3
7f2fc40a4000-7f2fc40a5000 r--s 00000000 08:03 4856319                    /var/cache/fontconfig/c05880de57d1f5e948fdfacc138775d9-le64.cache-3
7f2fc40a5000-7f2fc40ae000 r--s 00000000 08:03 4854967                    /var/cache/fontconfig/945677eb7aeaf62f1d50efc3fb3ec7d8-le64.cache-3
7f2fc40ae000-7f2fc40b2000 r--s 00000000 08:03 4855898                    /var/cache/fontconfig/a46337af8a0b4c9b317ad981ec3bdf87-le64.cache-3
7f2fc40b2000-7f2fc40bb000 r--s 00000000 08:03 4856317                    /var/cache/fontconfig/6d41288fd70b0be22e8c3a91e032eec0-le64.cache-3
7f2fc40bb000-7f2fc40e9000 r--s 00000000 08:03 4855897                    /var/cache/fontconfig/365b55f210c0a22e9a19e35191240f32-le64.cache-3
7f2fc40e9000-7f2fc40ec000 ---p 00000000 00:00 0 
7f2fc40ec000-7f2fc41ea000 rw-p 00000000 00:00 0 
7f2fc425d000-7f2fc4260000 ---p 00000000 00:00 0 
7f2fc4260000-7f2fc435e000 rw-p 00000000 00:00 0 
7f2fc435e000-7f2fc43f7000 r-xp 00000000 08:03 530994                     /usr/lib/x86_64-linux-gnu/libfreetype.so.6.8.1
7f2fc43f7000-7f2fc45f6000 ---p 00099000 08:03 530994                     /usr/lib/x86_64-linux-gnu/libfreetype.so.6.8.1
7f2fc45f6000-7f2fc45fc000 r--p 00098000 08:03 530994                     /usr/lib/x86_64-linux-gnu/libfreetype.so.6.8.1
7f2fc45fc000-7f2fc45fd000 rw-p 0009e000 08:03 530994                     /usr/lib/x86_64-linux-gnu/libfreetype.so.6.8.1
7f2fc45fd000-7f2fc4645000 r-xp 00000000 08:03 2231539                    /usr/lib/jvm/java-6-openjdk-amd64/jre/lib/amd64/libfontmanager.so
7f2fc4645000-7f2fc4845000 ---p 00048000 08:03 2231539                    /usr/lib/jvm/java-6-openjdk-amd64/jre/lib/amd64/libfontmanager.so
7f2fc4845000-7f2fc4848000 rw-p 00048000 08:03 2231539                    /usr/lib/jvm/java-6-openjdk-amd64/jre/lib/amd64/libfontmanager.so
7f2fc4848000-7f2fc484d000 r-xp 00000000 08:03 531316                     /usr/lib/x86_64-linux-gnu/libXdmcp.so.6.0.0
7f2fc484d000-7f2fc4a4c000 ---p 00005000 08:03 531316                     /usr/lib/x86_64-linux-gnu/libXdmcp.so.6.0.0
7f2fc4a4c000-7f2fc4a4d000 rw-p 00004000 08:03 531316                     /usr/lib/x86_64-linux-gnu/libXdmcp.so.6.0.0
7f2fc4a4d000-7f2fc4a4f000 r-xp 00000000 08:03 531314                     /usr/lib/x86_64-linux-gnu/libXau.so.6.0.0
7f2fc4a4f000-7f2fc4c4f000 ---p 00002000 08:03 531314                     /usr/lib/x86_64-linux-gnu/libXau.so.6.0.0
7f2fc4c4f000-7f2fc4c50000 rw-p 00002000 08:03 531314                     /usr/lib/x86_64-linux-gnu/libXau.so.6.0.0
7f2fc4c50000-7f2fc4c6f000 r-xp 00000000 08:03 531318                     /usr/lib/x86_64-linux-gnu/libxcb.so.1.1.0
7f2fc4c6f000-7f2fc4e6e000 ---p 0001f000 08:03 531318                     /usr/lib/x86_64-linux-gnu/libxcb.so.1.1.0
7f2fc4e6e000-7f2fc4e6f000 r--p 0001e000 08:03 531318                     /usr/lib/x86_64-linux-gnu/libxcb.so.1.1.0
7f2fc4e6f000-7f2fc4e70000 rw-p 0001f000 08:03 531318                     /usr/lib/x86_64-linux-gnu/libxcb.so.1.1.0
7f2fc4e70000-7f2fc4e7e000 r-xp 00000000 08:03 534780                     /usr/lib/x86_64-linux-gnu/libXi.so.6.1.0
7f2fc4e7e000-7f2fc507e000 ---p 0000e000 08:03 534780                     /usr/lib/x86_64-linux-gnu/libXi.so.6.1.0
7f2fc507e000-7f2fc507f000 rw-p 0000e000 08:03 534780                     /usr/lib/x86_64-linux-gnu/libXi.so.6.1.0
7f2fc507f000-7f2fc5084000 r-xp 00000000 08:03 535605                     /usr/lib/x86_64-linux-gnu/libXtst.so.6.1.0
7f2fc5084000-7f2fc5283000 ---p 00005000 08:03 535605                     /usr/lib/x86_64-linux-gnu/libXtst.so.6.1.0
7f2fc5283000-7f2fc5284000 rw-p 00004000 08:03 535605                     /usr/lib/x86_64-linux-gnu/libXtst.so.6.1.0
7f2fc5284000-7f2fc528d000 r-xp 00000000 08:03 534524                     /usr/lib/x86_64-linux-gnu/libXrender.so.1.3.0
7f2fc528d000-7f2fc548c000 ---p 00009000 08:03 534524                     /usr/lib/x86_64-linux-gnu/libXrender.so.1.3.0
7f2fc548c000-7f2fc548d000 rw-p 00008000 08:03 534524                     /usr/lib/x86_64-linux-gnu/libXrender.so.1.3.0
7f2fc548d000-7f2fc55c2000 r-xp 00000000 08:03 531323                     /usr/lib/x86_64-linux-gnu/libX11.so.6.3.0
7f2fc55c2000-7f2fc57c2000 ---p 00135000 08:03 531323                     /usr/lib/x86_64-linux-gnu/libX11.so.6.3.0
7f2fc57c2000-7f2fc57c8000 rw-p 00135000 08:03 531323                     /usr/lib/x86_64-linux-gnu/libX11.so.6.3.0
7f2fc57c8000-7f2fc57d9000 r-xp 00000000 08:03 531325                     /usr/lib/x86_64-linux-gnu/libXext.so.6.4.0
7f2fc57d9000-7f2fc59d9000 ---p 00011000 08:03 531325                     /usr/lib/x86_64-linux-gnu/libXext.so.6.4.0
7f2fc59d9000-7f2fc59da000 rw-p 00011000 08:03 531325                     /usr/lib/x86_64-linux-gnu/libXext.so.6.4.0
7f2fc59db000-7f2fc59dc000 rw-s 00005000 00:05 8578                       /dev/ati/card0
7f2fc59dc000-7f2fc59de000 rw-s 00002000 00:05 8578                       /dev/ati/card0
7f2fc59de000-7f2fc59df000 r--s 00000000 08:03 4856316                    /var/cache/fontconfig/4794a0821666d79190d59a36cb4f44b5-le64.cache-3
7f2fc59df000-7f2fc59e2000 r--s 00000000 08:03 4854299                    /var/cache/fontconfig/c57959a16110560c8d0fcea73374aeeb-le64.cache-3
7f2fc59e2000-7f2fc59e7000 r--s 00000000 08:03 4855942                    /var/cache/fontconfig/3047814df9a2f067bd2d96a2b9c36e5a-le64.cache-3
7f2fc59e7000-7f2fc59ef000 r--s 00000000 08:03 4853581                    /var/cache/fontconfig/3f7329c5293ffd510edef78f73874cfd-le64.cache-3
7f2fc59ef000-7f2fc59f0000 r--s 00000000 08:03 4855939                    /var/cache/fontconfig/e13b20fdb08344e0e664864cc2ede53d-le64.cache-3
7f2fc59f0000-7f2fc5a3d000 r-xp 00000000 08:03 2231706                    /usr/lib/jvm/java-6-openjdk-amd64/jre/lib/amd64/xawt/libmawt.so
7f2fc5a3d000-7f2fc5c3c000 ---p 0004d000 08:03 2231706                    /usr/lib/jvm/java-6-openjdk-amd64/jre/lib/amd64/xawt/libmawt.so
7f2fc5c3c000-7f2fc5c40000 rw-p 0004c000 08:03 2231706                    /usr/lib/jvm/java-6-openjdk-amd64/jre/lib/amd64/xawt/libmawt.so
7f2fc5c40000-7f2fc5c41000 rw-p 00000000 00:00 0 
7f2fc5c41000-7f2fc5cf1000 r-xp 00000000 08:03 2231546                    /usr/lib/jvm/java-6-openjdk-amd64/jre/lib/amd64/libawt.so
7f2fc5cf1000-7f2fc5ef0000 ---p 000b0000 08:03 2231546                    /usr/lib/jvm/java-6-openjdk-amd64/jre/lib/amd64/libawt.so
7f2fc5ef0000-7f2fc5efc000 rw-p 000af000 08:03 2231546                    /usr/lib/jvm/java-6-openjdk-amd64/jre/lib/amd64/libawt.so
7f2fc5efc000-7f2fc8547000 rw-p 00000000 00:00 0 
7f2fc8547000-7f2fc8548000 ---p 00000000 00:00 0 
7f2fc8548000-7f2fc8648000 rw-p 00000000 00:00 0 
7f2fc8648000-7f2fc864b000 ---p 00000000 00:00 0 
7f2fc864b000-7f2fc8749000 rw-p 00000000 00:00 0 
7f2fc8749000-7f2fc874c000 ---p 00000000 00:00 0 
7f2fc874c000-7f2fc884a000 rw-p 00000000 00:00 0 
7f2fc884a000-7f2fc884d000 ---p 00000000 00:00 0 
7f2fc884d000-7f2fc894b000 rw-p 00000000 00:00 0 
7f2fc894b000-7f2fc894e000 ---p 00000000 00:00 0 
7f2fc894e000-7f2fc8a4c000 rw-p 00000000 00:00 0 
7f2fc8a4c000-7f2fc8bc3000 r--p 00000000 08:03 530955                     /usr/lib/locale/locale-archive
7f2fc8bc3000-7f2fc8bc6000 ---p 00000000 00:00 0 
7f2fc8bc6000-7f2fc8cc4000 rw-p 00000000 00:00 0 
7f2fc8cc4000-7f2fc8cc7000 ---p 00000000 00:00 0 
7f2fc8cc7000-7f2fc8dc5000 rw-p 00000000 00:00 0 
7f2fc8dc5000-7f2fc8dc6000 ---p 00000000 00:00 0 
7f2fc8dc6000-7f2fc91fc000 rw-p 00000000 00:00 0 
7f2fc91fc000-7f2fc9390000 r--s 03807000 08:03 2231586                    /usr/lib/jvm/java-6-openjdk-amd64/jre/lib/rt.jar
7f2fc9390000-7f2fc93b8000 rw-p 00000000 00:00 0 
7f2fc93b8000-7f2fc93b9000 ---p 00000000 00:00 0 
7f2fc93b9000-7f2fc94b9000 rw-p 00000000 00:00 0 
7f2fc94b9000-7f2fc94ba000 ---p 00000000 00:00 0 
7f2fc94ba000-7f2fc95c5000 rw-p 00000000 00:00 0 
7f2fc95c5000-7f2fc960d000 rw-p 00000000 00:00 0 
7f2fc960d000-7f2fc964c000 rw-p 00000000 00:00 0 
7f2fc964c000-7f2fc99f9000 rw-p 00000000 00:00 0 
7f2fc99f9000-7f2fc9a04000 rw-p 00000000 00:00 0 
7f2fc9a04000-7f2fc9a4c000 rw-p 00000000 00:00 0 
7f2fc9a4c000-7f2fc9a8b000 rw-p 00000000 00:00 0 
7f2fc9a8b000-7f2fc9e38000 rw-p 00000000 00:00 0 
7f2fc9e38000-7f2fc9e58000 rw-p 00000000 00:00 0 
7f2fc9e58000-7f2fca02e000 rw-p 00000000 00:00 0 
7f2fca02e000-7f2fca02f000 rw-p 00000000 00:00 0 
7f2fca02f000-7f2fca29f000 rwxp 00000000 00:00 0 
7f2fca29f000-7f2fcd02f000 rw-p 00000000 00:00 0 
7f2fcd02f000-7f2fcd036000 r-xp 00000000 08:03 2231575                    /usr/lib/jvm/java-6-openjdk-amd64/jre/lib/amd64/libzip.so
7f2fcd036000-7f2fcd235000 ---p 00007000 08:03 2231575                    /usr/lib/jvm/java-6-openjdk-amd64/jre/lib/amd64/libzip.so
7f2fcd235000-7f2fcd236000 rw-p 00006000 08:03 2231575                    /usr/lib/jvm/java-6-openjdk-amd64/jre/lib/amd64/libzip.so
7f2fcd236000-7f2fcd241000 r-xp 00000000 08:03 3538957                    /lib/x86_64-linux-gnu/libnss_files-2.13.so
7f2fcd241000-7f2fcd440000 ---p 0000b000 08:03 3538957                    /lib/x86_64-linux-gnu/libnss_files-2.13.so
7f2fcd440000-7f2fcd441000 r--p 0000a000 08:03 3538957                    /lib/x86_64-linux-gnu/libnss_files-2.13.so
7f2fcd441000-7f2fcd442000 rw-p 0000b000 08:03 3538957                    /lib/x86_64-linux-gnu/libnss_files-2.13.so
7f2fcd442000-7f2fcd44c000 r-xp 00000000 08:03 3538969                    /lib/x86_64-linux-gnu/libnss_nis-2.13.so
7f2fcd44c000-7f2fcd64b000 ---p 0000a000 08:03 3538969                    /lib/x86_64-linux-gnu/libnss_nis-2.13.so
7f2fcd64b000-7f2fcd64c000 r--p 00009000 08:03 3538969                    /lib/x86_64-linux-gnu/libnss_nis-2.13.so
7f2fcd64c000-7f2fcd64d000 rw-p 0000a000 08:03 3538969                    /lib/x86_64-linux-gnu/libnss_nis-2.13.so
7f2fcd64d000-7f2fcd654000 r-xp 00000000 08:03 3538959                    /lib/x86_64-linux-gnu/libnss_compat-2.13.so
7f2fcd654000-7f2fcd853000 ---p 00007000 08:03 3538959                    /lib/x86_64-linux-gnu/libnss_compat-2.13.so
7f2fcd853000-7f2fcd854000 r--p 00006000 08:03 3538959                    /lib/x86_64-linux-gnu/libnss_compat-2.13.so
7f2fcd854000-7f2fcd855000 rw-p 00007000 08:03 3538959                    /lib/x86_64-linux-gnu/libnss_compat-2.13.so
7f2fcd855000-7f2fcd86a000 r-xp 00000000 08:03 3538967                    /lib/x86_64-linux-gnu/libnsl-2.13.so
7f2fcd86a000-7f2fcda69000 ---p 00015000 08:03 3538967                    /lib/x86_64-linux-gnu/libnsl-2.13.so
7f2fcda69000-7f2fcda6a000 r--p 00014000 08:03 3538967                    /lib/x86_64-linux-gnu/libnsl-2.13.so
7f2fcda6a000-7f2fcda6b000 rw-p 00015000 08:03 3538967                    /lib/x86_64-linux-gnu/libnsl-2.13.so
7f2fcda6b000-7f2fcda6d000 rw-p 00000000 00:00 0 
7f2fcda6d000-7f2fcda9b000 r-xp 00000000 08:03 2231561                    /usr/lib/jvm/java-6-openjdk-amd64/jre/lib/amd64/libjava.so
7f2fcda9b000-7f2fcdc9a000 ---p 0002e000 08:03 2231561                    /usr/lib/jvm/java-6-openjdk-amd64/jre/lib/amd64/libjava.so
7f2fcdc9a000-7f2fcdc9e000 rw-p 0002d000 08:03 2231561                    /usr/lib/jvm/java-6-openjdk-amd64/jre/lib/amd64/libjava.so
7f2fcdc9e000-7f2fcdcad000 r-xp 00000000 08:03 2231544                    /usr/lib/jvm/java-6-openjdk-amd64/jre/lib/amd64/libverify.so
7f2fcdcad000-7f2fcdeac000 ---p 0000f000 08:03 2231544                    /usr/lib/jvm/java-6-openjdk-amd64/jre/lib/amd64/libverify.so
7f2fcdeac000-7f2fcdeae000 rw-p 0000e000 08:03 2231544                    /usr/lib/jvm/java-6-openjdk-amd64/jre/lib/amd64/libverify.so
7f2fcdeae000-7f2fcdeb5000 r-xp 00000000 08:03 3538958                    /lib/x86_64-linux-gnu/librt-2.13.so
7f2fcdeb5000-7f2fce0b4000 ---p 00007000 08:03 3538958                    /lib/x86_64-linux-gnu/librt-2.13.so
7f2fce0b4000-7f2fce0b5000 r--p 00006000 08:03 3538958                    /lib/x86_64-linux-gnu/librt-2.13.so
7f2fce0b5000-7f2fce0b6000 rw-p 00007000 08:03 3538958                    /lib/x86_64-linux-gnu/librt-2.13.so
7f2fce0b6000-7f2fce0cb000 r-xp 00000000 08:03 3538948                    /lib/x86_64-linux-gnu/libgcc_s.so.1
7f2fce0cb000-7f2fce2cb000 ---p 00015000 08:03 3538948                    /lib/x86_64-linux-gnu/libgcc_s.so.1
7f2fce2cb000-7f2fce2cc000 rw-p 00015000 08:03 3538948                    /lib/x86_64-linux-gnu/libgcc_s.so.1
7f2fce2cc000-7f2fce34d000 r-xp 00000000 08:03 3538960                    /lib/x86_64-linux-gnu/libm-2.13.so
7f2fce34d000-7f2fce54c000 ---p 00081000 08:03 3538960                    /lib/x86_64-linux-gnu/libm-2.13.so
7f2fce54c000-7f2fce54d000 r--p 00080000 08:03 3538960                    /lib/x86_64-linux-gnu/libm-2.13.so
7f2fce54d000-7f2fce54e000 rw-p 00081000 08:03 3538960                    /lib/x86_64-linux-gnu/libm-2.13.so
7f2fce54e000-7f2fce636000 r-xp 00000000 08:03 528173                     /usr/lib/x86_64-linux-gnu/libstdc++.so.6.0.17
7f2fce636000-7f2fce836000 ---p 000e8000 08:03 528173                     /usr/lib/x86_64-linux-gnu/libstdc++.so.6.0.17
7f2fce836000-7f2fce83e000 r--p 000e8000 08:03 528173                     /usr/lib/x86_64-linux-gnu/libstdc++.so.6.0.17
7f2fce83e000-7f2fce840000 rw-p 000f0000 08:03 528173                     /usr/lib/x86_64-linux-gnu/libstdc++.so.6.0.17
7f2fce840000-7f2fce855000 rw-p 00000000 00:00 0 
7f2fce855000-7f2fcf169000 r-xp 00000000 08:03 2231551                    /usr/lib/jvm/java-6-openjdk-amd64/jre/lib/amd64/server/libjvm.so
7f2fcf169000-7f2fcf368000 ---p 00914000 08:03 2231551                    /usr/lib/jvm/java-6-openjdk-amd64/jre/lib/amd64/server/libjvm.so
7f2fcf368000-7f2fcf404000 rw-p 00913000 08:03 2231551                    /usr/lib/jvm/java-6-openjdk-amd64/jre/lib/amd64/server/libjvm.so
7f2fcf404000-7f2fcf42d000 rw-p 00000000 00:00 0 
7f2fcf42d000-7f2fcf5ad000 r-xp 00000000 08:03 3538963                    /lib/x86_64-linux-gnu/libc-2.13.so
7f2fcf5ad000-7f2fcf7ad000 ---p 00180000 08:03 3538963                    /lib/x86_64-linux-gnu/libc-2.13.so
7f2fcf7ad000-7f2fcf7b1000 r--p 00180000 08:03 3538963                    /lib/x86_64-linux-gnu/libc-2.13.so
7f2fcf7b1000-7f2fcf7b2000 rw-p 00184000 08:03 3538963                    /lib/x86_64-linux-gnu/libc-2.13.so
7f2fcf7b2000-7f2fcf7b7000 rw-p 00000000 00:00 0 
7f2fcf7b7000-7f2fcf7b9000 r-xp 00000000 08:03 3538956                    /lib/x86_64-linux-gnu/libdl-2.13.so
7f2fcf7b9000-7f2fcf9b9000 ---p 00002000 08:03 3538956                    /lib/x86_64-linux-gnu/libdl-2.13.so
7f2fcf9b9000-7f2fcf9ba000 r--p 00002000 08:03 3538956                    /lib/x86_64-linux-gnu/libdl-2.13.so
7f2fcf9ba000-7f2fcf9bb000 rw-p 00003000 08:03 3538956                    /lib/x86_64-linux-gnu/libdl-2.13.so
7f2fcf9bb000-7f2fcf9bf000 r-xp 00000000 08:03 2231548                    /usr/lib/jvm/java-6-openjdk-amd64/jre/lib/amd64/jli/libjli.so
7f2fcf9bf000-7f2fcfbbe000 ---p 00004000 08:03 2231548                    /usr/lib/jvm/java-6-openjdk-amd64/jre/lib/amd64/jli/libjli.so
7f2fcfbbe000-7f2fcfbbf000 rw-p 00003000 08:03 2231548                    /usr/lib/jvm/java-6-openjdk-amd64/jre/lib/amd64/jli/libjli.so
7f2fcfbbf000-7f2fcfbd6000 r-xp 00000000 08:03 3538953                    /lib/x86_64-linux-gnu/libpthread-2.13.so
7f2fcfbd6000-7f2fcfdd5000 ---p 00017000 08:03 3538953                    /lib/x86_64-linux-gnu/libpthread-2.13.so
7f2fcfdd5000-7f2fcfdd6000 r--p 00016000 08:03 3538953                    /lib/x86_64-linux-gnu/libpthread-2.13.so
7f2fcfdd6000-7f2fcfdd7000 rw-p 00017000 08:03 3538953                    /lib/x86_64-linux-gnu/libpthread-2.13.so
7f2fcfdd7000-7f2fcfddb000 rw-p 00000000 00:00 0 
7f2fcfddb000-7f2fcfdf1000 r-xp 00000000 08:03 3539034                    /lib/x86_64-linux-gnu/libz.so.1.2.7
7f2fcfdf1000-7f2fcfff0000 ---p 00016000 08:03 3539034                    /lib/x86_64-linux-gnu/libz.so.1.2.7
7f2fcfff0000-7f2fcfff1000 r--p 00015000 08:03 3539034                    /lib/x86_64-linux-gnu/libz.so.1.2.7
7f2fcfff1000-7f2fcfff2000 rw-p 00016000 08:03 3539034                    /lib/x86_64-linux-gnu/libz.so.1.2.7
7f2fcfff2000-7f2fd0012000 r-xp 00000000 08:03 3538966                    /lib/x86_64-linux-gnu/ld-2.13.so
7f2fd0012000-7f2fd001c000 r--s 00000000 08:03 4856314                    /var/cache/fontconfig/83bf95040141907cd45bb53cf7c1c148-le64.cache-3
7f2fd001c000-7f2fd001f000 r--s 0007f000 08:03 2231060                    /usr/lib/jvm/java-6-openjdk-common/jre/lib/jsse.jar
7f2fd001f000-7f2fd002c000 r--s 000e6000 08:03 11413237                   /home/brandon/ClearWaterInk/games/WorldsCubed/libs/lwjgl.jar
7f2fd002c000-7f2fd0030000 r--s 00027000 08:03 11413238                   /home/brandon/ClearWaterInk/games/WorldsCubed/libs/lwjgl_util.jar
7f2fd0030000-7f2fd0031000 r--s 00007000 08:03 793877                     /usr/share/java/java-atk-wrapper.jar
7f2fd0031000-7f2fd0033000 r--s 00001000 08:03 2231056                    /usr/lib/jvm/java-6-openjdk-common/jre/lib/ext/dnsns.jar
7f2fd0033000-7f2fd003d000 rw-p 00000000 00:00 0 
7f2fd003d000-7f2fd00f3000 rw-p 00000000 00:00 0 
7f2fd00f3000-7f2fd00f6000 ---p 00000000 00:00 0 
7f2fd00f6000-7f2fd01f9000 rw-p 00000000 00:00 0 
7f2fd01f9000-7f2fd01fb000 r--s 0000f000 08:03 2231053                    /usr/lib/jvm/java-6-openjdk-common/jre/lib/ext/pulse-java.jar
7f2fd01fb000-7f2fd01ff000 r--s 00039000 08:03 2231052                    /usr/lib/jvm/java-6-openjdk-common/jre/lib/ext/sunpkcs11.jar
7f2fd01ff000-7f2fd0202000 r--s 00031000 08:03 2231055                    /usr/lib/jvm/java-6-openjdk-common/jre/lib/ext/sunjce_provider.jar
7f2fd0202000-7f2fd0205000 r--s 00077000 08:03 2231054                    /usr/lib/jvm/java-6-openjdk-common/jre/lib/ext/localedata.jar
7f2fd0205000-7f2fd020d000 rw-s 00000000 08:03 8002090                    /tmp/hsperfdata_brandon/6647 (deleted)
7f2fd020d000-7f2fd020e000 rw-p 00000000 00:00 0 
7f2fd020e000-7f2fd020f000 ---p 00000000 00:00 0 
7f2fd020f000-7f2fd0211000 rw-p 00000000 00:00 0 
7f2fd0211000-7f2fd0212000 r--p 0001f000 08:03 3538966                    /lib/x86_64-linux-gnu/ld-2.13.so
7f2fd0212000-7f2fd0213000 rw-p 00020000 08:03 3538966                    /lib/x86_64-linux-gnu/ld-2.13.so
7f2fd0213000-7f2fd0214000 rw-p 00000000 00:00 0 
7fff36929000-7fff3694a000 rw-p 00000000 00:00 0                          [stack]
7fff36997000-7fff36998000 r-xp 00000000 00:00 0                          [vdso]
ffffffffff600000-ffffffffff601000 r-xp 00000000 00:00 0                  [vsyscall]

VM Arguments:
jvm_args: -Djava.library.path=/home/brandon/ClearWaterInk/games/WorldsCubed/libs/natives/linux -Dfile.encoding=UTF-8 
java_command: net.clearwaterink.worldscubed.WorldsCubed
Launcher Type: SUN_STANDARD

Environment Variables:
PATH=/home/brandon/bin:/usr/local/bin:/usr/bin:/bin:/usr/local/games:/usr/games
LD_LIBRARY_PATH=/usr/lib/jvm/java-6-openjdk-amd64/jre/lib/amd64/server:/usr/lib/jvm/java-6-openjdk-amd64/jre/lib/amd64:/usr/lib/jvm/java-6-openjdk-amd64/jre/../lib/amd64
SHELL=/bin/bash
DISPLAY=:0.0

Signal Handlers:
SIGSEGV: [libjvm.so+0x791b10], sa_mask[0]=0x7ffbfeff, sa_flags=0x10000004
SIGBUS: [libjvm.so+0x791b10], sa_mask[0]=0x7ffbfeff, sa_flags=0x10000004
SIGFPE: [libjvm.so+0x65ace0], sa_mask[0]=0x7ffbfeff, sa_flags=0x10000004
SIGPIPE: [libjvm.so+0x65ace0], sa_mask[0]=0x7ffbfeff, sa_flags=0x10000004
SIGXFSZ: [libjvm.so+0x65ace0], sa_mask[0]=0x7ffbfeff, sa_flags=0x10000004
SIGILL: [libjvm.so+0x65ace0], sa_mask[0]=0x7ffbfeff, sa_flags=0x10000004
SIGUSR1: SIG_DFL, sa_mask[0]=0x00000000, sa_flags=0x00000000
SIGUSR2: [libjvm.so+0x65aec0], sa_mask[0]=0x00000004, sa_flags=0x10000004
SIGHUP: [libjvm.so+0x65d500], sa_mask[0]=0x7ffbfeff, sa_flags=0x10000004
SIGINT: [libjvm.so+0x65d500], sa_mask[0]=0x7ffbfeff, sa_flags=0x10000004
SIGTERM: [libjvm.so+0x65d500], sa_mask[0]=0x7ffbfeff, sa_flags=0x10000004
SIGQUIT: [libjvm.so+0x65d500], sa_mask[0]=0x7ffbfeff, sa_flags=0x10000004


---------------  S Y S T E M  ---------------

OS:7.3

uname:Linux 3.2.0-4-amd64 #1 SMP Debian 3.2.51-1 x86_64
libc:glibc 2.13 NPTL 2.13 
rlimit: STACK 8192k, CORE 0k, NPROC 95755, NOFILE 4096, AS infinity
load average:1.47 1.17 1.05

/proc/meminfo:
MemTotal:       12334808 kB
MemFree:         8189036 kB
Buffers:          379780 kB
Cached:          1677312 kB
SwapCached:            0 kB
Active:          2498856 kB
Inactive:        1191748 kB
Active(anon):    1633996 kB
Inactive(anon):    21796 kB
Active(file):     864860 kB
Inactive(file):  1169952 kB
Unevictable:           4 kB
Mlocked:               4 kB
SwapTotal:      13616120 kB
SwapFree:       13616120 kB
Dirty:              1280 kB
Writeback:             0 kB
AnonPages:       1633592 kB
Mapped:           256424 kB
Shmem:             22284 kB
Slab:             242168 kB
SReclaimable:     218276 kB
SUnreclaim:        23892 kB
KernelStack:        3864 kB
PageTables:        26060 kB
NFS_Unstable:          0 kB
Bounce:                0 kB
WritebackTmp:          0 kB
CommitLimit:    19783524 kB
Committed_AS:    3908876 kB
VmallocTotal:   34359738367 kB
VmallocUsed:      329784 kB
VmallocChunk:   34359406412 kB
HardwareCorrupted:     0 kB
AnonHugePages:         0 kB
HugePages_Total:       0
HugePages_Free:        0
HugePages_Rsvd:        0
HugePages_Surp:        0
Hugepagesize:       2048 kB
DirectMap4k:      294272 kB
DirectMap2M:     8093696 kB
DirectMap1G:     4194304 kB


CPU:total 2 (2 cores per cpu, 1 threads per core) family 16 model 6 stepping 3, cmov, cx8, fxsr, mmx, sse, sse2, sse3, popcnt, mmxext, 3dnowpref, lzcnt, sse4a

Memory: 4k page, physical 12334808k(8189036k free), swap 13616120k(13616120k free)

vm_info: OpenJDK 64-Bit Server VM (20.0-b12) for linux-amd64 JRE (1.6.0_27-b27), built on Jul 12 2013 09:04:12 by "jmm" with gcc 4.7.2

time: Fri Feb  7 22:26:15 2014
elapsed time: 5 seconds

