#
# A fatal error has been detected by the Java Runtime Environment:
#
#  SIGSEGV (0xb) at pc=0x00007f496853ce38, pid=5753, tid=139953320470272
#
# JRE version: 6.0_27-b27
# Java VM: OpenJDK 64-Bit Server VM (20.0-b12 mixed mode linux-amd64 compressed oops)
# Derivative: IcedTea6 1.12.6
# Distribution: Debian GNU/Linux 7.1 (wheezy), package 6b27-1.12.6-1~deb7u1
# Problematic frame:
# C  [libX11.so.6+0x3ae38]  XQueryExtension+0x28
#
# If you would like to submit a bug report, please include
# instructions how to reproduce the bug and visit:
#   http://icedtea.classpath.org/bugzilla
#

---------------  T H R E A D  ---------------

Current thread (0x000000000104f800):  VMThread [stack: 0x00007f496be3a000,0x00007f496bf3b000] [id=5759]

siginfo:si_signo=SIGSEGV: si_errno=0, si_code=1 (SEGV_MAPERR), si_addr=0x00000000640d7cc8

Registers:
RAX=0x0000000000ff2360, RBX=0x00000000640d7360, RCX=0x00007f496bf399d8, RDX=0x00007f496bf399d4
RSP=0x00007f496bf39970, RBP=0x00007f4962316c60, RSI=0x00007f49621dee12, RDI=0x00000000640d7360
R8 =0x00007f496bf399dc, R9 =0x0000000000000000, R10=0x00007f4972829768, R11=0x00007f49724d90d0
R12=0x00007f49621dee12, R13=0x0000000000ff2360, R14=0x00007f496480fc10, R15=0x00007f49648105a0
RIP=0x00007f496853ce38, EFLAGS=0x0000000000010202, CSGSFS=0x0000000000000033, ERR=0x0000000000000004
  TRAPNO=0x000000000000000e

Top of Stack: (sp=0x00007f496bf39970)
0x00007f496bf39970:   0000000000000020 00007f496d0a4438
0x00007f496bf39980:   00007f49724b05c8 00007f497326c000
0x00007f496bf39990:   00007f49724b05c8 00000000640d7360
0x00007f496bf399a0:   00007f4962316c60 00007f49621dee12
0x00007f496bf399b0:   0000000000ff2360 00007f496480fc10
0x00007f496bf399c0:   00007f49648105a0 00007f4968530e72
0x00007f496bf399d0:   00007f496480fc10 0000000000000000
0x00007f496bf399e0:   0000000000000000 00007f4962316c60
0x00007f496bf399f0:   00000000640d7360 00007f496884a71d
0x00007f496bf39a00:   00007f49621dee12 00000011724b05c8
0x00007f496bf39a10:   00007f496bf39a90 0000000000000000
0x00007f496bf39a20:   00007f496bf39a90 00000000640d7360
0x00007f496bf39a30:   00007f4973287048 00007f496480fc10
0x00007f496bf39a40:   00007f4962330490 00007f496218afd9
0x00007f496bf39a50:   0000000000000000 000000000000002b
0x00007f496bf39a60:   00007f496bf39a90 0000000000000000
0x00007f496bf39a70:   00007f4973287048 00007f496480fc10
0x00007f496bf39a80:   000000000000001b 00007f496217f6e2
0x00007f496bf39a90:   00007f496bf39c90 00007f49621ded81
0x00007f496bf39aa0:   00007f496bf39c90 00007f49730754ec
0x00007f496bf39ab0:   00007f49732881c8 00007f4973288758
0x00007f496bf39ac0:   00007f497326d508 0000000000fe85a0
0x00007f496bf39ad0:   0000000000fe8ac0 0000000000fe8fc0
0x00007f496bf39ae0:   0000000000fedcc0 000000000139ea50
0x00007f496bf39af0:   00000000012758e0 00007f49732857f0
0x00007f496bf39b00:   00007f49640484e0 00007f4964047c80
0x00007f496bf39b10:   00007f49640b0960 00007f49640b0e00
0x00007f496bf39b20:   00007f49644d3070 00007f4964cde200
0x00007f496bf39b30:   00007f4964cde6a0 00007f4964762c90
0x00007f496bf39b40:   0000000000fe4600 0000000000fe4be0
0x00007f496bf39b50:   0000000000fe3f40 0000000000fdf5f0
0x00007f496bf39b60:   0000000000fdfb60 0000000000fe0570 

Instructions: (pc=0x00007f496853ce38)
0x00007f496853ce18:   24 e0 48 89 fb 4c 89 6c 24 e8 4c 89 74 24 f0 49
0x00007f496853ce28:   89 f4 4c 89 7c 24 f8 48 89 6c 24 d8 48 83 ec 58
0x00007f496853ce38:   48 8b 87 68 09 00 00 49 89 d7 49 89 ce 4d 89 c5
0x00007f496853ce48:   48 85 c0 74 02 ff 10 ba 08 00 00 00 be 62 00 00 

Register to memory mapping:

RAX=0x0000000000ff2360 is an unknown value
RBX=0x00000000640d7360 is an unknown value
RCX=0x00007f496bf399d8 is an unknown value
RDX=0x00007f496bf399d4 is an unknown value
RSP=0x00007f496bf39970 is an unknown value
RBP=0x00007f4962316c60: <offset 0x1cac60> in /usr/lib/x86_64-linux-gnu/libGL.so.1 at 0x00007f496214c000
RSI=0x00007f49621dee12: <offset 0x92e12> in /usr/lib/x86_64-linux-gnu/libGL.so.1 at 0x00007f496214c000
RDI=0x00000000640d7360 is an unknown value
R8 =0x00007f496bf399dc is an unknown value
R9 =0x0000000000000000 is an unknown value
R10=0x00007f4972829768: <offset 0x387768> in /lib/x86_64-linux-gnu/libc.so.6 at 0x00007f49724a2000
R11=0x00007f49724d90d0: __cxa_finalize+0 in /lib/x86_64-linux-gnu/libc.so.6 at 0x00007f49724a2000
R12=0x00007f49621dee12: <offset 0x92e12> in /usr/lib/x86_64-linux-gnu/libGL.so.1 at 0x00007f496214c000
R13=0x0000000000ff2360 is an unknown value
R14=0x00007f496480fc10 is an unknown value
R15=0x00007f49648105a0 is an unknown value


Stack: [0x00007f496be3a000,0x00007f496bf3b000],  sp=0x00007f496bf39970,  free space=1022k
Native frames: (J=compiled Java code, j=interpreted, Vv=VM code, C=native code)
C  [libX11.so.6+0x3ae38]  XQueryExtension+0x28

VM_Operation (0x00007f49732675e0): Exit, mode: safepoint, requested by thread 0x0000000000fea000


---------------  P R O C E S S  ---------------

Java Threads: ( => current thread )
  0x00007f4964046800 JavaThread "AWT-XAWT" daemon [_thread_blocked, id=5773, stack(0x00007f4962ccd000,0x00007f4962dce000)]
  0x000000000132f000 JavaThread "Java2D Disposer" daemon [_thread_blocked, id=5772, stack(0x00007f49631de000,0x00007f49632df000)]
  0x0000000001083800 JavaThread "Low Memory Detector" daemon [_thread_blocked, id=5767, stack(0x00007f496b6bd000,0x00007f496b7be000)]
  0x0000000001081800 JavaThread "C2 CompilerThread1" daemon [_thread_blocked, id=5766, stack(0x00007f496b7be000,0x00007f496b8bf000)]
  0x000000000107c800 JavaThread "C2 CompilerThread0" daemon [_thread_blocked, id=5765, stack(0x00007f496b8bf000,0x00007f496b9c0000)]
  0x000000000107b000 JavaThread "Signal Dispatcher" daemon [_thread_blocked, id=5764, stack(0x00007f496b9c0000,0x00007f496bac1000)]
  0x0000000001056800 JavaThread "Finalizer" daemon [_thread_blocked, id=5763, stack(0x00007f496bc38000,0x00007f496bd39000)]
  0x0000000001054800 JavaThread "Reference Handler" daemon [_thread_blocked, id=5762, stack(0x00007f496bd39000,0x00007f496be3a000)]
  0x0000000000fea000 JavaThread "main" [_thread_blocked, id=5755, stack(0x00007f4973168000,0x00007f4973269000)]

Other Threads:
=>0x000000000104f800 VMThread [stack: 0x00007f496be3a000,0x00007f496bf3b000] [id=5759]

VM state:at safepoint (shutting down)

VM Mutex/Monitor currently owned by a thread:  ([mutex/lock_event])
[0x0000000000fe6a10] Threads_lock - owner thread: 0x000000000104f800

Heap
 PSYoungGen      total 56256K, used 42989K [0x00000007c1400000, 0x00000007c52c0000, 0x0000000800000000)
  eden space 48256K, 86% used [0x00000007c1400000,0x00000007c3c974c0,0x00000007c4320000)
  from space 8000K, 17% used [0x00000007c4320000,0x00000007c4484010,0x00000007c4af0000)
  to   space 8000K, 0% used [0x00000007c4af0000,0x00000007c4af0000,0x00000007c52c0000)
 PSOldGen        total 128512K, used 0K [0x0000000743c00000, 0x000000074b980000, 0x00000007c1400000)
  object space 128512K, 0% used [0x0000000743c00000,0x0000000743c00000,0x000000074b980000)
 PSPermGen       total 21248K, used 9821K [0x0000000739600000, 0x000000073aac0000, 0x0000000743c00000)
  object space 21248K, 46% used [0x0000000739600000,0x0000000739f97650,0x000000073aac0000)

Code Cache  [0x00007f496d0a4000, 0x00007f496d314000, 0x00007f49700a4000)
 total_blobs=752 nmethods=299 adapters=407 free_code_cache=49131968 largest_free_block=9792

Dynamic libraries:
00400000-00409000 r-xp 00000000 08:03 2231614                            /usr/lib/jvm/java-6-openjdk-amd64/jre/bin/java
00608000-00609000 rw-p 00008000 08:03 2231614                            /usr/lib/jvm/java-6-openjdk-amd64/jre/bin/java
00fdf000-01727000 rw-p 00000000 00:00 0                                  [heap]
739600000-73aac0000 rw-p 00000000 00:00 0 
73aac0000-743c00000 rw-p 00000000 00:00 0 
743c00000-74b980000 rw-p 00000000 00:00 0 
74b980000-7c1400000 rw-p 00000000 00:00 0 
7c1400000-7c52c0000 rw-p 00000000 00:00 0 
7c52c0000-800000000 rw-p 00000000 00:00 0 
7f4958000000-7f4958aea000 rw-p 00000000 00:00 0 
7f4958aea000-7f495c000000 ---p 00000000 00:00 0 
7f495f2a5000-7f495f9a5000 rw-s 00006000 00:05 8578                       /dev/ati/card0
7f495f9a5000-7f495f9a7000 r-xp 00000000 08:03 534782                     /usr/lib/x86_64-linux-gnu/libXinerama.so.1.0.0
7f495f9a7000-7f495fba6000 ---p 00002000 08:03 534782                     /usr/lib/x86_64-linux-gnu/libXinerama.so.1.0.0
7f495fba6000-7f495fba7000 rw-p 00001000 08:03 534782                     /usr/lib/x86_64-linux-gnu/libXinerama.so.1.0.0
7f495fba7000-7f495fbf3000 r-xp 00000000 08:03 539328                     /usr/lib/x86_64-linux-gnu/libatiadlxx.so
7f495fbf3000-7f495fcf3000 ---p 0004c000 08:03 539328                     /usr/lib/x86_64-linux-gnu/libatiadlxx.so
7f495fcf3000-7f495fcfe000 rw-p 0004c000 08:03 539328                     /usr/lib/x86_64-linux-gnu/libatiadlxx.so
7f495fcfe000-7f495fd0e000 rw-p 00000000 00:00 0 
7f495fd24000-7f4961cc2000 r-xp 00000000 08:03 921615                     /usr/lib/x86_64-linux-gnu/dri/fglrx_dri.so
7f4961cc2000-7f4961dc1000 ---p 01f9e000 08:03 921615                     /usr/lib/x86_64-linux-gnu/dri/fglrx_dri.so
7f4961dc1000-7f4961f0f000 rwxp 01f9d000 08:03 921615                     /usr/lib/x86_64-linux-gnu/dri/fglrx_dri.so
7f4961f0f000-7f4962043000 rwxp 00000000 00:00 0 
7f4962043000-7f496204a000 r-xp 00000000 08:03 539324                     /usr/lib/x86_64-linux-gnu/libatiuki.so.1.0
7f496204a000-7f496214a000 ---p 00007000 08:03 539324                     /usr/lib/x86_64-linux-gnu/libatiuki.so.1.0
7f496214a000-7f496214b000 rw-p 00007000 08:03 539324                     /usr/lib/x86_64-linux-gnu/libatiuki.so.1.0
7f496214b000-7f496214c000 rw-p 00000000 00:00 0 
7f496214c000-7f496220a000 r-xp 00000000 08:03 1445187                    /usr/lib/x86_64-linux-gnu/fglrx/fglrx-libGL.so.1.2
7f496220a000-7f496230a000 ---p 000be000 08:03 1445187                    /usr/lib/x86_64-linux-gnu/fglrx/fglrx-libGL.so.1.2
7f496230a000-7f4962331000 rwxp 000be000 08:03 1445187                    /usr/lib/x86_64-linux-gnu/fglrx/fglrx-libGL.so.1.2
7f4962331000-7f4962350000 rwxp 00000000 00:00 0 
7f4962350000-7f4962353000 ---p 00000000 00:00 0 
7f4962353000-7f4962451000 rw-p 00000000 00:00 0 
7f4962451000-7f4962455000 r-xp 00000000 08:03 535177                     /usr/lib/x86_64-linux-gnu/libXxf86vm.so.1.0.0
7f4962455000-7f4962655000 ---p 00004000 08:03 535177                     /usr/lib/x86_64-linux-gnu/libXxf86vm.so.1.0.0
7f4962655000-7f4962656000 r--p 00004000 08:03 535177                     /usr/lib/x86_64-linux-gnu/libXxf86vm.so.1.0.0
7f4962656000-7f4962657000 rw-p 00005000 08:03 535177                     /usr/lib/x86_64-linux-gnu/libXxf86vm.so.1.0.0
7f4962657000-7f496265e000 r-xp 00000000 08:03 534784                     /usr/lib/x86_64-linux-gnu/libXrandr.so.2.2.0
7f496265e000-7f496285e000 ---p 00007000 08:03 534784                     /usr/lib/x86_64-linux-gnu/libXrandr.so.2.2.0
7f496285e000-7f496285f000 rw-p 00007000 08:03 534784                     /usr/lib/x86_64-linux-gnu/libXrandr.so.2.2.0
7f496285f000-7f49628c9000 r-xp 00000000 08:03 12332350                   /home/brandon/ClearWaterInk/games/WorldsCubed/libs/natives/linux/liblwjgl64.so
7f49628c9000-7f4962ac9000 ---p 0006a000 08:03 12332350                   /home/brandon/ClearWaterInk/games/WorldsCubed/libs/natives/linux/liblwjgl64.so
7f4962ac9000-7f4962acb000 r--p 0006a000 08:03 12332350                   /home/brandon/ClearWaterInk/games/WorldsCubed/libs/natives/linux/liblwjgl64.so
7f4962acb000-7f4962acc000 rw-p 0006c000 08:03 12332350                   /home/brandon/ClearWaterInk/games/WorldsCubed/libs/natives/linux/liblwjgl64.so
7f4962acc000-7f4962acd000 r-xp 00000000 08:03 2231545                    /usr/lib/jvm/java-6-openjdk-amd64/jre/lib/amd64/libjawt.so
7f4962acd000-7f4962ccc000 ---p 00001000 08:03 2231545                    /usr/lib/jvm/java-6-openjdk-amd64/jre/lib/amd64/libjawt.so
7f4962ccc000-7f4962ccd000 rw-p 00000000 08:03 2231545                    /usr/lib/jvm/java-6-openjdk-amd64/jre/lib/amd64/libjawt.so
7f4962ccd000-7f4962cd0000 ---p 00000000 00:00 0 
7f4962cd0000-7f4962dce000 rw-p 00000000 00:00 0 
7f4962dce000-7f4962dd3000 r-xp 00000000 08:03 534774                     /usr/lib/x86_64-linux-gnu/libXfixes.so.3.1.0
7f4962dd3000-7f4962fd2000 ---p 00005000 08:03 534774                     /usr/lib/x86_64-linux-gnu/libXfixes.so.3.1.0
7f4962fd2000-7f4962fd3000 r--p 00004000 08:03 534774                     /usr/lib/x86_64-linux-gnu/libXfixes.so.3.1.0
7f4962fd3000-7f4962fd4000 rw-p 00005000 08:03 534774                     /usr/lib/x86_64-linux-gnu/libXfixes.so.3.1.0
7f4962fd4000-7f4962fde000 r-xp 00000000 08:03 534776                     /usr/lib/x86_64-linux-gnu/libXcursor.so.1.0.2
7f4962fde000-7f49631dd000 ---p 0000a000 08:03 534776                     /usr/lib/x86_64-linux-gnu/libXcursor.so.1.0.2
7f49631dd000-7f49631de000 rw-p 00009000 08:03 534776                     /usr/lib/x86_64-linux-gnu/libXcursor.so.1.0.2
7f49631de000-7f49631e1000 ---p 00000000 00:00 0 
7f49631e1000-7f49632df000 rw-p 00000000 00:00 0 
7f49632df000-7f4963378000 r-xp 00000000 08:03 530994                     /usr/lib/x86_64-linux-gnu/libfreetype.so.6.8.1
7f4963378000-7f4963577000 ---p 00099000 08:03 530994                     /usr/lib/x86_64-linux-gnu/libfreetype.so.6.8.1
7f4963577000-7f496357d000 r--p 00098000 08:03 530994                     /usr/lib/x86_64-linux-gnu/libfreetype.so.6.8.1
7f496357d000-7f496357e000 rw-p 0009e000 08:03 530994                     /usr/lib/x86_64-linux-gnu/libfreetype.so.6.8.1
7f496357e000-7f49635c6000 r-xp 00000000 08:03 2231539                    /usr/lib/jvm/java-6-openjdk-amd64/jre/lib/amd64/libfontmanager.so
7f49635c6000-7f49637c6000 ---p 00048000 08:03 2231539                    /usr/lib/jvm/java-6-openjdk-amd64/jre/lib/amd64/libfontmanager.so
7f49637c6000-7f49637c9000 rw-p 00048000 08:03 2231539                    /usr/lib/jvm/java-6-openjdk-amd64/jre/lib/amd64/libfontmanager.so
7f49637c9000-7f49637ce000 r-xp 00000000 08:03 531316                     /usr/lib/x86_64-linux-gnu/libXdmcp.so.6.0.0
7f49637ce000-7f49639cd000 ---p 00005000 08:03 531316                     /usr/lib/x86_64-linux-gnu/libXdmcp.so.6.0.0
7f49639cd000-7f49639ce000 rw-p 00004000 08:03 531316                     /usr/lib/x86_64-linux-gnu/libXdmcp.so.6.0.0
7f49639ce000-7f49639d0000 r-xp 00000000 08:03 531314                     /usr/lib/x86_64-linux-gnu/libXau.so.6.0.0
7f49639d0000-7f4963bd0000 ---p 00002000 08:03 531314                     /usr/lib/x86_64-linux-gnu/libXau.so.6.0.0
7f4963bd0000-7f4963bd1000 rw-p 00002000 08:03 531314                     /usr/lib/x86_64-linux-gnu/libXau.so.6.0.0
7f4963bd1000-7f4963bf0000 r-xp 00000000 08:03 531318                     /usr/lib/x86_64-linux-gnu/libxcb.so.1.1.0
7f4963bf0000-7f4963def000 ---p 0001f000 08:03 531318                     /usr/lib/x86_64-linux-gnu/libxcb.so.1.1.0
7f4963def000-7f4963df0000 r--p 0001e000 08:03 531318                     /usr/lib/x86_64-linux-gnu/libxcb.so.1.1.0
7f4963df0000-7f4963df1000 rw-p 0001f000 08:03 531318                     /usr/lib/x86_64-linux-gnu/libxcb.so.1.1.0
7f4963df1000-7f4963dff000 r-xp 00000000 08:03 534780                     /usr/lib/x86_64-linux-gnu/libXi.so.6.1.0
7f4963dff000-7f4963fff000 ---p 0000e000 08:03 534780                     /usr/lib/x86_64-linux-gnu/libXi.so.6.1.0
7f4963fff000-7f4964000000 rw-p 0000e000 08:03 534780                     /usr/lib/x86_64-linux-gnu/libXi.so.6.1.0
7f4964000000-7f4968000000 rw-p 00000000 00:00 0 
7f4968028000-7f4968048000 rw-s fe9e0000 00:05 8578                       /dev/ati/card0
7f4968048000-7f496804a000 rw-s 00002000 00:05 8578                       /dev/ati/card0
7f496804a000-7f4968051000 r--s 000fc000 08:03 2231068                    /usr/lib/jvm/java-6-openjdk-common/jre/lib/resources.jar
7f4968051000-7f4968052000 r--s 00000000 08:03 4856319                    /var/cache/fontconfig/c05880de57d1f5e948fdfacc138775d9-le64.cache-3
7f4968052000-7f496805b000 r--s 00000000 08:03 4854967                    /var/cache/fontconfig/945677eb7aeaf62f1d50efc3fb3ec7d8-le64.cache-3
7f496805b000-7f496805f000 r--s 00000000 08:03 4855898                    /var/cache/fontconfig/a46337af8a0b4c9b317ad981ec3bdf87-le64.cache-3
7f496805f000-7f4968068000 r--s 00000000 08:03 4856317                    /var/cache/fontconfig/6d41288fd70b0be22e8c3a91e032eec0-le64.cache-3
7f4968068000-7f4968096000 r--s 00000000 08:03 4855897                    /var/cache/fontconfig/365b55f210c0a22e9a19e35191240f32-le64.cache-3
7f4968096000-7f4968099000 r--s 00000000 08:03 4854299                    /var/cache/fontconfig/c57959a16110560c8d0fcea73374aeeb-le64.cache-3
7f4968099000-7f496809e000 r--s 00000000 08:03 4855942                    /var/cache/fontconfig/3047814df9a2f067bd2d96a2b9c36e5a-le64.cache-3
7f496809e000-7f49680a6000 r--s 00000000 08:03 4853581                    /var/cache/fontconfig/3f7329c5293ffd510edef78f73874cfd-le64.cache-3
7f49680a6000-7f49680b0000 r--s 00000000 08:03 4856314                    /var/cache/fontconfig/83bf95040141907cd45bb53cf7c1c148-le64.cache-3
7f49680b0000-7f49680b9000 r--s 00000000 08:03 4854967                    /var/cache/fontconfig/945677eb7aeaf62f1d50efc3fb3ec7d8-le64.cache-3
7f49680b9000-7f49680bd000 r--s 00000000 08:03 4855898                    /var/cache/fontconfig/a46337af8a0b4c9b317ad981ec3bdf87-le64.cache-3
7f49680bd000-7f49680c6000 r--s 00000000 08:03 4856317                    /var/cache/fontconfig/6d41288fd70b0be22e8c3a91e032eec0-le64.cache-3
7f49680c6000-7f49680f4000 r--s 00000000 08:03 4855897                    /var/cache/fontconfig/365b55f210c0a22e9a19e35191240f32-le64.cache-3
7f49680f4000-7f49680f9000 r-xp 00000000 08:03 535605                     /usr/lib/x86_64-linux-gnu/libXtst.so.6.1.0
7f49680f9000-7f49682f8000 ---p 00005000 08:03 535605                     /usr/lib/x86_64-linux-gnu/libXtst.so.6.1.0
7f49682f8000-7f49682f9000 rw-p 00004000 08:03 535605                     /usr/lib/x86_64-linux-gnu/libXtst.so.6.1.0
7f49682f9000-7f4968302000 r-xp 00000000 08:03 534524                     /usr/lib/x86_64-linux-gnu/libXrender.so.1.3.0
7f4968302000-7f4968501000 ---p 00009000 08:03 534524                     /usr/lib/x86_64-linux-gnu/libXrender.so.1.3.0
7f4968501000-7f4968502000 rw-p 00008000 08:03 534524                     /usr/lib/x86_64-linux-gnu/libXrender.so.1.3.0
7f4968502000-7f4968637000 r-xp 00000000 08:03 531323                     /usr/lib/x86_64-linux-gnu/libX11.so.6.3.0
7f4968637000-7f4968837000 ---p 00135000 08:03 531323                     /usr/lib/x86_64-linux-gnu/libX11.so.6.3.0
7f4968837000-7f496883d000 rw-p 00135000 08:03 531323                     /usr/lib/x86_64-linux-gnu/libX11.so.6.3.0
7f496883d000-7f496884e000 r-xp 00000000 08:03 531325                     /usr/lib/x86_64-linux-gnu/libXext.so.6.4.0
7f496884e000-7f4968a4e000 ---p 00011000 08:03 531325                     /usr/lib/x86_64-linux-gnu/libXext.so.6.4.0
7f4968a4e000-7f4968a4f000 rw-p 00011000 08:03 531325                     /usr/lib/x86_64-linux-gnu/libXext.so.6.4.0
7f4968a4f000-7f4968a50000 rw-s 00005000 00:05 8578                       /dev/ati/card0
7f4968a50000-7f4968a51000 r--s 00000000 08:03 4856316                    /var/cache/fontconfig/4794a0821666d79190d59a36cb4f44b5-le64.cache-3
7f4968a51000-7f4968a52000 r--s 00000000 08:03 4855939                    /var/cache/fontconfig/e13b20fdb08344e0e664864cc2ede53d-le64.cache-3
7f4968a52000-7f4968a53000 r--s 00000000 08:03 4856319                    /var/cache/fontconfig/c05880de57d1f5e948fdfacc138775d9-le64.cache-3
7f4968a53000-7f4968a5b000 r--s 00000000 08:03 4853581                    /var/cache/fontconfig/3f7329c5293ffd510edef78f73874cfd-le64.cache-3
7f4968a5b000-7f4968a65000 r--s 00000000 08:03 4856314                    /var/cache/fontconfig/83bf95040141907cd45bb53cf7c1c148-le64.cache-3
7f4968a65000-7f4968ab2000 r-xp 00000000 08:03 2231706                    /usr/lib/jvm/java-6-openjdk-amd64/jre/lib/amd64/xawt/libmawt.so
7f4968ab2000-7f4968cb1000 ---p 0004d000 08:03 2231706                    /usr/lib/jvm/java-6-openjdk-amd64/jre/lib/amd64/xawt/libmawt.so
7f4968cb1000-7f4968cb5000 rw-p 0004c000 08:03 2231706                    /usr/lib/jvm/java-6-openjdk-amd64/jre/lib/amd64/xawt/libmawt.so
7f4968cb5000-7f4968cb6000 rw-p 00000000 00:00 0 
7f4968cb6000-7f4968d66000 r-xp 00000000 08:03 2231546                    /usr/lib/jvm/java-6-openjdk-amd64/jre/lib/amd64/libawt.so
7f4968d66000-7f4968f65000 ---p 000b0000 08:03 2231546                    /usr/lib/jvm/java-6-openjdk-amd64/jre/lib/amd64/libawt.so
7f4968f65000-7f4968f71000 rw-p 000af000 08:03 2231546                    /usr/lib/jvm/java-6-openjdk-amd64/jre/lib/amd64/libawt.so
7f4968f71000-7f496b5bc000 rw-p 00000000 00:00 0 
7f496b5bc000-7f496b5bd000 ---p 00000000 00:00 0 
7f496b5bd000-7f496b6bd000 rw-p 00000000 00:00 0 
7f496b6bd000-7f496b6c0000 ---p 00000000 00:00 0 
7f496b6c0000-7f496b7be000 rw-p 00000000 00:00 0 
7f496b7be000-7f496b7c1000 ---p 00000000 00:00 0 
7f496b7c1000-7f496b8bf000 rw-p 00000000 00:00 0 
7f496b8bf000-7f496b8c2000 ---p 00000000 00:00 0 
7f496b8c2000-7f496b9c0000 rw-p 00000000 00:00 0 
7f496b9c0000-7f496b9c3000 ---p 00000000 00:00 0 
7f496b9c3000-7f496bac1000 rw-p 00000000 00:00 0 
7f496bac1000-7f496bc38000 r--p 00000000 08:03 530955                     /usr/lib/locale/locale-archive
7f496bc38000-7f496bc3b000 ---p 00000000 00:00 0 
7f496bc3b000-7f496bd39000 rw-p 00000000 00:00 0 
7f496bd39000-7f496bd3c000 ---p 00000000 00:00 0 
7f496bd3c000-7f496be3a000 rw-p 00000000 00:00 0 
7f496be3a000-7f496be3b000 ---p 00000000 00:00 0 
7f496be3b000-7f496c271000 rw-p 00000000 00:00 0 
7f496c271000-7f496c405000 r--s 03807000 08:03 2231586                    /usr/lib/jvm/java-6-openjdk-amd64/jre/lib/rt.jar
7f496c405000-7f496c42d000 rw-p 00000000 00:00 0 
7f496c42d000-7f496c42e000 ---p 00000000 00:00 0 
7f496c42e000-7f496c52e000 rw-p 00000000 00:00 0 
7f496c52e000-7f496c52f000 ---p 00000000 00:00 0 
7f496c52f000-7f496c63a000 rw-p 00000000 00:00 0 
7f496c63a000-7f496c682000 rw-p 00000000 00:00 0 
7f496c682000-7f496c6c1000 rw-p 00000000 00:00 0 
7f496c6c1000-7f496ca6e000 rw-p 00000000 00:00 0 
7f496ca6e000-7f496ca79000 rw-p 00000000 00:00 0 
7f496ca79000-7f496cac1000 rw-p 00000000 00:00 0 
7f496cac1000-7f496cb00000 rw-p 00000000 00:00 0 
7f496cb00000-7f496cead000 rw-p 00000000 00:00 0 
7f496cead000-7f496cecd000 rw-p 00000000 00:00 0 
7f496cecd000-7f496d0a3000 rw-p 00000000 00:00 0 
7f496d0a3000-7f496d0a4000 rw-p 00000000 00:00 0 
7f496d0a4000-7f496d314000 rwxp 00000000 00:00 0 
7f496d314000-7f49700a4000 rw-p 00000000 00:00 0 
7f49700a4000-7f49700ab000 r-xp 00000000 08:03 2231575                    /usr/lib/jvm/java-6-openjdk-amd64/jre/lib/amd64/libzip.so
7f49700ab000-7f49702aa000 ---p 00007000 08:03 2231575                    /usr/lib/jvm/java-6-openjdk-amd64/jre/lib/amd64/libzip.so
7f49702aa000-7f49702ab000 rw-p 00006000 08:03 2231575                    /usr/lib/jvm/java-6-openjdk-amd64/jre/lib/amd64/libzip.so
7f49702ab000-7f49702b6000 r-xp 00000000 08:03 3538957                    /lib/x86_64-linux-gnu/libnss_files-2.13.so
7f49702b6000-7f49704b5000 ---p 0000b000 08:03 3538957                    /lib/x86_64-linux-gnu/libnss_files-2.13.so
7f49704b5000-7f49704b6000 r--p 0000a000 08:03 3538957                    /lib/x86_64-linux-gnu/libnss_files-2.13.so
7f49704b6000-7f49704b7000 rw-p 0000b000 08:03 3538957                    /lib/x86_64-linux-gnu/libnss_files-2.13.so
7f49704b7000-7f49704c1000 r-xp 00000000 08:03 3538969                    /lib/x86_64-linux-gnu/libnss_nis-2.13.so
7f49704c1000-7f49706c0000 ---p 0000a000 08:03 3538969                    /lib/x86_64-linux-gnu/libnss_nis-2.13.so
7f49706c0000-7f49706c1000 r--p 00009000 08:03 3538969                    /lib/x86_64-linux-gnu/libnss_nis-2.13.so
7f49706c1000-7f49706c2000 rw-p 0000a000 08:03 3538969                    /lib/x86_64-linux-gnu/libnss_nis-2.13.so
7f49706c2000-7f49706c9000 r-xp 00000000 08:03 3538959                    /lib/x86_64-linux-gnu/libnss_compat-2.13.so
7f49706c9000-7f49708c8000 ---p 00007000 08:03 3538959                    /lib/x86_64-linux-gnu/libnss_compat-2.13.so
7f49708c8000-7f49708c9000 r--p 00006000 08:03 3538959                    /lib/x86_64-linux-gnu/libnss_compat-2.13.so
7f49708c9000-7f49708ca000 rw-p 00007000 08:03 3538959                    /lib/x86_64-linux-gnu/libnss_compat-2.13.so
7f49708ca000-7f49708df000 r-xp 00000000 08:03 3538967                    /lib/x86_64-linux-gnu/libnsl-2.13.so
7f49708df000-7f4970ade000 ---p 00015000 08:03 3538967                    /lib/x86_64-linux-gnu/libnsl-2.13.so
7f4970ade000-7f4970adf000 r--p 00014000 08:03 3538967                    /lib/x86_64-linux-gnu/libnsl-2.13.so
7f4970adf000-7f4970ae0000 rw-p 00015000 08:03 3538967                    /lib/x86_64-linux-gnu/libnsl-2.13.so
7f4970ae0000-7f4970ae2000 rw-p 00000000 00:00 0 
7f4970ae2000-7f4970b10000 r-xp 00000000 08:03 2231561                    /usr/lib/jvm/java-6-openjdk-amd64/jre/lib/amd64/libjava.so
7f4970b10000-7f4970d0f000 ---p 0002e000 08:03 2231561                    /usr/lib/jvm/java-6-openjdk-amd64/jre/lib/amd64/libjava.so
7f4970d0f000-7f4970d13000 rw-p 0002d000 08:03 2231561                    /usr/lib/jvm/java-6-openjdk-amd64/jre/lib/amd64/libjava.so
7f4970d13000-7f4970d22000 r-xp 00000000 08:03 2231544                    /usr/lib/jvm/java-6-openjdk-amd64/jre/lib/amd64/libverify.so
7f4970d22000-7f4970f21000 ---p 0000f000 08:03 2231544                    /usr/lib/jvm/java-6-openjdk-amd64/jre/lib/amd64/libverify.so
7f4970f21000-7f4970f23000 rw-p 0000e000 08:03 2231544                    /usr/lib/jvm/java-6-openjdk-amd64/jre/lib/amd64/libverify.so
7f4970f23000-7f4970f2a000 r-xp 00000000 08:03 3538958                    /lib/x86_64-linux-gnu/librt-2.13.so
7f4970f2a000-7f4971129000 ---p 00007000 08:03 3538958                    /lib/x86_64-linux-gnu/librt-2.13.so
7f4971129000-7f497112a000 r--p 00006000 08:03 3538958                    /lib/x86_64-linux-gnu/librt-2.13.so
7f497112a000-7f497112b000 rw-p 00007000 08:03 3538958                    /lib/x86_64-linux-gnu/librt-2.13.so
7f497112b000-7f4971140000 r-xp 00000000 08:03 3538948                    /lib/x86_64-linux-gnu/libgcc_s.so.1
7f4971140000-7f4971340000 ---p 00015000 08:03 3538948                    /lib/x86_64-linux-gnu/libgcc_s.so.1
7f4971340000-7f4971341000 rw-p 00015000 08:03 3538948                    /lib/x86_64-linux-gnu/libgcc_s.so.1
7f4971341000-7f49713c2000 r-xp 00000000 08:03 3538960                    /lib/x86_64-linux-gnu/libm-2.13.so
7f49713c2000-7f49715c1000 ---p 00081000 08:03 3538960                    /lib/x86_64-linux-gnu/libm-2.13.so
7f49715c1000-7f49715c2000 r--p 00080000 08:03 3538960                    /lib/x86_64-linux-gnu/libm-2.13.so
7f49715c2000-7f49715c3000 rw-p 00081000 08:03 3538960                    /lib/x86_64-linux-gnu/libm-2.13.so
7f49715c3000-7f49716ab000 r-xp 00000000 08:03 528173                     /usr/lib/x86_64-linux-gnu/libstdc++.so.6.0.17
7f49716ab000-7f49718ab000 ---p 000e8000 08:03 528173                     /usr/lib/x86_64-linux-gnu/libstdc++.so.6.0.17
7f49718ab000-7f49718b3000 r--p 000e8000 08:03 528173                     /usr/lib/x86_64-linux-gnu/libstdc++.so.6.0.17
7f49718b3000-7f49718b5000 rw-p 000f0000 08:03 528173                     /usr/lib/x86_64-linux-gnu/libstdc++.so.6.0.17
7f49718b5000-7f49718ca000 rw-p 00000000 00:00 0 
7f49718ca000-7f49721de000 r-xp 00000000 08:03 2231551                    /usr/lib/jvm/java-6-openjdk-amd64/jre/lib/amd64/server/libjvm.so
7f49721de000-7f49723dd000 ---p 00914000 08:03 2231551                    /usr/lib/jvm/java-6-openjdk-amd64/jre/lib/amd64/server/libjvm.so
7f49723dd000-7f4972479000 rw-p 00913000 08:03 2231551                    /usr/lib/jvm/java-6-openjdk-amd64/jre/lib/amd64/server/libjvm.so
7f4972479000-7f49724a2000 rw-p 00000000 00:00 0 
7f49724a2000-7f4972622000 r-xp 00000000 08:03 3538963                    /lib/x86_64-linux-gnu/libc-2.13.so
7f4972622000-7f4972822000 ---p 00180000 08:03 3538963                    /lib/x86_64-linux-gnu/libc-2.13.so
7f4972822000-7f4972826000 r--p 00180000 08:03 3538963                    /lib/x86_64-linux-gnu/libc-2.13.so
7f4972826000-7f4972827000 rw-p 00184000 08:03 3538963                    /lib/x86_64-linux-gnu/libc-2.13.so
7f4972827000-7f497282c000 rw-p 00000000 00:00 0 
7f497282c000-7f497282e000 r-xp 00000000 08:03 3538956                    /lib/x86_64-linux-gnu/libdl-2.13.so
7f497282e000-7f4972a2e000 ---p 00002000 08:03 3538956                    /lib/x86_64-linux-gnu/libdl-2.13.so
7f4972a2e000-7f4972a2f000 r--p 00002000 08:03 3538956                    /lib/x86_64-linux-gnu/libdl-2.13.so
7f4972a2f000-7f4972a30000 rw-p 00003000 08:03 3538956                    /lib/x86_64-linux-gnu/libdl-2.13.so
7f4972a30000-7f4972a34000 r-xp 00000000 08:03 2231548                    /usr/lib/jvm/java-6-openjdk-amd64/jre/lib/amd64/jli/libjli.so
7f4972a34000-7f4972c33000 ---p 00004000 08:03 2231548                    /usr/lib/jvm/java-6-openjdk-amd64/jre/lib/amd64/jli/libjli.so
7f4972c33000-7f4972c34000 rw-p 00003000 08:03 2231548                    /usr/lib/jvm/java-6-openjdk-amd64/jre/lib/amd64/jli/libjli.so
7f4972c34000-7f4972c4b000 r-xp 00000000 08:03 3538953                    /lib/x86_64-linux-gnu/libpthread-2.13.so
7f4972c4b000-7f4972e4a000 ---p 00017000 08:03 3538953                    /lib/x86_64-linux-gnu/libpthread-2.13.so
7f4972e4a000-7f4972e4b000 r--p 00016000 08:03 3538953                    /lib/x86_64-linux-gnu/libpthread-2.13.so
7f4972e4b000-7f4972e4c000 rw-p 00017000 08:03 3538953                    /lib/x86_64-linux-gnu/libpthread-2.13.so
7f4972e4c000-7f4972e50000 rw-p 00000000 00:00 0 
7f4972e50000-7f4972e66000 r-xp 00000000 08:03 3539034                    /lib/x86_64-linux-gnu/libz.so.1.2.7
7f4972e66000-7f4973065000 ---p 00016000 08:03 3539034                    /lib/x86_64-linux-gnu/libz.so.1.2.7
7f4973065000-7f4973066000 r--p 00015000 08:03 3539034                    /lib/x86_64-linux-gnu/libz.so.1.2.7
7f4973066000-7f4973067000 rw-p 00016000 08:03 3539034                    /lib/x86_64-linux-gnu/libz.so.1.2.7
7f4973067000-7f4973087000 r-xp 00000000 08:03 3538966                    /lib/x86_64-linux-gnu/ld-2.13.so
7f4973087000-7f4973088000 r--s 00000000 08:03 4856316                    /var/cache/fontconfig/4794a0821666d79190d59a36cb4f44b5-le64.cache-3
7f4973088000-7f497308b000 r--s 00000000 08:03 4854299                    /var/cache/fontconfig/c57959a16110560c8d0fcea73374aeeb-le64.cache-3
7f497308b000-7f4973090000 r--s 00000000 08:03 4855942                    /var/cache/fontconfig/3047814df9a2f067bd2d96a2b9c36e5a-le64.cache-3
7f4973090000-7f4973091000 r--s 00000000 08:03 4855939                    /var/cache/fontconfig/e13b20fdb08344e0e664864cc2ede53d-le64.cache-3
7f4973091000-7f4973094000 r--s 0007f000 08:03 2231060                    /usr/lib/jvm/java-6-openjdk-common/jre/lib/jsse.jar
7f4973094000-7f49730a1000 r--s 000e6000 08:03 11413237                   /home/brandon/ClearWaterInk/games/WorldsCubed/libs/lwjgl.jar
7f49730a1000-7f49730a5000 r--s 00027000 08:03 11413238                   /home/brandon/ClearWaterInk/games/WorldsCubed/libs/lwjgl_util.jar
7f49730a5000-7f49730a6000 r--s 00007000 08:03 793877                     /usr/share/java/java-atk-wrapper.jar
7f49730a6000-7f49730a8000 r--s 00001000 08:03 2231056                    /usr/lib/jvm/java-6-openjdk-common/jre/lib/ext/dnsns.jar
7f49730a8000-7f49730b2000 rw-p 00000000 00:00 0 
7f49730b2000-7f4973168000 rw-p 00000000 00:00 0 
7f4973168000-7f497316b000 ---p 00000000 00:00 0 
7f497316b000-7f497326e000 rw-p 00000000 00:00 0 
7f497326e000-7f4973270000 r--s 0000f000 08:03 2231053                    /usr/lib/jvm/java-6-openjdk-common/jre/lib/ext/pulse-java.jar
7f4973270000-7f4973274000 r--s 00039000 08:03 2231052                    /usr/lib/jvm/java-6-openjdk-common/jre/lib/ext/sunpkcs11.jar
7f4973274000-7f4973277000 r--s 00031000 08:03 2231055                    /usr/lib/jvm/java-6-openjdk-common/jre/lib/ext/sunjce_provider.jar
7f4973277000-7f497327a000 r--s 00077000 08:03 2231054                    /usr/lib/jvm/java-6-openjdk-common/jre/lib/ext/localedata.jar
7f497327a000-7f4973282000 rw-s 00000000 08:03 8002090                    /tmp/hsperfdata_brandon/5753 (deleted)
7f4973282000-7f4973283000 rw-p 00000000 00:00 0 
7f4973283000-7f4973284000 ---p 00000000 00:00 0 
7f4973284000-7f4973286000 rw-p 00000000 00:00 0 
7f4973286000-7f4973287000 r--p 0001f000 08:03 3538966                    /lib/x86_64-linux-gnu/ld-2.13.so
7f4973287000-7f4973288000 rw-p 00020000 08:03 3538966                    /lib/x86_64-linux-gnu/ld-2.13.so
7f4973288000-7f4973289000 rw-p 00000000 00:00 0 
7fffc22ce000-7fffc22ef000 rw-p 00000000 00:00 0                          [stack]
7fffc23ff000-7fffc2400000 r-xp 00000000 00:00 0                          [vdso]
ffffffffff600000-ffffffffff601000 r-xp 00000000 00:00 0                  [vsyscall]

VM Arguments:
jvm_args: -Djava.library.path=/home/brandon/ClearWaterInk/games/WorldsCubed/libs/natives/linux -Dfile.encoding=UTF-8 
java_command: net.clearwaterink.worldscubed.WorldsCubed
Launcher Type: SUN_STANDARD

Environment Variables:
PATH=/home/brandon/bin:/usr/local/bin:/usr/bin:/bin:/usr/local/games:/usr/games
LD_LIBRARY_PATH=/usr/lib/jvm/java-6-openjdk-amd64/jre/lib/amd64/server:/usr/lib/jvm/java-6-openjdk-amd64/jre/lib/amd64:/usr/lib/jvm/java-6-openjdk-amd64/jre/../lib/amd64
SHELL=/bin/bash
DISPLAY=:0.0

Signal Handlers:
SIGSEGV: [libjvm.so+0x791b10], sa_mask[0]=0x7ffbfeff, sa_flags=0x10000004
SIGBUS: [libjvm.so+0x791b10], sa_mask[0]=0x7ffbfeff, sa_flags=0x10000004
SIGFPE: [libjvm.so+0x65ace0], sa_mask[0]=0x7ffbfeff, sa_flags=0x10000004
SIGPIPE: [libjvm.so+0x65ace0], sa_mask[0]=0x7ffbfeff, sa_flags=0x10000004
SIGXFSZ: [libjvm.so+0x65ace0], sa_mask[0]=0x7ffbfeff, sa_flags=0x10000004
SIGILL: [libjvm.so+0x65ace0], sa_mask[0]=0x7ffbfeff, sa_flags=0x10000004
SIGUSR1: SIG_DFL, sa_mask[0]=0x00000000, sa_flags=0x00000000
SIGUSR2: [libjvm.so+0x65aec0], sa_mask[0]=0x00000004, sa_flags=0x10000004
SIGHUP: [libjvm.so+0x65d500], sa_mask[0]=0x7ffbfeff, sa_flags=0x10000004
SIGINT: [libjvm.so+0x65d500], sa_mask[0]=0x7ffbfeff, sa_flags=0x10000004
SIGTERM: [libjvm.so+0x65d500], sa_mask[0]=0x7ffbfeff, sa_flags=0x10000004
SIGQUIT: [libjvm.so+0x65d500], sa_mask[0]=0x7ffbfeff, sa_flags=0x10000004


---------------  S Y S T E M  ---------------

OS:7.3

uname:Linux 3.2.0-4-amd64 #1 SMP Debian 3.2.51-1 x86_64
libc:glibc 2.13 NPTL 2.13 
rlimit: STACK 8192k, CORE 0k, NPROC 95755, NOFILE 4096, AS infinity
load average:1.13 1.06 0.97

/proc/meminfo:
MemTotal:       12334808 kB
MemFree:         8085620 kB
Buffers:          379088 kB
Cached:          1675748 kB
SwapCached:            0 kB
Active:          2599296 kB
Inactive:        1190832 kB
Active(anon):    1735840 kB
Inactive(anon):    21928 kB
Active(file):     863456 kB
Inactive(file):  1168904 kB
Unevictable:           4 kB
Mlocked:               4 kB
SwapTotal:      13616120 kB
SwapFree:       13616120 kB
Dirty:               252 kB
Writeback:             0 kB
AnonPages:       1735104 kB
Mapped:           251088 kB
Shmem:             22480 kB
Slab:             241908 kB
SReclaimable:     218152 kB
SUnreclaim:        23756 kB
KernelStack:        3832 kB
PageTables:        26160 kB
NFS_Unstable:          0 kB
Bounce:                0 kB
WritebackTmp:          0 kB
CommitLimit:    19783524 kB
Committed_AS:    3930316 kB
VmallocTotal:   34359738367 kB
VmallocUsed:      329784 kB
VmallocChunk:   34359406412 kB
HardwareCorrupted:     0 kB
AnonHugePages:         0 kB
HugePages_Total:       0
HugePages_Free:        0
HugePages_Rsvd:        0
HugePages_Surp:        0
Hugepagesize:       2048 kB
DirectMap4k:      294272 kB
DirectMap2M:     8093696 kB
DirectMap1G:     4194304 kB


CPU:total 2 (2 cores per cpu, 1 threads per core) family 16 model 6 stepping 3, cmov, cx8, fxsr, mmx, sse, sse2, sse3, popcnt, mmxext, 3dnowpref, lzcnt, sse4a

Memory: 4k page, physical 12334808k(8085620k free), swap 13616120k(13616120k free)

vm_info: OpenJDK 64-Bit Server VM (20.0-b12) for linux-amd64 JRE (1.6.0_27-b27), built on Jul 12 2013 09:04:12 by "jmm" with gcc 4.7.2

time: Fri Feb  7 22:18:54 2014
elapsed time: 42 seconds

