#
# A fatal error has been detected by the Java Runtime Environment:
#
#  SIGSEGV (0xb) at pc=0x00007feb0a019e38, pid=23707, tid=140647522723584
#
# JRE version: 6.0_27-b27
# Java VM: OpenJDK 64-Bit Server VM (20.0-b12 mixed mode linux-amd64 compressed oops)
# Derivative: IcedTea6 1.12.6
# Distribution: Debian GNU/Linux 7.1 (wheezy), package 6b27-1.12.6-1~deb7u1
# Problematic frame:
# C  [libX11.so.6+0x3ae38]  XQueryExtension+0x28
#
# If you would like to submit a bug report, please include
# instructions how to reproduce the bug and visit:
#   http://icedtea.classpath.org/bugzilla
#

---------------  T H R E A D  ---------------

Current thread (0x0000000001d94800):  VMThread [stack: 0x00007feb0d916000,0x00007feb0da17000] [id=23715]

siginfo:si_signo=SIGSEGV: si_errno=0, si_code=1 (SEGV_MAPERR), si_addr=0x0000000004063ad8

Registers:
RAX=0x0000000001d37360, RBX=0x0000000004063170, RCX=0x00007feb0da159d8, RDX=0x00007feb0da159d4
RSP=0x00007feb0da15970, RBP=0x00007feb03cbfc60, RSI=0x00007feb03b87e12, RDI=0x0000000004063170
R8 =0x00007feb0da159dc, R9 =0x0000000000000000, R10=0x00007feb14305768, R11=0x00007feb13fb50d0
R12=0x00007feb03b87e12, R13=0x0000000001d37360, R14=0x00007feb04070bb0, R15=0x00007feb04099200
RIP=0x00007feb0a019e38, EFLAGS=0x0000000000010202, CSGSFS=0x0000000000000033, ERR=0x0000000000000004
  TRAPNO=0x000000000000000e

Top of Stack: (sp=0x00007feb0da15970)
0x00007feb0da15970:   0000000000000020 00007feb0eb80438
0x00007feb0da15980:   00007feb13f8c5c8 00007feb14d49000
0x00007feb0da15990:   00007feb13f8c5c8 0000000004063170
0x00007feb0da159a0:   00007feb03cbfc60 00007feb03b87e12
0x00007feb0da159b0:   0000000001d37360 00007feb04070bb0
0x00007feb0da159c0:   00007feb04099200 00007feb0a00de72
0x00007feb0da159d0:   00007feb04070bb0 0000000000000000
0x00007feb0da159e0:   0000000000000000 00007feb03cbfc60
0x00007feb0da159f0:   0000000004063170 00007feb0a32771d
0x00007feb0da15a00:   00007feb03b87e12 0000001113f8c5c8
0x00007feb0da15a10:   00007feb0da15a90 0000000000000000
0x00007feb0da15a20:   00007feb0da15a90 0000000004063170
0x00007feb0da15a30:   00007feb14d63048 00007feb04070bb0
0x00007feb0da15a40:   00007feb03cd9490 00007feb03b33fd9
0x00007feb0da15a50:   0000000000000000 000000000000002b
0x00007feb0da15a60:   00007feb0da15a90 0000000000000000
0x00007feb0da15a70:   00007feb14d63048 00007feb04070bb0
0x00007feb0da15a80:   000000000000001b 00007feb03b286e2
0x00007feb0da15a90:   00007feb0da15c90 00007feb03b87d81
0x00007feb0da15aa0:   00007feb0da15c90 00007feb14b514ec
0x00007feb0da15ab0:   00007feb14d641c8 00007feb14d64758
0x00007feb0da15ac0:   00007feb14d4a508 0000000001d2d5a0
0x00007feb0da15ad0:   0000000001d2dac0 0000000001d2dfc0
0x00007feb0da15ae0:   0000000001d32cc0 00000000021d1cd0
0x00007feb0da15af0:   00000000021d21b0 00007feb14d617f0
0x00007feb0da15b00:   00007feb0408cbc0 00007feb0408c420
0x00007feb0da15b10:   00007feb0407b270 00007feb0407b710
0x00007feb0da15b20:   000000000214fb70 0000000001ed4a30
0x00007feb0da15b30:   0000000001ed4ed0 00000000021475e0
0x00007feb0da15b40:   0000000001d29600 0000000001d29be0
0x00007feb0da15b50:   0000000001d28f40 0000000001d245f0
0x00007feb0da15b60:   0000000001d24b60 0000000001d25570 

Instructions: (pc=0x00007feb0a019e38)
0x00007feb0a019e18:   24 e0 48 89 fb 4c 89 6c 24 e8 4c 89 74 24 f0 49
0x00007feb0a019e28:   89 f4 4c 89 7c 24 f8 48 89 6c 24 d8 48 83 ec 58
0x00007feb0a019e38:   48 8b 87 68 09 00 00 49 89 d7 49 89 ce 4d 89 c5
0x00007feb0a019e48:   48 85 c0 74 02 ff 10 ba 08 00 00 00 be 62 00 00 

Register to memory mapping:

RAX=0x0000000001d37360 is an unknown value
RBX=0x0000000004063170 is an unknown value
RCX=0x00007feb0da159d8 is an unknown value
RDX=0x00007feb0da159d4 is an unknown value
RSP=0x00007feb0da15970 is an unknown value
RBP=0x00007feb03cbfc60: <offset 0x1cac60> in /usr/lib/x86_64-linux-gnu/libGL.so.1 at 0x00007feb03af5000
RSI=0x00007feb03b87e12: <offset 0x92e12> in /usr/lib/x86_64-linux-gnu/libGL.so.1 at 0x00007feb03af5000
RDI=0x0000000004063170 is an unknown value
R8 =0x00007feb0da159dc is an unknown value
R9 =0x0000000000000000 is an unknown value
R10=0x00007feb14305768: <offset 0x387768> in /lib/x86_64-linux-gnu/libc.so.6 at 0x00007feb13f7e000
R11=0x00007feb13fb50d0: __cxa_finalize+0 in /lib/x86_64-linux-gnu/libc.so.6 at 0x00007feb13f7e000
R12=0x00007feb03b87e12: <offset 0x92e12> in /usr/lib/x86_64-linux-gnu/libGL.so.1 at 0x00007feb03af5000
R13=0x0000000001d37360 is an unknown value
R14=0x00007feb04070bb0 is an unknown value
R15=0x00007feb04099200 is an unknown value


Stack: [0x00007feb0d916000,0x00007feb0da17000],  sp=0x00007feb0da15970,  free space=1022k
Native frames: (J=compiled Java code, j=interpreted, Vv=VM code, C=native code)
C  [libX11.so.6+0x3ae38]  XQueryExtension+0x28

VM_Operation (0x00007feb14d445d0): Exit, mode: safepoint, requested by thread 0x0000000001d2f000


---------------  P R O C E S S  ---------------

Java Threads: ( => current thread )
  0x00007feb0408b000 JavaThread "AWT-XAWT" daemon [_thread_blocked, id=23728, stack(0x00007feb08a2b000,0x00007feb08b2c000)]
  0x0000000002101000 JavaThread "Java2D Disposer" daemon [_thread_blocked, id=23727, stack(0x00007feb08daf000,0x00007feb08eb0000)]
  0x0000000001dcb800 JavaThread "Low Memory Detector" daemon [_thread_blocked, id=23721, stack(0x00007feb0d199000,0x00007feb0d29a000)]
  0x0000000001dc6800 JavaThread "C2 CompilerThread1" daemon [_thread_blocked, id=23720, stack(0x00007feb0d29a000,0x00007feb0d39b000)]
  0x0000000001dc1800 JavaThread "C2 CompilerThread0" daemon [_thread_blocked, id=23719, stack(0x00007feb0d39b000,0x00007feb0d49c000)]
  0x0000000001d9b800 JavaThread "Finalizer" daemon [_thread_blocked, id=23717, stack(0x00007feb0d714000,0x00007feb0d815000)]
  0x0000000001d99800 JavaThread "Reference Handler" daemon [_thread_blocked, id=23716, stack(0x00007feb0d815000,0x00007feb0d916000)]
  0x0000000001d2f000 JavaThread "main" [_thread_blocked, id=23710, stack(0x00007feb14c45000,0x00007feb14d46000)]

Other Threads:
=>0x0000000001d94800 VMThread [stack: 0x00007feb0d916000,0x00007feb0da17000] [id=23715]

VM state:at safepoint (shutting down)

VM Mutex/Monitor currently owned by a thread:  ([mutex/lock_event])
[0x0000000001d2ba10] Threads_lock - owner thread: 0x0000000001d94800

Heap
 PSYoungGen      total 56256K, used 37964K [0x00000007c1400000, 0x00000007c81e0000, 0x0000000800000000)
  eden space 48256K, 62% used [0x00000007c1400000,0x00000007c314b2a0,0x00000007c4320000)
  from space 8000K, 99% used [0x00000007c4320000,0x00000007c4ae8020,0x00000007c4af0000)
  to   space 8000K, 0% used [0x00000007c7a10000,0x00000007c7a10000,0x00000007c81e0000)
 PSOldGen        total 128512K, used 45120K [0x0000000743c00000, 0x000000074b980000, 0x00000007c1400000)
  object space 128512K, 35% used [0x0000000743c00000,0x0000000746810000,0x000000074b980000)
 PSPermGen       total 21248K, used 9689K [0x0000000739600000, 0x000000073aac0000, 0x0000000743c00000)
  object space 21248K, 45% used [0x0000000739600000,0x0000000739f765b0,0x000000073aac0000)

Code Cache  [0x00007feb0eb80000, 0x00007feb0edf0000, 0x00007feb11b80000)
 total_blobs=508 nmethods=55 adapters=407 free_code_cache=49684480 largest_free_block=17344

Dynamic libraries:
00400000-00409000 r-xp 00000000 08:03 2231614                            /usr/lib/jvm/java-6-openjdk-amd64/jre/bin/java
00608000-00609000 rw-p 00008000 08:03 2231614                            /usr/lib/jvm/java-6-openjdk-amd64/jre/bin/java
01d24000-0247b000 rw-p 00000000 00:00 0                                  [heap]
739600000-73aac0000 rw-p 00000000 00:00 0 
73aac0000-743c00000 rw-p 00000000 00:00 0 
743c00000-74b980000 rw-p 00000000 00:00 0 
74b980000-7c1400000 rw-p 00000000 00:00 0 
7c1400000-7c81e0000 rw-p 00000000 00:00 0 
7c81e0000-800000000 rw-p 00000000 00:00 0 
7feb00c64000-7feb01364000 rw-s 00006000 00:05 8578                       /dev/ati/card0
7feb01364000-7feb01366000 r-xp 00000000 08:03 534782                     /usr/lib/x86_64-linux-gnu/libXinerama.so.1.0.0
7feb01366000-7feb01565000 ---p 00002000 08:03 534782                     /usr/lib/x86_64-linux-gnu/libXinerama.so.1.0.0
7feb01565000-7feb01566000 rw-p 00001000 08:03 534782                     /usr/lib/x86_64-linux-gnu/libXinerama.so.1.0.0
7feb01566000-7feb015b2000 r-xp 00000000 08:03 539328                     /usr/lib/x86_64-linux-gnu/libatiadlxx.so
7feb015b2000-7feb016b2000 ---p 0004c000 08:03 539328                     /usr/lib/x86_64-linux-gnu/libatiadlxx.so
7feb016b2000-7feb016bd000 rw-p 0004c000 08:03 539328                     /usr/lib/x86_64-linux-gnu/libatiadlxx.so
7feb016bd000-7feb016cd000 rw-p 00000000 00:00 0 
7feb016cd000-7feb0366b000 r-xp 00000000 08:03 921615                     /usr/lib/x86_64-linux-gnu/dri/fglrx_dri.so
7feb0366b000-7feb0376a000 ---p 01f9e000 08:03 921615                     /usr/lib/x86_64-linux-gnu/dri/fglrx_dri.so
7feb0376a000-7feb038b8000 rwxp 01f9d000 08:03 921615                     /usr/lib/x86_64-linux-gnu/dri/fglrx_dri.so
7feb038b8000-7feb039ec000 rwxp 00000000 00:00 0 
7feb039ec000-7feb039f3000 r-xp 00000000 08:03 539324                     /usr/lib/x86_64-linux-gnu/libatiuki.so.1.0
7feb039f3000-7feb03af3000 ---p 00007000 08:03 539324                     /usr/lib/x86_64-linux-gnu/libatiuki.so.1.0
7feb03af3000-7feb03af4000 rw-p 00007000 08:03 539324                     /usr/lib/x86_64-linux-gnu/libatiuki.so.1.0
7feb03af4000-7feb03af5000 rw-p 00000000 00:00 0 
7feb03af5000-7feb03bb3000 r-xp 00000000 08:03 1445187                    /usr/lib/x86_64-linux-gnu/fglrx/fglrx-libGL.so.1.2
7feb03bb3000-7feb03cb3000 ---p 000be000 08:03 1445187                    /usr/lib/x86_64-linux-gnu/fglrx/fglrx-libGL.so.1.2
7feb03cb3000-7feb03cda000 rwxp 000be000 08:03 1445187                    /usr/lib/x86_64-linux-gnu/fglrx/fglrx-libGL.so.1.2
7feb03cda000-7feb03cf9000 rwxp 00000000 00:00 0 
7feb03cf9000-7feb03cfc000 ---p 00000000 00:00 0 
7feb03cfc000-7feb03dfa000 rw-p 00000000 00:00 0 
7feb03dfa000-7feb03dfe000 r-xp 00000000 08:03 535177                     /usr/lib/x86_64-linux-gnu/libXxf86vm.so.1.0.0
7feb03dfe000-7feb03ffe000 ---p 00004000 08:03 535177                     /usr/lib/x86_64-linux-gnu/libXxf86vm.so.1.0.0
7feb03ffe000-7feb03fff000 r--p 00004000 08:03 535177                     /usr/lib/x86_64-linux-gnu/libXxf86vm.so.1.0.0
7feb03fff000-7feb04000000 rw-p 00005000 08:03 535177                     /usr/lib/x86_64-linux-gnu/libXxf86vm.so.1.0.0
7feb04000000-7feb051dd000 rw-p 00000000 00:00 0 
7feb051dd000-7feb08000000 ---p 00000000 00:00 0 
7feb08072000-7feb08079000 r-xp 00000000 08:03 534784                     /usr/lib/x86_64-linux-gnu/libXrandr.so.2.2.0
7feb08079000-7feb08279000 ---p 00007000 08:03 534784                     /usr/lib/x86_64-linux-gnu/libXrandr.so.2.2.0
7feb08279000-7feb0827a000 rw-p 00007000 08:03 534784                     /usr/lib/x86_64-linux-gnu/libXrandr.so.2.2.0
7feb0827a000-7feb082e4000 r-xp 00000000 08:03 12332350                   /home/brandon/ClearWaterInk/games/WorldsCubed/libs/natives/linux/liblwjgl64.so
7feb082e4000-7feb084e4000 ---p 0006a000 08:03 12332350                   /home/brandon/ClearWaterInk/games/WorldsCubed/libs/natives/linux/liblwjgl64.so
7feb084e4000-7feb084e6000 r--p 0006a000 08:03 12332350                   /home/brandon/ClearWaterInk/games/WorldsCubed/libs/natives/linux/liblwjgl64.so
7feb084e6000-7feb084e7000 rw-p 0006c000 08:03 12332350                   /home/brandon/ClearWaterInk/games/WorldsCubed/libs/natives/linux/liblwjgl64.so
7feb084e7000-7feb084e8000 r-xp 00000000 08:03 2231545                    /usr/lib/jvm/java-6-openjdk-amd64/jre/lib/amd64/libjawt.so
7feb084e8000-7feb086e7000 ---p 00001000 08:03 2231545                    /usr/lib/jvm/java-6-openjdk-amd64/jre/lib/amd64/libjawt.so
7feb086e7000-7feb086e8000 rw-p 00000000 08:03 2231545                    /usr/lib/jvm/java-6-openjdk-amd64/jre/lib/amd64/libjawt.so
7feb086e8000-7feb086ed000 r-xp 00000000 08:03 534774                     /usr/lib/x86_64-linux-gnu/libXfixes.so.3.1.0
7feb086ed000-7feb088ec000 ---p 00005000 08:03 534774                     /usr/lib/x86_64-linux-gnu/libXfixes.so.3.1.0
7feb088ec000-7feb088ed000 r--p 00004000 08:03 534774                     /usr/lib/x86_64-linux-gnu/libXfixes.so.3.1.0
7feb088ed000-7feb088ee000 rw-p 00005000 08:03 534774                     /usr/lib/x86_64-linux-gnu/libXfixes.so.3.1.0
7feb088ee000-7feb088ef000 r--s 00000000 08:03 4856319                    /var/cache/fontconfig/c05880de57d1f5e948fdfacc138775d9-le64.cache-3
7feb088ef000-7feb088f8000 r--s 00000000 08:03 4854967                    /var/cache/fontconfig/945677eb7aeaf62f1d50efc3fb3ec7d8-le64.cache-3
7feb088f8000-7feb088fc000 r--s 00000000 08:03 4855898                    /var/cache/fontconfig/a46337af8a0b4c9b317ad981ec3bdf87-le64.cache-3
7feb088fc000-7feb08905000 r--s 00000000 08:03 4856317                    /var/cache/fontconfig/6d41288fd70b0be22e8c3a91e032eec0-le64.cache-3
7feb08905000-7feb08906000 r--s 00000000 08:03 4856316                    /var/cache/fontconfig/4794a0821666d79190d59a36cb4f44b5-le64.cache-3
7feb08906000-7feb08934000 r--s 00000000 08:03 4855897                    /var/cache/fontconfig/365b55f210c0a22e9a19e35191240f32-le64.cache-3
7feb08934000-7feb08937000 r--s 00000000 08:03 4854299                    /var/cache/fontconfig/c57959a16110560c8d0fcea73374aeeb-le64.cache-3
7feb08937000-7feb0893c000 r--s 00000000 08:03 4855942                    /var/cache/fontconfig/3047814df9a2f067bd2d96a2b9c36e5a-le64.cache-3
7feb0893c000-7feb08944000 r--s 00000000 08:03 4853581                    /var/cache/fontconfig/3f7329c5293ffd510edef78f73874cfd-le64.cache-3
7feb08944000-7feb0894e000 r--s 00000000 08:03 4856314                    /var/cache/fontconfig/83bf95040141907cd45bb53cf7c1c148-le64.cache-3
7feb08a0b000-7feb08a2b000 rw-s fe9e0000 00:05 8578                       /dev/ati/card0
7feb08a2b000-7feb08a2e000 ---p 00000000 00:00 0 
7feb08a2e000-7feb08b2c000 rw-p 00000000 00:00 0 
7feb08b2c000-7feb08b35000 r--s 00000000 08:03 4854967                    /var/cache/fontconfig/945677eb7aeaf62f1d50efc3fb3ec7d8-le64.cache-3
7feb08b35000-7feb08b63000 r--s 00000000 08:03 4855897                    /var/cache/fontconfig/365b55f210c0a22e9a19e35191240f32-le64.cache-3
7feb08b7c000-7feb08b86000 r-xp 00000000 08:03 534776                     /usr/lib/x86_64-linux-gnu/libXcursor.so.1.0.2
7feb08b86000-7feb08d85000 ---p 0000a000 08:03 534776                     /usr/lib/x86_64-linux-gnu/libXcursor.so.1.0.2
7feb08d85000-7feb08d86000 rw-p 00009000 08:03 534776                     /usr/lib/x86_64-linux-gnu/libXcursor.so.1.0.2
7feb08d99000-7feb08d9b000 rw-s 00002000 00:05 8578                       /dev/ati/card0
7feb08d9b000-7feb08da2000 r--s 000fc000 08:03 2231068                    /usr/lib/jvm/java-6-openjdk-common/jre/lib/resources.jar
7feb08da2000-7feb08da6000 r--s 00000000 08:03 4855898                    /var/cache/fontconfig/a46337af8a0b4c9b317ad981ec3bdf87-le64.cache-3
7feb08da6000-7feb08daf000 r--s 00000000 08:03 4856317                    /var/cache/fontconfig/6d41288fd70b0be22e8c3a91e032eec0-le64.cache-3
7feb08daf000-7feb08db2000 ---p 00000000 00:00 0 
7feb08db2000-7feb08eb0000 rw-p 00000000 00:00 0 
7feb08eb0000-7feb08f49000 r-xp 00000000 08:03 530994                     /usr/lib/x86_64-linux-gnu/libfreetype.so.6.8.1
7feb08f49000-7feb09148000 ---p 00099000 08:03 530994                     /usr/lib/x86_64-linux-gnu/libfreetype.so.6.8.1
7feb09148000-7feb0914e000 r--p 00098000 08:03 530994                     /usr/lib/x86_64-linux-gnu/libfreetype.so.6.8.1
7feb0914e000-7feb0914f000 rw-p 0009e000 08:03 530994                     /usr/lib/x86_64-linux-gnu/libfreetype.so.6.8.1
7feb0914f000-7feb09197000 r-xp 00000000 08:03 2231539                    /usr/lib/jvm/java-6-openjdk-amd64/jre/lib/amd64/libfontmanager.so
7feb09197000-7feb09397000 ---p 00048000 08:03 2231539                    /usr/lib/jvm/java-6-openjdk-amd64/jre/lib/amd64/libfontmanager.so
7feb09397000-7feb0939a000 rw-p 00048000 08:03 2231539                    /usr/lib/jvm/java-6-openjdk-amd64/jre/lib/amd64/libfontmanager.so
7feb0939a000-7feb0939f000 r-xp 00000000 08:03 531316                     /usr/lib/x86_64-linux-gnu/libXdmcp.so.6.0.0
7feb0939f000-7feb0959e000 ---p 00005000 08:03 531316                     /usr/lib/x86_64-linux-gnu/libXdmcp.so.6.0.0
7feb0959e000-7feb0959f000 rw-p 00004000 08:03 531316                     /usr/lib/x86_64-linux-gnu/libXdmcp.so.6.0.0
7feb0959f000-7feb095a1000 r-xp 00000000 08:03 531314                     /usr/lib/x86_64-linux-gnu/libXau.so.6.0.0
7feb095a1000-7feb097a1000 ---p 00002000 08:03 531314                     /usr/lib/x86_64-linux-gnu/libXau.so.6.0.0
7feb097a1000-7feb097a2000 rw-p 00002000 08:03 531314                     /usr/lib/x86_64-linux-gnu/libXau.so.6.0.0
7feb097a2000-7feb097c1000 r-xp 00000000 08:03 531318                     /usr/lib/x86_64-linux-gnu/libxcb.so.1.1.0
7feb097c1000-7feb099c0000 ---p 0001f000 08:03 531318                     /usr/lib/x86_64-linux-gnu/libxcb.so.1.1.0
7feb099c0000-7feb099c1000 r--p 0001e000 08:03 531318                     /usr/lib/x86_64-linux-gnu/libxcb.so.1.1.0
7feb099c1000-7feb099c2000 rw-p 0001f000 08:03 531318                     /usr/lib/x86_64-linux-gnu/libxcb.so.1.1.0
7feb099c2000-7feb099d0000 r-xp 00000000 08:03 534780                     /usr/lib/x86_64-linux-gnu/libXi.so.6.1.0
7feb099d0000-7feb09bd0000 ---p 0000e000 08:03 534780                     /usr/lib/x86_64-linux-gnu/libXi.so.6.1.0
7feb09bd0000-7feb09bd1000 rw-p 0000e000 08:03 534780                     /usr/lib/x86_64-linux-gnu/libXi.so.6.1.0
7feb09bd1000-7feb09bd6000 r-xp 00000000 08:03 535605                     /usr/lib/x86_64-linux-gnu/libXtst.so.6.1.0
7feb09bd6000-7feb09dd5000 ---p 00005000 08:03 535605                     /usr/lib/x86_64-linux-gnu/libXtst.so.6.1.0
7feb09dd5000-7feb09dd6000 rw-p 00004000 08:03 535605                     /usr/lib/x86_64-linux-gnu/libXtst.so.6.1.0
7feb09dd6000-7feb09ddf000 r-xp 00000000 08:03 534524                     /usr/lib/x86_64-linux-gnu/libXrender.so.1.3.0
7feb09ddf000-7feb09fde000 ---p 00009000 08:03 534524                     /usr/lib/x86_64-linux-gnu/libXrender.so.1.3.0
7feb09fde000-7feb09fdf000 rw-p 00008000 08:03 534524                     /usr/lib/x86_64-linux-gnu/libXrender.so.1.3.0
7feb09fdf000-7feb0a114000 r-xp 00000000 08:03 531323                     /usr/lib/x86_64-linux-gnu/libX11.so.6.3.0
7feb0a114000-7feb0a314000 ---p 00135000 08:03 531323                     /usr/lib/x86_64-linux-gnu/libX11.so.6.3.0
7feb0a314000-7feb0a31a000 rw-p 00135000 08:03 531323                     /usr/lib/x86_64-linux-gnu/libX11.so.6.3.0
7feb0a31a000-7feb0a32b000 r-xp 00000000 08:03 531325                     /usr/lib/x86_64-linux-gnu/libXext.so.6.4.0
7feb0a32b000-7feb0a52b000 ---p 00011000 08:03 531325                     /usr/lib/x86_64-linux-gnu/libXext.so.6.4.0
7feb0a52b000-7feb0a52c000 rw-p 00011000 08:03 531325                     /usr/lib/x86_64-linux-gnu/libXext.so.6.4.0
7feb0a52c000-7feb0a52d000 rw-s 00005000 00:05 8578                       /dev/ati/card0
7feb0a52d000-7feb0a52e000 r--s 00000000 08:03 4856319                    /var/cache/fontconfig/c05880de57d1f5e948fdfacc138775d9-le64.cache-3
7feb0a52e000-7feb0a52f000 r--s 00000000 08:03 4856316                    /var/cache/fontconfig/4794a0821666d79190d59a36cb4f44b5-le64.cache-3
7feb0a52f000-7feb0a537000 r--s 00000000 08:03 4853581                    /var/cache/fontconfig/3f7329c5293ffd510edef78f73874cfd-le64.cache-3
7feb0a537000-7feb0a541000 r--s 00000000 08:03 4856314                    /var/cache/fontconfig/83bf95040141907cd45bb53cf7c1c148-le64.cache-3
7feb0a541000-7feb0a58e000 r-xp 00000000 08:03 2231706                    /usr/lib/jvm/java-6-openjdk-amd64/jre/lib/amd64/xawt/libmawt.so
7feb0a58e000-7feb0a78d000 ---p 0004d000 08:03 2231706                    /usr/lib/jvm/java-6-openjdk-amd64/jre/lib/amd64/xawt/libmawt.so
7feb0a78d000-7feb0a791000 rw-p 0004c000 08:03 2231706                    /usr/lib/jvm/java-6-openjdk-amd64/jre/lib/amd64/xawt/libmawt.so
7feb0a791000-7feb0a792000 rw-p 00000000 00:00 0 
7feb0a792000-7feb0a842000 r-xp 00000000 08:03 2231546                    /usr/lib/jvm/java-6-openjdk-amd64/jre/lib/amd64/libawt.so
7feb0a842000-7feb0aa41000 ---p 000b0000 08:03 2231546                    /usr/lib/jvm/java-6-openjdk-amd64/jre/lib/amd64/libawt.so
7feb0aa41000-7feb0aa4d000 rw-p 000af000 08:03 2231546                    /usr/lib/jvm/java-6-openjdk-amd64/jre/lib/amd64/libawt.so
7feb0aa4d000-7feb0d098000 rw-p 00000000 00:00 0 
7feb0d098000-7feb0d099000 ---p 00000000 00:00 0 
7feb0d099000-7feb0d199000 rw-p 00000000 00:00 0 
7feb0d199000-7feb0d19c000 ---p 00000000 00:00 0 
7feb0d19c000-7feb0d29a000 rw-p 00000000 00:00 0 
7feb0d29a000-7feb0d29d000 ---p 00000000 00:00 0 
7feb0d29d000-7feb0d39b000 rw-p 00000000 00:00 0 
7feb0d39b000-7feb0d39e000 ---p 00000000 00:00 0 
7feb0d39e000-7feb0d49c000 rw-p 00000000 00:00 0 
7feb0d49c000-7feb0d49f000 ---p 00000000 00:00 0 
7feb0d49f000-7feb0d59d000 rw-p 00000000 00:00 0 
7feb0d59d000-7feb0d714000 r--p 00000000 08:03 530955                     /usr/lib/locale/locale-archive
7feb0d714000-7feb0d717000 ---p 00000000 00:00 0 
7feb0d717000-7feb0d815000 rw-p 00000000 00:00 0 
7feb0d815000-7feb0d818000 ---p 00000000 00:00 0 
7feb0d818000-7feb0d916000 rw-p 00000000 00:00 0 
7feb0d916000-7feb0d917000 ---p 00000000 00:00 0 
7feb0d917000-7feb0dd4d000 rw-p 00000000 00:00 0 
7feb0dd4d000-7feb0dee1000 r--s 03807000 08:03 2231586                    /usr/lib/jvm/java-6-openjdk-amd64/jre/lib/rt.jar
7feb0dee1000-7feb0df09000 rw-p 00000000 00:00 0 
7feb0df09000-7feb0df0a000 ---p 00000000 00:00 0 
7feb0df0a000-7feb0e00a000 rw-p 00000000 00:00 0 
7feb0e00a000-7feb0e00b000 ---p 00000000 00:00 0 
7feb0e00b000-7feb0e116000 rw-p 00000000 00:00 0 
7feb0e116000-7feb0e15e000 rw-p 00000000 00:00 0 
7feb0e15e000-7feb0e19d000 rw-p 00000000 00:00 0 
7feb0e19d000-7feb0e54a000 rw-p 00000000 00:00 0 
7feb0e54a000-7feb0e555000 rw-p 00000000 00:00 0 
7feb0e555000-7feb0e59d000 rw-p 00000000 00:00 0 
7feb0e59d000-7feb0e5dc000 rw-p 00000000 00:00 0 
7feb0e5dc000-7feb0e989000 rw-p 00000000 00:00 0 
7feb0e989000-7feb0e9c0000 rw-p 00000000 00:00 0 
7feb0e9c0000-7feb0eb7f000 rw-p 00000000 00:00 0 
7feb0eb7f000-7feb0eb80000 rw-p 00000000 00:00 0 
7feb0eb80000-7feb0edf0000 rwxp 00000000 00:00 0 
7feb0edf0000-7feb11b80000 rw-p 00000000 00:00 0 
7feb11b80000-7feb11b87000 r-xp 00000000 08:03 2231575                    /usr/lib/jvm/java-6-openjdk-amd64/jre/lib/amd64/libzip.so
7feb11b87000-7feb11d86000 ---p 00007000 08:03 2231575                    /usr/lib/jvm/java-6-openjdk-amd64/jre/lib/amd64/libzip.so
7feb11d86000-7feb11d87000 rw-p 00006000 08:03 2231575                    /usr/lib/jvm/java-6-openjdk-amd64/jre/lib/amd64/libzip.so
7feb11d87000-7feb11d92000 r-xp 00000000 08:03 3538957                    /lib/x86_64-linux-gnu/libnss_files-2.13.so
7feb11d92000-7feb11f91000 ---p 0000b000 08:03 3538957                    /lib/x86_64-linux-gnu/libnss_files-2.13.so
7feb11f91000-7feb11f92000 r--p 0000a000 08:03 3538957                    /lib/x86_64-linux-gnu/libnss_files-2.13.so
7feb11f92000-7feb11f93000 rw-p 0000b000 08:03 3538957                    /lib/x86_64-linux-gnu/libnss_files-2.13.so
7feb11f93000-7feb11f9d000 r-xp 00000000 08:03 3538969                    /lib/x86_64-linux-gnu/libnss_nis-2.13.so
7feb11f9d000-7feb1219c000 ---p 0000a000 08:03 3538969                    /lib/x86_64-linux-gnu/libnss_nis-2.13.so
7feb1219c000-7feb1219d000 r--p 00009000 08:03 3538969                    /lib/x86_64-linux-gnu/libnss_nis-2.13.so
7feb1219d000-7feb1219e000 rw-p 0000a000 08:03 3538969                    /lib/x86_64-linux-gnu/libnss_nis-2.13.so
7feb1219e000-7feb121a5000 r-xp 00000000 08:03 3538959                    /lib/x86_64-linux-gnu/libnss_compat-2.13.so
7feb121a5000-7feb123a4000 ---p 00007000 08:03 3538959                    /lib/x86_64-linux-gnu/libnss_compat-2.13.so
7feb123a4000-7feb123a5000 r--p 00006000 08:03 3538959                    /lib/x86_64-linux-gnu/libnss_compat-2.13.so
7feb123a5000-7feb123a6000 rw-p 00007000 08:03 3538959                    /lib/x86_64-linux-gnu/libnss_compat-2.13.so
7feb123a6000-7feb123bb000 r-xp 00000000 08:03 3538967                    /lib/x86_64-linux-gnu/libnsl-2.13.so
7feb123bb000-7feb125ba000 ---p 00015000 08:03 3538967                    /lib/x86_64-linux-gnu/libnsl-2.13.so
7feb125ba000-7feb125bb000 r--p 00014000 08:03 3538967                    /lib/x86_64-linux-gnu/libnsl-2.13.so
7feb125bb000-7feb125bc000 rw-p 00015000 08:03 3538967                    /lib/x86_64-linux-gnu/libnsl-2.13.so
7feb125bc000-7feb125be000 rw-p 00000000 00:00 0 
7feb125be000-7feb125ec000 r-xp 00000000 08:03 2231561                    /usr/lib/jvm/java-6-openjdk-amd64/jre/lib/amd64/libjava.so
7feb125ec000-7feb127eb000 ---p 0002e000 08:03 2231561                    /usr/lib/jvm/java-6-openjdk-amd64/jre/lib/amd64/libjava.so
7feb127eb000-7feb127ef000 rw-p 0002d000 08:03 2231561                    /usr/lib/jvm/java-6-openjdk-amd64/jre/lib/amd64/libjava.so
7feb127ef000-7feb127fe000 r-xp 00000000 08:03 2231544                    /usr/lib/jvm/java-6-openjdk-amd64/jre/lib/amd64/libverify.so
7feb127fe000-7feb129fd000 ---p 0000f000 08:03 2231544                    /usr/lib/jvm/java-6-openjdk-amd64/jre/lib/amd64/libverify.so
7feb129fd000-7feb129ff000 rw-p 0000e000 08:03 2231544                    /usr/lib/jvm/java-6-openjdk-amd64/jre/lib/amd64/libverify.so
7feb129ff000-7feb12a06000 r-xp 00000000 08:03 3538958                    /lib/x86_64-linux-gnu/librt-2.13.so
7feb12a06000-7feb12c05000 ---p 00007000 08:03 3538958                    /lib/x86_64-linux-gnu/librt-2.13.so
7feb12c05000-7feb12c06000 r--p 00006000 08:03 3538958                    /lib/x86_64-linux-gnu/librt-2.13.so
7feb12c06000-7feb12c07000 rw-p 00007000 08:03 3538958                    /lib/x86_64-linux-gnu/librt-2.13.so
7feb12c07000-7feb12c1c000 r-xp 00000000 08:03 3538948                    /lib/x86_64-linux-gnu/libgcc_s.so.1
7feb12c1c000-7feb12e1c000 ---p 00015000 08:03 3538948                    /lib/x86_64-linux-gnu/libgcc_s.so.1
7feb12e1c000-7feb12e1d000 rw-p 00015000 08:03 3538948                    /lib/x86_64-linux-gnu/libgcc_s.so.1
7feb12e1d000-7feb12e9e000 r-xp 00000000 08:03 3538960                    /lib/x86_64-linux-gnu/libm-2.13.so
7feb12e9e000-7feb1309d000 ---p 00081000 08:03 3538960                    /lib/x86_64-linux-gnu/libm-2.13.so
7feb1309d000-7feb1309e000 r--p 00080000 08:03 3538960                    /lib/x86_64-linux-gnu/libm-2.13.so
7feb1309e000-7feb1309f000 rw-p 00081000 08:03 3538960                    /lib/x86_64-linux-gnu/libm-2.13.so
7feb1309f000-7feb13187000 r-xp 00000000 08:03 528173                     /usr/lib/x86_64-linux-gnu/libstdc++.so.6.0.17
7feb13187000-7feb13387000 ---p 000e8000 08:03 528173                     /usr/lib/x86_64-linux-gnu/libstdc++.so.6.0.17
7feb13387000-7feb1338f000 r--p 000e8000 08:03 528173                     /usr/lib/x86_64-linux-gnu/libstdc++.so.6.0.17
7feb1338f000-7feb13391000 rw-p 000f0000 08:03 528173                     /usr/lib/x86_64-linux-gnu/libstdc++.so.6.0.17
7feb13391000-7feb133a6000 rw-p 00000000 00:00 0 
7feb133a6000-7feb13cba000 r-xp 00000000 08:03 2231551                    /usr/lib/jvm/java-6-openjdk-amd64/jre/lib/amd64/server/libjvm.so
7feb13cba000-7feb13eb9000 ---p 00914000 08:03 2231551                    /usr/lib/jvm/java-6-openjdk-amd64/jre/lib/amd64/server/libjvm.so
7feb13eb9000-7feb13f55000 rw-p 00913000 08:03 2231551                    /usr/lib/jvm/java-6-openjdk-amd64/jre/lib/amd64/server/libjvm.so
7feb13f55000-7feb13f7e000 rw-p 00000000 00:00 0 
7feb13f7e000-7feb140fe000 r-xp 00000000 08:03 3538963                    /lib/x86_64-linux-gnu/libc-2.13.so
7feb140fe000-7feb142fe000 ---p 00180000 08:03 3538963                    /lib/x86_64-linux-gnu/libc-2.13.so
7feb142fe000-7feb14302000 r--p 00180000 08:03 3538963                    /lib/x86_64-linux-gnu/libc-2.13.so
7feb14302000-7feb14303000 rw-p 00184000 08:03 3538963                    /lib/x86_64-linux-gnu/libc-2.13.so
7feb14303000-7feb14308000 rw-p 00000000 00:00 0 
7feb14308000-7feb1430a000 r-xp 00000000 08:03 3538956                    /lib/x86_64-linux-gnu/libdl-2.13.so
7feb1430a000-7feb1450a000 ---p 00002000 08:03 3538956                    /lib/x86_64-linux-gnu/libdl-2.13.so
7feb1450a000-7feb1450b000 r--p 00002000 08:03 3538956                    /lib/x86_64-linux-gnu/libdl-2.13.so
7feb1450b000-7feb1450c000 rw-p 00003000 08:03 3538956                    /lib/x86_64-linux-gnu/libdl-2.13.so
7feb1450c000-7feb14510000 r-xp 00000000 08:03 2231548                    /usr/lib/jvm/java-6-openjdk-amd64/jre/lib/amd64/jli/libjli.so
7feb14510000-7feb1470f000 ---p 00004000 08:03 2231548                    /usr/lib/jvm/java-6-openjdk-amd64/jre/lib/amd64/jli/libjli.so
7feb1470f000-7feb14710000 rw-p 00003000 08:03 2231548                    /usr/lib/jvm/java-6-openjdk-amd64/jre/lib/amd64/jli/libjli.so
7feb14710000-7feb14727000 r-xp 00000000 08:03 3538953                    /lib/x86_64-linux-gnu/libpthread-2.13.so
7feb14727000-7feb14926000 ---p 00017000 08:03 3538953                    /lib/x86_64-linux-gnu/libpthread-2.13.so
7feb14926000-7feb14927000 r--p 00016000 08:03 3538953                    /lib/x86_64-linux-gnu/libpthread-2.13.so
7feb14927000-7feb14928000 rw-p 00017000 08:03 3538953                    /lib/x86_64-linux-gnu/libpthread-2.13.so
7feb14928000-7feb1492c000 rw-p 00000000 00:00 0 
7feb1492c000-7feb14942000 r-xp 00000000 08:03 3539034                    /lib/x86_64-linux-gnu/libz.so.1.2.7
7feb14942000-7feb14b41000 ---p 00016000 08:03 3539034                    /lib/x86_64-linux-gnu/libz.so.1.2.7
7feb14b41000-7feb14b42000 r--p 00015000 08:03 3539034                    /lib/x86_64-linux-gnu/libz.so.1.2.7
7feb14b42000-7feb14b43000 rw-p 00016000 08:03 3539034                    /lib/x86_64-linux-gnu/libz.so.1.2.7
7feb14b43000-7feb14b63000 r-xp 00000000 08:03 3538966                    /lib/x86_64-linux-gnu/ld-2.13.so
7feb14b63000-7feb14b66000 r--s 00000000 08:03 4854299                    /var/cache/fontconfig/c57959a16110560c8d0fcea73374aeeb-le64.cache-3
7feb14b66000-7feb14b6b000 r--s 00000000 08:03 4855942                    /var/cache/fontconfig/3047814df9a2f067bd2d96a2b9c36e5a-le64.cache-3
7feb14b6b000-7feb14b6c000 r--s 00000000 08:03 4855939                    /var/cache/fontconfig/e13b20fdb08344e0e664864cc2ede53d-le64.cache-3
7feb14b6c000-7feb14b6f000 r--s 0007f000 08:03 2231060                    /usr/lib/jvm/java-6-openjdk-common/jre/lib/jsse.jar
7feb14b6f000-7feb14b7c000 r--s 000e6000 08:03 11413237                   /home/brandon/ClearWaterInk/games/WorldsCubed/libs/lwjgl.jar
7feb14b7c000-7feb14b80000 r--s 00027000 08:03 11413238                   /home/brandon/ClearWaterInk/games/WorldsCubed/libs/lwjgl_util.jar
7feb14b80000-7feb14b81000 r--s 00007000 08:03 793877                     /usr/share/java/java-atk-wrapper.jar
7feb14b81000-7feb14b83000 r--s 00001000 08:03 2231056                    /usr/lib/jvm/java-6-openjdk-common/jre/lib/ext/dnsns.jar
7feb14b83000-7feb14b85000 r--s 0000f000 08:03 2231053                    /usr/lib/jvm/java-6-openjdk-common/jre/lib/ext/pulse-java.jar
7feb14b85000-7feb14b8f000 rw-p 00000000 00:00 0 
7feb14b8f000-7feb14c45000 rw-p 00000000 00:00 0 
7feb14c45000-7feb14c48000 ---p 00000000 00:00 0 
7feb14c48000-7feb14d4b000 rw-p 00000000 00:00 0 
7feb14d4b000-7feb14d4c000 r--s 00000000 08:03 4855939                    /var/cache/fontconfig/e13b20fdb08344e0e664864cc2ede53d-le64.cache-3
7feb14d4c000-7feb14d50000 r--s 00039000 08:03 2231052                    /usr/lib/jvm/java-6-openjdk-common/jre/lib/ext/sunpkcs11.jar
7feb14d50000-7feb14d53000 r--s 00031000 08:03 2231055                    /usr/lib/jvm/java-6-openjdk-common/jre/lib/ext/sunjce_provider.jar
7feb14d53000-7feb14d56000 r--s 00077000 08:03 2231054                    /usr/lib/jvm/java-6-openjdk-common/jre/lib/ext/localedata.jar
7feb14d56000-7feb14d5e000 rw-s 00000000 08:03 7999663                    /tmp/hsperfdata_brandon/23707 (deleted)
7feb14d5e000-7feb14d5f000 rw-p 00000000 00:00 0 
7feb14d5f000-7feb14d60000 ---p 00000000 00:00 0 
7feb14d60000-7feb14d62000 rw-p 00000000 00:00 0 
7feb14d62000-7feb14d63000 r--p 0001f000 08:03 3538966                    /lib/x86_64-linux-gnu/ld-2.13.so
7feb14d63000-7feb14d64000 rw-p 00020000 08:03 3538966                    /lib/x86_64-linux-gnu/ld-2.13.so
7feb14d64000-7feb14d65000 rw-p 00000000 00:00 0 
7fff9496f000-7fff94990000 rw-p 00000000 00:00 0                          [stack]
7fff949ff000-7fff94a00000 r-xp 00000000 00:00 0                          [vdso]
ffffffffff600000-ffffffffff601000 r-xp 00000000 00:00 0                  [vsyscall]

VM Arguments:
jvm_args: -Djava.library.path=/home/brandon/ClearWaterInk/games/WorldsCubed/libs/natives/linux -Dfile.encoding=UTF-8 
java_command: net.clearwaterink.worldscubed.WorldsCubed
Launcher Type: SUN_STANDARD

Environment Variables:
PATH=/home/brandon/bin:/usr/local/bin:/usr/bin:/bin:/usr/local/games:/usr/games
LD_LIBRARY_PATH=/usr/lib/jvm/java-6-openjdk-amd64/jre/lib/amd64/server:/usr/lib/jvm/java-6-openjdk-amd64/jre/lib/amd64:/usr/lib/jvm/java-6-openjdk-amd64/jre/../lib/amd64
SHELL=/bin/bash
DISPLAY=:0.0

Signal Handlers:
SIGSEGV: [libjvm.so+0x791b10], sa_mask[0]=0x7ffbfeff, sa_flags=0x10000004
SIGBUS: [libjvm.so+0x791b10], sa_mask[0]=0x7ffbfeff, sa_flags=0x10000004
SIGFPE: [libjvm.so+0x65ace0], sa_mask[0]=0x7ffbfeff, sa_flags=0x10000004
SIGPIPE: [libjvm.so+0x65ace0], sa_mask[0]=0x7ffbfeff, sa_flags=0x10000004
SIGXFSZ: [libjvm.so+0x65ace0], sa_mask[0]=0x7ffbfeff, sa_flags=0x10000004
SIGILL: [libjvm.so+0x65ace0], sa_mask[0]=0x7ffbfeff, sa_flags=0x10000004
SIGUSR1: SIG_DFL, sa_mask[0]=0x00000000, sa_flags=0x00000000
SIGUSR2: [libjvm.so+0x65aec0], sa_mask[0]=0x00000004, sa_flags=0x10000004
SIGHUP: [libjvm.so+0x65d500], sa_mask[0]=0x7ffbfeff, sa_flags=0x10000004
SIGINT: [libjvm.so+0x65d500], sa_mask[0]=0x7ffbfeff, sa_flags=0x10000004
SIGTERM: [libjvm.so+0x65d500], sa_mask[0]=0x7ffbfeff, sa_flags=0x10000004
SIGQUIT: [libjvm.so+0x65d500], sa_mask[0]=0x7ffbfeff, sa_flags=0x10000004


---------------  S Y S T E M  ---------------

OS:7.3

uname:Linux 3.2.0-4-amd64 #1 SMP Debian 3.2.51-1 x86_64
libc:glibc 2.13 NPTL 2.13 
rlimit: STACK 8192k, CORE 0k, NPROC 95755, NOFILE 4096, AS infinity
load average:1.63 1.93 1.70

/proc/meminfo:
MemTotal:       12334808 kB
MemFree:         8318392 kB
Buffers:          356544 kB
Cached:          1342716 kB
SwapCached:            0 kB
Active:          2378720 kB
Inactive:        1122588 kB
Active(anon):    1802540 kB
Inactive(anon):    20060 kB
Active(file):     576180 kB
Inactive(file):  1102528 kB
Unevictable:           4 kB
Mlocked:               4 kB
SwapTotal:      13616120 kB
SwapFree:       13616120 kB
Dirty:               740 kB
Writeback:             0 kB
AnonPages:       1802052 kB
Mapped:           255236 kB
Shmem:             20556 kB
Slab:             215852 kB
SReclaimable:     191724 kB
SUnreclaim:        24128 kB
KernelStack:        3688 kB
PageTables:        27896 kB
NFS_Unstable:          0 kB
Bounce:                0 kB
WritebackTmp:          0 kB
CommitLimit:    19783524 kB
Committed_AS:    3733664 kB
VmallocTotal:   34359738367 kB
VmallocUsed:      329784 kB
VmallocChunk:   34359406412 kB
HardwareCorrupted:     0 kB
AnonHugePages:         0 kB
HugePages_Total:       0
HugePages_Free:        0
HugePages_Rsvd:        0
HugePages_Surp:        0
Hugepagesize:       2048 kB
DirectMap4k:      284032 kB
DirectMap2M:     8103936 kB
DirectMap1G:     4194304 kB


CPU:total 2 (2 cores per cpu, 1 threads per core) family 16 model 6 stepping 3, cmov, cx8, fxsr, mmx, sse, sse2, sse3, popcnt, mmxext, 3dnowpref, lzcnt, sse4a

Memory: 4k page, physical 12334808k(8318392k free), swap 13616120k(13616120k free)

vm_info: OpenJDK 64-Bit Server VM (20.0-b12) for linux-amd64 JRE (1.6.0_27-b27), built on Jul 12 2013 09:04:12 by "jmm" with gcc 4.7.2

time: Fri Feb  7 19:54:27 2014
elapsed time: 20 seconds

