#
# A fatal error has been detected by the Java Runtime Environment:
#
#  SIGSEGV (0xb) at pc=0x00007fdb2d8dee38, pid=3555, tid=140579399649024
#
# JRE version: 6.0_27-b27
# Java VM: OpenJDK 64-Bit Server VM (20.0-b12 mixed mode linux-amd64 compressed oops)
# Derivative: IcedTea6 1.12.6
# Distribution: Debian GNU/Linux 7.1 (wheezy), package 6b27-1.12.6-1~deb7u1
# Problematic frame:
# C  [libX11.so.6+0x3ae38]  XQueryExtension+0x28
#
# If you would like to submit a bug report, please include
# instructions how to reproduce the bug and visit:
#   http://icedtea.classpath.org/bugzilla
#

---------------  T H R E A D  ---------------

Current thread (0x000000000241c800):  VMThread [stack: 0x00007fdb311dc000,0x00007fdb312dd000] [id=3564]

siginfo:si_signo=SIGSEGV: si_errno=0, si_code=1 (SEGV_MAPERR), si_addr=0x00000000280c7b88

Registers:
RAX=0x00000000023bf360, RBX=0x00000000280c7220, RCX=0x00007fdb312db9d8, RDX=0x00007fdb312db9d4
RSP=0x00007fdb312db970, RBP=0x00007fdb27544c60, RSI=0x00007fdb2740ce12, RDI=0x00000000280c7220
R8 =0x00007fdb312db9dc, R9 =0x0000000000000000, R10=0x00007fdb37bcb768, R11=0x00007fdb3787b0d0
R12=0x00007fdb2740ce12, R13=0x00000000023bf360, R14=0x00007fdb280c5480, R15=0x00007fdb280d5a90
RIP=0x00007fdb2d8dee38, EFLAGS=0x0000000000010202, CSGSFS=0x0000000000000033, ERR=0x0000000000000004
  TRAPNO=0x000000000000000e

Top of Stack: (sp=0x00007fdb312db970)
0x00007fdb312db970:   0000000000000020 00007fdb32446438
0x00007fdb312db980:   00007fdb378525c8 00007fdb3860e000
0x00007fdb312db990:   00007fdb378525c8 00000000280c7220
0x00007fdb312db9a0:   00007fdb27544c60 00007fdb2740ce12
0x00007fdb312db9b0:   00000000023bf360 00007fdb280c5480
0x00007fdb312db9c0:   00007fdb280d5a90 00007fdb2d8d2e72
0x00007fdb312db9d0:   00007fdb280c5480 0000000000000000
0x00007fdb312db9e0:   0000000000000000 00007fdb27544c60
0x00007fdb312db9f0:   00000000280c7220 00007fdb2dbec71d
0x00007fdb312dba00:   00007fdb2740ce12 00000011378525c8
0x00007fdb312dba10:   00007fdb312dba90 0000000000000000
0x00007fdb312dba20:   00007fdb312dba90 00000000280c7220
0x00007fdb312dba30:   00007fdb38629048 00007fdb280c5480
0x00007fdb312dba40:   00007fdb2755e490 00007fdb273b8fd9
0x00007fdb312dba50:   0000000000000000 000000000000002b
0x00007fdb312dba60:   00007fdb312dba90 0000000000000000
0x00007fdb312dba70:   00007fdb38629048 00007fdb280c5480
0x00007fdb312dba80:   000000000000001b 00007fdb273ad6e2
0x00007fdb312dba90:   00007fdb312dbc90 00007fdb2740cd81
0x00007fdb312dbaa0:   00007fdb312dbc90 00007fdb384174ec
0x00007fdb312dbab0:   00007fdb3862a1c8 00007fdb3862a758
0x00007fdb312dbac0:   00007fdb3860f508 00000000023b55a0
0x00007fdb312dbad0:   00000000023b5ac0 00000000023b5fc0
0x00007fdb312dbae0:   00000000023bacc0 00007fdb28037780
0x00007fdb312dbaf0:   00007fdb28037c60 00007fdb386277f0
0x00007fdb312dbb00:   00007fdb280c00e0 00007fdb280bfc10
0x00007fdb312dbb10:   00007fdb280ac2b0 00007fdb280b7350
0x00007fdb312dbb20:   00007fdb280056a0 00007fdb28006a40
0x00007fdb312dbb30:   00007fdb28006f40 00007fdb28004c50
0x00007fdb312dbb40:   00000000023b1600 00000000023b1be0
0x00007fdb312dbb50:   00000000023b0f40 00000000023ac5f0
0x00007fdb312dbb60:   00000000023acb60 00000000023ad570 

Instructions: (pc=0x00007fdb2d8dee38)
0x00007fdb2d8dee18:   24 e0 48 89 fb 4c 89 6c 24 e8 4c 89 74 24 f0 49
0x00007fdb2d8dee28:   89 f4 4c 89 7c 24 f8 48 89 6c 24 d8 48 83 ec 58
0x00007fdb2d8dee38:   48 8b 87 68 09 00 00 49 89 d7 49 89 ce 4d 89 c5
0x00007fdb2d8dee48:   48 85 c0 74 02 ff 10 ba 08 00 00 00 be 62 00 00 

Register to memory mapping:

RAX=0x00000000023bf360 is an unknown value
RBX=0x00000000280c7220 is an unknown value
RCX=0x00007fdb312db9d8 is an unknown value
RDX=0x00007fdb312db9d4 is an unknown value
RSP=0x00007fdb312db970 is an unknown value
RBP=0x00007fdb27544c60: <offset 0x1cac60> in /usr/lib/x86_64-linux-gnu/libGL.so.1 at 0x00007fdb2737a000
RSI=0x00007fdb2740ce12: <offset 0x92e12> in /usr/lib/x86_64-linux-gnu/libGL.so.1 at 0x00007fdb2737a000
RDI=0x00000000280c7220 is an unknown value
R8 =0x00007fdb312db9dc is an unknown value
R9 =0x0000000000000000 is an unknown value
R10=0x00007fdb37bcb768: <offset 0x387768> in /lib/x86_64-linux-gnu/libc.so.6 at 0x00007fdb37844000
R11=0x00007fdb3787b0d0: __cxa_finalize+0 in /lib/x86_64-linux-gnu/libc.so.6 at 0x00007fdb37844000
R12=0x00007fdb2740ce12: <offset 0x92e12> in /usr/lib/x86_64-linux-gnu/libGL.so.1 at 0x00007fdb2737a000
R13=0x00000000023bf360 is an unknown value
R14=0x00007fdb280c5480 is an unknown value
R15=0x00007fdb280d5a90 is an unknown value


Stack: [0x00007fdb311dc000,0x00007fdb312dd000],  sp=0x00007fdb312db970,  free space=1022k
Native frames: (J=compiled Java code, j=interpreted, Vv=VM code, C=native code)
C  [libX11.so.6+0x3ae38]  XQueryExtension+0x28

VM_Operation (0x00007fdb386095d0): Exit, mode: safepoint, requested by thread 0x00000000023b7000


---------------  P R O C E S S  ---------------

Java Threads: ( => current thread )
  0x00007fdb280a7800 JavaThread "AWT-XAWT" daemon [_thread_blocked, id=3578, stack(0x00007fdb2c2d8000,0x00007fdb2c3d9000)]
  0x00007fdb2804b000 JavaThread "Java2D Disposer" daemon [_thread_blocked, id=3577, stack(0x00007fdb2c674000,0x00007fdb2c775000)]
  0x0000000002453800 JavaThread "Low Memory Detector" daemon [_thread_blocked, id=3570, stack(0x00007fdb30a5f000,0x00007fdb30b60000)]
  0x000000000244e800 JavaThread "C2 CompilerThread1" daemon [_thread_blocked, id=3569, stack(0x00007fdb30b60000,0x00007fdb30c61000)]
  0x0000000002449800 JavaThread "C2 CompilerThread0" daemon [_thread_blocked, id=3568, stack(0x00007fdb30c61000,0x00007fdb30d62000)]
  0x0000000002423800 JavaThread "Finalizer" daemon [_thread_blocked, id=3566, stack(0x00007fdb30fda000,0x00007fdb310db000)]
  0x0000000002421800 JavaThread "Reference Handler" daemon [_thread_blocked, id=3565, stack(0x00007fdb310db000,0x00007fdb311dc000)]
  0x00000000023b7000 JavaThread "main" [_thread_blocked, id=3556, stack(0x00007fdb3850a000,0x00007fdb3860b000)]

Other Threads:
=>0x000000000241c800 VMThread [stack: 0x00007fdb311dc000,0x00007fdb312dd000] [id=3564]

VM state:at safepoint (shutting down)

VM Mutex/Monitor currently owned by a thread:  ([mutex/lock_event])
[0x00000000023b3a10] Threads_lock - owner thread: 0x000000000241c800

Heap
 PSYoungGen      total 56256K, used 37980K [0x00000007c1400000, 0x00000007c81e0000, 0x0000000800000000)
  eden space 48256K, 62% used [0x00000007c1400000,0x00000007c314b2a0,0x00000007c4320000)
  from space 8000K, 99% used [0x00000007c4320000,0x00000007c4aec010,0x00000007c4af0000)
  to   space 8000K, 0% used [0x00000007c7a10000,0x00000007c7a10000,0x00000007c81e0000)
 PSOldGen        total 128512K, used 45112K [0x0000000743c00000, 0x000000074b980000, 0x00000007c1400000)
  object space 128512K, 35% used [0x0000000743c00000,0x000000074680e000,0x000000074b980000)
 PSPermGen       total 21248K, used 9687K [0x0000000739600000, 0x000000073aac0000, 0x0000000743c00000)
  object space 21248K, 45% used [0x0000000739600000,0x0000000739f75fd0,0x000000073aac0000)

Code Cache  [0x00007fdb32446000, 0x00007fdb326b6000, 0x00007fdb35446000)
 total_blobs=507 nmethods=55 adapters=407 free_code_cache=49686592 largest_free_block=11328

Dynamic libraries:
00400000-00409000 r-xp 00000000 08:03 2231614                            /usr/lib/jvm/java-6-openjdk-amd64/jre/bin/java
00608000-00609000 rw-p 00008000 08:03 2231614                            /usr/lib/jvm/java-6-openjdk-amd64/jre/bin/java
023ac000-028d6000 rw-p 00000000 00:00 0                                  [heap]
739600000-73aac0000 rw-p 00000000 00:00 0 
73aac0000-743c00000 rw-p 00000000 00:00 0 
743c00000-74b980000 rw-p 00000000 00:00 0 
74b980000-7c1400000 rw-p 00000000 00:00 0 
7c1400000-7c81e0000 rw-p 00000000 00:00 0 
7c81e0000-800000000 rw-p 00000000 00:00 0 
7fdb244e9000-7fdb24be9000 rw-s 00006000 00:05 8578                       /dev/ati/card0
7fdb24be9000-7fdb24beb000 r-xp 00000000 08:03 534782                     /usr/lib/x86_64-linux-gnu/libXinerama.so.1.0.0
7fdb24beb000-7fdb24dea000 ---p 00002000 08:03 534782                     /usr/lib/x86_64-linux-gnu/libXinerama.so.1.0.0
7fdb24dea000-7fdb24deb000 rw-p 00001000 08:03 534782                     /usr/lib/x86_64-linux-gnu/libXinerama.so.1.0.0
7fdb24deb000-7fdb24e37000 r-xp 00000000 08:03 539328                     /usr/lib/x86_64-linux-gnu/libatiadlxx.so
7fdb24e37000-7fdb24f37000 ---p 0004c000 08:03 539328                     /usr/lib/x86_64-linux-gnu/libatiadlxx.so
7fdb24f37000-7fdb24f42000 rw-p 0004c000 08:03 539328                     /usr/lib/x86_64-linux-gnu/libatiadlxx.so
7fdb24f42000-7fdb24f52000 rw-p 00000000 00:00 0 
7fdb24f52000-7fdb26ef0000 r-xp 00000000 08:03 921615                     /usr/lib/x86_64-linux-gnu/dri/fglrx_dri.so
7fdb26ef0000-7fdb26fef000 ---p 01f9e000 08:03 921615                     /usr/lib/x86_64-linux-gnu/dri/fglrx_dri.so
7fdb26fef000-7fdb2713d000 rwxp 01f9d000 08:03 921615                     /usr/lib/x86_64-linux-gnu/dri/fglrx_dri.so
7fdb2713d000-7fdb27271000 rwxp 00000000 00:00 0 
7fdb27271000-7fdb27278000 r-xp 00000000 08:03 539324                     /usr/lib/x86_64-linux-gnu/libatiuki.so.1.0
7fdb27278000-7fdb27378000 ---p 00007000 08:03 539324                     /usr/lib/x86_64-linux-gnu/libatiuki.so.1.0
7fdb27378000-7fdb27379000 rw-p 00007000 08:03 539324                     /usr/lib/x86_64-linux-gnu/libatiuki.so.1.0
7fdb27379000-7fdb2737a000 rw-p 00000000 00:00 0 
7fdb2737a000-7fdb27438000 r-xp 00000000 08:03 1445187                    /usr/lib/x86_64-linux-gnu/fglrx/fglrx-libGL.so.1.2
7fdb27438000-7fdb27538000 ---p 000be000 08:03 1445187                    /usr/lib/x86_64-linux-gnu/fglrx/fglrx-libGL.so.1.2
7fdb27538000-7fdb2755f000 rwxp 000be000 08:03 1445187                    /usr/lib/x86_64-linux-gnu/fglrx/fglrx-libGL.so.1.2
7fdb2755f000-7fdb2757e000 rwxp 00000000 00:00 0 
7fdb2757e000-7fdb27582000 r-xp 00000000 08:03 535177                     /usr/lib/x86_64-linux-gnu/libXxf86vm.so.1.0.0
7fdb27582000-7fdb27782000 ---p 00004000 08:03 535177                     /usr/lib/x86_64-linux-gnu/libXxf86vm.so.1.0.0
7fdb27782000-7fdb27783000 r--p 00004000 08:03 535177                     /usr/lib/x86_64-linux-gnu/libXxf86vm.so.1.0.0
7fdb27783000-7fdb27784000 rw-p 00005000 08:03 535177                     /usr/lib/x86_64-linux-gnu/libXxf86vm.so.1.0.0
7fdb27784000-7fdb2778b000 r-xp 00000000 08:03 534784                     /usr/lib/x86_64-linux-gnu/libXrandr.so.2.2.0
7fdb2778b000-7fdb2798b000 ---p 00007000 08:03 534784                     /usr/lib/x86_64-linux-gnu/libXrandr.so.2.2.0
7fdb2798b000-7fdb2798c000 rw-p 00007000 08:03 534784                     /usr/lib/x86_64-linux-gnu/libXrandr.so.2.2.0
7fdb2798c000-7fdb279f6000 r-xp 00000000 08:03 12332350                   /home/brandon/ClearWaterInk/games/WorldsCubed/libs/natives/linux/liblwjgl64.so
7fdb279f6000-7fdb27bf6000 ---p 0006a000 08:03 12332350                   /home/brandon/ClearWaterInk/games/WorldsCubed/libs/natives/linux/liblwjgl64.so
7fdb27bf6000-7fdb27bf8000 r--p 0006a000 08:03 12332350                   /home/brandon/ClearWaterInk/games/WorldsCubed/libs/natives/linux/liblwjgl64.so
7fdb27bf8000-7fdb27bf9000 rw-p 0006c000 08:03 12332350                   /home/brandon/ClearWaterInk/games/WorldsCubed/libs/natives/linux/liblwjgl64.so
7fdb27bf9000-7fdb27bfa000 r-xp 00000000 08:03 2231545                    /usr/lib/jvm/java-6-openjdk-amd64/jre/lib/amd64/libjawt.so
7fdb27bfa000-7fdb27df9000 ---p 00001000 08:03 2231545                    /usr/lib/jvm/java-6-openjdk-amd64/jre/lib/amd64/libjawt.so
7fdb27df9000-7fdb27dfa000 rw-p 00000000 08:03 2231545                    /usr/lib/jvm/java-6-openjdk-amd64/jre/lib/amd64/libjawt.so
7fdb27dfa000-7fdb27dff000 r-xp 00000000 08:03 534774                     /usr/lib/x86_64-linux-gnu/libXfixes.so.3.1.0
7fdb27dff000-7fdb27ffe000 ---p 00005000 08:03 534774                     /usr/lib/x86_64-linux-gnu/libXfixes.so.3.1.0
7fdb27ffe000-7fdb27fff000 r--p 00004000 08:03 534774                     /usr/lib/x86_64-linux-gnu/libXfixes.so.3.1.0
7fdb27fff000-7fdb28000000 rw-p 00005000 08:03 534774                     /usr/lib/x86_64-linux-gnu/libXfixes.so.3.1.0
7fdb28000000-7fdb29293000 rw-p 00000000 00:00 0 
7fdb29293000-7fdb2c000000 ---p 00000000 00:00 0 
7fdb2c0ce000-7fdb2c0d1000 ---p 00000000 00:00 0 
7fdb2c0d1000-7fdb2c1cf000 rw-p 00000000 00:00 0 
7fdb2c1cf000-7fdb2c1d8000 r--s 00000000 08:03 4854967                    /var/cache/fontconfig/945677eb7aeaf62f1d50efc3fb3ec7d8-le64.cache-3
7fdb2c1d8000-7fdb2c1dc000 r--s 00000000 08:03 4855898                    /var/cache/fontconfig/a46337af8a0b4c9b317ad981ec3bdf87-le64.cache-3
7fdb2c1dc000-7fdb2c1e5000 r--s 00000000 08:03 4856317                    /var/cache/fontconfig/6d41288fd70b0be22e8c3a91e032eec0-le64.cache-3
7fdb2c1e5000-7fdb2c213000 r--s 00000000 08:03 4855897                    /var/cache/fontconfig/365b55f210c0a22e9a19e35191240f32-le64.cache-3
7fdb2c2b8000-7fdb2c2d8000 rw-s fe9e0000 00:05 8578                       /dev/ati/card0
7fdb2c2d8000-7fdb2c2db000 ---p 00000000 00:00 0 
7fdb2c2db000-7fdb2c3d9000 rw-p 00000000 00:00 0 
7fdb2c3d9000-7fdb2c3da000 r--s 00000000 08:03 4856319                    /var/cache/fontconfig/c05880de57d1f5e948fdfacc138775d9-le64.cache-3
7fdb2c3da000-7fdb2c3e3000 r--s 00000000 08:03 4854967                    /var/cache/fontconfig/945677eb7aeaf62f1d50efc3fb3ec7d8-le64.cache-3
7fdb2c3e3000-7fdb2c3e7000 r--s 00000000 08:03 4855898                    /var/cache/fontconfig/a46337af8a0b4c9b317ad981ec3bdf87-le64.cache-3
7fdb2c3e7000-7fdb2c3f0000 r--s 00000000 08:03 4856317                    /var/cache/fontconfig/6d41288fd70b0be22e8c3a91e032eec0-le64.cache-3
7fdb2c3f0000-7fdb2c3f1000 r--s 00000000 08:03 4856316                    /var/cache/fontconfig/4794a0821666d79190d59a36cb4f44b5-le64.cache-3
7fdb2c3f1000-7fdb2c41f000 r--s 00000000 08:03 4855897                    /var/cache/fontconfig/365b55f210c0a22e9a19e35191240f32-le64.cache-3
7fdb2c41f000-7fdb2c422000 r--s 00000000 08:03 4854299                    /var/cache/fontconfig/c57959a16110560c8d0fcea73374aeeb-le64.cache-3
7fdb2c422000-7fdb2c427000 r--s 00000000 08:03 4855942                    /var/cache/fontconfig/3047814df9a2f067bd2d96a2b9c36e5a-le64.cache-3
7fdb2c43b000-7fdb2c445000 r-xp 00000000 08:03 534776                     /usr/lib/x86_64-linux-gnu/libXcursor.so.1.0.2
7fdb2c445000-7fdb2c644000 ---p 0000a000 08:03 534776                     /usr/lib/x86_64-linux-gnu/libXcursor.so.1.0.2
7fdb2c644000-7fdb2c645000 rw-p 00009000 08:03 534776                     /usr/lib/x86_64-linux-gnu/libXcursor.so.1.0.2
7fdb2c659000-7fdb2c65b000 rw-s 00002000 00:05 8578                       /dev/ati/card0
7fdb2c65b000-7fdb2c662000 r--s 000fc000 08:03 2231068                    /usr/lib/jvm/java-6-openjdk-common/jre/lib/resources.jar
7fdb2c662000-7fdb2c66a000 r--s 00000000 08:03 4853581                    /var/cache/fontconfig/3f7329c5293ffd510edef78f73874cfd-le64.cache-3
7fdb2c66a000-7fdb2c674000 r--s 00000000 08:03 4856314                    /var/cache/fontconfig/83bf95040141907cd45bb53cf7c1c148-le64.cache-3
7fdb2c674000-7fdb2c677000 ---p 00000000 00:00 0 
7fdb2c677000-7fdb2c775000 rw-p 00000000 00:00 0 
7fdb2c775000-7fdb2c80e000 r-xp 00000000 08:03 530994                     /usr/lib/x86_64-linux-gnu/libfreetype.so.6.8.1
7fdb2c80e000-7fdb2ca0d000 ---p 00099000 08:03 530994                     /usr/lib/x86_64-linux-gnu/libfreetype.so.6.8.1
7fdb2ca0d000-7fdb2ca13000 r--p 00098000 08:03 530994                     /usr/lib/x86_64-linux-gnu/libfreetype.so.6.8.1
7fdb2ca13000-7fdb2ca14000 rw-p 0009e000 08:03 530994                     /usr/lib/x86_64-linux-gnu/libfreetype.so.6.8.1
7fdb2ca14000-7fdb2ca5c000 r-xp 00000000 08:03 2231539                    /usr/lib/jvm/java-6-openjdk-amd64/jre/lib/amd64/libfontmanager.so
7fdb2ca5c000-7fdb2cc5c000 ---p 00048000 08:03 2231539                    /usr/lib/jvm/java-6-openjdk-amd64/jre/lib/amd64/libfontmanager.so
7fdb2cc5c000-7fdb2cc5f000 rw-p 00048000 08:03 2231539                    /usr/lib/jvm/java-6-openjdk-amd64/jre/lib/amd64/libfontmanager.so
7fdb2cc5f000-7fdb2cc64000 r-xp 00000000 08:03 531316                     /usr/lib/x86_64-linux-gnu/libXdmcp.so.6.0.0
7fdb2cc64000-7fdb2ce63000 ---p 00005000 08:03 531316                     /usr/lib/x86_64-linux-gnu/libXdmcp.so.6.0.0
7fdb2ce63000-7fdb2ce64000 rw-p 00004000 08:03 531316                     /usr/lib/x86_64-linux-gnu/libXdmcp.so.6.0.0
7fdb2ce64000-7fdb2ce66000 r-xp 00000000 08:03 531314                     /usr/lib/x86_64-linux-gnu/libXau.so.6.0.0
7fdb2ce66000-7fdb2d066000 ---p 00002000 08:03 531314                     /usr/lib/x86_64-linux-gnu/libXau.so.6.0.0
7fdb2d066000-7fdb2d067000 rw-p 00002000 08:03 531314                     /usr/lib/x86_64-linux-gnu/libXau.so.6.0.0
7fdb2d067000-7fdb2d086000 r-xp 00000000 08:03 531318                     /usr/lib/x86_64-linux-gnu/libxcb.so.1.1.0
7fdb2d086000-7fdb2d285000 ---p 0001f000 08:03 531318                     /usr/lib/x86_64-linux-gnu/libxcb.so.1.1.0
7fdb2d285000-7fdb2d286000 r--p 0001e000 08:03 531318                     /usr/lib/x86_64-linux-gnu/libxcb.so.1.1.0
7fdb2d286000-7fdb2d287000 rw-p 0001f000 08:03 531318                     /usr/lib/x86_64-linux-gnu/libxcb.so.1.1.0
7fdb2d287000-7fdb2d295000 r-xp 00000000 08:03 534780                     /usr/lib/x86_64-linux-gnu/libXi.so.6.1.0
7fdb2d295000-7fdb2d495000 ---p 0000e000 08:03 534780                     /usr/lib/x86_64-linux-gnu/libXi.so.6.1.0
7fdb2d495000-7fdb2d496000 rw-p 0000e000 08:03 534780                     /usr/lib/x86_64-linux-gnu/libXi.so.6.1.0
7fdb2d496000-7fdb2d49b000 r-xp 00000000 08:03 535605                     /usr/lib/x86_64-linux-gnu/libXtst.so.6.1.0
7fdb2d49b000-7fdb2d69a000 ---p 00005000 08:03 535605                     /usr/lib/x86_64-linux-gnu/libXtst.so.6.1.0
7fdb2d69a000-7fdb2d69b000 rw-p 00004000 08:03 535605                     /usr/lib/x86_64-linux-gnu/libXtst.so.6.1.0
7fdb2d69b000-7fdb2d6a4000 r-xp 00000000 08:03 534524                     /usr/lib/x86_64-linux-gnu/libXrender.so.1.3.0
7fdb2d6a4000-7fdb2d8a3000 ---p 00009000 08:03 534524                     /usr/lib/x86_64-linux-gnu/libXrender.so.1.3.0
7fdb2d8a3000-7fdb2d8a4000 rw-p 00008000 08:03 534524                     /usr/lib/x86_64-linux-gnu/libXrender.so.1.3.0
7fdb2d8a4000-7fdb2d9d9000 r-xp 00000000 08:03 531323                     /usr/lib/x86_64-linux-gnu/libX11.so.6.3.0
7fdb2d9d9000-7fdb2dbd9000 ---p 00135000 08:03 531323                     /usr/lib/x86_64-linux-gnu/libX11.so.6.3.0
7fdb2dbd9000-7fdb2dbdf000 rw-p 00135000 08:03 531323                     /usr/lib/x86_64-linux-gnu/libX11.so.6.3.0
7fdb2dbdf000-7fdb2dbf0000 r-xp 00000000 08:03 531325                     /usr/lib/x86_64-linux-gnu/libXext.so.6.4.0
7fdb2dbf0000-7fdb2ddf0000 ---p 00011000 08:03 531325                     /usr/lib/x86_64-linux-gnu/libXext.so.6.4.0
7fdb2ddf0000-7fdb2ddf1000 rw-p 00011000 08:03 531325                     /usr/lib/x86_64-linux-gnu/libXext.so.6.4.0
7fdb2ddf2000-7fdb2ddf3000 rw-s 00005000 00:05 8578                       /dev/ati/card0
7fdb2ddf3000-7fdb2ddf4000 r--s 00000000 08:03 4855939                    /var/cache/fontconfig/e13b20fdb08344e0e664864cc2ede53d-le64.cache-3
7fdb2ddf4000-7fdb2ddf5000 r--s 00000000 08:03 4856319                    /var/cache/fontconfig/c05880de57d1f5e948fdfacc138775d9-le64.cache-3
7fdb2ddf5000-7fdb2ddfd000 r--s 00000000 08:03 4853581                    /var/cache/fontconfig/3f7329c5293ffd510edef78f73874cfd-le64.cache-3
7fdb2ddfd000-7fdb2de07000 r--s 00000000 08:03 4856314                    /var/cache/fontconfig/83bf95040141907cd45bb53cf7c1c148-le64.cache-3
7fdb2de07000-7fdb2de54000 r-xp 00000000 08:03 2231706                    /usr/lib/jvm/java-6-openjdk-amd64/jre/lib/amd64/xawt/libmawt.so
7fdb2de54000-7fdb2e053000 ---p 0004d000 08:03 2231706                    /usr/lib/jvm/java-6-openjdk-amd64/jre/lib/amd64/xawt/libmawt.so
7fdb2e053000-7fdb2e057000 rw-p 0004c000 08:03 2231706                    /usr/lib/jvm/java-6-openjdk-amd64/jre/lib/amd64/xawt/libmawt.so
7fdb2e057000-7fdb2e058000 rw-p 00000000 00:00 0 
7fdb2e058000-7fdb2e108000 r-xp 00000000 08:03 2231546                    /usr/lib/jvm/java-6-openjdk-amd64/jre/lib/amd64/libawt.so
7fdb2e108000-7fdb2e307000 ---p 000b0000 08:03 2231546                    /usr/lib/jvm/java-6-openjdk-amd64/jre/lib/amd64/libawt.so
7fdb2e307000-7fdb2e313000 rw-p 000af000 08:03 2231546                    /usr/lib/jvm/java-6-openjdk-amd64/jre/lib/amd64/libawt.so
7fdb2e313000-7fdb3095e000 rw-p 00000000 00:00 0 
7fdb3095e000-7fdb3095f000 ---p 00000000 00:00 0 
7fdb3095f000-7fdb30a5f000 rw-p 00000000 00:00 0 
7fdb30a5f000-7fdb30a62000 ---p 00000000 00:00 0 
7fdb30a62000-7fdb30b60000 rw-p 00000000 00:00 0 
7fdb30b60000-7fdb30b63000 ---p 00000000 00:00 0 
7fdb30b63000-7fdb30c61000 rw-p 00000000 00:00 0 
7fdb30c61000-7fdb30c64000 ---p 00000000 00:00 0 
7fdb30c64000-7fdb30d62000 rw-p 00000000 00:00 0 
7fdb30d62000-7fdb30d65000 ---p 00000000 00:00 0 
7fdb30d65000-7fdb30e63000 rw-p 00000000 00:00 0 
7fdb30e63000-7fdb30fda000 r--p 00000000 08:03 530955                     /usr/lib/locale/locale-archive
7fdb30fda000-7fdb30fdd000 ---p 00000000 00:00 0 
7fdb30fdd000-7fdb310db000 rw-p 00000000 00:00 0 
7fdb310db000-7fdb310de000 ---p 00000000 00:00 0 
7fdb310de000-7fdb311dc000 rw-p 00000000 00:00 0 
7fdb311dc000-7fdb311dd000 ---p 00000000 00:00 0 
7fdb311dd000-7fdb31613000 rw-p 00000000 00:00 0 
7fdb31613000-7fdb317a7000 r--s 03807000 08:03 2231586                    /usr/lib/jvm/java-6-openjdk-amd64/jre/lib/rt.jar
7fdb317a7000-7fdb317cf000 rw-p 00000000 00:00 0 
7fdb317cf000-7fdb317d0000 ---p 00000000 00:00 0 
7fdb317d0000-7fdb318d0000 rw-p 00000000 00:00 0 
7fdb318d0000-7fdb318d1000 ---p 00000000 00:00 0 
7fdb318d1000-7fdb319dc000 rw-p 00000000 00:00 0 
7fdb319dc000-7fdb31a24000 rw-p 00000000 00:00 0 
7fdb31a24000-7fdb31a63000 rw-p 00000000 00:00 0 
7fdb31a63000-7fdb31e10000 rw-p 00000000 00:00 0 
7fdb31e10000-7fdb31e1b000 rw-p 00000000 00:00 0 
7fdb31e1b000-7fdb31e63000 rw-p 00000000 00:00 0 
7fdb31e63000-7fdb31ea2000 rw-p 00000000 00:00 0 
7fdb31ea2000-7fdb3224f000 rw-p 00000000 00:00 0 
7fdb3224f000-7fdb32286000 rw-p 00000000 00:00 0 
7fdb32286000-7fdb32445000 rw-p 00000000 00:00 0 
7fdb32445000-7fdb32446000 rw-p 00000000 00:00 0 
7fdb32446000-7fdb326b6000 rwxp 00000000 00:00 0 
7fdb326b6000-7fdb35446000 rw-p 00000000 00:00 0 
7fdb35446000-7fdb3544d000 r-xp 00000000 08:03 2231575                    /usr/lib/jvm/java-6-openjdk-amd64/jre/lib/amd64/libzip.so
7fdb3544d000-7fdb3564c000 ---p 00007000 08:03 2231575                    /usr/lib/jvm/java-6-openjdk-amd64/jre/lib/amd64/libzip.so
7fdb3564c000-7fdb3564d000 rw-p 00006000 08:03 2231575                    /usr/lib/jvm/java-6-openjdk-amd64/jre/lib/amd64/libzip.so
7fdb3564d000-7fdb35658000 r-xp 00000000 08:03 3538957                    /lib/x86_64-linux-gnu/libnss_files-2.13.so
7fdb35658000-7fdb35857000 ---p 0000b000 08:03 3538957                    /lib/x86_64-linux-gnu/libnss_files-2.13.so
7fdb35857000-7fdb35858000 r--p 0000a000 08:03 3538957                    /lib/x86_64-linux-gnu/libnss_files-2.13.so
7fdb35858000-7fdb35859000 rw-p 0000b000 08:03 3538957                    /lib/x86_64-linux-gnu/libnss_files-2.13.so
7fdb35859000-7fdb35863000 r-xp 00000000 08:03 3538969                    /lib/x86_64-linux-gnu/libnss_nis-2.13.so
7fdb35863000-7fdb35a62000 ---p 0000a000 08:03 3538969                    /lib/x86_64-linux-gnu/libnss_nis-2.13.so
7fdb35a62000-7fdb35a63000 r--p 00009000 08:03 3538969                    /lib/x86_64-linux-gnu/libnss_nis-2.13.so
7fdb35a63000-7fdb35a64000 rw-p 0000a000 08:03 3538969                    /lib/x86_64-linux-gnu/libnss_nis-2.13.so
7fdb35a64000-7fdb35a6b000 r-xp 00000000 08:03 3538959                    /lib/x86_64-linux-gnu/libnss_compat-2.13.so
7fdb35a6b000-7fdb35c6a000 ---p 00007000 08:03 3538959                    /lib/x86_64-linux-gnu/libnss_compat-2.13.so
7fdb35c6a000-7fdb35c6b000 r--p 00006000 08:03 3538959                    /lib/x86_64-linux-gnu/libnss_compat-2.13.so
7fdb35c6b000-7fdb35c6c000 rw-p 00007000 08:03 3538959                    /lib/x86_64-linux-gnu/libnss_compat-2.13.so
7fdb35c6c000-7fdb35c81000 r-xp 00000000 08:03 3538967                    /lib/x86_64-linux-gnu/libnsl-2.13.so
7fdb35c81000-7fdb35e80000 ---p 00015000 08:03 3538967                    /lib/x86_64-linux-gnu/libnsl-2.13.so
7fdb35e80000-7fdb35e81000 r--p 00014000 08:03 3538967                    /lib/x86_64-linux-gnu/libnsl-2.13.so
7fdb35e81000-7fdb35e82000 rw-p 00015000 08:03 3538967                    /lib/x86_64-linux-gnu/libnsl-2.13.so
7fdb35e82000-7fdb35e84000 rw-p 00000000 00:00 0 
7fdb35e84000-7fdb35eb2000 r-xp 00000000 08:03 2231561                    /usr/lib/jvm/java-6-openjdk-amd64/jre/lib/amd64/libjava.so
7fdb35eb2000-7fdb360b1000 ---p 0002e000 08:03 2231561                    /usr/lib/jvm/java-6-openjdk-amd64/jre/lib/amd64/libjava.so
7fdb360b1000-7fdb360b5000 rw-p 0002d000 08:03 2231561                    /usr/lib/jvm/java-6-openjdk-amd64/jre/lib/amd64/libjava.so
7fdb360b5000-7fdb360c4000 r-xp 00000000 08:03 2231544                    /usr/lib/jvm/java-6-openjdk-amd64/jre/lib/amd64/libverify.so
7fdb360c4000-7fdb362c3000 ---p 0000f000 08:03 2231544                    /usr/lib/jvm/java-6-openjdk-amd64/jre/lib/amd64/libverify.so
7fdb362c3000-7fdb362c5000 rw-p 0000e000 08:03 2231544                    /usr/lib/jvm/java-6-openjdk-amd64/jre/lib/amd64/libverify.so
7fdb362c5000-7fdb362cc000 r-xp 00000000 08:03 3538958                    /lib/x86_64-linux-gnu/librt-2.13.so
7fdb362cc000-7fdb364cb000 ---p 00007000 08:03 3538958                    /lib/x86_64-linux-gnu/librt-2.13.so
7fdb364cb000-7fdb364cc000 r--p 00006000 08:03 3538958                    /lib/x86_64-linux-gnu/librt-2.13.so
7fdb364cc000-7fdb364cd000 rw-p 00007000 08:03 3538958                    /lib/x86_64-linux-gnu/librt-2.13.so
7fdb364cd000-7fdb364e2000 r-xp 00000000 08:03 3538948                    /lib/x86_64-linux-gnu/libgcc_s.so.1
7fdb364e2000-7fdb366e2000 ---p 00015000 08:03 3538948                    /lib/x86_64-linux-gnu/libgcc_s.so.1
7fdb366e2000-7fdb366e3000 rw-p 00015000 08:03 3538948                    /lib/x86_64-linux-gnu/libgcc_s.so.1
7fdb366e3000-7fdb36764000 r-xp 00000000 08:03 3538960                    /lib/x86_64-linux-gnu/libm-2.13.so
7fdb36764000-7fdb36963000 ---p 00081000 08:03 3538960                    /lib/x86_64-linux-gnu/libm-2.13.so
7fdb36963000-7fdb36964000 r--p 00080000 08:03 3538960                    /lib/x86_64-linux-gnu/libm-2.13.so
7fdb36964000-7fdb36965000 rw-p 00081000 08:03 3538960                    /lib/x86_64-linux-gnu/libm-2.13.so
7fdb36965000-7fdb36a4d000 r-xp 00000000 08:03 528173                     /usr/lib/x86_64-linux-gnu/libstdc++.so.6.0.17
7fdb36a4d000-7fdb36c4d000 ---p 000e8000 08:03 528173                     /usr/lib/x86_64-linux-gnu/libstdc++.so.6.0.17
7fdb36c4d000-7fdb36c55000 r--p 000e8000 08:03 528173                     /usr/lib/x86_64-linux-gnu/libstdc++.so.6.0.17
7fdb36c55000-7fdb36c57000 rw-p 000f0000 08:03 528173                     /usr/lib/x86_64-linux-gnu/libstdc++.so.6.0.17
7fdb36c57000-7fdb36c6c000 rw-p 00000000 00:00 0 
7fdb36c6c000-7fdb37580000 r-xp 00000000 08:03 2231551                    /usr/lib/jvm/java-6-openjdk-amd64/jre/lib/amd64/server/libjvm.so
7fdb37580000-7fdb3777f000 ---p 00914000 08:03 2231551                    /usr/lib/jvm/java-6-openjdk-amd64/jre/lib/amd64/server/libjvm.so
7fdb3777f000-7fdb3781b000 rw-p 00913000 08:03 2231551                    /usr/lib/jvm/java-6-openjdk-amd64/jre/lib/amd64/server/libjvm.so
7fdb3781b000-7fdb37844000 rw-p 00000000 00:00 0 
7fdb37844000-7fdb379c4000 r-xp 00000000 08:03 3538963                    /lib/x86_64-linux-gnu/libc-2.13.so
7fdb379c4000-7fdb37bc4000 ---p 00180000 08:03 3538963                    /lib/x86_64-linux-gnu/libc-2.13.so
7fdb37bc4000-7fdb37bc8000 r--p 00180000 08:03 3538963                    /lib/x86_64-linux-gnu/libc-2.13.so
7fdb37bc8000-7fdb37bc9000 rw-p 00184000 08:03 3538963                    /lib/x86_64-linux-gnu/libc-2.13.so
7fdb37bc9000-7fdb37bce000 rw-p 00000000 00:00 0 
7fdb37bce000-7fdb37bd0000 r-xp 00000000 08:03 3538956                    /lib/x86_64-linux-gnu/libdl-2.13.so
7fdb37bd0000-7fdb37dd0000 ---p 00002000 08:03 3538956                    /lib/x86_64-linux-gnu/libdl-2.13.so
7fdb37dd0000-7fdb37dd1000 r--p 00002000 08:03 3538956                    /lib/x86_64-linux-gnu/libdl-2.13.so
7fdb37dd1000-7fdb37dd2000 rw-p 00003000 08:03 3538956                    /lib/x86_64-linux-gnu/libdl-2.13.so
7fdb37dd2000-7fdb37dd6000 r-xp 00000000 08:03 2231548                    /usr/lib/jvm/java-6-openjdk-amd64/jre/lib/amd64/jli/libjli.so
7fdb37dd6000-7fdb37fd5000 ---p 00004000 08:03 2231548                    /usr/lib/jvm/java-6-openjdk-amd64/jre/lib/amd64/jli/libjli.so
7fdb37fd5000-7fdb37fd6000 rw-p 00003000 08:03 2231548                    /usr/lib/jvm/java-6-openjdk-amd64/jre/lib/amd64/jli/libjli.so
7fdb37fd6000-7fdb37fed000 r-xp 00000000 08:03 3538953                    /lib/x86_64-linux-gnu/libpthread-2.13.so
7fdb37fed000-7fdb381ec000 ---p 00017000 08:03 3538953                    /lib/x86_64-linux-gnu/libpthread-2.13.so
7fdb381ec000-7fdb381ed000 r--p 00016000 08:03 3538953                    /lib/x86_64-linux-gnu/libpthread-2.13.so
7fdb381ed000-7fdb381ee000 rw-p 00017000 08:03 3538953                    /lib/x86_64-linux-gnu/libpthread-2.13.so
7fdb381ee000-7fdb381f2000 rw-p 00000000 00:00 0 
7fdb381f2000-7fdb38208000 r-xp 00000000 08:03 3539034                    /lib/x86_64-linux-gnu/libz.so.1.2.7
7fdb38208000-7fdb38407000 ---p 00016000 08:03 3539034                    /lib/x86_64-linux-gnu/libz.so.1.2.7
7fdb38407000-7fdb38408000 r--p 00015000 08:03 3539034                    /lib/x86_64-linux-gnu/libz.so.1.2.7
7fdb38408000-7fdb38409000 rw-p 00016000 08:03 3539034                    /lib/x86_64-linux-gnu/libz.so.1.2.7
7fdb38409000-7fdb38429000 r-xp 00000000 08:03 3538966                    /lib/x86_64-linux-gnu/ld-2.13.so
7fdb38429000-7fdb3842a000 r--s 00000000 08:03 4856316                    /var/cache/fontconfig/4794a0821666d79190d59a36cb4f44b5-le64.cache-3
7fdb3842a000-7fdb3842d000 r--s 00000000 08:03 4854299                    /var/cache/fontconfig/c57959a16110560c8d0fcea73374aeeb-le64.cache-3
7fdb3842d000-7fdb38432000 r--s 00000000 08:03 4855942                    /var/cache/fontconfig/3047814df9a2f067bd2d96a2b9c36e5a-le64.cache-3
7fdb38432000-7fdb38433000 r--s 00000000 08:03 4855939                    /var/cache/fontconfig/e13b20fdb08344e0e664864cc2ede53d-le64.cache-3
7fdb38433000-7fdb38436000 r--s 0007f000 08:03 2231060                    /usr/lib/jvm/java-6-openjdk-common/jre/lib/jsse.jar
7fdb38436000-7fdb38443000 r--s 000e6000 08:03 11413237                   /home/brandon/ClearWaterInk/games/WorldsCubed/libs/lwjgl.jar
7fdb38443000-7fdb38447000 r--s 00027000 08:03 11413238                   /home/brandon/ClearWaterInk/games/WorldsCubed/libs/lwjgl_util.jar
7fdb38447000-7fdb38448000 r--s 00007000 08:03 793877                     /usr/share/java/java-atk-wrapper.jar
7fdb38448000-7fdb3844a000 r--s 00001000 08:03 2231056                    /usr/lib/jvm/java-6-openjdk-common/jre/lib/ext/dnsns.jar
7fdb3844a000-7fdb38454000 rw-p 00000000 00:00 0 
7fdb38454000-7fdb3850a000 rw-p 00000000 00:00 0 
7fdb3850a000-7fdb3850d000 ---p 00000000 00:00 0 
7fdb3850d000-7fdb38610000 rw-p 00000000 00:00 0 
7fdb38610000-7fdb38612000 r--s 0000f000 08:03 2231053                    /usr/lib/jvm/java-6-openjdk-common/jre/lib/ext/pulse-java.jar
7fdb38612000-7fdb38616000 r--s 00039000 08:03 2231052                    /usr/lib/jvm/java-6-openjdk-common/jre/lib/ext/sunpkcs11.jar
7fdb38616000-7fdb38619000 r--s 00031000 08:03 2231055                    /usr/lib/jvm/java-6-openjdk-common/jre/lib/ext/sunjce_provider.jar
7fdb38619000-7fdb3861c000 r--s 00077000 08:03 2231054                    /usr/lib/jvm/java-6-openjdk-common/jre/lib/ext/localedata.jar
7fdb3861c000-7fdb38624000 rw-s 00000000 08:03 8002090                    /tmp/hsperfdata_brandon/3555 (deleted)
7fdb38624000-7fdb38625000 rw-p 00000000 00:00 0 
7fdb38625000-7fdb38626000 ---p 00000000 00:00 0 
7fdb38626000-7fdb38628000 rw-p 00000000 00:00 0 
7fdb38628000-7fdb38629000 r--p 0001f000 08:03 3538966                    /lib/x86_64-linux-gnu/ld-2.13.so
7fdb38629000-7fdb3862a000 rw-p 00020000 08:03 3538966                    /lib/x86_64-linux-gnu/ld-2.13.so
7fdb3862a000-7fdb3862b000 rw-p 00000000 00:00 0 
7fffc7c44000-7fffc7c65000 rw-p 00000000 00:00 0                          [stack]
7fffc7dff000-7fffc7e00000 r-xp 00000000 00:00 0                          [vdso]
ffffffffff600000-ffffffffff601000 r-xp 00000000 00:00 0                  [vsyscall]

VM Arguments:
jvm_args: -Djava.library.path=/home/brandon/ClearWaterInk/games/WorldsCubed/libs/natives/linux -Dfile.encoding=UTF-8 
java_command: net.clearwaterink.worldscubed.WorldsCubed
Launcher Type: SUN_STANDARD

Environment Variables:
PATH=/home/brandon/bin:/usr/local/bin:/usr/bin:/bin:/usr/local/games:/usr/games
LD_LIBRARY_PATH=/usr/lib/jvm/java-6-openjdk-amd64/jre/lib/amd64/server:/usr/lib/jvm/java-6-openjdk-amd64/jre/lib/amd64:/usr/lib/jvm/java-6-openjdk-amd64/jre/../lib/amd64
SHELL=/bin/bash
DISPLAY=:0.0

Signal Handlers:
SIGSEGV: [libjvm.so+0x791b10], sa_mask[0]=0x7ffbfeff, sa_flags=0x10000004
SIGBUS: [libjvm.so+0x791b10], sa_mask[0]=0x7ffbfeff, sa_flags=0x10000004
SIGFPE: [libjvm.so+0x65ace0], sa_mask[0]=0x7ffbfeff, sa_flags=0x10000004
SIGPIPE: [libjvm.so+0x65ace0], sa_mask[0]=0x7ffbfeff, sa_flags=0x10000004
SIGXFSZ: [libjvm.so+0x65ace0], sa_mask[0]=0x7ffbfeff, sa_flags=0x10000004
SIGILL: [libjvm.so+0x65ace0], sa_mask[0]=0x7ffbfeff, sa_flags=0x10000004
SIGUSR1: SIG_DFL, sa_mask[0]=0x00000000, sa_flags=0x00000000
SIGUSR2: [libjvm.so+0x65aec0], sa_mask[0]=0x00000004, sa_flags=0x10000004
SIGHUP: [libjvm.so+0x65d500], sa_mask[0]=0x7ffbfeff, sa_flags=0x10000004
SIGINT: [libjvm.so+0x65d500], sa_mask[0]=0x7ffbfeff, sa_flags=0x10000004
SIGTERM: [libjvm.so+0x65d500], sa_mask[0]=0x7ffbfeff, sa_flags=0x10000004
SIGQUIT: [libjvm.so+0x65d500], sa_mask[0]=0x7ffbfeff, sa_flags=0x10000004


---------------  S Y S T E M  ---------------

OS:7.3

uname:Linux 3.2.0-4-amd64 #1 SMP Debian 3.2.51-1 x86_64
libc:glibc 2.13 NPTL 2.13 
rlimit: STACK 8192k, CORE 0k, NPROC 95755, NOFILE 4096, AS infinity
load average:1.61 0.95 0.87

/proc/meminfo:
MemTotal:       12334808 kB
MemFree:         8345180 kB
Buffers:          376664 kB
Cached:          1673372 kB
SwapCached:            0 kB
Active:          2259708 kB
Inactive:        1190632 kB
Active(anon):    1400860 kB
Inactive(anon):    21692 kB
Active(file):     858848 kB
Inactive(file):  1168940 kB
Unevictable:           4 kB
Mlocked:               4 kB
SwapTotal:      13616120 kB
SwapFree:       13616120 kB
Dirty:              1500 kB
Writeback:             0 kB
AnonPages:       1400312 kB
Mapped:           231764 kB
Shmem:             22244 kB
Slab:             242672 kB
SReclaimable:     217876 kB
SUnreclaim:        24796 kB
KernelStack:        3744 kB
PageTables:        25200 kB
NFS_Unstable:          0 kB
Bounce:                0 kB
WritebackTmp:          0 kB
CommitLimit:    19783524 kB
Committed_AS:    3835908 kB
VmallocTotal:   34359738367 kB
VmallocUsed:      329784 kB
VmallocChunk:   34359406412 kB
HardwareCorrupted:     0 kB
AnonHugePages:         0 kB
HugePages_Total:       0
HugePages_Free:        0
HugePages_Rsvd:        0
HugePages_Surp:        0
Hugepagesize:       2048 kB
DirectMap4k:      294272 kB
DirectMap2M:     8093696 kB
DirectMap1G:     4194304 kB


CPU:total 2 (2 cores per cpu, 1 threads per core) family 16 model 6 stepping 3, cmov, cx8, fxsr, mmx, sse, sse2, sse3, popcnt, mmxext, 3dnowpref, lzcnt, sse4a

Memory: 4k page, physical 12334808k(8345180k free), swap 13616120k(13616120k free)

vm_info: OpenJDK 64-Bit Server VM (20.0-b12) for linux-amd64 JRE (1.6.0_27-b27), built on Jul 12 2013 09:04:12 by "jmm" with gcc 4.7.2

time: Fri Feb  7 21:46:53 2014
elapsed time: 16 seconds

